[0.033s] Invoking command in '/home/ariel/ur5e_ws/build/ur_moveit_config': CMAKE_PREFIX_PATH=/home/ariel/ur5e_ws/install/ur_description:/home/ariel/ws_moveit2/install/srdfdom:/home/ariel/ws_moveit2/install/moveit_resources:/home/ariel/ws_moveit2/install/moveit_resources_pr2_description:/home/ariel/ws_moveit2/install/moveit_resources_panda_moveit_config:/home/ariel/ws_moveit2/install/moveit_resources_panda_description:/home/ariel/ws_moveit2/install/moveit_resources_fanuc_moveit_config:/home/ariel/ws_moveit2/install/moveit_resources_fanuc_description:/home/ariel/ur5e_ws/install/ur_simulation_gazebo:/home/ariel/ur5e_ws/install/ur:/home/ariel/ur5e_ws/install/ur_calibration:/home/ariel/ur5e_ws/install/ur_robot_driver:/home/ariel/ur5e_ws/install/ur_moveit_config:/home/ariel/ur5e_ws/install/ur_bringup:/home/ariel/ur5e_ws/install/ur5e_moveit_config:/home/ariel/ur5e_ws/install/ur_controllers:/home/ariel/ur5e_ws/install/ur_dashboard_msgs:/home/ariel/ur5e_ws/install/ur5e_moveit_controller:/home/ariel/ur5e_ws/install/moveit_control_pkg:/home/ariel/ws_moveit2/install/launch_param_builder:/home/ariel/ur5e_ws/install/controller_pkg_demo:/opt/ros/humble /usr/bin/cmake --build /home/ariel/ur5e_ws/build/ur_moveit_config -- -j22 -l22
[0.072s] Built target ament_cmake_python_copy_ur_moveit_config
[0.257s] running egg_info
[0.258s] writing ur_moveit_config.egg-info/PKG-INFO
[0.258s] writing dependency_links to ur_moveit_config.egg-info/dependency_links.txt
[0.258s] writing top-level names to ur_moveit_config.egg-info/top_level.txt
[0.260s] reading manifest file 'ur_moveit_config.egg-info/SOURCES.txt'
[0.260s] writing manifest file 'ur_moveit_config.egg-info/SOURCES.txt'
[0.280s] Built target ament_cmake_python_build_ur_moveit_config_egg
[0.291s] Invoked command in '/home/ariel/ur5e_ws/build/ur_moveit_config' returned '0': CMAKE_PREFIX_PATH=/home/ariel/ur5e_ws/install/ur_description:/home/ariel/ws_moveit2/install/srdfdom:/home/ariel/ws_moveit2/install/moveit_resources:/home/ariel/ws_moveit2/install/moveit_resources_pr2_description:/home/ariel/ws_moveit2/install/moveit_resources_panda_moveit_config:/home/ariel/ws_moveit2/install/moveit_resources_panda_description:/home/ariel/ws_moveit2/install/moveit_resources_fanuc_moveit_config:/home/ariel/ws_moveit2/install/moveit_resources_fanuc_description:/home/ariel/ur5e_ws/install/ur_simulation_gazebo:/home/ariel/ur5e_ws/install/ur:/home/ariel/ur5e_ws/install/ur_calibration:/home/ariel/ur5e_ws/install/ur_robot_driver:/home/ariel/ur5e_ws/install/ur_moveit_config:/home/ariel/ur5e_ws/install/ur_bringup:/home/ariel/ur5e_ws/install/ur5e_moveit_config:/home/ariel/ur5e_ws/install/ur_controllers:/home/ariel/ur5e_ws/install/ur_dashboard_msgs:/home/ariel/ur5e_ws/install/ur5e_moveit_controller:/home/ariel/ur5e_ws/install/moveit_control_pkg:/home/ariel/ws_moveit2/install/launch_param_builder:/home/ariel/ur5e_ws/install/controller_pkg_demo:/opt/ros/humble /usr/bin/cmake --build /home/ariel/ur5e_ws/build/ur_moveit_config -- -j22 -l22
[0.293s] Invoking command in '/home/ariel/ur5e_ws/build/ur_moveit_config': CMAKE_PREFIX_PATH=/home/ariel/ur5e_ws/install/ur_description:/home/ariel/ws_moveit2/install/srdfdom:/home/ariel/ws_moveit2/install/moveit_resources:/home/ariel/ws_moveit2/install/moveit_resources_pr2_description:/home/ariel/ws_moveit2/install/moveit_resources_panda_moveit_config:/home/ariel/ws_moveit2/install/moveit_resources_panda_description:/home/ariel/ws_moveit2/install/moveit_resources_fanuc_moveit_config:/home/ariel/ws_moveit2/install/moveit_resources_fanuc_description:/home/ariel/ur5e_ws/install/ur_simulation_gazebo:/home/ariel/ur5e_ws/install/ur:/home/ariel/ur5e_ws/install/ur_calibration:/home/ariel/ur5e_ws/install/ur_robot_driver:/home/ariel/ur5e_ws/install/ur_moveit_config:/home/ariel/ur5e_ws/install/ur_bringup:/home/ariel/ur5e_ws/install/ur5e_moveit_config:/home/ariel/ur5e_ws/install/ur_controllers:/home/ariel/ur5e_ws/install/ur_dashboard_msgs:/home/ariel/ur5e_ws/install/ur5e_moveit_controller:/home/ariel/ur5e_ws/install/moveit_control_pkg:/home/ariel/ws_moveit2/install/launch_param_builder:/home/ariel/ur5e_ws/install/controller_pkg_demo:/opt/ros/humble /usr/bin/cmake --install /home/ariel/ur5e_ws/build/ur_moveit_config
[0.299s] -- Install configuration: ""
[0.300s] -- Up-to-date: /home/ariel/ur5e_ws/install/ur_moveit_config/share/ur_moveit_config/config
[0.300s] -- Up-to-date: /home/ariel/ur5e_ws/install/ur_moveit_config/share/ur_moveit_config/config/controllers.yaml
[0.300s] -- Up-to-date: /home/ariel/ur5e_ws/install/ur_moveit_config/share/ur_moveit_config/config/ompl_planning.yaml
[0.300s] -- Up-to-date: /home/ariel/ur5e_ws/install/ur_moveit_config/share/ur_moveit_config/config/ur_servo.yaml
[0.300s] -- Up-to-date: /home/ariel/ur5e_ws/install/ur_moveit_config/share/ur_moveit_config/config/joint_limits.yaml
[0.300s] -- Up-to-date: /home/ariel/ur5e_ws/install/ur_moveit_config/share/ur_moveit_config/config/kinematics.yaml
[0.300s] -- Up-to-date: /home/ariel/ur5e_ws/install/ur_moveit_config/share/ur_moveit_config/launch
[0.300s] -- Up-to-date: /home/ariel/ur5e_ws/install/ur_moveit_config/share/ur_moveit_config/launch/ur_moveit.launch.py
[0.300s] -- Up-to-date: /home/ariel/ur5e_ws/install/ur_moveit_config/share/ur_moveit_config/rviz
[0.300s] -- Up-to-date: /home/ariel/ur5e_ws/install/ur_moveit_config/share/ur_moveit_config/rviz/view_robot.rviz
[0.300s] -- Up-to-date: /home/ariel/ur5e_ws/install/ur_moveit_config/share/ur_moveit_config/srdf
[0.300s] -- Up-to-date: /home/ariel/ur5e_ws/install/ur_moveit_config/share/ur_moveit_config/srdf/ur_macro.srdf.xacro
[0.300s] -- Up-to-date: /home/ariel/ur5e_ws/install/ur_moveit_config/share/ur_moveit_config/srdf/ur.srdf.xacro
[0.300s] -- Up-to-date: /home/ariel/ur5e_ws/install/ur_moveit_config/share/ur_moveit_config/environment/pythonpath.sh
[0.300s] -- Up-to-date: /home/ariel/ur5e_ws/install/ur_moveit_config/share/ur_moveit_config/environment/pythonpath.dsv
[0.300s] -- Up-to-date: /home/ariel/ur5e_ws/install/ur_moveit_config/local/lib/python3.10/dist-packages/ur_moveit_config-2.8.1-py3.10.egg-info
[0.300s] -- Installing: /home/ariel/ur5e_ws/install/ur_moveit_config/local/lib/python3.10/dist-packages/ur_moveit_config-2.8.1-py3.10.egg-info/SOURCES.txt
[0.300s] -- Installing: /home/ariel/ur5e_ws/install/ur_moveit_config/local/lib/python3.10/dist-packages/ur_moveit_config-2.8.1-py3.10.egg-info/dependency_links.txt
[0.300s] -- Installing: /home/ariel/ur5e_ws/install/ur_moveit_config/local/lib/python3.10/dist-packages/ur_moveit_config-2.8.1-py3.10.egg-info/PKG-INFO
[0.301s] -- Installing: /home/ariel/ur5e_ws/install/ur_moveit_config/local/lib/python3.10/dist-packages/ur_moveit_config-2.8.1-py3.10.egg-info/top_level.txt
[0.301s] -- Up-to-date: /home/ariel/ur5e_ws/install/ur_moveit_config/local/lib/python3.10/dist-packages/ur_moveit_config
[0.301s] -- Up-to-date: /home/ariel/ur5e_ws/install/ur_moveit_config/local/lib/python3.10/dist-packages/ur_moveit_config/__init__.py
[0.301s] -- Up-to-date: /home/ariel/ur5e_ws/install/ur_moveit_config/local/lib/python3.10/dist-packages/ur_moveit_config/launch_common.py
[0.321s] Listing '/home/ariel/ur5e_ws/install/ur_moveit_config/local/lib/python3.10/dist-packages/ur_moveit_config'...
[0.324s] -- Up-to-date: /home/ariel/ur5e_ws/install/ur_moveit_config/local/lib/python3.10/dist-packages/launch_common.py
[0.350s] -- Up-to-date: /home/ariel/ur5e_ws/install/ur_moveit_config/share/ament_index/resource_index/package_run_dependencies/ur_moveit_config
[0.351s] -- Up-to-date: /home/ariel/ur5e_ws/install/ur_moveit_config/share/ament_index/resource_index/parent_prefix_path/ur_moveit_config
[0.351s] -- Up-to-date: /home/ariel/ur5e_ws/install/ur_moveit_config/share/ur_moveit_config/environment/ament_prefix_path.sh
[0.351s] -- Up-to-date: /home/ariel/ur5e_ws/install/ur_moveit_config/share/ur_moveit_config/environment/ament_prefix_path.dsv
[0.351s] -- Up-to-date: /home/ariel/ur5e_ws/install/ur_moveit_config/share/ur_moveit_config/environment/path.sh
[0.351s] -- Up-to-date: /home/ariel/ur5e_ws/install/ur_moveit_config/share/ur_moveit_config/environment/path.dsv
[0.351s] -- Up-to-date: /home/ariel/ur5e_ws/install/ur_moveit_config/share/ur_moveit_config/local_setup.bash
[0.351s] -- Up-to-date: /home/ariel/ur5e_ws/install/ur_moveit_config/share/ur_moveit_config/local_setup.sh
[0.351s] -- Up-to-date: /home/ariel/ur5e_ws/install/ur_moveit_config/share/ur_moveit_config/local_setup.zsh
[0.351s] -- Up-to-date: /home/ariel/ur5e_ws/install/ur_moveit_config/share/ur_moveit_config/local_setup.dsv
[0.351s] -- Installing: /home/ariel/ur5e_ws/install/ur_moveit_config/share/ur_moveit_config/package.dsv
[0.351s] -- Up-to-date: /home/ariel/ur5e_ws/install/ur_moveit_config/share/ament_index/resource_index/packages/ur_moveit_config
[0.351s] -- Up-to-date: /home/ariel/ur5e_ws/install/ur_moveit_config/share/ur_moveit_config/cmake/ur_moveit_configConfig.cmake
[0.351s] -- Up-to-date: /home/ariel/ur5e_ws/install/ur_moveit_config/share/ur_moveit_config/cmake/ur_moveit_configConfig-version.cmake
[0.351s] -- Up-to-date: /home/ariel/ur5e_ws/install/ur_moveit_config/share/ur_moveit_config/package.xml
[0.354s] Invoked command in '/home/ariel/ur5e_ws/build/ur_moveit_config' returned '0': CMAKE_PREFIX_PATH=/home/ariel/ur5e_ws/install/ur_description:/home/ariel/ws_moveit2/install/srdfdom:/home/ariel/ws_moveit2/install/moveit_resources:/home/ariel/ws_moveit2/install/moveit_resources_pr2_description:/home/ariel/ws_moveit2/install/moveit_resources_panda_moveit_config:/home/ariel/ws_moveit2/install/moveit_resources_panda_description:/home/ariel/ws_moveit2/install/moveit_resources_fanuc_moveit_config:/home/ariel/ws_moveit2/install/moveit_resources_fanuc_description:/home/ariel/ur5e_ws/install/ur_simulation_gazebo:/home/ariel/ur5e_ws/install/ur:/home/ariel/ur5e_ws/install/ur_calibration:/home/ariel/ur5e_ws/install/ur_robot_driver:/home/ariel/ur5e_ws/install/ur_moveit_config:/home/ariel/ur5e_ws/install/ur_bringup:/home/ariel/ur5e_ws/install/ur5e_moveit_config:/home/ariel/ur5e_ws/install/ur_controllers:/home/ariel/ur5e_ws/install/ur_dashboard_msgs:/home/ariel/ur5e_ws/install/ur5e_moveit_controller:/home/ariel/ur5e_ws/install/moveit_control_pkg:/home/ariel/ws_moveit2/install/launch_param_builder:/home/ariel/ur5e_ws/install/controller_pkg_demo:/opt/ros/humble /usr/bin/cmake --install /home/ariel/ur5e_ws/build/ur_moveit_config
