[01m[K/home/ariel/ur5e_ws/src/moveit_control_pkg/src/cartesian_control.cpp:9:27:[m[K [01;31m[Kerror: [m[Kconflicting declaration ‘[01m[Kchar** argv[m[K’
    9 | int main(int argv, [01;31m[Kchar **argv[m[K) {
      |                    [01;31m[K~~~~~~~^~~~[m[K
[01m[K/home/ariel/ur5e_ws/src/moveit_control_pkg/src/cartesian_control.cpp:9:14:[m[K [01;36m[Knote: [m[Kprevious declaration as ‘[01m[Kint argv[m[K’
    9 | int main([01;36m[Kint argv[m[K, char **argv) {
      |          [01;36m[K~~~~^~~~[m[K
[01m[K/home/ariel/ur5e_ws/src/moveit_control_pkg/src/cartesian_control.cpp:[m[K In function ‘[01m[Kint main(...)[m[K’:
[01m[K/home/ariel/ur5e_ws/src/moveit_control_pkg/src/cartesian_control.cpp:10:16:[m[K [01;31m[Kerror: [m[K‘[01m[Kargc[m[K’ was not declared in this scope; did you mean ‘[01m[Kargv[m[K’?
   10 |   rclcpp::init([01;31m[Kargc[m[K, argv);
      |                [01;31m[K^~~~[m[K
      |                [32m[Kargv[m[K
[01m[K/home/ariel/ur5e_ws/src/moveit_control_pkg/src/cartesian_control.cpp:36:14:[m[K [01;31m[Kerror: [m[K‘[01m[Kclass moveit::planning_interface::MoveGroupInterface[m[K’ has no member named ‘[01m[KsetStartToCurrentState[m[K’; did you mean ‘[01m[KsetStartStateToCurrentState[m[K’?
   36 |   move_group.[01;31m[KsetStartToCurrentState[m[K();
      |              [01;31m[K^~~~~~~~~~~~~~~~~~~~~~[m[K
      |              [32m[KsetStartStateToCurrentState[m[K
[01m[K/home/ariel/ur5e_ws/src/moveit_control_pkg/src/cartesian_control.cpp:49:100:[m[K [01;35m[Kwarning: [m[K‘[01m[Kusing MoveItErrorCode = class moveit::core::MoveItErrorCode[m[K’ is deprecated: Use moveit::core::MoveItErrorCode [[01;35m[K]8;;https://gcc.gnu.org/onlinedocs/gcc/Warning-Options.html#index-Wdeprecated-declarations-Wdeprecated-declarations]8;;[m[K]
   49 |   bool success_arm = (move_group.plan(my_plan_arm) == moveit::planning_interface::MoveItErrorCode::[01;35m[KSUCCESS[m[K);
      |                                                                                                    [01;35m[K^~~~~~~[m[K
In file included from [01m[K/home/ariel/ur5e_ws/src/moveit_control_pkg/src/cartesian_control.cpp:1[m[K:
[01m[K/opt/ros/humble/include/moveit/move_group_interface/move_group_interface.h:71:7:[m[K [01;36m[Knote: [m[Kdeclared here
   71 | using [01;36m[KMoveItErrorCode[m[K [[deprecated("Use moveit::core::MoveItErrorCode")]] = moveit::core::MoveItErrorCode;
      |       [01;36m[K^~~~~~~~~~~~~~~[m[K
gmake[2]: *** [CMakeFiles/cartesian_control.dir/build.make:76: CMakeFiles/cartesian_control.dir/src/cartesian_control.cpp.o] Error 1
gmake[1]: *** [CMakeFiles/Makefile2:165: CMakeFiles/cartesian_control.dir/all] Error 2
gmake: *** [Makefile:146: all] Error 2
