[0.011s] Invoking command in '/home/ariel/ur5e_ws/build/robotiq_description': CMAKE_PREFIX_PATH=${CMAKE_PREFIX_PATH}:/home/ariel/ws_moveit2/install/moveit_configs_utils:/home/ariel/ws_moveit2/install/launch_param_builder:/home/ariel/ur5e_ws/install/controller_pkg_demo:/opt/ros/humble /usr/bin/cmake /home/ariel/ur5e_ws/src/ros2_robotiq_gripper/robotiq_description -DCMAKE_INSTALL_PREFIX=/home/ariel/ur5e_ws/install/robotiq_description
[0.056s] -- The C compiler identification is GNU 11.4.0
[0.096s] -- The CXX compiler identification is GNU 11.4.0
[0.103s] -- Detecting C compiler ABI info
[0.163s] -- Detecting C compiler ABI info - done
[0.167s] -- Check for working C compiler: /usr/bin/cc - skipped
[0.167s] -- Detecting C compile features
[0.168s] -- Detecting C compile features - done
[0.169s] -- Detecting CXX compiler ABI info
[0.235s] -- Detecting CXX compiler ABI info - done
[0.242s] -- Check for working CXX compiler: /usr/bin/c++ - skipped
[0.242s] -- Detecting CXX compile features
[0.242s] -- Detecting CXX compile features - done
[0.246s] -- Found ament_cmake: 1.3.11 (/opt/ros/humble/share/ament_cmake/cmake)
[0.364s] -- Found Python3: /usr/bin/python3 (found version "3.10.12") found components: Interpreter 
[0.535s] -- Configuring done
[0.536s] -- Generating done
[0.537s] -- Build files have been written to: /home/ariel/ur5e_ws/build/robotiq_description
[0.540s] Invoked command in '/home/ariel/ur5e_ws/build/robotiq_description' returned '0': CMAKE_PREFIX_PATH=${CMAKE_PREFIX_PATH}:/home/ariel/ws_moveit2/install/moveit_configs_utils:/home/ariel/ws_moveit2/install/launch_param_builder:/home/ariel/ur5e_ws/install/controller_pkg_demo:/opt/ros/humble /usr/bin/cmake /home/ariel/ur5e_ws/src/ros2_robotiq_gripper/robotiq_description -DCMAKE_INSTALL_PREFIX=/home/ariel/ur5e_ws/install/robotiq_description
[0.541s] Invoking command in '/home/ariel/ur5e_ws/build/robotiq_description': CMAKE_PREFIX_PATH=${CMAKE_PREFIX_PATH}:/home/ariel/ws_moveit2/install/moveit_configs_utils:/home/ariel/ws_moveit2/install/launch_param_builder:/home/ariel/ur5e_ws/install/controller_pkg_demo:/opt/ros/humble /usr/bin/cmake --build /home/ariel/ur5e_ws/build/robotiq_description -- -j22 -l22
[0.577s] Invoked command in '/home/ariel/ur5e_ws/build/robotiq_description' returned '0': CMAKE_PREFIX_PATH=${CMAKE_PREFIX_PATH}:/home/ariel/ws_moveit2/install/moveit_configs_utils:/home/ariel/ws_moveit2/install/launch_param_builder:/home/ariel/ur5e_ws/install/controller_pkg_demo:/opt/ros/humble /usr/bin/cmake --build /home/ariel/ur5e_ws/build/robotiq_description -- -j22 -l22
[0.585s] Invoking command in '/home/ariel/ur5e_ws/build/robotiq_description': CMAKE_PREFIX_PATH=${CMAKE_PREFIX_PATH}:/home/ariel/ws_moveit2/install/moveit_configs_utils:/home/ariel/ws_moveit2/install/launch_param_builder:/home/ariel/ur5e_ws/install/controller_pkg_demo:/opt/ros/humble /usr/bin/cmake --install /home/ariel/ur5e_ws/build/robotiq_description
[0.590s] -- Install configuration: ""
[0.590s] -- Installing: /home/ariel/ur5e_ws/install/robotiq_description/share/robotiq_description/config
[0.591s] -- Installing: /home/ariel/ur5e_ws/install/robotiq_description/share/robotiq_description/config/robotiq_controllers.yaml
[0.591s] -- Installing: /home/ariel/ur5e_ws/install/robotiq_description/share/robotiq_description/launch
[0.591s] -- Installing: /home/ariel/ur5e_ws/install/robotiq_description/share/robotiq_description/launch/robotiq_control.launch.py
[0.591s] -- Installing: /home/ariel/ur5e_ws/install/robotiq_description/share/robotiq_description/launch/view_gripper.launch.py
[0.591s] -- Installing: /home/ariel/ur5e_ws/install/robotiq_description/share/robotiq_description/meshes
[0.591s] -- Installing: /home/ariel/ur5e_ws/install/robotiq_description/share/robotiq_description/meshes/visual
[0.591s] -- Installing: /home/ariel/ur5e_ws/install/robotiq_description/share/robotiq_description/meshes/visual/2f_85
[0.591s] -- Installing: /home/ariel/ur5e_ws/install/robotiq_description/share/robotiq_description/meshes/visual/2f_85/left_finger.dae
[0.591s] -- Installing: /home/ariel/ur5e_ws/install/robotiq_description/share/robotiq_description/meshes/visual/2f_85/right_finger.dae
[0.592s] -- Installing: /home/ariel/ur5e_ws/install/robotiq_description/share/robotiq_description/meshes/visual/2f_85/right_finger_tip.dae
[0.592s] -- Installing: /home/ariel/ur5e_ws/install/robotiq_description/share/robotiq_description/meshes/visual/2f_85/ur_to_robotiq_adapter.dae
[0.592s] -- Installing: /home/ariel/ur5e_ws/install/robotiq_description/share/robotiq_description/meshes/visual/2f_85/left_inner_knuckle.dae
[0.592s] -- Installing: /home/ariel/ur5e_ws/install/robotiq_description/share/robotiq_description/meshes/visual/2f_85/robotiq_base.dae
[0.593s] -- Installing: /home/ariel/ur5e_ws/install/robotiq_description/share/robotiq_description/meshes/visual/2f_85/right_inner_knuckle.dae
[0.593s] -- Installing: /home/ariel/ur5e_ws/install/robotiq_description/share/robotiq_description/meshes/visual/2f_85/left_knuckle.dae
[0.593s] -- Installing: /home/ariel/ur5e_ws/install/robotiq_description/share/robotiq_description/meshes/visual/2f_85/left_finger_tip.dae
[0.593s] -- Installing: /home/ariel/ur5e_ws/install/robotiq_description/share/robotiq_description/meshes/visual/2f_85/right_knuckle.dae
[0.593s] -- Installing: /home/ariel/ur5e_ws/install/robotiq_description/share/robotiq_description/meshes/visual/2f_140
[0.593s] -- Installing: /home/ariel/ur5e_ws/install/robotiq_description/share/robotiq_description/meshes/visual/2f_140/robotiq_2f_140_base_link.stl
[0.594s] -- Installing: /home/ariel/ur5e_ws/install/robotiq_description/share/robotiq_description/meshes/visual/2f_140/robotiq_2f_140_outer_finger.stl
[0.594s] -- Installing: /home/ariel/ur5e_ws/install/robotiq_description/share/robotiq_description/meshes/visual/2f_140/robotiq_2f_140_inner_knuckle.stl
[0.594s] -- Installing: /home/ariel/ur5e_ws/install/robotiq_description/share/robotiq_description/meshes/visual/2f_140/robotiq_2f_140_outer_knuckle.stl
[0.594s] -- Installing: /home/ariel/ur5e_ws/install/robotiq_description/share/robotiq_description/meshes/visual/2f_140/robotiq_2f_140_inner_finger.stl
[0.594s] -- Installing: /home/ariel/ur5e_ws/install/robotiq_description/share/robotiq_description/meshes/visual/2f_140/robotiq_2f_140_coupling.stl
[0.594s] -- Installing: /home/ariel/ur5e_ws/install/robotiq_description/share/robotiq_description/meshes/collision
[0.594s] -- Installing: /home/ariel/ur5e_ws/install/robotiq_description/share/robotiq_description/meshes/collision/2f_85
[0.594s] -- Installing: /home/ariel/ur5e_ws/install/robotiq_description/share/robotiq_description/meshes/collision/2f_85/left_finger.stl
[0.594s] -- Installing: /home/ariel/ur5e_ws/install/robotiq_description/share/robotiq_description/meshes/collision/2f_85/right_finger.stl
[0.594s] -- Installing: /home/ariel/ur5e_ws/install/robotiq_description/share/robotiq_description/meshes/collision/2f_85/robotiq_base.stl
[0.594s] -- Installing: /home/ariel/ur5e_ws/install/robotiq_description/share/robotiq_description/meshes/collision/2f_85/right_inner_knuckle.stl
[0.594s] -- Installing: /home/ariel/ur5e_ws/install/robotiq_description/share/robotiq_description/meshes/collision/2f_85/left_inner_knuckle.stl
[0.594s] -- Installing: /home/ariel/ur5e_ws/install/robotiq_description/share/robotiq_description/meshes/collision/2f_85/left_finger_tip.stl
[0.594s] -- Installing: /home/ariel/ur5e_ws/install/robotiq_description/share/robotiq_description/meshes/collision/2f_85/right_knuckle.stl
[0.594s] -- Installing: /home/ariel/ur5e_ws/install/robotiq_description/share/robotiq_description/meshes/collision/2f_85/ur_to_robotiq_adapter.stl
[0.595s] -- Installing: /home/ariel/ur5e_ws/install/robotiq_description/share/robotiq_description/meshes/collision/2f_85/left_knuckle.stl
[0.595s] -- Installing: /home/ariel/ur5e_ws/install/robotiq_description/share/robotiq_description/meshes/collision/2f_85/right_finger_tip.stl
[0.595s] -- Installing: /home/ariel/ur5e_ws/install/robotiq_description/share/robotiq_description/meshes/collision/2f_140
[0.595s] -- Installing: /home/ariel/ur5e_ws/install/robotiq_description/share/robotiq_description/meshes/collision/2f_140/robotiq_2f_140_base_link.stl
[0.595s] -- Installing: /home/ariel/ur5e_ws/install/robotiq_description/share/robotiq_description/meshes/collision/2f_140/robotiq_2f_140_outer_finger.stl
[0.595s] -- Installing: /home/ariel/ur5e_ws/install/robotiq_description/share/robotiq_description/meshes/collision/2f_140/robotiq_2f_140_inner_knuckle.stl
[0.595s] -- Installing: /home/ariel/ur5e_ws/install/robotiq_description/share/robotiq_description/meshes/collision/2f_140/robotiq_2f_140_outer_knuckle.stl
[0.595s] -- Installing: /home/ariel/ur5e_ws/install/robotiq_description/share/robotiq_description/meshes/collision/2f_140/robotiq_2f_140_inner_finger.stl
[0.595s] -- Installing: /home/ariel/ur5e_ws/install/robotiq_description/share/robotiq_description/meshes/collision/2f_140/robotiq_2f_140_coupling.stl
[0.595s] -- Installing: /home/ariel/ur5e_ws/install/robotiq_description/share/robotiq_description/rviz
[0.595s] -- Installing: /home/ariel/ur5e_ws/install/robotiq_description/share/robotiq_description/rviz/view_urdf.rviz
[0.595s] -- Installing: /home/ariel/ur5e_ws/install/robotiq_description/share/robotiq_description/urdf
[0.595s] -- Installing: /home/ariel/ur5e_ws/install/robotiq_description/share/robotiq_description/urdf/robotiq_2f_85_gripper.urdf.xacro
[0.595s] -- Installing: /home/ariel/ur5e_ws/install/robotiq_description/share/robotiq_description/urdf/robotiq_2f_85_macro.urdf.xacro
[0.595s] -- Installing: /home/ariel/ur5e_ws/install/robotiq_description/share/robotiq_description/urdf/robotiq_2f_140.xacro
[0.595s] -- Installing: /home/ariel/ur5e_ws/install/robotiq_description/share/robotiq_description/urdf/robotiq_2f_140_gripper.urdf.xacro
[0.595s] -- Installing: /home/ariel/ur5e_ws/install/robotiq_description/share/robotiq_description/urdf/ur_to_robotiq_adapter.urdf.xacro
[0.595s] -- Installing: /home/ariel/ur5e_ws/install/robotiq_description/share/robotiq_description/urdf/robotiq_2f_140_macro.urdf.xacro
[0.595s] -- Installing: /home/ariel/ur5e_ws/install/robotiq_description/share/robotiq_description/urdf/2f_140.ros2_control.xacro
[0.595s] -- Installing: /home/ariel/ur5e_ws/install/robotiq_description/share/robotiq_description/urdf/2f_85.ros2_control.xacro
[0.595s] -- Installing: /home/ariel/ur5e_ws/install/robotiq_description/share/ament_index/resource_index/package_run_dependencies/robotiq_description
[0.595s] -- Installing: /home/ariel/ur5e_ws/install/robotiq_description/share/ament_index/resource_index/parent_prefix_path/robotiq_description
[0.595s] -- Installing: /home/ariel/ur5e_ws/install/robotiq_description/share/robotiq_description/environment/ament_prefix_path.sh
[0.596s] -- Installing: /home/ariel/ur5e_ws/install/robotiq_description/share/robotiq_description/environment/ament_prefix_path.dsv
[0.596s] -- Installing: /home/ariel/ur5e_ws/install/robotiq_description/share/robotiq_description/environment/path.sh
[0.596s] -- Installing: /home/ariel/ur5e_ws/install/robotiq_description/share/robotiq_description/environment/path.dsv
[0.596s] -- Installing: /home/ariel/ur5e_ws/install/robotiq_description/share/robotiq_description/local_setup.bash
[0.596s] -- Installing: /home/ariel/ur5e_ws/install/robotiq_description/share/robotiq_description/local_setup.sh
[0.596s] -- Installing: /home/ariel/ur5e_ws/install/robotiq_description/share/robotiq_description/local_setup.zsh
[0.596s] -- Installing: /home/ariel/ur5e_ws/install/robotiq_description/share/robotiq_description/local_setup.dsv
[0.596s] -- Installing: /home/ariel/ur5e_ws/install/robotiq_description/share/robotiq_description/package.dsv
[0.596s] -- Installing: /home/ariel/ur5e_ws/install/robotiq_description/share/ament_index/resource_index/packages/robotiq_description
[0.596s] -- Installing: /home/ariel/ur5e_ws/install/robotiq_description/share/robotiq_description/cmake/robotiq_descriptionConfig.cmake
[0.596s] -- Installing: /home/ariel/ur5e_ws/install/robotiq_description/share/robotiq_description/cmake/robotiq_descriptionConfig-version.cmake
[0.596s] -- Installing: /home/ariel/ur5e_ws/install/robotiq_description/share/robotiq_description/package.xml
[0.597s] Invoked command in '/home/ariel/ur5e_ws/build/robotiq_description' returned '0': CMAKE_PREFIX_PATH=${CMAKE_PREFIX_PATH}:/home/ariel/ws_moveit2/install/moveit_configs_utils:/home/ariel/ws_moveit2/install/launch_param_builder:/home/ariel/ur5e_ws/install/controller_pkg_demo:/opt/ros/humble /usr/bin/cmake --install /home/ariel/ur5e_ws/build/robotiq_description
