[0.077s] [34mcolcon[0m [1;30mDEBUG[0m [32mCommand line arguments: ['/usr/bin/colcon', 'build', '--symlink-install'][0m
[0.077s] [34mcolcon[0m [1;30mDEBUG[0m [32mParsed command line arguments: Namespace(log_base=None, log_level=None, verb_name='build', build_base='build', install_base='install', merge_install=False, symlink_install=True, test_result_base=None, continue_on_error=False, executor='parallel', parallel_workers=22, event_handlers=None, ignore_user_meta=False, metas=['./colcon.meta'], base_paths=['.'], packages_ignore=None, packages_ignore_regex=None, paths=None, packages_up_to=None, packages_up_to_regex=None, packages_above=None, packages_above_and_dependencies=None, packages_above_depth=None, packages_select_by_dep=None, packages_skip_by_dep=None, packages_skip_up_to=None, packages_select_build_failed=False, packages_skip_build_finished=False, packages_select_test_failures=False, packages_skip_test_passed=False, packages_select=None, packages_skip=None, packages_select_regex=None, packages_skip_regex=None, packages_start=None, packages_end=None, allow_overriding=[], cmake_args=None, cmake_target=None, cmake_target_skip_unavailable=False, cmake_clean_cache=False, cmake_clean_first=False, cmake_force_configure=False, ament_cmake_args=None, catkin_cmake_args=None, catkin_skip_building_tests=False, mixin_files=None, mixin=None, verb_parser=<colcon_mixin.mixin.mixin_argument.MixinArgumentDecorator object at 0x748978c64700>, verb_extension=<colcon_core.verb.build.BuildVerb object at 0x748978c64190>, main=<bound method BuildVerb.main of <colcon_core.verb.build.BuildVerb object at 0x748978c64190>>, mixin_verb=('build',))[0m
[0.210s] [34mcolcon.colcon_core.package_discovery[0m [1;30mLevel 1[0m discover_packages(colcon_meta) check parameters
[0.210s] [34mcolcon.colcon_core.package_discovery[0m [1;30mLevel 1[0m discover_packages(recursive) check parameters
[0.210s] [34mcolcon.colcon_core.package_discovery[0m [1;30mLevel 1[0m discover_packages(ignore) check parameters
[0.210s] [34mcolcon.colcon_core.package_discovery[0m [1;30mLevel 1[0m discover_packages(path) check parameters
[0.210s] [34mcolcon.colcon_core.package_discovery[0m [1;30mLevel 1[0m discover_packages(colcon_meta) discover
[0.210s] [34mcolcon.colcon_core.package_discovery[0m [1;30mLevel 1[0m discover_packages(recursive) discover
[0.210s] [34mcolcon.colcon_core.package_discovery[0m [1;30mINFO[0m Crawling recursively for packages in '/home/ariel/ur5e_ws/src'
[0.210s] [34mcolcon.colcon_core.package_identification[0m [1;30mLevel 1[0m _identify(.) by extensions ['ignore', 'ignore_ament_install']
[0.210s] [34mcolcon.colcon_core.package_identification[0m [1;30mLevel 1[0m _identify(.) by extension 'ignore'
[0.210s] [34mcolcon.colcon_core.package_identification[0m [1;30mLevel 1[0m _identify(.) by extension 'ignore_ament_install'
[0.210s] [34mcolcon.colcon_core.package_identification[0m [1;30mLevel 1[0m _identify(.) by extensions ['colcon_pkg']
[0.210s] [34mcolcon.colcon_core.package_identification[0m [1;30mLevel 1[0m _identify(.) by extension 'colcon_pkg'
[0.210s] [34mcolcon.colcon_core.package_identification[0m [1;30mLevel 1[0m _identify(.) by extensions ['colcon_meta']
[0.210s] [34mcolcon.colcon_core.package_identification[0m [1;30mLevel 1[0m _identify(.) by extension 'colcon_meta'
[0.210s] [34mcolcon.colcon_core.package_identification[0m [1;30mLevel 1[0m _identify(.) by extensions ['ros']
[0.210s] [34mcolcon.colcon_core.package_identification[0m [1;30mLevel 1[0m _identify(.) by extension 'ros'
[0.244s] [34mcolcon.colcon_core.package_identification[0m [1;30mLevel 1[0m _identify(.) by extensions ['cmake', 'python']
[0.244s] [34mcolcon.colcon_core.package_identification[0m [1;30mLevel 1[0m _identify(.) by extension 'cmake'
[0.244s] [34mcolcon.colcon_core.package_identification[0m [1;30mLevel 1[0m _identify(.) by extension 'python'
[0.244s] [34mcolcon.colcon_core.package_identification[0m [1;30mLevel 1[0m _identify(.) by extensions ['python_setup_py']
[0.244s] [34mcolcon.colcon_core.package_identification[0m [1;30mLevel 1[0m _identify(.) by extension 'python_setup_py'
[0.244s] [34mcolcon.colcon_core.package_identification[0m [1;30mLevel 1[0m _identify(Universal_Robots_ROS2_Description) by extensions ['ignore', 'ignore_ament_install']
[0.244s] [34mcolcon.colcon_core.package_identification[0m [1;30mLevel 1[0m _identify(Universal_Robots_ROS2_Description) by extension 'ignore'
[0.244s] [34mcolcon.colcon_core.package_identification[0m [1;30mLevel 1[0m _identify(Universal_Robots_ROS2_Description) by extension 'ignore_ament_install'
[0.244s] [34mcolcon.colcon_core.package_identification[0m [1;30mLevel 1[0m _identify(Universal_Robots_ROS2_Description) by extensions ['colcon_pkg']
[0.244s] [34mcolcon.colcon_core.package_identification[0m [1;30mLevel 1[0m _identify(Universal_Robots_ROS2_Description) by extension 'colcon_pkg'
[0.244s] [34mcolcon.colcon_core.package_identification[0m [1;30mLevel 1[0m _identify(Universal_Robots_ROS2_Description) by extensions ['colcon_meta']
[0.244s] [34mcolcon.colcon_core.package_identification[0m [1;30mLevel 1[0m _identify(Universal_Robots_ROS2_Description) by extension 'colcon_meta'
[0.244s] [34mcolcon.colcon_core.package_identification[0m [1;30mLevel 1[0m _identify(Universal_Robots_ROS2_Description) by extensions ['ros']
[0.244s] [34mcolcon.colcon_core.package_identification[0m [1;30mLevel 1[0m _identify(Universal_Robots_ROS2_Description) by extension 'ros'
[0.246s] [34mcolcon.colcon_core.package_identification[0m [1;30mDEBUG[0m [32mPackage 'Universal_Robots_ROS2_Description' with type 'ros.ament_cmake' and name 'ur_description'[0m
[0.246s] [34mcolcon.colcon_core.package_identification[0m [1;30mLevel 1[0m _identify(Universal_Robots_ROS2_Driver) by extensions ['ignore', 'ignore_ament_install']
[0.246s] [34mcolcon.colcon_core.package_identification[0m [1;30mLevel 1[0m _identify(Universal_Robots_ROS2_Driver) by extension 'ignore'
[0.247s] [34mcolcon.colcon_core.package_identification[0m [1;30mLevel 1[0m _identify(Universal_Robots_ROS2_Driver) by extension 'ignore_ament_install'
[0.247s] [34mcolcon.colcon_core.package_identification[0m [1;30mLevel 1[0m _identify(Universal_Robots_ROS2_Driver) by extensions ['colcon_pkg']
[0.247s] [34mcolcon.colcon_core.package_identification[0m [1;30mLevel 1[0m _identify(Universal_Robots_ROS2_Driver) by extension 'colcon_pkg'
[0.247s] [34mcolcon.colcon_core.package_identification[0m [1;30mLevel 1[0m _identify(Universal_Robots_ROS2_Driver) by extensions ['colcon_meta']
[0.247s] [34mcolcon.colcon_core.package_identification[0m [1;30mLevel 1[0m _identify(Universal_Robots_ROS2_Driver) by extension 'colcon_meta'
[0.247s] [34mcolcon.colcon_core.package_identification[0m [1;30mLevel 1[0m _identify(Universal_Robots_ROS2_Driver) by extensions ['ros']
[0.247s] [34mcolcon.colcon_core.package_identification[0m [1;30mLevel 1[0m _identify(Universal_Robots_ROS2_Driver) by extension 'ros'
[0.247s] [34mcolcon.colcon_core.package_identification[0m [1;30mLevel 1[0m _identify(Universal_Robots_ROS2_Driver) by extensions ['cmake', 'python']
[0.247s] [34mcolcon.colcon_core.package_identification[0m [1;30mLevel 1[0m _identify(Universal_Robots_ROS2_Driver) by extension 'cmake'
[0.247s] [34mcolcon.colcon_core.package_identification[0m [1;30mLevel 1[0m _identify(Universal_Robots_ROS2_Driver) by extension 'python'
[0.247s] [34mcolcon.colcon_core.package_identification[0m [1;30mLevel 1[0m _identify(Universal_Robots_ROS2_Driver) by extensions ['python_setup_py']
[0.247s] [34mcolcon.colcon_core.package_identification[0m [1;30mLevel 1[0m _identify(Universal_Robots_ROS2_Driver) by extension 'python_setup_py'
[0.247s] [34mcolcon.colcon_core.package_identification[0m [1;30mLevel 1[0m _identify(Universal_Robots_ROS2_Driver/ur) by extensions ['ignore', 'ignore_ament_install']
[0.247s] [34mcolcon.colcon_core.package_identification[0m [1;30mLevel 1[0m _identify(Universal_Robots_ROS2_Driver/ur) by extension 'ignore'
[0.247s] [34mcolcon.colcon_core.package_identification[0m [1;30mLevel 1[0m _identify(Universal_Robots_ROS2_Driver/ur) by extension 'ignore_ament_install'
[0.247s] [34mcolcon.colcon_core.package_identification[0m [1;30mLevel 1[0m _identify(Universal_Robots_ROS2_Driver/ur) by extensions ['colcon_pkg']
[0.247s] [34mcolcon.colcon_core.package_identification[0m [1;30mLevel 1[0m _identify(Universal_Robots_ROS2_Driver/ur) by extension 'colcon_pkg'
[0.247s] [34mcolcon.colcon_core.package_identification[0m [1;30mLevel 1[0m _identify(Universal_Robots_ROS2_Driver/ur) by extensions ['colcon_meta']
[0.247s] [34mcolcon.colcon_core.package_identification[0m [1;30mLevel 1[0m _identify(Universal_Robots_ROS2_Driver/ur) by extension 'colcon_meta'
[0.247s] [34mcolcon.colcon_core.package_identification[0m [1;30mLevel 1[0m _identify(Universal_Robots_ROS2_Driver/ur) by extensions ['ros']
[0.247s] [34mcolcon.colcon_core.package_identification[0m [1;30mLevel 1[0m _identify(Universal_Robots_ROS2_Driver/ur) by extension 'ros'
[0.248s] [34mcolcon.colcon_core.package_identification[0m [1;30mDEBUG[0m [32mPackage 'Universal_Robots_ROS2_Driver/ur' with type 'ros.ament_cmake' and name 'ur'[0m
[0.248s] [34mcolcon.colcon_core.package_identification[0m [1;30mLevel 1[0m _identify(Universal_Robots_ROS2_Driver/ur_bringup) by extensions ['ignore', 'ignore_ament_install']
[0.248s] [34mcolcon.colcon_core.package_identification[0m [1;30mLevel 1[0m _identify(Universal_Robots_ROS2_Driver/ur_bringup) by extension 'ignore'
[0.248s] [34mcolcon.colcon_core.package_identification[0m [1;30mLevel 1[0m _identify(Universal_Robots_ROS2_Driver/ur_bringup) by extension 'ignore_ament_install'
[0.248s] [34mcolcon.colcon_core.package_identification[0m [1;30mLevel 1[0m _identify(Universal_Robots_ROS2_Driver/ur_bringup) by extensions ['colcon_pkg']
[0.248s] [34mcolcon.colcon_core.package_identification[0m [1;30mLevel 1[0m _identify(Universal_Robots_ROS2_Driver/ur_bringup) by extension 'colcon_pkg'
[0.248s] [34mcolcon.colcon_core.package_identification[0m [1;30mLevel 1[0m _identify(Universal_Robots_ROS2_Driver/ur_bringup) by extensions ['colcon_meta']
[0.248s] [34mcolcon.colcon_core.package_identification[0m [1;30mLevel 1[0m _identify(Universal_Robots_ROS2_Driver/ur_bringup) by extension 'colcon_meta'
[0.248s] [34mcolcon.colcon_core.package_identification[0m [1;30mLevel 1[0m _identify(Universal_Robots_ROS2_Driver/ur_bringup) by extensions ['ros']
[0.248s] [34mcolcon.colcon_core.package_identification[0m [1;30mLevel 1[0m _identify(Universal_Robots_ROS2_Driver/ur_bringup) by extension 'ros'
[0.249s] [34mcolcon.colcon_core.package_identification[0m [1;30mDEBUG[0m [32mPackage 'Universal_Robots_ROS2_Driver/ur_bringup' with type 'ros.ament_cmake' and name 'ur_bringup'[0m
[0.249s] [34mcolcon.colcon_core.package_identification[0m [1;30mLevel 1[0m _identify(Universal_Robots_ROS2_Driver/ur_calibration) by extensions ['ignore', 'ignore_ament_install']
[0.249s] [34mcolcon.colcon_core.package_identification[0m [1;30mLevel 1[0m _identify(Universal_Robots_ROS2_Driver/ur_calibration) by extension 'ignore'
[0.249s] [34mcolcon.colcon_core.package_identification[0m [1;30mLevel 1[0m _identify(Universal_Robots_ROS2_Driver/ur_calibration) by extension 'ignore_ament_install'
[0.249s] [34mcolcon.colcon_core.package_identification[0m [1;30mLevel 1[0m _identify(Universal_Robots_ROS2_Driver/ur_calibration) by extensions ['colcon_pkg']
[0.249s] [34mcolcon.colcon_core.package_identification[0m [1;30mLevel 1[0m _identify(Universal_Robots_ROS2_Driver/ur_calibration) by extension 'colcon_pkg'
[0.249s] [34mcolcon.colcon_core.package_identification[0m [1;30mLevel 1[0m _identify(Universal_Robots_ROS2_Driver/ur_calibration) by extensions ['colcon_meta']
[0.249s] [34mcolcon.colcon_core.package_identification[0m [1;30mLevel 1[0m _identify(Universal_Robots_ROS2_Driver/ur_calibration) by extension 'colcon_meta'
[0.249s] [34mcolcon.colcon_core.package_identification[0m [1;30mLevel 1[0m _identify(Universal_Robots_ROS2_Driver/ur_calibration) by extensions ['ros']
[0.249s] [34mcolcon.colcon_core.package_identification[0m [1;30mLevel 1[0m _identify(Universal_Robots_ROS2_Driver/ur_calibration) by extension 'ros'
[0.250s] [34mcolcon.colcon_core.package_identification[0m [1;30mDEBUG[0m [32mPackage 'Universal_Robots_ROS2_Driver/ur_calibration' with type 'ros.ament_cmake' and name 'ur_calibration'[0m
[0.250s] [34mcolcon.colcon_core.package_identification[0m [1;30mLevel 1[0m _identify(Universal_Robots_ROS2_Driver/ur_controllers) by extensions ['ignore', 'ignore_ament_install']
[0.250s] [34mcolcon.colcon_core.package_identification[0m [1;30mLevel 1[0m _identify(Universal_Robots_ROS2_Driver/ur_controllers) by extension 'ignore'
[0.250s] [34mcolcon.colcon_core.package_identification[0m [1;30mLevel 1[0m _identify(Universal_Robots_ROS2_Driver/ur_controllers) by extension 'ignore_ament_install'
[0.250s] [34mcolcon.colcon_core.package_identification[0m [1;30mLevel 1[0m _identify(Universal_Robots_ROS2_Driver/ur_controllers) by extensions ['colcon_pkg']
[0.250s] [34mcolcon.colcon_core.package_identification[0m [1;30mLevel 1[0m _identify(Universal_Robots_ROS2_Driver/ur_controllers) by extension 'colcon_pkg'
[0.250s] [34mcolcon.colcon_core.package_identification[0m [1;30mLevel 1[0m _identify(Universal_Robots_ROS2_Driver/ur_controllers) by extensions ['colcon_meta']
[0.250s] [34mcolcon.colcon_core.package_identification[0m [1;30mLevel 1[0m _identify(Universal_Robots_ROS2_Driver/ur_controllers) by extension 'colcon_meta'
[0.250s] [34mcolcon.colcon_core.package_identification[0m [1;30mLevel 1[0m _identify(Universal_Robots_ROS2_Driver/ur_controllers) by extensions ['ros']
[0.250s] [34mcolcon.colcon_core.package_identification[0m [1;30mLevel 1[0m _identify(Universal_Robots_ROS2_Driver/ur_controllers) by extension 'ros'
[0.251s] [34mcolcon.colcon_core.package_identification[0m [1;30mDEBUG[0m [32mPackage 'Universal_Robots_ROS2_Driver/ur_controllers' with type 'ros.ament_cmake' and name 'ur_controllers'[0m
[0.251s] [34mcolcon.colcon_core.package_identification[0m [1;30mLevel 1[0m _identify(Universal_Robots_ROS2_Driver/ur_dashboard_msgs) by extensions ['ignore', 'ignore_ament_install']
[0.251s] [34mcolcon.colcon_core.package_identification[0m [1;30mLevel 1[0m _identify(Universal_Robots_ROS2_Driver/ur_dashboard_msgs) by extension 'ignore'
[0.251s] [34mcolcon.colcon_core.package_identification[0m [1;30mLevel 1[0m _identify(Universal_Robots_ROS2_Driver/ur_dashboard_msgs) by extension 'ignore_ament_install'
[0.251s] [34mcolcon.colcon_core.package_identification[0m [1;30mLevel 1[0m _identify(Universal_Robots_ROS2_Driver/ur_dashboard_msgs) by extensions ['colcon_pkg']
[0.251s] [34mcolcon.colcon_core.package_identification[0m [1;30mLevel 1[0m _identify(Universal_Robots_ROS2_Driver/ur_dashboard_msgs) by extension 'colcon_pkg'
[0.251s] [34mcolcon.colcon_core.package_identification[0m [1;30mLevel 1[0m _identify(Universal_Robots_ROS2_Driver/ur_dashboard_msgs) by extensions ['colcon_meta']
[0.251s] [34mcolcon.colcon_core.package_identification[0m [1;30mLevel 1[0m _identify(Universal_Robots_ROS2_Driver/ur_dashboard_msgs) by extension 'colcon_meta'
[0.251s] [34mcolcon.colcon_core.package_identification[0m [1;30mLevel 1[0m _identify(Universal_Robots_ROS2_Driver/ur_dashboard_msgs) by extensions ['ros']
[0.251s] [34mcolcon.colcon_core.package_identification[0m [1;30mLevel 1[0m _identify(Universal_Robots_ROS2_Driver/ur_dashboard_msgs) by extension 'ros'
[0.252s] [34mcolcon.colcon_core.package_identification[0m [1;30mDEBUG[0m [32mPackage 'Universal_Robots_ROS2_Driver/ur_dashboard_msgs' with type 'ros.ament_cmake' and name 'ur_dashboard_msgs'[0m
[0.252s] [34mcolcon.colcon_core.package_identification[0m [1;30mLevel 1[0m _identify(Universal_Robots_ROS2_Driver/ur_moveit_config) by extensions ['ignore', 'ignore_ament_install']
[0.252s] [34mcolcon.colcon_core.package_identification[0m [1;30mLevel 1[0m _identify(Universal_Robots_ROS2_Driver/ur_moveit_config) by extension 'ignore'
[0.252s] [34mcolcon.colcon_core.package_identification[0m [1;30mLevel 1[0m _identify(Universal_Robots_ROS2_Driver/ur_moveit_config) by extension 'ignore_ament_install'
[0.252s] [34mcolcon.colcon_core.package_identification[0m [1;30mLevel 1[0m _identify(Universal_Robots_ROS2_Driver/ur_moveit_config) by extensions ['colcon_pkg']
[0.252s] [34mcolcon.colcon_core.package_identification[0m [1;30mLevel 1[0m _identify(Universal_Robots_ROS2_Driver/ur_moveit_config) by extension 'colcon_pkg'
[0.252s] [34mcolcon.colcon_core.package_identification[0m [1;30mLevel 1[0m _identify(Universal_Robots_ROS2_Driver/ur_moveit_config) by extensions ['colcon_meta']
[0.252s] [34mcolcon.colcon_core.package_identification[0m [1;30mLevel 1[0m _identify(Universal_Robots_ROS2_Driver/ur_moveit_config) by extension 'colcon_meta'
[0.252s] [34mcolcon.colcon_core.package_identification[0m [1;30mLevel 1[0m _identify(Universal_Robots_ROS2_Driver/ur_moveit_config) by extensions ['ros']
[0.252s] [34mcolcon.colcon_core.package_identification[0m [1;30mLevel 1[0m _identify(Universal_Robots_ROS2_Driver/ur_moveit_config) by extension 'ros'
[0.252s] [34mcolcon.colcon_core.package_identification[0m [1;30mDEBUG[0m [32mPackage 'Universal_Robots_ROS2_Driver/ur_moveit_config' with type 'ros.ament_cmake' and name 'ur_moveit_config'[0m
[0.252s] [34mcolcon.colcon_core.package_identification[0m [1;30mLevel 1[0m _identify(Universal_Robots_ROS2_Driver/ur_robot_driver) by extensions ['ignore', 'ignore_ament_install']
[0.253s] [34mcolcon.colcon_core.package_identification[0m [1;30mLevel 1[0m _identify(Universal_Robots_ROS2_Driver/ur_robot_driver) by extension 'ignore'
[0.253s] [34mcolcon.colcon_core.package_identification[0m [1;30mLevel 1[0m _identify(Universal_Robots_ROS2_Driver/ur_robot_driver) by extension 'ignore_ament_install'
[0.253s] [34mcolcon.colcon_core.package_identification[0m [1;30mLevel 1[0m _identify(Universal_Robots_ROS2_Driver/ur_robot_driver) by extensions ['colcon_pkg']
[0.253s] [34mcolcon.colcon_core.package_identification[0m [1;30mLevel 1[0m _identify(Universal_Robots_ROS2_Driver/ur_robot_driver) by extension 'colcon_pkg'
[0.253s] [34mcolcon.colcon_core.package_identification[0m [1;30mLevel 1[0m _identify(Universal_Robots_ROS2_Driver/ur_robot_driver) by extensions ['colcon_meta']
[0.253s] [34mcolcon.colcon_core.package_identification[0m [1;30mLevel 1[0m _identify(Universal_Robots_ROS2_Driver/ur_robot_driver) by extension 'colcon_meta'
[0.253s] [34mcolcon.colcon_core.package_identification[0m [1;30mLevel 1[0m _identify(Universal_Robots_ROS2_Driver/ur_robot_driver) by extensions ['ros']
[0.253s] [34mcolcon.colcon_core.package_identification[0m [1;30mLevel 1[0m _identify(Universal_Robots_ROS2_Driver/ur_robot_driver) by extension 'ros'
[0.254s] [34mcolcon.colcon_core.package_identification[0m [1;30mDEBUG[0m [32mPackage 'Universal_Robots_ROS2_Driver/ur_robot_driver' with type 'ros.ament_cmake' and name 'ur_robot_driver'[0m
[0.254s] [34mcolcon.colcon_core.package_identification[0m [1;30mLevel 1[0m _identify(Universal_Robots_ROS2_Gazebo_Simulation) by extensions ['ignore', 'ignore_ament_install']
[0.254s] [34mcolcon.colcon_core.package_identification[0m [1;30mLevel 1[0m _identify(Universal_Robots_ROS2_Gazebo_Simulation) by extension 'ignore'
[0.254s] [34mcolcon.colcon_core.package_identification[0m [1;30mLevel 1[0m _identify(Universal_Robots_ROS2_Gazebo_Simulation) by extension 'ignore_ament_install'
[0.254s] [34mcolcon.colcon_core.package_identification[0m [1;30mLevel 1[0m _identify(Universal_Robots_ROS2_Gazebo_Simulation) by extensions ['colcon_pkg']
[0.254s] [34mcolcon.colcon_core.package_identification[0m [1;30mLevel 1[0m _identify(Universal_Robots_ROS2_Gazebo_Simulation) by extension 'colcon_pkg'
[0.254s] [34mcolcon.colcon_core.package_identification[0m [1;30mLevel 1[0m _identify(Universal_Robots_ROS2_Gazebo_Simulation) by extensions ['colcon_meta']
[0.254s] [34mcolcon.colcon_core.package_identification[0m [1;30mLevel 1[0m _identify(Universal_Robots_ROS2_Gazebo_Simulation) by extension 'colcon_meta'
[0.254s] [34mcolcon.colcon_core.package_identification[0m [1;30mLevel 1[0m _identify(Universal_Robots_ROS2_Gazebo_Simulation) by extensions ['ros']
[0.254s] [34mcolcon.colcon_core.package_identification[0m [1;30mLevel 1[0m _identify(Universal_Robots_ROS2_Gazebo_Simulation) by extension 'ros'
[0.254s] [34mcolcon.colcon_core.package_identification[0m [1;30mLevel 1[0m _identify(Universal_Robots_ROS2_Gazebo_Simulation) by extensions ['cmake', 'python']
[0.254s] [34mcolcon.colcon_core.package_identification[0m [1;30mLevel 1[0m _identify(Universal_Robots_ROS2_Gazebo_Simulation) by extension 'cmake'
[0.254s] [34mcolcon.colcon_core.package_identification[0m [1;30mLevel 1[0m _identify(Universal_Robots_ROS2_Gazebo_Simulation) by extension 'python'
[0.254s] [34mcolcon.colcon_core.package_identification[0m [1;30mLevel 1[0m _identify(Universal_Robots_ROS2_Gazebo_Simulation) by extensions ['python_setup_py']
[0.254s] [34mcolcon.colcon_core.package_identification[0m [1;30mLevel 1[0m _identify(Universal_Robots_ROS2_Gazebo_Simulation) by extension 'python_setup_py'
[0.254s] [34mcolcon.colcon_core.package_identification[0m [1;30mLevel 1[0m _identify(Universal_Robots_ROS2_Gazebo_Simulation/ur_simulation_gazebo) by extensions ['ignore', 'ignore_ament_install']
[0.254s] [34mcolcon.colcon_core.package_identification[0m [1;30mLevel 1[0m _identify(Universal_Robots_ROS2_Gazebo_Simulation/ur_simulation_gazebo) by extension 'ignore'
[0.254s] [34mcolcon.colcon_core.package_identification[0m [1;30mLevel 1[0m _identify(Universal_Robots_ROS2_Gazebo_Simulation/ur_simulation_gazebo) by extension 'ignore_ament_install'
[0.254s] [34mcolcon.colcon_core.package_identification[0m [1;30mLevel 1[0m _identify(Universal_Robots_ROS2_Gazebo_Simulation/ur_simulation_gazebo) by extensions ['colcon_pkg']
[0.254s] [34mcolcon.colcon_core.package_identification[0m [1;30mLevel 1[0m _identify(Universal_Robots_ROS2_Gazebo_Simulation/ur_simulation_gazebo) by extension 'colcon_pkg'
[0.254s] [34mcolcon.colcon_core.package_identification[0m [1;30mLevel 1[0m _identify(Universal_Robots_ROS2_Gazebo_Simulation/ur_simulation_gazebo) by extensions ['colcon_meta']
[0.255s] [34mcolcon.colcon_core.package_identification[0m [1;30mLevel 1[0m _identify(Universal_Robots_ROS2_Gazebo_Simulation/ur_simulation_gazebo) by extension 'colcon_meta'
[0.255s] [34mcolcon.colcon_core.package_identification[0m [1;30mLevel 1[0m _identify(Universal_Robots_ROS2_Gazebo_Simulation/ur_simulation_gazebo) by extensions ['ros']
[0.255s] [34mcolcon.colcon_core.package_identification[0m [1;30mLevel 1[0m _identify(Universal_Robots_ROS2_Gazebo_Simulation/ur_simulation_gazebo) by extension 'ros'
[0.255s] [34mcolcon.colcon_core.package_identification[0m [1;30mDEBUG[0m [32mPackage 'Universal_Robots_ROS2_Gazebo_Simulation/ur_simulation_gazebo' with type 'ros.ament_cmake' and name 'ur_simulation_gazebo'[0m
[0.255s] [34mcolcon.colcon_core.package_identification[0m [1;30mLevel 1[0m _identify(build) by extensions ['ignore', 'ignore_ament_install']
[0.255s] [34mcolcon.colcon_core.package_identification[0m [1;30mLevel 1[0m _identify(build) by extension 'ignore'
[0.255s] [34mcolcon.colcon_core.package_identification[0m [1;30mLevel 1[0m _identify(build) ignored
[0.255s] [34mcolcon.colcon_core.package_identification[0m [1;30mLevel 1[0m _identify(install) by extensions ['ignore', 'ignore_ament_install']
[0.255s] [34mcolcon.colcon_core.package_identification[0m [1;30mLevel 1[0m _identify(install) by extension 'ignore'
[0.255s] [34mcolcon.colcon_core.package_identification[0m [1;30mLevel 1[0m _identify(install) ignored
[0.255s] [34mcolcon.colcon_core.package_identification[0m [1;30mLevel 1[0m _identify(log) by extensions ['ignore', 'ignore_ament_install']
[0.255s] [34mcolcon.colcon_core.package_identification[0m [1;30mLevel 1[0m _identify(log) by extension 'ignore'
[0.255s] [34mcolcon.colcon_core.package_identification[0m [1;30mLevel 1[0m _identify(log) ignored
[0.255s] [34mcolcon.colcon_core.package_discovery[0m [1;30mLevel 1[0m discover_packages(recursive) using defaults
[0.255s] [34mcolcon.colcon_core.package_discovery[0m [1;30mLevel 1[0m discover_packages(ignore) discover
[0.255s] [34mcolcon.colcon_core.package_discovery[0m [1;30mLevel 1[0m discover_packages(ignore) using defaults
[0.255s] [34mcolcon.colcon_core.package_discovery[0m [1;30mLevel 1[0m discover_packages(path) discover
[0.255s] [34mcolcon.colcon_core.package_discovery[0m [1;30mLevel 1[0m discover_packages(path) using defaults
[0.267s] [34mcolcon.colcon_core.package_discovery[0m [1;30mLevel 1[0m discover_packages(prefix_path) check parameters
[0.267s] [34mcolcon.colcon_core.package_discovery[0m [1;30mLevel 1[0m discover_packages(prefix_path) discover
[0.269s] [34mcolcon.colcon_installed_package_information.package_discovery[0m [1;30mDEBUG[0m [32mFound 9 installed packages in /home/ariel/ur5e_ws/src/install[0m
[0.269s] [34mcolcon.colcon_installed_package_information.package_discovery[0m [1;30mDEBUG[0m [32mFound 9 installed packages in /home/ariel/ur5e_ws/install[0m
[0.270s] [34mcolcon.colcon_installed_package_information.package_discovery[0m [1;30mDEBUG[0m [32mFound 336 installed packages in /opt/ros/humble[0m
[0.271s] [34mcolcon.colcon_core.package_discovery[0m [1;30mLevel 1[0m discover_packages(prefix_path) using defaults
[0.294s] [34mcolcon.colcon_core.verb[0m [1;30mLevel 5[0m set package 'ur_dashboard_msgs' build argument 'cmake_args' from command line to 'None'
[0.294s] [34mcolcon.colcon_core.verb[0m [1;30mLevel 5[0m set package 'ur_dashboard_msgs' build argument 'cmake_target' from command line to 'None'
[0.294s] [34mcolcon.colcon_core.verb[0m [1;30mLevel 5[0m set package 'ur_dashboard_msgs' build argument 'cmake_target_skip_unavailable' from command line to 'False'
[0.294s] [34mcolcon.colcon_core.verb[0m [1;30mLevel 5[0m set package 'ur_dashboard_msgs' build argument 'cmake_clean_cache' from command line to 'False'
[0.294s] [34mcolcon.colcon_core.verb[0m [1;30mLevel 5[0m set package 'ur_dashboard_msgs' build argument 'cmake_clean_first' from command line to 'False'
[0.294s] [34mcolcon.colcon_core.verb[0m [1;30mLevel 5[0m set package 'ur_dashboard_msgs' build argument 'cmake_force_configure' from command line to 'False'
[0.294s] [34mcolcon.colcon_core.verb[0m [1;30mLevel 5[0m set package 'ur_dashboard_msgs' build argument 'ament_cmake_args' from command line to 'None'
[0.294s] [34mcolcon.colcon_core.verb[0m [1;30mLevel 5[0m set package 'ur_dashboard_msgs' build argument 'catkin_cmake_args' from command line to 'None'
[0.294s] [34mcolcon.colcon_core.verb[0m [1;30mLevel 5[0m set package 'ur_dashboard_msgs' build argument 'catkin_skip_building_tests' from command line to 'False'
[0.294s] [34mcolcon.colcon_core.verb[0m [1;30mDEBUG[0m [32mBuilding package 'ur_dashboard_msgs' with the following arguments: {'ament_cmake_args': None, 'build_base': '/home/ariel/ur5e_ws/src/build/ur_dashboard_msgs', 'catkin_cmake_args': None, 'catkin_skip_building_tests': False, 'cmake_args': None, 'cmake_clean_cache': False, 'cmake_clean_first': False, 'cmake_force_configure': False, 'cmake_target': None, 'cmake_target_skip_unavailable': False, 'install_base': '/home/ariel/ur5e_ws/src/install/ur_dashboard_msgs', 'merge_install': False, 'path': '/home/ariel/ur5e_ws/src/Universal_Robots_ROS2_Driver/ur_dashboard_msgs', 'symlink_install': True, 'test_result_base': None}[0m
[0.294s] [34mcolcon.colcon_core.verb[0m [1;30mLevel 5[0m set package 'ur_description' build argument 'cmake_args' from command line to 'None'
[0.294s] [34mcolcon.colcon_core.verb[0m [1;30mLevel 5[0m set package 'ur_description' build argument 'cmake_target' from command line to 'None'
[0.294s] [34mcolcon.colcon_core.verb[0m [1;30mLevel 5[0m set package 'ur_description' build argument 'cmake_target_skip_unavailable' from command line to 'False'
[0.294s] [34mcolcon.colcon_core.verb[0m [1;30mLevel 5[0m set package 'ur_description' build argument 'cmake_clean_cache' from command line to 'False'
[0.294s] [34mcolcon.colcon_core.verb[0m [1;30mLevel 5[0m set package 'ur_description' build argument 'cmake_clean_first' from command line to 'False'
[0.294s] [34mcolcon.colcon_core.verb[0m [1;30mLevel 5[0m set package 'ur_description' build argument 'cmake_force_configure' from command line to 'False'
[0.294s] [34mcolcon.colcon_core.verb[0m [1;30mLevel 5[0m set package 'ur_description' build argument 'ament_cmake_args' from command line to 'None'
[0.294s] [34mcolcon.colcon_core.verb[0m [1;30mLevel 5[0m set package 'ur_description' build argument 'catkin_cmake_args' from command line to 'None'
[0.294s] [34mcolcon.colcon_core.verb[0m [1;30mLevel 5[0m set package 'ur_description' build argument 'catkin_skip_building_tests' from command line to 'False'
[0.294s] [34mcolcon.colcon_core.verb[0m [1;30mDEBUG[0m [32mBuilding package 'ur_description' with the following arguments: {'ament_cmake_args': None, 'build_base': '/home/ariel/ur5e_ws/src/build/ur_description', 'catkin_cmake_args': None, 'catkin_skip_building_tests': False, 'cmake_args': None, 'cmake_clean_cache': False, 'cmake_clean_first': False, 'cmake_force_configure': False, 'cmake_target': None, 'cmake_target_skip_unavailable': False, 'install_base': '/home/ariel/ur5e_ws/src/install/ur_description', 'merge_install': False, 'path': '/home/ariel/ur5e_ws/src/Universal_Robots_ROS2_Description', 'symlink_install': True, 'test_result_base': None}[0m
[0.295s] [34mcolcon.colcon_core.verb[0m [1;30mLevel 5[0m set package 'ur_controllers' build argument 'cmake_args' from command line to 'None'
[0.295s] [34mcolcon.colcon_core.verb[0m [1;30mLevel 5[0m set package 'ur_controllers' build argument 'cmake_target' from command line to 'None'
[0.295s] [34mcolcon.colcon_core.verb[0m [1;30mLevel 5[0m set package 'ur_controllers' build argument 'cmake_target_skip_unavailable' from command line to 'False'
[0.295s] [34mcolcon.colcon_core.verb[0m [1;30mLevel 5[0m set package 'ur_controllers' build argument 'cmake_clean_cache' from command line to 'False'
[0.295s] [34mcolcon.colcon_core.verb[0m [1;30mLevel 5[0m set package 'ur_controllers' build argument 'cmake_clean_first' from command line to 'False'
[0.295s] [34mcolcon.colcon_core.verb[0m [1;30mLevel 5[0m set package 'ur_controllers' build argument 'cmake_force_configure' from command line to 'False'
[0.295s] [34mcolcon.colcon_core.verb[0m [1;30mLevel 5[0m set package 'ur_controllers' build argument 'ament_cmake_args' from command line to 'None'
[0.295s] [34mcolcon.colcon_core.verb[0m [1;30mLevel 5[0m set package 'ur_controllers' build argument 'catkin_cmake_args' from command line to 'None'
[0.295s] [34mcolcon.colcon_core.verb[0m [1;30mLevel 5[0m set package 'ur_controllers' build argument 'catkin_skip_building_tests' from command line to 'False'
[0.295s] [34mcolcon.colcon_core.verb[0m [1;30mDEBUG[0m [32mBuilding package 'ur_controllers' with the following arguments: {'ament_cmake_args': None, 'build_base': '/home/ariel/ur5e_ws/src/build/ur_controllers', 'catkin_cmake_args': None, 'catkin_skip_building_tests': False, 'cmake_args': None, 'cmake_clean_cache': False, 'cmake_clean_first': False, 'cmake_force_configure': False, 'cmake_target': None, 'cmake_target_skip_unavailable': False, 'install_base': '/home/ariel/ur5e_ws/src/install/ur_controllers', 'merge_install': False, 'path': '/home/ariel/ur5e_ws/src/Universal_Robots_ROS2_Driver/ur_controllers', 'symlink_install': True, 'test_result_base': None}[0m
[0.295s] [34mcolcon.colcon_core.verb[0m [1;30mLevel 5[0m set package 'ur_moveit_config' build argument 'cmake_args' from command line to 'None'
[0.295s] [34mcolcon.colcon_core.verb[0m [1;30mLevel 5[0m set package 'ur_moveit_config' build argument 'cmake_target' from command line to 'None'
[0.295s] [34mcolcon.colcon_core.verb[0m [1;30mLevel 5[0m set package 'ur_moveit_config' build argument 'cmake_target_skip_unavailable' from command line to 'False'
[0.295s] [34mcolcon.colcon_core.verb[0m [1;30mLevel 5[0m set package 'ur_moveit_config' build argument 'cmake_clean_cache' from command line to 'False'
[0.295s] [34mcolcon.colcon_core.verb[0m [1;30mLevel 5[0m set package 'ur_moveit_config' build argument 'cmake_clean_first' from command line to 'False'
[0.295s] [34mcolcon.colcon_core.verb[0m [1;30mLevel 5[0m set package 'ur_moveit_config' build argument 'cmake_force_configure' from command line to 'False'
[0.295s] [34mcolcon.colcon_core.verb[0m [1;30mLevel 5[0m set package 'ur_moveit_config' build argument 'ament_cmake_args' from command line to 'None'
[0.295s] [34mcolcon.colcon_core.verb[0m [1;30mLevel 5[0m set package 'ur_moveit_config' build argument 'catkin_cmake_args' from command line to 'None'
[0.295s] [34mcolcon.colcon_core.verb[0m [1;30mLevel 5[0m set package 'ur_moveit_config' build argument 'catkin_skip_building_tests' from command line to 'False'
[0.295s] [34mcolcon.colcon_core.verb[0m [1;30mDEBUG[0m [32mBuilding package 'ur_moveit_config' with the following arguments: {'ament_cmake_args': None, 'build_base': '/home/ariel/ur5e_ws/src/build/ur_moveit_config', 'catkin_cmake_args': None, 'catkin_skip_building_tests': False, 'cmake_args': None, 'cmake_clean_cache': False, 'cmake_clean_first': False, 'cmake_force_configure': False, 'cmake_target': None, 'cmake_target_skip_unavailable': False, 'install_base': '/home/ariel/ur5e_ws/src/install/ur_moveit_config', 'merge_install': False, 'path': '/home/ariel/ur5e_ws/src/Universal_Robots_ROS2_Driver/ur_moveit_config', 'symlink_install': True, 'test_result_base': None}[0m
[0.295s] [34mcolcon.colcon_core.verb[0m [1;30mLevel 5[0m set package 'ur_bringup' build argument 'cmake_args' from command line to 'None'
[0.295s] [34mcolcon.colcon_core.verb[0m [1;30mLevel 5[0m set package 'ur_bringup' build argument 'cmake_target' from command line to 'None'
[0.295s] [34mcolcon.colcon_core.verb[0m [1;30mLevel 5[0m set package 'ur_bringup' build argument 'cmake_target_skip_unavailable' from command line to 'False'
[0.295s] [34mcolcon.colcon_core.verb[0m [1;30mLevel 5[0m set package 'ur_bringup' build argument 'cmake_clean_cache' from command line to 'False'
[0.295s] [34mcolcon.colcon_core.verb[0m [1;30mLevel 5[0m set package 'ur_bringup' build argument 'cmake_clean_first' from command line to 'False'
[0.295s] [34mcolcon.colcon_core.verb[0m [1;30mLevel 5[0m set package 'ur_bringup' build argument 'cmake_force_configure' from command line to 'False'
[0.295s] [34mcolcon.colcon_core.verb[0m [1;30mLevel 5[0m set package 'ur_bringup' build argument 'ament_cmake_args' from command line to 'None'
[0.295s] [34mcolcon.colcon_core.verb[0m [1;30mLevel 5[0m set package 'ur_bringup' build argument 'catkin_cmake_args' from command line to 'None'
[0.295s] [34mcolcon.colcon_core.verb[0m [1;30mLevel 5[0m set package 'ur_bringup' build argument 'catkin_skip_building_tests' from command line to 'False'
[0.295s] [34mcolcon.colcon_core.verb[0m [1;30mDEBUG[0m [32mBuilding package 'ur_bringup' with the following arguments: {'ament_cmake_args': None, 'build_base': '/home/ariel/ur5e_ws/src/build/ur_bringup', 'catkin_cmake_args': None, 'catkin_skip_building_tests': False, 'cmake_args': None, 'cmake_clean_cache': False, 'cmake_clean_first': False, 'cmake_force_configure': False, 'cmake_target': None, 'cmake_target_skip_unavailable': False, 'install_base': '/home/ariel/ur5e_ws/src/install/ur_bringup', 'merge_install': False, 'path': '/home/ariel/ur5e_ws/src/Universal_Robots_ROS2_Driver/ur_bringup', 'symlink_install': True, 'test_result_base': None}[0m
[0.296s] [34mcolcon.colcon_core.verb[0m [1;30mLevel 5[0m set package 'ur_robot_driver' build argument 'cmake_args' from command line to 'None'
[0.296s] [34mcolcon.colcon_core.verb[0m [1;30mLevel 5[0m set package 'ur_robot_driver' build argument 'cmake_target' from command line to 'None'
[0.296s] [34mcolcon.colcon_core.verb[0m [1;30mLevel 5[0m set package 'ur_robot_driver' build argument 'cmake_target_skip_unavailable' from command line to 'False'
[0.296s] [34mcolcon.colcon_core.verb[0m [1;30mLevel 5[0m set package 'ur_robot_driver' build argument 'cmake_clean_cache' from command line to 'False'
[0.296s] [34mcolcon.colcon_core.verb[0m [1;30mLevel 5[0m set package 'ur_robot_driver' build argument 'cmake_clean_first' from command line to 'False'
[0.296s] [34mcolcon.colcon_core.verb[0m [1;30mLevel 5[0m set package 'ur_robot_driver' build argument 'cmake_force_configure' from command line to 'False'
[0.296s] [34mcolcon.colcon_core.verb[0m [1;30mLevel 5[0m set package 'ur_robot_driver' build argument 'ament_cmake_args' from command line to 'None'
[0.296s] [34mcolcon.colcon_core.verb[0m [1;30mLevel 5[0m set package 'ur_robot_driver' build argument 'catkin_cmake_args' from command line to 'None'
[0.296s] [34mcolcon.colcon_core.verb[0m [1;30mLevel 5[0m set package 'ur_robot_driver' build argument 'catkin_skip_building_tests' from command line to 'False'
[0.296s] [34mcolcon.colcon_core.verb[0m [1;30mDEBUG[0m [32mBuilding package 'ur_robot_driver' with the following arguments: {'ament_cmake_args': None, 'build_base': '/home/ariel/ur5e_ws/src/build/ur_robot_driver', 'catkin_cmake_args': None, 'catkin_skip_building_tests': False, 'cmake_args': None, 'cmake_clean_cache': False, 'cmake_clean_first': False, 'cmake_force_configure': False, 'cmake_target': None, 'cmake_target_skip_unavailable': False, 'install_base': '/home/ariel/ur5e_ws/src/install/ur_robot_driver', 'merge_install': False, 'path': '/home/ariel/ur5e_ws/src/Universal_Robots_ROS2_Driver/ur_robot_driver', 'symlink_install': True, 'test_result_base': None}[0m
[0.296s] [34mcolcon.colcon_core.verb[0m [1;30mLevel 5[0m set package 'ur_simulation_gazebo' build argument 'cmake_args' from command line to 'None'
[0.296s] [34mcolcon.colcon_core.verb[0m [1;30mLevel 5[0m set package 'ur_simulation_gazebo' build argument 'cmake_target' from command line to 'None'
[0.296s] [34mcolcon.colcon_core.verb[0m [1;30mLevel 5[0m set package 'ur_simulation_gazebo' build argument 'cmake_target_skip_unavailable' from command line to 'False'
[0.296s] [34mcolcon.colcon_core.verb[0m [1;30mLevel 5[0m set package 'ur_simulation_gazebo' build argument 'cmake_clean_cache' from command line to 'False'
[0.296s] [34mcolcon.colcon_core.verb[0m [1;30mLevel 5[0m set package 'ur_simulation_gazebo' build argument 'cmake_clean_first' from command line to 'False'
[0.296s] [34mcolcon.colcon_core.verb[0m [1;30mLevel 5[0m set package 'ur_simulation_gazebo' build argument 'cmake_force_configure' from command line to 'False'
[0.296s] [34mcolcon.colcon_core.verb[0m [1;30mLevel 5[0m set package 'ur_simulation_gazebo' build argument 'ament_cmake_args' from command line to 'None'
[0.296s] [34mcolcon.colcon_core.verb[0m [1;30mLevel 5[0m set package 'ur_simulation_gazebo' build argument 'catkin_cmake_args' from command line to 'None'
[0.296s] [34mcolcon.colcon_core.verb[0m [1;30mLevel 5[0m set package 'ur_simulation_gazebo' build argument 'catkin_skip_building_tests' from command line to 'False'
[0.296s] [34mcolcon.colcon_core.verb[0m [1;30mDEBUG[0m [32mBuilding package 'ur_simulation_gazebo' with the following arguments: {'ament_cmake_args': None, 'build_base': '/home/ariel/ur5e_ws/src/build/ur_simulation_gazebo', 'catkin_cmake_args': None, 'catkin_skip_building_tests': False, 'cmake_args': None, 'cmake_clean_cache': False, 'cmake_clean_first': False, 'cmake_force_configure': False, 'cmake_target': None, 'cmake_target_skip_unavailable': False, 'install_base': '/home/ariel/ur5e_ws/src/install/ur_simulation_gazebo', 'merge_install': False, 'path': '/home/ariel/ur5e_ws/src/Universal_Robots_ROS2_Gazebo_Simulation/ur_simulation_gazebo', 'symlink_install': True, 'test_result_base': None}[0m
[0.296s] [34mcolcon.colcon_core.verb[0m [1;30mLevel 5[0m set package 'ur_calibration' build argument 'cmake_args' from command line to 'None'
[0.296s] [34mcolcon.colcon_core.verb[0m [1;30mLevel 5[0m set package 'ur_calibration' build argument 'cmake_target' from command line to 'None'
[0.296s] [34mcolcon.colcon_core.verb[0m [1;30mLevel 5[0m set package 'ur_calibration' build argument 'cmake_target_skip_unavailable' from command line to 'False'
[0.296s] [34mcolcon.colcon_core.verb[0m [1;30mLevel 5[0m set package 'ur_calibration' build argument 'cmake_clean_cache' from command line to 'False'
[0.296s] [34mcolcon.colcon_core.verb[0m [1;30mLevel 5[0m set package 'ur_calibration' build argument 'cmake_clean_first' from command line to 'False'
[0.296s] [34mcolcon.colcon_core.verb[0m [1;30mLevel 5[0m set package 'ur_calibration' build argument 'cmake_force_configure' from command line to 'False'
[0.296s] [34mcolcon.colcon_core.verb[0m [1;30mLevel 5[0m set package 'ur_calibration' build argument 'ament_cmake_args' from command line to 'None'
[0.296s] [34mcolcon.colcon_core.verb[0m [1;30mLevel 5[0m set package 'ur_calibration' build argument 'catkin_cmake_args' from command line to 'None'
[0.296s] [34mcolcon.colcon_core.verb[0m [1;30mLevel 5[0m set package 'ur_calibration' build argument 'catkin_skip_building_tests' from command line to 'False'
[0.296s] [34mcolcon.colcon_core.verb[0m [1;30mDEBUG[0m [32mBuilding package 'ur_calibration' with the following arguments: {'ament_cmake_args': None, 'build_base': '/home/ariel/ur5e_ws/src/build/ur_calibration', 'catkin_cmake_args': None, 'catkin_skip_building_tests': False, 'cmake_args': None, 'cmake_clean_cache': False, 'cmake_clean_first': False, 'cmake_force_configure': False, 'cmake_target': None, 'cmake_target_skip_unavailable': False, 'install_base': '/home/ariel/ur5e_ws/src/install/ur_calibration', 'merge_install': False, 'path': '/home/ariel/ur5e_ws/src/Universal_Robots_ROS2_Driver/ur_calibration', 'symlink_install': True, 'test_result_base': None}[0m
[0.296s] [34mcolcon.colcon_core.verb[0m [1;30mLevel 5[0m set package 'ur' build argument 'cmake_args' from command line to 'None'
[0.297s] [34mcolcon.colcon_core.verb[0m [1;30mLevel 5[0m set package 'ur' build argument 'cmake_target' from command line to 'None'
[0.297s] [34mcolcon.colcon_core.verb[0m [1;30mLevel 5[0m set package 'ur' build argument 'cmake_target_skip_unavailable' from command line to 'False'
[0.297s] [34mcolcon.colcon_core.verb[0m [1;30mLevel 5[0m set package 'ur' build argument 'cmake_clean_cache' from command line to 'False'
[0.297s] [34mcolcon.colcon_core.verb[0m [1;30mLevel 5[0m set package 'ur' build argument 'cmake_clean_first' from command line to 'False'
[0.297s] [34mcolcon.colcon_core.verb[0m [1;30mLevel 5[0m set package 'ur' build argument 'cmake_force_configure' from command line to 'False'
[0.297s] [34mcolcon.colcon_core.verb[0m [1;30mLevel 5[0m set package 'ur' build argument 'ament_cmake_args' from command line to 'None'
[0.297s] [34mcolcon.colcon_core.verb[0m [1;30mLevel 5[0m set package 'ur' build argument 'catkin_cmake_args' from command line to 'None'
[0.297s] [34mcolcon.colcon_core.verb[0m [1;30mLevel 5[0m set package 'ur' build argument 'catkin_skip_building_tests' from command line to 'False'
[0.297s] [34mcolcon.colcon_core.verb[0m [1;30mDEBUG[0m [32mBuilding package 'ur' with the following arguments: {'ament_cmake_args': None, 'build_base': '/home/ariel/ur5e_ws/src/build/ur', 'catkin_cmake_args': None, 'catkin_skip_building_tests': False, 'cmake_args': None, 'cmake_clean_cache': False, 'cmake_clean_first': False, 'cmake_force_configure': False, 'cmake_target': None, 'cmake_target_skip_unavailable': False, 'install_base': '/home/ariel/ur5e_ws/src/install/ur', 'merge_install': False, 'path': '/home/ariel/ur5e_ws/src/Universal_Robots_ROS2_Driver/ur', 'symlink_install': True, 'test_result_base': None}[0m
[0.297s] [34mcolcon.colcon_core.executor[0m [1;30mINFO[0m Executing jobs using 'parallel' executor
[0.297s] [34mcolcon.colcon_parallel_executor.executor.parallel[0m [1;30mDEBUG[0m [32mrun_until_complete[0m
[0.298s] [34mcolcon.colcon_ros.task.ament_cmake.build[0m [1;30mINFO[0m Building ROS package in '/home/ariel/ur5e_ws/src/Universal_Robots_ROS2_Driver/ur_dashboard_msgs' with build type 'ament_cmake'
[0.298s] [34mcolcon.colcon_cmake.task.cmake.build[0m [1;30mINFO[0m Building CMake package in '/home/ariel/ur5e_ws/src/Universal_Robots_ROS2_Driver/ur_dashboard_msgs'
[0.299s] [34mcolcon.colcon_core.plugin_system[0m [1;30mINFO[0m Skipping extension 'colcon_core.shell.bat': Not used on non-Windows systems
[0.299s] [34mcolcon.colcon_core.shell[0m [1;30mINFO[0m Skip shell extension 'powershell' for command environment: Not usable outside of PowerShell
[0.300s] [34mcolcon.colcon_core.shell[0m [1;30mDEBUG[0m [32mSkip shell extension 'dsv' for command environment[0m
[0.302s] [34mcolcon.colcon_ros.task.ament_cmake.build[0m [1;30mINFO[0m Building ROS package in '/home/ariel/ur5e_ws/src/Universal_Robots_ROS2_Description' with build type 'ament_cmake'
[0.302s] [34mcolcon.colcon_cmake.task.cmake.build[0m [1;30mINFO[0m Building CMake package in '/home/ariel/ur5e_ws/src/Universal_Robots_ROS2_Description'
[0.302s] [34mcolcon.colcon_core.shell[0m [1;30mINFO[0m Skip shell extension 'powershell' for command environment: Not usable outside of PowerShell
[0.302s] [34mcolcon.colcon_core.shell[0m [1;30mDEBUG[0m [32mSkip shell extension 'dsv' for command environment[0m
[0.306s] [34mcolcon.colcon_core.event_handler.log_command[0m [1;30mDEBUG[0m [32mInvoking command in '/home/ariel/ur5e_ws/src/build/ur_dashboard_msgs': CMAKE_PREFIX_PATH=${CMAKE_PREFIX_PATH}:/opt/ros/humble /usr/bin/cmake /home/ariel/ur5e_ws/src/Universal_Robots_ROS2_Driver/ur_dashboard_msgs -DAMENT_CMAKE_SYMLINK_INSTALL=1 -DCMAKE_INSTALL_PREFIX=/home/ariel/ur5e_ws/src/install/ur_dashboard_msgs[0m
[0.310s] [34mcolcon.colcon_core.event_handler.log_command[0m [1;30mDEBUG[0m [32mInvoking command in '/home/ariel/ur5e_ws/src/build/ur_description': CMAKE_PREFIX_PATH=${CMAKE_PREFIX_PATH}:/opt/ros/humble /usr/bin/cmake /home/ariel/ur5e_ws/src/Universal_Robots_ROS2_Description -DAMENT_CMAKE_SYMLINK_INSTALL=1 -DCMAKE_INSTALL_PREFIX=/home/ariel/ur5e_ws/src/install/ur_description[0m
[1.147s] [34mcolcon.colcon_core.event_handler.log_command[0m [1;30mDEBUG[0m [32mInvoked command in '/home/ariel/ur5e_ws/src/build/ur_dashboard_msgs' returned '0': CMAKE_PREFIX_PATH=${CMAKE_PREFIX_PATH}:/opt/ros/humble /usr/bin/cmake /home/ariel/ur5e_ws/src/Universal_Robots_ROS2_Driver/ur_dashboard_msgs -DAMENT_CMAKE_SYMLINK_INSTALL=1 -DCMAKE_INSTALL_PREFIX=/home/ariel/ur5e_ws/src/install/ur_dashboard_msgs[0m
[1.149s] [34mcolcon.colcon_core.event_handler.log_command[0m [1;30mDEBUG[0m [32mInvoking command in '/home/ariel/ur5e_ws/src/build/ur_dashboard_msgs': CMAKE_PREFIX_PATH=${CMAKE_PREFIX_PATH}:/opt/ros/humble /usr/bin/cmake --build /home/ariel/ur5e_ws/src/build/ur_dashboard_msgs -- -j22 -l22[0m
[1.222s] [34mcolcon.colcon_core.event_handler.log_command[0m [1;30mDEBUG[0m [32mInvoked command in '/home/ariel/ur5e_ws/src/build/ur_dashboard_msgs' returned '2': CMAKE_PREFIX_PATH=${CMAKE_PREFIX_PATH}:/opt/ros/humble /usr/bin/cmake --build /home/ariel/ur5e_ws/src/build/ur_dashboard_msgs -- -j22 -l22[0m
[1.223s] [34mcolcon.colcon_core.environment[0m [1;30mLevel 1[0m create_environment_scripts_only(ur_dashboard_msgs)
[1.225s] [34mcolcon.colcon_core.environment[0m [1;30mLevel 1[0m checking '/home/ariel/ur5e_ws/src/install/ur_dashboard_msgs' for CMake module files
[1.225s] [34mcolcon.colcon_core.environment[0m [1;30mLevel 1[0m checking '/home/ariel/ur5e_ws/src/install/ur_dashboard_msgs' for CMake config files
[1.226s] [34mcolcon.colcon_core.shell[0m [1;30mLevel 1[0m create_environment_hook('ur_dashboard_msgs', 'cmake_prefix_path')
[1.226s] [34mcolcon.colcon_core.shell[0m [1;30mINFO[0m Creating environment hook '/home/ariel/ur5e_ws/src/install/ur_dashboard_msgs/share/ur_dashboard_msgs/hook/cmake_prefix_path.ps1'
[1.227s] [34mcolcon.colcon_core.shell[0m [1;30mINFO[0m Creating environment descriptor '/home/ariel/ur5e_ws/src/install/ur_dashboard_msgs/share/ur_dashboard_msgs/hook/cmake_prefix_path.dsv'
[1.227s] [34mcolcon.colcon_core.shell[0m [1;30mINFO[0m Creating environment hook '/home/ariel/ur5e_ws/src/install/ur_dashboard_msgs/share/ur_dashboard_msgs/hook/cmake_prefix_path.sh'
[1.228s] [34mcolcon.colcon_core.environment[0m [1;30mLevel 1[0m checking '/home/ariel/ur5e_ws/src/install/ur_dashboard_msgs/lib'
[1.228s] [34mcolcon.colcon_core.shell[0m [1;30mLevel 1[0m create_environment_hook('ur_dashboard_msgs', 'ld_library_path_lib')
[1.228s] [34mcolcon.colcon_core.shell[0m [1;30mINFO[0m Creating environment hook '/home/ariel/ur5e_ws/src/install/ur_dashboard_msgs/share/ur_dashboard_msgs/hook/ld_library_path_lib.ps1'
[1.228s] [34mcolcon.colcon_core.shell[0m [1;30mINFO[0m Creating environment descriptor '/home/ariel/ur5e_ws/src/install/ur_dashboard_msgs/share/ur_dashboard_msgs/hook/ld_library_path_lib.dsv'
[1.228s] [34mcolcon.colcon_core.shell[0m [1;30mINFO[0m Creating environment hook '/home/ariel/ur5e_ws/src/install/ur_dashboard_msgs/share/ur_dashboard_msgs/hook/ld_library_path_lib.sh'
[1.228s] [34mcolcon.colcon_core.environment[0m [1;30mLevel 1[0m checking '/home/ariel/ur5e_ws/src/install/ur_dashboard_msgs/bin'
[1.228s] [34mcolcon.colcon_core.environment[0m [1;30mLevel 1[0m checking '/home/ariel/ur5e_ws/src/install/ur_dashboard_msgs/lib/pkgconfig/ur_dashboard_msgs.pc'
[1.229s] [34mcolcon.colcon_core.environment[0m [1;30mLevel 1[0m checking '/home/ariel/ur5e_ws/src/install/ur_dashboard_msgs/lib/python3.10/site-packages'
[1.229s] [34mcolcon.colcon_core.environment[0m [1;30mLevel 1[0m checking '/home/ariel/ur5e_ws/src/install/ur_dashboard_msgs/bin'
[1.229s] [34mcolcon.colcon_core.shell[0m [1;30mINFO[0m Creating package script '/home/ariel/ur5e_ws/src/install/ur_dashboard_msgs/share/ur_dashboard_msgs/package.ps1'
[1.229s] [34mcolcon.colcon_core.shell[0m [1;30mINFO[0m Creating package descriptor '/home/ariel/ur5e_ws/src/install/ur_dashboard_msgs/share/ur_dashboard_msgs/package.dsv'
[1.230s] [34mcolcon.colcon_core.shell[0m [1;30mINFO[0m Creating package script '/home/ariel/ur5e_ws/src/install/ur_dashboard_msgs/share/ur_dashboard_msgs/package.sh'
[1.230s] [34mcolcon.colcon_core.shell[0m [1;30mINFO[0m Creating package script '/home/ariel/ur5e_ws/src/install/ur_dashboard_msgs/share/ur_dashboard_msgs/package.bash'
[1.231s] [34mcolcon.colcon_core.shell[0m [1;30mINFO[0m Creating package script '/home/ariel/ur5e_ws/src/install/ur_dashboard_msgs/share/ur_dashboard_msgs/package.zsh'
[1.231s] [34mcolcon.colcon_core.environment[0m [1;30mLevel 1[0m create_file_with_runtime_dependencies(/home/ariel/ur5e_ws/src/install/ur_dashboard_msgs/share/colcon-core/packages/ur_dashboard_msgs)
[1.846s] [34mcolcon.colcon_parallel_executor.executor.parallel[0m [1;30mDEBUG[0m [32mclosing loop[0m
[1.846s] [34mcolcon.colcon_parallel_executor.executor.parallel[0m [1;30mDEBUG[0m [32mloop closed[0m
[1.846s] [34mcolcon.colcon_parallel_executor.executor.parallel[0m [1;30mDEBUG[0m [32mrun_until_complete finished with '2'[0m
[1.846s] [34mcolcon.colcon_core.event_reactor[0m [1;30mDEBUG[0m [32mjoining thread[0m
[1.851s] [34mcolcon.colcon_core.plugin_system[0m [1;30mINFO[0m Skipping extension 'colcon_notification.desktop_notification.terminal_notifier': Not used on non-Darwin systems
[1.851s] [34mcolcon.colcon_core.plugin_system[0m [1;30mINFO[0m Skipping extension 'colcon_notification.desktop_notification.win32': Not used on non-Windows systems
[1.851s] [34mcolcon.colcon_notification.desktop_notification[0m [1;30mINFO[0m Sending desktop notification using 'notify2'
[1.861s] [34mcolcon.colcon_core.event_reactor[0m [1;30mDEBUG[0m [32mjoined thread[0m
[1.862s] [34mcolcon.colcon_core.shell[0m [1;30mINFO[0m Creating prefix script '/home/ariel/ur5e_ws/src/install/local_setup.ps1'
[1.863s] [34mcolcon.colcon_core.shell[0m [1;30mINFO[0m Creating prefix util module '/home/ariel/ur5e_ws/src/install/_local_setup_util_ps1.py'
[1.864s] [34mcolcon.colcon_core.shell[0m [1;30mINFO[0m Creating prefix chain script '/home/ariel/ur5e_ws/src/install/setup.ps1'
[1.865s] [34mcolcon.colcon_core.shell[0m [1;30mINFO[0m Creating prefix script '/home/ariel/ur5e_ws/src/install/local_setup.sh'
[1.866s] [34mcolcon.colcon_core.shell[0m [1;30mINFO[0m Creating prefix util module '/home/ariel/ur5e_ws/src/install/_local_setup_util_sh.py'
[1.866s] [34mcolcon.colcon_core.shell[0m [1;30mINFO[0m Creating prefix chain script '/home/ariel/ur5e_ws/src/install/setup.sh'
[1.868s] [34mcolcon.colcon_core.shell[0m [1;30mINFO[0m Creating prefix script '/home/ariel/ur5e_ws/src/install/local_setup.bash'
[1.868s] [34mcolcon.colcon_core.shell[0m [1;30mINFO[0m Creating prefix chain script '/home/ariel/ur5e_ws/src/install/setup.bash'
[1.869s] [34mcolcon.colcon_core.shell[0m [1;30mINFO[0m Creating prefix script '/home/ariel/ur5e_ws/src/install/local_setup.zsh'
[1.869s] [34mcolcon.colcon_core.shell[0m [1;30mINFO[0m Creating prefix chain script '/home/ariel/ur5e_ws/src/install/setup.zsh'
