-- The C compiler identification is GNU 11.4.0
-- The CXX compiler identification is GNU 11.4.0
-- Detecting C compiler ABI info
-- Detecting C compiler ABI info - done
-- Check for working C compiler: /usr/bin/cc - skipped
-- Detecting C compile features
-- Detecting C compile features - done
-- Detecting CXX compiler ABI info
-- Detecting CXX compiler ABI info - done
-- Check for working CXX compiler: /usr/bin/c++ - skipped
-- Detecting CXX compile features
-- Detecting CXX compile features - done
-- Found ament_cmake: 1.3.11 (/opt/ros/humble/share/ament_cmake/cmake)
-- Found Python3: /usr/bin/python3 (found version "3.10.12") found components: Interpreter 
-- Found xacro: 2.0.13 (/opt/ros/humble/share/xacro/cmake)
-- Found rclcpp: 16.0.12 (/opt/ros/humble/share/rclcpp/cmake)
-- Found rosidl_generator_c: 3.1.6 (/opt/ros/humble/share/rosidl_generator_c/cmake)
-- Found rosidl_adapter: 3.1.6 (/opt/ros/humble/share/rosidl_adapter/cmake)
-- Found rosidl_generator_cpp: 3.1.6 (/opt/ros/humble/share/rosidl_generator_cpp/cmake)
-- Using all available rosidl_typesupport_c: rosidl_typesupport_fastrtps_c;rosidl_typesupport_introspection_c
-- Using all available rosidl_typesupport_cpp: rosidl_typesupport_fastrtps_cpp;rosidl_typesupport_introspection_cpp
-- Found rmw_implementation_cmake: 6.1.2 (/opt/ros/humble/share/rmw_implementation_cmake/cmake)
-- Found rmw_cyclonedds_cpp: 1.3.4 (/opt/ros/humble/share/rmw_cyclonedds_cpp/cmake)
-- Using RMW implementation 'rmw_cyclonedds_cpp' as default
-- Looking for pthread.h
-- Looking for pthread.h - found
-- Performing Test CMAKE_HAVE_LIBC_PTHREAD
-- Performing Test CMAKE_HAVE_LIBC_PTHREAD - Success
-- Found Threads: TRUE  
-- Found trajectory_msgs: 4.9.0 (/opt/ros/humble/share/trajectory_msgs/cmake)
-- Found ament_lint_auto: 0.12.12 (/opt/ros/humble/share/ament_lint_auto/cmake)
-- Added test 'flake8' to check Python code syntax and style conventions
-- Added test 'lint_cmake' to check CMake code style
-- Added test 'pep257' to check Python code against some of the docstring style conventions in PEP 257
-- Added test 'xmllint' to check XML markup files
-- Configuring done
-- Generating done
-- Build files have been written to: /home/ariel/ur5e_ws/build/ur_yt_sim
-- Install configuration: ""
-- Installing: /home/ariel/ur5e_ws/install/ur_yt_sim/share/ur_yt_sim/launch
-- Installing: /home/ariel/ur5e_ws/install/ur_yt_sim/share/ur_yt_sim/launch/spawn_ur5_camera_moveit.launch.py
-- Installing: /home/ariel/ur5e_ws/install/ur_yt_sim/share/ur_yt_sim/launch/view_ur5_camera.launch.py
-- Installing: /home/ariel/ur5e_ws/install/ur_yt_sim/share/ur_yt_sim/launch/view_ur5_camera_gripper.launch.py
-- Installing: /home/ariel/ur5e_ws/install/ur_yt_sim/share/ur_yt_sim/launch/spawn_ur5_camera.launch.py
-- Installing: /home/ariel/ur5e_ws/install/ur_yt_sim/share/ur_yt_sim/launch/spawn_ur5_camera_gripper_moveit.launch.py
-- Installing: /home/ariel/ur5e_ws/install/ur_yt_sim/share/ur_yt_sim/launch/spawn_ur5_camera_gripper.launch.py
-- Installing: /home/ariel/ur5e_ws/install/ur_yt_sim/share/ur_yt_sim/urdf
-- Installing: /home/ariel/ur5e_ws/install/ur_yt_sim/share/ur_yt_sim/urdf/ur5_camera_gripper.urdf.xacro
-- Installing: /home/ariel/ur5e_ws/install/ur_yt_sim/share/ur_yt_sim/urdf/robotiq_gripper.ros2_control.xacro
-- Installing: /home/ariel/ur5e_ws/install/ur_yt_sim/share/ur_yt_sim/urdf/robotiq_gripper_macro.xacro
-- Installing: /home/ariel/ur5e_ws/install/ur_yt_sim/share/ur_yt_sim/urdf/ur5_camera.urdf.xacro
-- Installing: /home/ariel/ur5e_ws/install/ur_yt_sim/share/ur_yt_sim/urdf/camera.xacro
-- Installing: /home/ariel/ur5e_ws/install/ur_yt_sim/share/ur_yt_sim/urdf/ur5.ros2_control.xacro
-- Installing: /home/ariel/ur5e_ws/install/ur_yt_sim/share/ur_yt_sim/urdf/ur5_macro.xacro
-- Installing: /home/ariel/ur5e_ws/install/ur_yt_sim/share/ur_yt_sim/config
-- Installing: /home/ariel/ur5e_ws/install/ur_yt_sim/share/ur_yt_sim/config/ur5_controllers.yaml
[31mCMake Error at cmake_install.cmake:46 (file):
  file INSTALL cannot find "/home/ariel/ur5e_ws/src/ur_yt_sim/worlds": No
  such file or directory.

[0m
-- Installing: /home/ariel/ur5e_ws/install/ur_yt_sim/share/ur_yt_sim/config/initial_positions.yaml
-- Installing: /home/ariel/ur5e_ws/install/ur_yt_sim/share/ur_yt_sim/config/ur5_controllers_gripper.yaml
-- Installing: /home/ariel/ur5e_ws/install/ur_yt_sim/share/ur_yt_sim/meshes
-- Installing: /home/ariel/ur5e_ws/install/ur_yt_sim/share/ur_yt_sim/meshes/sensors
-- Installing: /home/ariel/ur5e_ws/install/ur_yt_sim/share/ur_yt_sim/meshes/sensors/camera
-- Installing: /home/ariel/ur5e_ws/install/ur_yt_sim/share/ur_yt_sim/meshes/sensors/camera/kinetic.dae
-- Installing: /home/ariel/ur5e_ws/install/ur_yt_sim/share/ur_yt_sim/meshes/sensors/camera/kinetic.stl
-- Installing: /home/ariel/ur5e_ws/install/ur_yt_sim/share/ur_yt_sim/meshes/sensors/camera/kinetic.png
