[0.012s] Invoking command in '/home/ariel/ur5e_ws/build/ur_yt_sim': CMAKE_PREFIX_PATH=${CMAKE_PREFIX_PATH}:/home/ariel/ws_moveit2/install/moveit_configs_utils:/home/ariel/ws_moveit2/install/launch_param_builder:/home/ariel/ur5e_ws/install/controller_pkg_demo:/opt/ros/humble /usr/bin/cmake /home/ariel/ur5e_ws/src/ur_yt_sim -DCMAKE_INSTALL_PREFIX=/home/ariel/ur5e_ws/install/ur_yt_sim
[0.103s] -- The C compiler identification is GNU 11.4.0
[0.145s] -- The CXX compiler identification is GNU 11.4.0
[0.153s] -- Detecting C compiler ABI info
[0.217s] -- Detecting C compiler ABI info - done
[0.223s] -- Check for working C compiler: /usr/bin/cc - skipped
[0.223s] -- Detecting C compile features
[0.224s] -- Detecting C compile features - done
[0.226s] -- Detecting CXX compiler ABI info
[0.295s] -- Detecting CXX compiler ABI info - done
[0.301s] -- Check for working CXX compiler: /usr/bin/c++ - skipped
[0.302s] -- Detecting CXX compile features
[0.302s] -- Detecting CXX compile features - done
[0.314s] -- Found ament_cmake: 1.3.11 (/opt/ros/humble/share/ament_cmake/cmake)
[0.437s] -- Found Python3: /usr/bin/python3 (found version "3.10.12") found components: Interpreter 
[0.540s] -- Found xacro: 2.0.13 (/opt/ros/humble/share/xacro/cmake)
[0.544s] -- Found rclcpp: 16.0.12 (/opt/ros/humble/share/rclcpp/cmake)
[0.600s] -- Found rosidl_generator_c: 3.1.6 (/opt/ros/humble/share/rosidl_generator_c/cmake)
[0.608s] -- Found rosidl_adapter: 3.1.6 (/opt/ros/humble/share/rosidl_adapter/cmake)
[0.619s] -- Found rosidl_generator_cpp: 3.1.6 (/opt/ros/humble/share/rosidl_generator_cpp/cmake)
[0.634s] -- Using all available rosidl_typesupport_c: rosidl_typesupport_fastrtps_c;rosidl_typesupport_introspection_c
[0.653s] -- Using all available rosidl_typesupport_cpp: rosidl_typesupport_fastrtps_cpp;rosidl_typesupport_introspection_cpp
[0.711s] -- Found rmw_implementation_cmake: 6.1.2 (/opt/ros/humble/share/rmw_implementation_cmake/cmake)
[0.717s] -- Found rmw_cyclonedds_cpp: 1.3.4 (/opt/ros/humble/share/rmw_cyclonedds_cpp/cmake)
[0.749s] -- Using RMW implementation 'rmw_cyclonedds_cpp' as default
[0.763s] -- Looking for pthread.h
[0.829s] -- Looking for pthread.h - found
[0.830s] -- Performing Test CMAKE_HAVE_LIBC_PTHREAD
[0.899s] -- Performing Test CMAKE_HAVE_LIBC_PTHREAD - Success
[0.899s] -- Found Threads: TRUE  
[0.949s] -- Found trajectory_msgs: 4.9.0 (/opt/ros/humble/share/trajectory_msgs/cmake)
[0.973s] -- Found ament_lint_auto: 0.12.12 (/opt/ros/humble/share/ament_lint_auto/cmake)
[1.082s] -- Added test 'flake8' to check Python code syntax and style conventions
[1.083s] -- Added test 'lint_cmake' to check CMake code style
[1.084s] -- Added test 'pep257' to check Python code against some of the docstring style conventions in PEP 257
[1.087s] -- Added test 'xmllint' to check XML markup files
[1.088s] -- Configuring done
[1.090s] -- Generating done
[1.092s] -- Build files have been written to: /home/ariel/ur5e_ws/build/ur_yt_sim
[1.098s] Invoked command in '/home/ariel/ur5e_ws/build/ur_yt_sim' returned '0': CMAKE_PREFIX_PATH=${CMAKE_PREFIX_PATH}:/home/ariel/ws_moveit2/install/moveit_configs_utils:/home/ariel/ws_moveit2/install/launch_param_builder:/home/ariel/ur5e_ws/install/controller_pkg_demo:/opt/ros/humble /usr/bin/cmake /home/ariel/ur5e_ws/src/ur_yt_sim -DCMAKE_INSTALL_PREFIX=/home/ariel/ur5e_ws/install/ur_yt_sim
[1.100s] Invoking command in '/home/ariel/ur5e_ws/build/ur_yt_sim': CMAKE_PREFIX_PATH=${CMAKE_PREFIX_PATH}:/home/ariel/ws_moveit2/install/moveit_configs_utils:/home/ariel/ws_moveit2/install/launch_param_builder:/home/ariel/ur5e_ws/install/controller_pkg_demo:/opt/ros/humble /usr/bin/cmake --build /home/ariel/ur5e_ws/build/ur_yt_sim -- -j22 -l22
[1.141s] Invoked command in '/home/ariel/ur5e_ws/build/ur_yt_sim' returned '0': CMAKE_PREFIX_PATH=${CMAKE_PREFIX_PATH}:/home/ariel/ws_moveit2/install/moveit_configs_utils:/home/ariel/ws_moveit2/install/launch_param_builder:/home/ariel/ur5e_ws/install/controller_pkg_demo:/opt/ros/humble /usr/bin/cmake --build /home/ariel/ur5e_ws/build/ur_yt_sim -- -j22 -l22
[1.149s] Invoking command in '/home/ariel/ur5e_ws/build/ur_yt_sim': CMAKE_PREFIX_PATH=${CMAKE_PREFIX_PATH}:/home/ariel/ws_moveit2/install/moveit_configs_utils:/home/ariel/ws_moveit2/install/launch_param_builder:/home/ariel/ur5e_ws/install/controller_pkg_demo:/opt/ros/humble /usr/bin/cmake --install /home/ariel/ur5e_ws/build/ur_yt_sim
[1.154s] -- Install configuration: ""
[1.154s] -- Installing: /home/ariel/ur5e_ws/install/ur_yt_sim/share/ur_yt_sim/launch
[1.154s] -- Installing: /home/ariel/ur5e_ws/install/ur_yt_sim/share/ur_yt_sim/launch/spawn_ur5_camera_moveit.launch.py
[1.154s] -- Installing: /home/ariel/ur5e_ws/install/ur_yt_sim/share/ur_yt_sim/launch/view_ur5_camera.launch.py
[1.154s] -- Installing: /home/ariel/ur5e_ws/install/ur_yt_sim/share/ur_yt_sim/launch/view_ur5_camera_gripper.launch.py
[1.155s] -- Installing: /home/ariel/ur5e_ws/install/ur_yt_sim/share/ur_yt_sim/launch/spawn_ur5_camera.launch.py
[1.155s] -- Installing: /home/ariel/ur5e_ws/install/ur_yt_sim/share/ur_yt_sim/launch/spawn_ur5_camera_gripper_moveit.launch.py
[1.155s] -- Installing: /home/ariel/ur5e_ws/install/ur_yt_sim/share/ur_yt_sim/launch/spawn_ur5_camera_gripper.launch.py
[1.155s] -- Installing: /home/ariel/ur5e_ws/install/ur_yt_sim/share/ur_yt_sim/urdf
[1.155s] -- Installing: /home/ariel/ur5e_ws/install/ur_yt_sim/share/ur_yt_sim/urdf/ur5_camera_gripper.urdf.xacro
[1.155s] -- Installing: /home/ariel/ur5e_ws/install/ur_yt_sim/share/ur_yt_sim/urdf/robotiq_gripper.ros2_control.xacro
[1.155s] -- Installing: /home/ariel/ur5e_ws/install/ur_yt_sim/share/ur_yt_sim/urdf/robotiq_gripper_macro.xacro
[1.155s] -- Installing: /home/ariel/ur5e_ws/install/ur_yt_sim/share/ur_yt_sim/urdf/ur5_camera.urdf.xacro
[1.155s] -- Installing: /home/ariel/ur5e_ws/install/ur_yt_sim/share/ur_yt_sim/urdf/camera.xacro
[1.155s] -- Installing: /home/ariel/ur5e_ws/install/ur_yt_sim/share/ur_yt_sim/urdf/ur5.ros2_control.xacro
[1.155s] -- Installing: /home/ariel/ur5e_ws/install/ur_yt_sim/share/ur_yt_sim/urdf/ur5_macro.xacro
[1.155s] -- Installing: /home/ariel/ur5e_ws/install/ur_yt_sim/share/ur_yt_sim/config
[1.155s] -- Installing: /home/ariel/ur5e_ws/install/ur_yt_sim/share/ur_yt_sim/config/ur5_controllers.yaml
[1.156s] [31mCMake Error at cmake_install.cmake:46 (file):
[1.156s]   file INSTALL cannot find "/home/ariel/ur5e_ws/src/ur_yt_sim/worlds": No
[1.156s]   such file or directory.
[1.156s] 
[1.156s] [0m
[1.156s] -- Installing: /home/ariel/ur5e_ws/install/ur_yt_sim/share/ur_yt_sim/config/initial_positions.yaml
[1.156s] -- Installing: /home/ariel/ur5e_ws/install/ur_yt_sim/share/ur_yt_sim/config/ur5_controllers_gripper.yaml
[1.156s] -- Installing: /home/ariel/ur5e_ws/install/ur_yt_sim/share/ur_yt_sim/meshes
[1.156s] -- Installing: /home/ariel/ur5e_ws/install/ur_yt_sim/share/ur_yt_sim/meshes/sensors
[1.156s] -- Installing: /home/ariel/ur5e_ws/install/ur_yt_sim/share/ur_yt_sim/meshes/sensors/camera
[1.156s] -- Installing: /home/ariel/ur5e_ws/install/ur_yt_sim/share/ur_yt_sim/meshes/sensors/camera/kinetic.dae
[1.156s] -- Installing: /home/ariel/ur5e_ws/install/ur_yt_sim/share/ur_yt_sim/meshes/sensors/camera/kinetic.stl
[1.156s] -- Installing: /home/ariel/ur5e_ws/install/ur_yt_sim/share/ur_yt_sim/meshes/sensors/camera/kinetic.png
[1.157s] Invoked command in '/home/ariel/ur5e_ws/build/ur_yt_sim' returned '1': CMAKE_PREFIX_PATH=${CMAKE_PREFIX_PATH}:/home/ariel/ws_moveit2/install/moveit_configs_utils:/home/ariel/ws_moveit2/install/launch_param_builder:/home/ariel/ur5e_ws/install/controller_pkg_demo:/opt/ros/humble /usr/bin/cmake --install /home/ariel/ur5e_ws/build/ur_yt_sim
