[0.014s] Invoking command in '/home/ariel/ur5e_ws/build/ur_calibration': CMAKE_PREFIX_PATH=/home/ariel/ur5e_ws/install/ur_robot_driver:/home/ariel/ur5e_ws/install/ur_controllers:/home/ariel/ur5e_ws/install/ur_description:/home/ariel/ur5e_ws/install/ur_dashboard_msgs:/home/ariel/ws_moveit2/install/srdfdom:/home/ariel/ws_moveit2/install/moveit_resources:/home/ariel/ws_moveit2/install/moveit_resources_pr2_description:/home/ariel/ws_moveit2/install/moveit_resources_panda_moveit_config:/home/ariel/ws_moveit2/install/moveit_resources_panda_description:/home/ariel/ws_moveit2/install/moveit_resources_fanuc_moveit_config:/home/ariel/ws_moveit2/install/moveit_resources_fanuc_description:/home/ariel/ur5e_ws/install/ur_simulation_gazebo:/home/ariel/ur5e_ws/install/ur:/home/ariel/ur5e_ws/install/ur_calibration:/home/ariel/ur5e_ws/install/ur_moveit_config:/home/ariel/ur5e_ws/install/ur_bringup:/home/ariel/ur5e_ws/install/ur5e_moveit_config:/home/ariel/ur5e_ws/install/ur5e_moveit_controller:/home/ariel/ur5e_ws/install/moveit_control_pkg:/home/ariel/ws_moveit2/install/launch_param_builder:/home/ariel/ur5e_ws/install/controller_pkg_demo:/opt/ros/humble LD_LIBRARY_PATH=/home/ariel/ur5e_ws/install/ur_robot_driver/lib:/home/ariel/ur5e_ws/install/ur_controllers/lib:/home/ariel/ur5e_ws/install/ur_dashboard_msgs/lib:/home/ariel/ws_moveit2/install/srdfdom/lib:/opt/ros/humble/opt/rviz_ogre_vendor/lib:/opt/ros/humble/lib/x86_64-linux-gnu:/opt/ros/humble/lib:/usr/local/cuda-12.2/lib64:/home/ariel/.mujoco/mujoco210/bin:/usr/lib/nvidia:/home/ariel/.mujoco/mujoco210/bin /usr/bin/cmake --build /home/ariel/ur5e_ws/build/ur_calibration -- -j22 -l22
[0.053s] [ 16%] Built target gmock_main
[0.053s] [ 41%] Built target gmock
[0.054s] [ 66%] Built target calibration
[0.078s] [ 83%] Built target calibration_test
[0.079s] [100%] Built target calibration_correction
[0.087s] Invoked command in '/home/ariel/ur5e_ws/build/ur_calibration' returned '0': CMAKE_PREFIX_PATH=/home/ariel/ur5e_ws/install/ur_robot_driver:/home/ariel/ur5e_ws/install/ur_controllers:/home/ariel/ur5e_ws/install/ur_description:/home/ariel/ur5e_ws/install/ur_dashboard_msgs:/home/ariel/ws_moveit2/install/srdfdom:/home/ariel/ws_moveit2/install/moveit_resources:/home/ariel/ws_moveit2/install/moveit_resources_pr2_description:/home/ariel/ws_moveit2/install/moveit_resources_panda_moveit_config:/home/ariel/ws_moveit2/install/moveit_resources_panda_description:/home/ariel/ws_moveit2/install/moveit_resources_fanuc_moveit_config:/home/ariel/ws_moveit2/install/moveit_resources_fanuc_description:/home/ariel/ur5e_ws/install/ur_simulation_gazebo:/home/ariel/ur5e_ws/install/ur:/home/ariel/ur5e_ws/install/ur_calibration:/home/ariel/ur5e_ws/install/ur_moveit_config:/home/ariel/ur5e_ws/install/ur_bringup:/home/ariel/ur5e_ws/install/ur5e_moveit_config:/home/ariel/ur5e_ws/install/ur5e_moveit_controller:/home/ariel/ur5e_ws/install/moveit_control_pkg:/home/ariel/ws_moveit2/install/launch_param_builder:/home/ariel/ur5e_ws/install/controller_pkg_demo:/opt/ros/humble LD_LIBRARY_PATH=/home/ariel/ur5e_ws/install/ur_robot_driver/lib:/home/ariel/ur5e_ws/install/ur_controllers/lib:/home/ariel/ur5e_ws/install/ur_dashboard_msgs/lib:/home/ariel/ws_moveit2/install/srdfdom/lib:/opt/ros/humble/opt/rviz_ogre_vendor/lib:/opt/ros/humble/lib/x86_64-linux-gnu:/opt/ros/humble/lib:/usr/local/cuda-12.2/lib64:/home/ariel/.mujoco/mujoco210/bin:/usr/lib/nvidia:/home/ariel/.mujoco/mujoco210/bin /usr/bin/cmake --build /home/ariel/ur5e_ws/build/ur_calibration -- -j22 -l22
[0.088s] Invoking command in '/home/ariel/ur5e_ws/build/ur_calibration': CMAKE_PREFIX_PATH=/home/ariel/ur5e_ws/install/ur_robot_driver:/home/ariel/ur5e_ws/install/ur_controllers:/home/ariel/ur5e_ws/install/ur_description:/home/ariel/ur5e_ws/install/ur_dashboard_msgs:/home/ariel/ws_moveit2/install/srdfdom:/home/ariel/ws_moveit2/install/moveit_resources:/home/ariel/ws_moveit2/install/moveit_resources_pr2_description:/home/ariel/ws_moveit2/install/moveit_resources_panda_moveit_config:/home/ariel/ws_moveit2/install/moveit_resources_panda_description:/home/ariel/ws_moveit2/install/moveit_resources_fanuc_moveit_config:/home/ariel/ws_moveit2/install/moveit_resources_fanuc_description:/home/ariel/ur5e_ws/install/ur_simulation_gazebo:/home/ariel/ur5e_ws/install/ur:/home/ariel/ur5e_ws/install/ur_calibration:/home/ariel/ur5e_ws/install/ur_moveit_config:/home/ariel/ur5e_ws/install/ur_bringup:/home/ariel/ur5e_ws/install/ur5e_moveit_config:/home/ariel/ur5e_ws/install/ur5e_moveit_controller:/home/ariel/ur5e_ws/install/moveit_control_pkg:/home/ariel/ws_moveit2/install/launch_param_builder:/home/ariel/ur5e_ws/install/controller_pkg_demo:/opt/ros/humble LD_LIBRARY_PATH=/home/ariel/ur5e_ws/install/ur_robot_driver/lib:/home/ariel/ur5e_ws/install/ur_controllers/lib:/home/ariel/ur5e_ws/install/ur_dashboard_msgs/lib:/home/ariel/ws_moveit2/install/srdfdom/lib:/opt/ros/humble/opt/rviz_ogre_vendor/lib:/opt/ros/humble/lib/x86_64-linux-gnu:/opt/ros/humble/lib:/usr/local/cuda-12.2/lib64:/home/ariel/.mujoco/mujoco210/bin:/usr/lib/nvidia:/home/ariel/.mujoco/mujoco210/bin /usr/bin/cmake --install /home/ariel/ur5e_ws/build/ur_calibration
[0.094s] -- Install configuration: "RelWithDebInfo"
[0.095s] -- Up-to-date: /home/ariel/ur5e_ws/install/ur_calibration/lib/ur_calibration/calibration_correction
[0.095s] -- Up-to-date: /home/ariel/ur5e_ws/install/ur_calibration/include
[0.095s] -- Up-to-date: /home/ariel/ur5e_ws/install/ur_calibration/include/ur_calibration
[0.095s] -- Up-to-date: /home/ariel/ur5e_ws/install/ur_calibration/include/ur_calibration/calibration_consumer.hpp
[0.095s] -- Up-to-date: /home/ariel/ur5e_ws/install/ur_calibration/include/ur_calibration/calibration.hpp
[0.095s] -- Up-to-date: /home/ariel/ur5e_ws/install/ur_calibration/share/ur_calibration/launch
[0.095s] -- Up-to-date: /home/ariel/ur5e_ws/install/ur_calibration/share/ur_calibration/launch/calibration_correction.launch.py
[0.095s] -- Up-to-date: /home/ariel/ur5e_ws/install/ur_calibration/share/ament_index/resource_index/package_run_dependencies/ur_calibration
[0.095s] -- Up-to-date: /home/ariel/ur5e_ws/install/ur_calibration/share/ament_index/resource_index/parent_prefix_path/ur_calibration
[0.095s] -- Up-to-date: /home/ariel/ur5e_ws/install/ur_calibration/share/ur_calibration/environment/ament_prefix_path.sh
[0.095s] -- Up-to-date: /home/ariel/ur5e_ws/install/ur_calibration/share/ur_calibration/environment/ament_prefix_path.dsv
[0.095s] -- Up-to-date: /home/ariel/ur5e_ws/install/ur_calibration/share/ur_calibration/environment/path.sh
[0.095s] -- Up-to-date: /home/ariel/ur5e_ws/install/ur_calibration/share/ur_calibration/environment/path.dsv
[0.095s] -- Up-to-date: /home/ariel/ur5e_ws/install/ur_calibration/share/ur_calibration/local_setup.bash
[0.096s] -- Up-to-date: /home/ariel/ur5e_ws/install/ur_calibration/share/ur_calibration/local_setup.sh
[0.096s] -- Up-to-date: /home/ariel/ur5e_ws/install/ur_calibration/share/ur_calibration/local_setup.zsh
[0.096s] -- Up-to-date: /home/ariel/ur5e_ws/install/ur_calibration/share/ur_calibration/local_setup.dsv
[0.096s] -- Installing: /home/ariel/ur5e_ws/install/ur_calibration/share/ur_calibration/package.dsv
[0.096s] -- Up-to-date: /home/ariel/ur5e_ws/install/ur_calibration/share/ament_index/resource_index/packages/ur_calibration
[0.096s] -- Up-to-date: /home/ariel/ur5e_ws/install/ur_calibration/share/ur_calibration/cmake/ament_cmake_export_include_directories-extras.cmake
[0.096s] -- Up-to-date: /home/ariel/ur5e_ws/install/ur_calibration/share/ur_calibration/cmake/ament_cmake_export_dependencies-extras.cmake
[0.096s] -- Up-to-date: /home/ariel/ur5e_ws/install/ur_calibration/share/ur_calibration/cmake/ur_calibrationConfig.cmake
[0.096s] -- Up-to-date: /home/ariel/ur5e_ws/install/ur_calibration/share/ur_calibration/cmake/ur_calibrationConfig-version.cmake
[0.096s] -- Up-to-date: /home/ariel/ur5e_ws/install/ur_calibration/share/ur_calibration/package.xml
[0.097s] Invoked command in '/home/ariel/ur5e_ws/build/ur_calibration' returned '0': CMAKE_PREFIX_PATH=/home/ariel/ur5e_ws/install/ur_robot_driver:/home/ariel/ur5e_ws/install/ur_controllers:/home/ariel/ur5e_ws/install/ur_description:/home/ariel/ur5e_ws/install/ur_dashboard_msgs:/home/ariel/ws_moveit2/install/srdfdom:/home/ariel/ws_moveit2/install/moveit_resources:/home/ariel/ws_moveit2/install/moveit_resources_pr2_description:/home/ariel/ws_moveit2/install/moveit_resources_panda_moveit_config:/home/ariel/ws_moveit2/install/moveit_resources_panda_description:/home/ariel/ws_moveit2/install/moveit_resources_fanuc_moveit_config:/home/ariel/ws_moveit2/install/moveit_resources_fanuc_description:/home/ariel/ur5e_ws/install/ur_simulation_gazebo:/home/ariel/ur5e_ws/install/ur:/home/ariel/ur5e_ws/install/ur_calibration:/home/ariel/ur5e_ws/install/ur_moveit_config:/home/ariel/ur5e_ws/install/ur_bringup:/home/ariel/ur5e_ws/install/ur5e_moveit_config:/home/ariel/ur5e_ws/install/ur5e_moveit_controller:/home/ariel/ur5e_ws/install/moveit_control_pkg:/home/ariel/ws_moveit2/install/launch_param_builder:/home/ariel/ur5e_ws/install/controller_pkg_demo:/opt/ros/humble LD_LIBRARY_PATH=/home/ariel/ur5e_ws/install/ur_robot_driver/lib:/home/ariel/ur5e_ws/install/ur_controllers/lib:/home/ariel/ur5e_ws/install/ur_dashboard_msgs/lib:/home/ariel/ws_moveit2/install/srdfdom/lib:/opt/ros/humble/opt/rviz_ogre_vendor/lib:/opt/ros/humble/lib/x86_64-linux-gnu:/opt/ros/humble/lib:/usr/local/cuda-12.2/lib64:/home/ariel/.mujoco/mujoco210/bin:/usr/lib/nvidia:/home/ariel/.mujoco/mujoco210/bin /usr/bin/cmake --install /home/ariel/ur5e_ws/build/ur_calibration
