[0.020s] Invoking command in '/home/ariel/ur5e_ws/build/robotiq_description': CMAKE_PREFIX_PATH=${CMAKE_PREFIX_PATH}:/home/ariel/ws_moveit2/install/moveit_configs_utils:/home/ariel/ws_moveit2/install/launch_param_builder:/home/ariel/ur5e_ws/install/controller_pkg_demo:/opt/ros/humble /usr/bin/cmake --build /home/ariel/ur5e_ws/build/robotiq_description -- -j22 -l22
[0.060s] Invoked command in '/home/ariel/ur5e_ws/build/robotiq_description' returned '0': CMAKE_PREFIX_PATH=${CMAKE_PREFIX_PATH}:/home/ariel/ws_moveit2/install/moveit_configs_utils:/home/ariel/ws_moveit2/install/launch_param_builder:/home/ariel/ur5e_ws/install/controller_pkg_demo:/opt/ros/humble /usr/bin/cmake --build /home/ariel/ur5e_ws/build/robotiq_description -- -j22 -l22
[0.061s] Invoking command in '/home/ariel/ur5e_ws/build/robotiq_description': CMAKE_PREFIX_PATH=${CMAKE_PREFIX_PATH}:/home/ariel/ws_moveit2/install/moveit_configs_utils:/home/ariel/ws_moveit2/install/launch_param_builder:/home/ariel/ur5e_ws/install/controller_pkg_demo:/opt/ros/humble /usr/bin/cmake --install /home/ariel/ur5e_ws/build/robotiq_description
[0.068s] -- Install configuration: ""
[0.068s] -- Up-to-date: /home/ariel/ur5e_ws/install/robotiq_description/share/robotiq_description/config
[0.068s] -- Up-to-date: /home/ariel/ur5e_ws/install/robotiq_description/share/robotiq_description/config/robotiq_controllers.yaml
[0.069s] -- Up-to-date: /home/ariel/ur5e_ws/install/robotiq_description/share/robotiq_description/launch
[0.069s] -- Up-to-date: /home/ariel/ur5e_ws/install/robotiq_description/share/robotiq_description/launch/robotiq_control.launch.py
[0.069s] -- Up-to-date: /home/ariel/ur5e_ws/install/robotiq_description/share/robotiq_description/launch/view_gripper.launch.py
[0.069s] -- Up-to-date: /home/ariel/ur5e_ws/install/robotiq_description/share/robotiq_description/meshes
[0.069s] -- Up-to-date: /home/ariel/ur5e_ws/install/robotiq_description/share/robotiq_description/meshes/visual
[0.069s] -- Up-to-date: /home/ariel/ur5e_ws/install/robotiq_description/share/robotiq_description/meshes/visual/2f_85
[0.069s] -- Up-to-date: /home/ariel/ur5e_ws/install/robotiq_description/share/robotiq_description/meshes/visual/2f_85/left_finger.dae
[0.069s] -- Up-to-date: /home/ariel/ur5e_ws/install/robotiq_description/share/robotiq_description/meshes/visual/2f_85/right_finger.dae
[0.069s] -- Up-to-date: /home/ariel/ur5e_ws/install/robotiq_description/share/robotiq_description/meshes/visual/2f_85/right_finger_tip.dae
[0.069s] -- Up-to-date: /home/ariel/ur5e_ws/install/robotiq_description/share/robotiq_description/meshes/visual/2f_85/ur_to_robotiq_adapter.dae
[0.069s] -- Up-to-date: /home/ariel/ur5e_ws/install/robotiq_description/share/robotiq_description/meshes/visual/2f_85/left_inner_knuckle.dae
[0.069s] -- Up-to-date: /home/ariel/ur5e_ws/install/robotiq_description/share/robotiq_description/meshes/visual/2f_85/robotiq_base.dae
[0.069s] -- Up-to-date: /home/ariel/ur5e_ws/install/robotiq_description/share/robotiq_description/meshes/visual/2f_85/right_inner_knuckle.dae
[0.069s] -- Up-to-date: /home/ariel/ur5e_ws/install/robotiq_description/share/robotiq_description/meshes/visual/2f_85/left_knuckle.dae
[0.069s] -- Up-to-date: /home/ariel/ur5e_ws/install/robotiq_description/share/robotiq_description/meshes/visual/2f_85/left_finger_tip.dae
[0.069s] -- Up-to-date: /home/ariel/ur5e_ws/install/robotiq_description/share/robotiq_description/meshes/visual/2f_85/right_knuckle.dae
[0.069s] -- Up-to-date: /home/ariel/ur5e_ws/install/robotiq_description/share/robotiq_description/meshes/visual/2f_140
[0.069s] -- Up-to-date: /home/ariel/ur5e_ws/install/robotiq_description/share/robotiq_description/meshes/visual/2f_140/robotiq_2f_140_base_link.stl
[0.069s] -- Up-to-date: /home/ariel/ur5e_ws/install/robotiq_description/share/robotiq_description/meshes/visual/2f_140/robotiq_2f_140_outer_finger.stl
[0.069s] -- Up-to-date: /home/ariel/ur5e_ws/install/robotiq_description/share/robotiq_description/meshes/visual/2f_140/robotiq_2f_140_inner_knuckle.stl
[0.069s] -- Up-to-date: /home/ariel/ur5e_ws/install/robotiq_description/share/robotiq_description/meshes/visual/2f_140/robotiq_2f_140_outer_knuckle.stl
[0.070s] -- Up-to-date: /home/ariel/ur5e_ws/install/robotiq_description/share/robotiq_description/meshes/visual/2f_140/robotiq_2f_140_inner_finger.stl
[0.070s] -- Up-to-date: /home/ariel/ur5e_ws/install/robotiq_description/share/robotiq_description/meshes/visual/2f_140/robotiq_2f_140_coupling.stl
[0.070s] -- Up-to-date: /home/ariel/ur5e_ws/install/robotiq_description/share/robotiq_description/meshes/collision
[0.070s] -- Up-to-date: /home/ariel/ur5e_ws/install/robotiq_description/share/robotiq_description/meshes/collision/2f_85
[0.070s] -- Up-to-date: /home/ariel/ur5e_ws/install/robotiq_description/share/robotiq_description/meshes/collision/2f_85/left_finger.stl
[0.070s] -- Up-to-date: /home/ariel/ur5e_ws/install/robotiq_description/share/robotiq_description/meshes/collision/2f_85/right_finger.stl
[0.070s] -- Up-to-date: /home/ariel/ur5e_ws/install/robotiq_description/share/robotiq_description/meshes/collision/2f_85/robotiq_base.stl
[0.070s] -- Up-to-date: /home/ariel/ur5e_ws/install/robotiq_description/share/robotiq_description/meshes/collision/2f_85/right_inner_knuckle.stl
[0.070s] -- Up-to-date: /home/ariel/ur5e_ws/install/robotiq_description/share/robotiq_description/meshes/collision/2f_85/left_inner_knuckle.stl
[0.070s] -- Up-to-date: /home/ariel/ur5e_ws/install/robotiq_description/share/robotiq_description/meshes/collision/2f_85/left_finger_tip.stl
[0.070s] -- Up-to-date: /home/ariel/ur5e_ws/install/robotiq_description/share/robotiq_description/meshes/collision/2f_85/right_knuckle.stl
[0.070s] -- Up-to-date: /home/ariel/ur5e_ws/install/robotiq_description/share/robotiq_description/meshes/collision/2f_85/ur_to_robotiq_adapter.stl
[0.070s] -- Up-to-date: /home/ariel/ur5e_ws/install/robotiq_description/share/robotiq_description/meshes/collision/2f_85/left_knuckle.stl
[0.070s] -- Up-to-date: /home/ariel/ur5e_ws/install/robotiq_description/share/robotiq_description/meshes/collision/2f_85/right_finger_tip.stl
[0.070s] -- Up-to-date: /home/ariel/ur5e_ws/install/robotiq_description/share/robotiq_description/meshes/collision/2f_140
[0.070s] -- Up-to-date: /home/ariel/ur5e_ws/install/robotiq_description/share/robotiq_description/meshes/collision/2f_140/robotiq_2f_140_base_link.stl
[0.070s] -- Up-to-date: /home/ariel/ur5e_ws/install/robotiq_description/share/robotiq_description/meshes/collision/2f_140/robotiq_2f_140_outer_finger.stl
[0.070s] -- Up-to-date: /home/ariel/ur5e_ws/install/robotiq_description/share/robotiq_description/meshes/collision/2f_140/robotiq_2f_140_inner_knuckle.stl
[0.071s] -- Up-to-date: /home/ariel/ur5e_ws/install/robotiq_description/share/robotiq_description/meshes/collision/2f_140/robotiq_2f_140_outer_knuckle.stl
[0.071s] -- Up-to-date: /home/ariel/ur5e_ws/install/robotiq_description/share/robotiq_description/meshes/collision/2f_140/robotiq_2f_140_inner_finger.stl
[0.071s] -- Up-to-date: /home/ariel/ur5e_ws/install/robotiq_description/share/robotiq_description/meshes/collision/2f_140/robotiq_2f_140_coupling.stl
[0.071s] -- Up-to-date: /home/ariel/ur5e_ws/install/robotiq_description/share/robotiq_description/rviz
[0.071s] -- Up-to-date: /home/ariel/ur5e_ws/install/robotiq_description/share/robotiq_description/rviz/view_urdf.rviz
[0.071s] -- Up-to-date: /home/ariel/ur5e_ws/install/robotiq_description/share/robotiq_description/urdf
[0.071s] -- Up-to-date: /home/ariel/ur5e_ws/install/robotiq_description/share/robotiq_description/urdf/robotiq_2f_85_gripper.urdf.xacro
[0.071s] -- Up-to-date: /home/ariel/ur5e_ws/install/robotiq_description/share/robotiq_description/urdf/robotiq_2f_85_macro.urdf.xacro
[0.071s] -- Up-to-date: /home/ariel/ur5e_ws/install/robotiq_description/share/robotiq_description/urdf/robotiq_2f_140.xacro
[0.071s] -- Up-to-date: /home/ariel/ur5e_ws/install/robotiq_description/share/robotiq_description/urdf/robotiq_2f_140_gripper.urdf.xacro
[0.071s] -- Up-to-date: /home/ariel/ur5e_ws/install/robotiq_description/share/robotiq_description/urdf/ur_to_robotiq_adapter.urdf.xacro
[0.071s] -- Up-to-date: /home/ariel/ur5e_ws/install/robotiq_description/share/robotiq_description/urdf/robotiq_2f_140_macro.urdf.xacro
[0.071s] -- Up-to-date: /home/ariel/ur5e_ws/install/robotiq_description/share/robotiq_description/urdf/2f_140.ros2_control.xacro
[0.071s] -- Up-to-date: /home/ariel/ur5e_ws/install/robotiq_description/share/robotiq_description/urdf/2f_85.ros2_control.xacro
[0.071s] -- Up-to-date: /home/ariel/ur5e_ws/install/robotiq_description/share/ament_index/resource_index/package_run_dependencies/robotiq_description
[0.071s] -- Up-to-date: /home/ariel/ur5e_ws/install/robotiq_description/share/ament_index/resource_index/parent_prefix_path/robotiq_description
[0.071s] -- Up-to-date: /home/ariel/ur5e_ws/install/robotiq_description/share/robotiq_description/environment/ament_prefix_path.sh
[0.071s] -- Up-to-date: /home/ariel/ur5e_ws/install/robotiq_description/share/robotiq_description/environment/ament_prefix_path.dsv
[0.071s] -- Up-to-date: /home/ariel/ur5e_ws/install/robotiq_description/share/robotiq_description/environment/path.sh
[0.071s] -- Up-to-date: /home/ariel/ur5e_ws/install/robotiq_description/share/robotiq_description/environment/path.dsv
[0.071s] -- Up-to-date: /home/ariel/ur5e_ws/install/robotiq_description/share/robotiq_description/local_setup.bash
[0.072s] -- Up-to-date: /home/ariel/ur5e_ws/install/robotiq_description/share/robotiq_description/local_setup.sh
[0.072s] -- Up-to-date: /home/ariel/ur5e_ws/install/robotiq_description/share/robotiq_description/local_setup.zsh
[0.072s] -- Up-to-date: /home/ariel/ur5e_ws/install/robotiq_description/share/robotiq_description/local_setup.dsv
[0.072s] -- Installing: /home/ariel/ur5e_ws/install/robotiq_description/share/robotiq_description/package.dsv
[0.072s] -- Up-to-date: /home/ariel/ur5e_ws/install/robotiq_description/share/ament_index/resource_index/packages/robotiq_description
[0.073s] -- Up-to-date: /home/ariel/ur5e_ws/install/robotiq_description/share/robotiq_description/cmake/robotiq_descriptionConfig.cmake
[0.073s] -- Up-to-date: /home/ariel/ur5e_ws/install/robotiq_description/share/robotiq_description/cmake/robotiq_descriptionConfig-version.cmake
[0.073s] -- Up-to-date: /home/ariel/ur5e_ws/install/robotiq_description/share/robotiq_description/package.xml
[0.104s] Invoked command in '/home/ariel/ur5e_ws/build/robotiq_description' returned '0': CMAKE_PREFIX_PATH=${CMAKE_PREFIX_PATH}:/home/ariel/ws_moveit2/install/moveit_configs_utils:/home/ariel/ws_moveit2/install/launch_param_builder:/home/ariel/ur5e_ws/install/controller_pkg_demo:/opt/ros/humble /usr/bin/cmake --install /home/ariel/ur5e_ws/build/robotiq_description
