[0.036s] Invoking command in '/home/ariel/ur5e_ws/src/build/cititruck_teleop': /usr/bin/cmake /home/ariel/ur5e_ws/src/navigation_oru-release/gazebo_oru/cititruck/cititruck_teleop -DCATKIN_INSTALL_INTO_PREFIX_ROOT=0 -DCMAKE_INSTALL_PREFIX=/home/ariel/ur5e_ws/src/install/cititruck_teleop
[0.318s] -- The C compiler identification is GNU 11.4.0
[0.318s] -- The CXX compiler identification is GNU 11.4.0
[0.318s] -- Detecting C compiler ABI info
[0.318s] -- Detecting C compiler ABI info - done
[0.318s] -- Check for working C compiler: /usr/bin/cc - skipped
[0.318s] -- Detecting C compile features
[0.318s] -- Detecting C compile features - done
[0.318s] -- Detecting CXX compiler ABI info
[0.318s] -- Detecting CXX compiler ABI info - done
[0.318s] -- Check for working CXX compiler: /usr/bin/c++ - skipped
[0.318s] -- Detecting CXX compile features
[0.318s] -- Detecting CXX compile features - done
[0.318s] -- Configuring incomplete, errors occurred!
[0.318s] See also "/home/ariel/ur5e_ws/src/build/cititruck_teleop/CMakeFiles/CMakeOutput.log".
[0.320s] [0mCMake Deprecation Warning at CMakeLists.txt:1 (cmake_minimum_required):
[0.320s]   Compatibility with CMake < 2.8.12 will be removed from a future version of
[0.320s]   CMake.
[0.320s] 
[0.320s]   Update the VERSION argument <min> value or use a ...<max> suffix to tell
[0.320s]   CMake that the project does not need compatibility with older versions.
[0.320s] 
[0.320s] [0m
[0.320s] [31mCMake Error at CMakeLists.txt:4 (find_package):
[0.320s]   By not providing "Findcatkin.cmake" in CMAKE_MODULE_PATH this project has
[0.320s]   asked CMake to find a package configuration file provided by "catkin", but
[0.320s]   CMake did not find one.
[0.320s] 
[0.320s]   Could not find a package configuration file provided by "catkin" with any
[0.320s]   of the following names:
[0.320s] 
[0.320s]     catkinConfig.cmake
[0.320s]     catkin-config.cmake
[0.320s] 
[0.320s]   Add the installation prefix of "catkin" to CMAKE_PREFIX_PATH or set
[0.320s]   "catkin_DIR" to a directory containing one of the above files.  If "catkin"
[0.320s]   provides a separate development package or SDK, be sure it has been
[0.320s]   installed.
[0.320s] 
[0.320s] [0m
[0.347s] Invoked command in '/home/ariel/ur5e_ws/src/build/cititruck_teleop' returned '1': /usr/bin/cmake /home/ariel/ur5e_ws/src/navigation_oru-release/gazebo_oru/cititruck/cititruck_teleop -DCATKIN_INSTALL_INTO_PREFIX_ROOT=0 -DCMAKE_INSTALL_PREFIX=/home/ariel/ur5e_ws/src/install/cititruck_teleop
