[0.032s] Invoking command in '/home/ariel/ur5e_ws/src/build/gazebo_worlds_oru': /usr/bin/cmake /home/ariel/ur5e_ws/src/navigation_oru-release/gazebo_oru/gazebo_worlds_oru -DCATKIN_INSTALL_INTO_PREFIX_ROOT=0 -DCMAKE_INSTALL_PREFIX=/home/ariel/ur5e_ws/src/install/gazebo_worlds_oru
[0.314s] -- The C compiler identification is GNU 11.4.0
[0.314s] -- The CXX compiler identification is GNU 11.4.0
[0.314s] -- Detecting C compiler ABI info
[0.314s] -- Detecting C compiler ABI info - done
[0.314s] -- Check for working C compiler: /usr/bin/cc - skipped
[0.314s] -- Detecting C compile features
[0.314s] -- Detecting C compile features - done
[0.314s] -- Detecting CXX compiler ABI info
[0.314s] -- Detecting CXX compiler ABI info - done
[0.314s] -- Check for working CXX compiler: /usr/bin/c++ - skipped
[0.314s] -- Detecting CXX compile features
[0.314s] -- Detecting CXX compile features - done
[0.314s] -- Configuring incomplete, errors occurred!
[0.314s] See also "/home/ariel/ur5e_ws/src/build/gazebo_worlds_oru/CMakeFiles/CMakeOutput.log".
[0.314s] [0mCMake Deprecation Warning at CMakeLists.txt:1 (cmake_minimum_required):
[0.315s]   Compatibility with CMake < 2.8.12 will be removed from a future version of
[0.315s]   CMake.
[0.315s] 
[0.315s]   Update the VERSION argument <min> value or use a ...<max> suffix to tell
[0.315s]   CMake that the project does not need compatibility with older versions.
[0.315s] 
[0.315s] [0m
[0.315s] [31mCMake Error at CMakeLists.txt:4 (find_package):
[0.315s]   By not providing "Findcatkin.cmake" in CMAKE_MODULE_PATH this project has
[0.315s]   asked CMake to find a package configuration file provided by "catkin", but
[0.315s]   CMake did not find one.
[0.315s] 
[0.315s]   Could not find a package configuration file provided by "catkin" with any
[0.315s]   of the following names:
[0.315s] 
[0.315s]     catkinConfig.cmake
[0.315s]     catkin-config.cmake
[0.315s] 
[0.315s]   Add the installation prefix of "catkin" to CMAKE_PREFIX_PATH or set
[0.315s]   "catkin_DIR" to a directory containing one of the above files.  If "catkin"
[0.315s]   provides a separate development package or SDK, be sure it has been
[0.315s]   installed.
[0.315s] 
[0.315s] [0m
[0.336s] Invoked command in '/home/ariel/ur5e_ws/src/build/gazebo_worlds_oru' returned '1': /usr/bin/cmake /home/ariel/ur5e_ws/src/navigation_oru-release/gazebo_oru/gazebo_worlds_oru -DCATKIN_INSTALL_INTO_PREFIX_ROOT=0 -DCMAKE_INSTALL_PREFIX=/home/ariel/ur5e_ws/src/install/gazebo_worlds_oru
