[0.010s] Invoking command in '/home/ariel/ur5e_ws/src/build/ur_robot_driver': AMENT_PREFIX_PATH=/home/ariel/ur5e_ws/src/install/ur_controllers:/home/ariel/ur5e_ws/src/install/ur_description:/home/ariel/ur5e_ws/src/install/ur_dashboard_msgs:${AMENT_PREFIX_PATH} CMAKE_PREFIX_PATH=/home/ariel/ur5e_ws/src/install/ur_controllers:/home/ariel/ur5e_ws/src/install/ur_description:/home/ariel/ur5e_ws/src/install/ur_dashboard_msgs:/home/ariel/ur5e_ws/install/ur_simulation_gazebo:/home/ariel/ur5e_ws/install/ur:/home/ariel/ur5e_ws/install/ur_calibration:/home/ariel/ur5e_ws/install/ur_robot_driver:/home/ariel/ur5e_ws/install/ur_moveit_config:/home/ariel/ur5e_ws/install/ur_bringup:/home/ariel/ur5e_ws/install/ur_description:/home/ariel/ur5e_ws/install/ur_controllers:/home/ariel/ur5e_ws/install/ur_dashboard_msgs:/opt/ros/humble LD_LIBRARY_PATH=/home/ariel/ur5e_ws/src/install/ur_controllers/lib:/home/ariel/ur5e_ws/src/install/ur_dashboard_msgs/lib:/home/ariel/ur5e_ws/install/ur_robot_driver/lib:/home/ariel/ur5e_ws/install/ur_controllers/lib:/home/ariel/ur5e_ws/install/ur_dashboard_msgs/lib:/opt/ros/humble/opt/rviz_ogre_vendor/lib:/opt/ros/humble/lib/x86_64-linux-gnu:/opt/ros/humble/lib:/usr/local/cuda-12.2/lib64:/home/ariel/.mujoco/mujoco210/bin:/usr/lib/nvidia:/home/ariel/.mujoco/mujoco210/bin PYTHONPATH=/home/ariel/ur5e_ws/src/install/ur_dashboard_msgs/local/lib/python3.10/dist-packages:${PYTHONPATH} /usr/bin/cmake /home/ariel/ur5e_ws/src/Universal_Robots_ROS2_Driver/ur_robot_driver -DCMAKE_INSTALL_PREFIX=/home/ariel/ur5e_ws/src/install/ur_robot_driver
[0.051s] -- The C compiler identification is GNU 11.4.0
[0.089s] -- The CXX compiler identification is GNU 11.4.0
[0.094s] -- Detecting C compiler ABI info
[0.144s] -- Detecting C compiler ABI info - done
[0.148s] -- Check for working C compiler: /usr/bin/cc - skipped
[0.148s] -- Detecting C compile features
[0.148s] -- Detecting C compile features - done
[0.150s] -- Detecting CXX compiler ABI info
[0.208s] -- Detecting CXX compiler ABI info - done
[0.212s] -- Check for working CXX compiler: /usr/bin/c++ - skipped
[0.213s] -- Detecting CXX compile features
[0.213s] -- Detecting CXX compile features - done
[0.213s] [0mur_robot_driver: You did not request a specific build type: selecting 'RelWithDebInfo'.[0m
[0.214s] -- Found ament_cmake: 1.3.11 (/opt/ros/humble/share/ament_cmake/cmake)
[0.325s] -- Found Python3: /usr/bin/python3 (found version "3.10.12") found components: Interpreter 
[0.390s] -- Found controller_manager: 2.50.0 (/opt/ros/humble/share/controller_manager/cmake)
[0.421s] -- Found rosidl_generator_c: 3.1.6 (/opt/ros/humble/share/rosidl_generator_c/cmake)
[0.424s] -- Found rosidl_adapter: 3.1.6 (/opt/ros/humble/share/rosidl_adapter/cmake)
[0.429s] -- Found rosidl_generator_cpp: 3.1.6 (/opt/ros/humble/share/rosidl_generator_cpp/cmake)
[0.436s] -- Using all available rosidl_typesupport_c: rosidl_typesupport_fastrtps_c;rosidl_typesupport_introspection_c
[0.446s] -- Using all available rosidl_typesupport_cpp: rosidl_typesupport_fastrtps_cpp;rosidl_typesupport_introspection_cpp
[0.561s] -- Found rmw_implementation_cmake: 6.1.2 (/opt/ros/humble/share/rmw_implementation_cmake/cmake)
[0.562s] -- Found rmw_fastrtps_cpp: 6.2.7 (/opt/ros/humble/share/rmw_fastrtps_cpp/cmake)
[0.578s] -- Found TinyXML2 via Config file: TinyXML2_DIR-NOTFOUND
[0.628s] -- Found OpenSSL: /usr/lib/x86_64-linux-gnu/libcrypto.so (found version "3.0.2")  
[0.630s] -- Found TinyXML2 via Config file: TinyXML2_DIR-NOTFOUND
[0.643s] -- Found FastRTPS: /opt/ros/humble/include  
[0.645s] -- Found TinyXML2 via Config file: TinyXML2_DIR-NOTFOUND
[0.652s] -- Found TinyXML2 via Config file: TinyXML2_DIR-NOTFOUND
[0.660s] -- Using RMW implementation 'rmw_fastrtps_cpp' as default
[0.666s] -- Looking for pthread.h
[0.736s] -- Looking for pthread.h - found
[0.736s] -- Performing Test CMAKE_HAVE_LIBC_PTHREAD
[0.808s] -- Performing Test CMAKE_HAVE_LIBC_PTHREAD - Success
[0.809s] -- Found Threads: TRUE  
[0.862s] -- Found rclpy: 3.3.16 (/opt/ros/humble/share/rclpy/cmake)
[0.863s] -- Found std_srvs: 4.8.0 (/opt/ros/humble/share/std_srvs/cmake)
[0.868s] -- Found tf2_geometry_msgs: 0.25.12 (/opt/ros/humble/share/tf2_geometry_msgs/cmake)
[0.876s] -- Found eigen3_cmake_module: 0.1.1 (/opt/ros/humble/share/eigen3_cmake_module/cmake)
[0.877s] -- Found Eigen3: TRUE (found version "3.4.0") 
[0.877s] -- Ensuring Eigen3 include directory is part of orocos-kdl CMake target
[0.910s] -- Found ur_dashboard_msgs: 2.8.1 (/home/ariel/ur5e_ws/src/install/ur_dashboard_msgs/share/ur_dashboard_msgs/cmake)
[0.920s] -- Found ur_msgs: 2.2.0 (/opt/ros/humble/share/ur_msgs/cmake)
[1.150s] -- Found ur_controllers: 2.8.1 (/home/ariel/ur5e_ws/src/install/ur_controllers/share/ur_controllers/cmake)
[1.209s] -- Found ur_description: 2.6.0 (/home/ariel/ur5e_ws/src/install/ur_description/share/ur_description/cmake)
[1.210s] -- Found launch_testing_ament_cmake: 1.0.8 (/opt/ros/humble/share/launch_testing_ament_cmake/cmake)
[1.212s] -- Found python_cmake_module: 0.10.0 (/opt/ros/humble/share/python_cmake_module/cmake)
[1.229s] -- Found PythonInterp: /usr/bin/python3 (found suitable version "3.10.12", minimum required is "3.6") 
[1.231s] -- Found PythonLibs: /usr/lib/x86_64-linux-gnu/libpython3.10.so (found suitable version "3.10.12", minimum required is "3.5") 
[1.232s] -- Using PYTHON_EXECUTABLE: /usr/bin/python3
[1.232s] -- Using PYTHON_INCLUDE_DIRS: /usr/include/python3.10
[1.232s] -- Using PYTHON_LIBRARIES: /usr/lib/x86_64-linux-gnu/libpython3.10.so
[1.247s] -- Found PythonExtra: .so  
[1.247s] -- Configuring done
[1.309s] -- Generating done
[1.321s] -- Build files have been written to: /home/ariel/ur5e_ws/src/build/ur_robot_driver
[1.331s] Invoked command in '/home/ariel/ur5e_ws/src/build/ur_robot_driver' returned '0': AMENT_PREFIX_PATH=/home/ariel/ur5e_ws/src/install/ur_controllers:/home/ariel/ur5e_ws/src/install/ur_description:/home/ariel/ur5e_ws/src/install/ur_dashboard_msgs:${AMENT_PREFIX_PATH} CMAKE_PREFIX_PATH=/home/ariel/ur5e_ws/src/install/ur_controllers:/home/ariel/ur5e_ws/src/install/ur_description:/home/ariel/ur5e_ws/src/install/ur_dashboard_msgs:/home/ariel/ur5e_ws/install/ur_simulation_gazebo:/home/ariel/ur5e_ws/install/ur:/home/ariel/ur5e_ws/install/ur_calibration:/home/ariel/ur5e_ws/install/ur_robot_driver:/home/ariel/ur5e_ws/install/ur_moveit_config:/home/ariel/ur5e_ws/install/ur_bringup:/home/ariel/ur5e_ws/install/ur_description:/home/ariel/ur5e_ws/install/ur_controllers:/home/ariel/ur5e_ws/install/ur_dashboard_msgs:/opt/ros/humble LD_LIBRARY_PATH=/home/ariel/ur5e_ws/src/install/ur_controllers/lib:/home/ariel/ur5e_ws/src/install/ur_dashboard_msgs/lib:/home/ariel/ur5e_ws/install/ur_robot_driver/lib:/home/ariel/ur5e_ws/install/ur_controllers/lib:/home/ariel/ur5e_ws/install/ur_dashboard_msgs/lib:/opt/ros/humble/opt/rviz_ogre_vendor/lib:/opt/ros/humble/lib/x86_64-linux-gnu:/opt/ros/humble/lib:/usr/local/cuda-12.2/lib64:/home/ariel/.mujoco/mujoco210/bin:/usr/lib/nvidia:/home/ariel/.mujoco/mujoco210/bin PYTHONPATH=/home/ariel/ur5e_ws/src/install/ur_dashboard_msgs/local/lib/python3.10/dist-packages:${PYTHONPATH} /usr/bin/cmake /home/ariel/ur5e_ws/src/Universal_Robots_ROS2_Driver/ur_robot_driver -DCMAKE_INSTALL_PREFIX=/home/ariel/ur5e_ws/src/install/ur_robot_driver
[1.331s] Invoking command in '/home/ariel/ur5e_ws/src/build/ur_robot_driver': AMENT_PREFIX_PATH=/home/ariel/ur5e_ws/src/install/ur_controllers:/home/ariel/ur5e_ws/src/install/ur_description:/home/ariel/ur5e_ws/src/install/ur_dashboard_msgs:${AMENT_PREFIX_PATH} CMAKE_PREFIX_PATH=/home/ariel/ur5e_ws/src/install/ur_controllers:/home/ariel/ur5e_ws/src/install/ur_description:/home/ariel/ur5e_ws/src/install/ur_dashboard_msgs:/home/ariel/ur5e_ws/install/ur_simulation_gazebo:/home/ariel/ur5e_ws/install/ur:/home/ariel/ur5e_ws/install/ur_calibration:/home/ariel/ur5e_ws/install/ur_robot_driver:/home/ariel/ur5e_ws/install/ur_moveit_config:/home/ariel/ur5e_ws/install/ur_bringup:/home/ariel/ur5e_ws/install/ur_description:/home/ariel/ur5e_ws/install/ur_controllers:/home/ariel/ur5e_ws/install/ur_dashboard_msgs:/opt/ros/humble LD_LIBRARY_PATH=/home/ariel/ur5e_ws/src/install/ur_controllers/lib:/home/ariel/ur5e_ws/src/install/ur_dashboard_msgs/lib:/home/ariel/ur5e_ws/install/ur_robot_driver/lib:/home/ariel/ur5e_ws/install/ur_controllers/lib:/home/ariel/ur5e_ws/install/ur_dashboard_msgs/lib:/opt/ros/humble/opt/rviz_ogre_vendor/lib:/opt/ros/humble/lib/x86_64-linux-gnu:/opt/ros/humble/lib:/usr/local/cuda-12.2/lib64:/home/ariel/.mujoco/mujoco210/bin:/usr/lib/nvidia:/home/ariel/.mujoco/mujoco210/bin PYTHONPATH=/home/ariel/ur5e_ws/src/install/ur_dashboard_msgs/local/lib/python3.10/dist-packages:${PYTHONPATH} /usr/bin/cmake --build /home/ariel/ur5e_ws/src/build/ur_robot_driver -- -j22 -l22
[1.372s] [  5%] [32mBuilding CXX object CMakeFiles/robot_state_helper.dir/src/robot_state_helper_node.cpp.o[0m
[1.372s] [ 10%] [32mBuilding CXX object CMakeFiles/robot_state_helper.dir/src/urcl_log_handler.cpp.o[0m
[1.372s] [ 15%] [32mBuilding CXX object CMakeFiles/ur_robot_driver_plugin.dir/src/urcl_log_handler.cpp.o[0m
[1.372s] [ 20%] [32mBuilding CXX object CMakeFiles/ur_robot_driver_plugin.dir/src/dashboard_client_ros.cpp.o[0m
[1.373s] [ 25%] [32mBuilding CXX object CMakeFiles/urscript_interface.dir/src/urscript_interface.cpp.o[0m
[1.373s] [ 30%] [32mBuilding CXX object CMakeFiles/robot_state_helper.dir/src/robot_state_helper.cpp.o[0m
[1.375s] [ 35%] [32mBuilding CXX object CMakeFiles/ur_robot_driver_plugin.dir/src/hardware_interface.cpp.o[0m
[1.375s] [ 40%] [32mBuilding CXX object CMakeFiles/controller_stopper_node.dir/src/controller_stopper.cpp.o[0m
[1.375s] [ 45%] [32mBuilding CXX object CMakeFiles/ur_robot_driver_plugin.dir/src/robot_state_helper.cpp.o[0m
[1.376s] [ 50%] [32mBuilding CXX object CMakeFiles/dashboard_client.dir/src/dashboard_client_node.cpp.o[0m
[1.376s] [ 55%] [32mBuilding CXX object CMakeFiles/ur_ros2_control_node.dir/src/ur_ros2_control_node.cpp.o[0m
[1.377s] [ 60%] [32mBuilding CXX object CMakeFiles/controller_stopper_node.dir/src/controller_stopper_node.cpp.o[0m
[1.377s] [ 65%] [32mBuilding CXX object CMakeFiles/dashboard_client.dir/src/dashboard_client_ros.cpp.o[0m
[1.377s] [ 65%] Built target ament_cmake_python_copy_ur_robot_driver
[1.378s] [ 70%] [32mBuilding CXX object CMakeFiles/dashboard_client.dir/src/urcl_log_handler.cpp.o[0m
[1.591s] running egg_info
[1.591s] creating ur_robot_driver.egg-info
[1.591s] writing ur_robot_driver.egg-info/PKG-INFO
[1.592s] writing dependency_links to ur_robot_driver.egg-info/dependency_links.txt
[1.592s] writing top-level names to ur_robot_driver.egg-info/top_level.txt
[1.592s] writing manifest file 'ur_robot_driver.egg-info/SOURCES.txt'
[1.593s] reading manifest file 'ur_robot_driver.egg-info/SOURCES.txt'
[1.594s] writing manifest file 'ur_robot_driver.egg-info/SOURCES.txt'
[1.617s] [ 70%] Built target ament_cmake_python_build_ur_robot_driver_egg
[5.704s] [ 75%] [32m[1mLinking CXX executable ur_ros2_control_node[0m
[5.819s] [ 75%] Built target ur_ros2_control_node
[12.965s] [ 80%] [32m[1mLinking CXX executable urscript_interface[0m
[13.299s] [ 80%] Built target urscript_interface
[13.742s] [ 85%] [32m[1mLinking CXX executable controller_stopper_node[0m
[14.003s] [ 85%] Built target controller_stopper_node
[16.927s] [ 90%] [32m[1mLinking CXX executable dashboard_client[0m
[17.165s] [ 90%] Built target dashboard_client
[20.289s] [ 95%] [32m[1mLinking CXX shared library libur_robot_driver_plugin.so[0m
[20.794s] [ 95%] Built target ur_robot_driver_plugin
[22.191s] [100%] [32m[1mLinking CXX executable robot_state_helper[0m
[22.550s] [100%] Built target robot_state_helper
[22.560s] Invoked command in '/home/ariel/ur5e_ws/src/build/ur_robot_driver' returned '0': AMENT_PREFIX_PATH=/home/ariel/ur5e_ws/src/install/ur_controllers:/home/ariel/ur5e_ws/src/install/ur_description:/home/ariel/ur5e_ws/src/install/ur_dashboard_msgs:${AMENT_PREFIX_PATH} CMAKE_PREFIX_PATH=/home/ariel/ur5e_ws/src/install/ur_controllers:/home/ariel/ur5e_ws/src/install/ur_description:/home/ariel/ur5e_ws/src/install/ur_dashboard_msgs:/home/ariel/ur5e_ws/install/ur_simulation_gazebo:/home/ariel/ur5e_ws/install/ur:/home/ariel/ur5e_ws/install/ur_calibration:/home/ariel/ur5e_ws/install/ur_robot_driver:/home/ariel/ur5e_ws/install/ur_moveit_config:/home/ariel/ur5e_ws/install/ur_bringup:/home/ariel/ur5e_ws/install/ur_description:/home/ariel/ur5e_ws/install/ur_controllers:/home/ariel/ur5e_ws/install/ur_dashboard_msgs:/opt/ros/humble LD_LIBRARY_PATH=/home/ariel/ur5e_ws/src/install/ur_controllers/lib:/home/ariel/ur5e_ws/src/install/ur_dashboard_msgs/lib:/home/ariel/ur5e_ws/install/ur_robot_driver/lib:/home/ariel/ur5e_ws/install/ur_controllers/lib:/home/ariel/ur5e_ws/install/ur_dashboard_msgs/lib:/opt/ros/humble/opt/rviz_ogre_vendor/lib:/opt/ros/humble/lib/x86_64-linux-gnu:/opt/ros/humble/lib:/usr/local/cuda-12.2/lib64:/home/ariel/.mujoco/mujoco210/bin:/usr/lib/nvidia:/home/ariel/.mujoco/mujoco210/bin PYTHONPATH=/home/ariel/ur5e_ws/src/install/ur_dashboard_msgs/local/lib/python3.10/dist-packages:${PYTHONPATH} /usr/bin/cmake --build /home/ariel/ur5e_ws/src/build/ur_robot_driver -- -j22 -l22
[22.561s] Invoking command in '/home/ariel/ur5e_ws/src/build/ur_robot_driver': AMENT_PREFIX_PATH=/home/ariel/ur5e_ws/src/install/ur_controllers:/home/ariel/ur5e_ws/src/install/ur_description:/home/ariel/ur5e_ws/src/install/ur_dashboard_msgs:${AMENT_PREFIX_PATH} CMAKE_PREFIX_PATH=/home/ariel/ur5e_ws/src/install/ur_controllers:/home/ariel/ur5e_ws/src/install/ur_description:/home/ariel/ur5e_ws/src/install/ur_dashboard_msgs:/home/ariel/ur5e_ws/install/ur_simulation_gazebo:/home/ariel/ur5e_ws/install/ur:/home/ariel/ur5e_ws/install/ur_calibration:/home/ariel/ur5e_ws/install/ur_robot_driver:/home/ariel/ur5e_ws/install/ur_moveit_config:/home/ariel/ur5e_ws/install/ur_bringup:/home/ariel/ur5e_ws/install/ur_description:/home/ariel/ur5e_ws/install/ur_controllers:/home/ariel/ur5e_ws/install/ur_dashboard_msgs:/opt/ros/humble LD_LIBRARY_PATH=/home/ariel/ur5e_ws/src/install/ur_controllers/lib:/home/ariel/ur5e_ws/src/install/ur_dashboard_msgs/lib:/home/ariel/ur5e_ws/install/ur_robot_driver/lib:/home/ariel/ur5e_ws/install/ur_controllers/lib:/home/ariel/ur5e_ws/install/ur_dashboard_msgs/lib:/opt/ros/humble/opt/rviz_ogre_vendor/lib:/opt/ros/humble/lib/x86_64-linux-gnu:/opt/ros/humble/lib:/usr/local/cuda-12.2/lib64:/home/ariel/.mujoco/mujoco210/bin:/usr/lib/nvidia:/home/ariel/.mujoco/mujoco210/bin PYTHONPATH=/home/ariel/ur5e_ws/src/install/ur_dashboard_msgs/local/lib/python3.10/dist-packages:${PYTHONPATH} /usr/bin/cmake --install /home/ariel/ur5e_ws/src/build/ur_robot_driver
[22.566s] -- Install configuration: "RelWithDebInfo"
[22.566s] -- Installing: /home/ariel/ur5e_ws/src/install/ur_robot_driver/share/ur_robot_driver/hardware_interface_plugin.xml
[22.566s] -- Installing: /home/ariel/ur5e_ws/src/install/ur_robot_driver/lib/ur_robot_driver/dashboard_client
[22.573s] -- Set runtime path of "/home/ariel/ur5e_ws/src/install/ur_robot_driver/lib/ur_robot_driver/dashboard_client" to ""
[22.573s] -- Installing: /home/ariel/ur5e_ws/src/install/ur_robot_driver/lib/ur_robot_driver/ur_ros2_control_node
[22.574s] -- Set runtime path of "/home/ariel/ur5e_ws/src/install/ur_robot_driver/lib/ur_robot_driver/ur_ros2_control_node" to ""
[22.574s] -- Installing: /home/ariel/ur5e_ws/src/install/ur_robot_driver/lib/ur_robot_driver/controller_stopper_node
[22.581s] -- Set runtime path of "/home/ariel/ur5e_ws/src/install/ur_robot_driver/lib/ur_robot_driver/controller_stopper_node" to ""
[22.581s] -- Installing: /home/ariel/ur5e_ws/src/install/ur_robot_driver/lib/ur_robot_driver/urscript_interface
[22.586s] -- Set runtime path of "/home/ariel/ur5e_ws/src/install/ur_robot_driver/lib/ur_robot_driver/urscript_interface" to ""
[22.586s] -- Installing: /home/ariel/ur5e_ws/src/install/ur_robot_driver/lib/ur_robot_driver/robot_state_helper
[22.598s] -- Set runtime path of "/home/ariel/ur5e_ws/src/install/ur_robot_driver/lib/ur_robot_driver/robot_state_helper" to ""
[22.598s] -- Installing: /home/ariel/ur5e_ws/src/install/ur_robot_driver/lib/libur_robot_driver_plugin.so
[22.626s] -- Set runtime path of "/home/ariel/ur5e_ws/src/install/ur_robot_driver/lib/libur_robot_driver_plugin.so" to ""
[22.626s] -- Installing: /home/ariel/ur5e_ws/src/install/ur_robot_driver/include
[22.626s] -- Installing: /home/ariel/ur5e_ws/src/install/ur_robot_driver/include/ur_robot_driver
[22.626s] -- Installing: /home/ariel/ur5e_ws/src/install/ur_robot_driver/include/ur_robot_driver/hardware_interface.hpp
[22.626s] -- Installing: /home/ariel/ur5e_ws/src/install/ur_robot_driver/include/ur_robot_driver/controller_stopper.hpp
[22.626s] -- Installing: /home/ariel/ur5e_ws/src/install/ur_robot_driver/include/ur_robot_driver/urcl_log_handler.hpp
[22.626s] -- Installing: /home/ariel/ur5e_ws/src/install/ur_robot_driver/include/ur_robot_driver/robot_state_helper.hpp
[22.626s] -- Installing: /home/ariel/ur5e_ws/src/install/ur_robot_driver/include/ur_robot_driver/dashboard_client_ros.hpp
[22.626s] -- Installing: /home/ariel/ur5e_ws/src/install/ur_robot_driver/share/ur_robot_driver/environment/library_path.sh
[22.626s] -- Installing: /home/ariel/ur5e_ws/src/install/ur_robot_driver/share/ur_robot_driver/environment/library_path.dsv
[22.626s] -- Installing: /home/ariel/ur5e_ws/src/install/ur_robot_driver/share/ur_robot_driver/resources
[22.626s] -- Installing: /home/ariel/ur5e_ws/src/install/ur_robot_driver/share/ur_robot_driver/resources/externalcontrol-1.0.5.urcap
[22.626s] -- Installing: /home/ariel/ur5e_ws/src/install/ur_robot_driver/share/ur_robot_driver/resources/rtde_input_recipe.txt
[22.627s] -- Installing: /home/ariel/ur5e_ws/src/install/ur_robot_driver/share/ur_robot_driver/resources/rtde_output_recipe.txt
[22.627s] -- Installing: /home/ariel/ur5e_ws/src/install/ur_robot_driver/share/ur_robot_driver/resources/rs485-1.0.urcap
[22.627s] -- Installing: /home/ariel/ur5e_ws/src/install/ur_robot_driver/share/ur_robot_driver/resources/ros_control.urscript
[22.627s] -- Up-to-date: /home/ariel/ur5e_ws/src/install/ur_robot_driver/include
[22.627s] -- Up-to-date: /home/ariel/ur5e_ws/src/install/ur_robot_driver/include/ur_robot_driver
[22.627s] -- Up-to-date: /home/ariel/ur5e_ws/src/install/ur_robot_driver/include/ur_robot_driver/hardware_interface.hpp
[22.627s] -- Up-to-date: /home/ariel/ur5e_ws/src/install/ur_robot_driver/include/ur_robot_driver/controller_stopper.hpp
[22.627s] -- Up-to-date: /home/ariel/ur5e_ws/src/install/ur_robot_driver/include/ur_robot_driver/urcl_log_handler.hpp
[22.627s] -- Up-to-date: /home/ariel/ur5e_ws/src/install/ur_robot_driver/include/ur_robot_driver/robot_state_helper.hpp
[22.627s] -- Up-to-date: /home/ariel/ur5e_ws/src/install/ur_robot_driver/include/ur_robot_driver/dashboard_client_ros.hpp
[22.627s] -- Installing: /home/ariel/ur5e_ws/src/install/ur_robot_driver/share/ur_robot_driver/environment/pythonpath.sh
[22.627s] -- Installing: /home/ariel/ur5e_ws/src/install/ur_robot_driver/share/ur_robot_driver/environment/pythonpath.dsv
[22.627s] -- Installing: /home/ariel/ur5e_ws/src/install/ur_robot_driver/local/lib/python3.10/dist-packages/ur_robot_driver-2.8.1-py3.10.egg-info
[22.627s] -- Installing: /home/ariel/ur5e_ws/src/install/ur_robot_driver/local/lib/python3.10/dist-packages/ur_robot_driver-2.8.1-py3.10.egg-info/SOURCES.txt
[22.627s] -- Installing: /home/ariel/ur5e_ws/src/install/ur_robot_driver/local/lib/python3.10/dist-packages/ur_robot_driver-2.8.1-py3.10.egg-info/dependency_links.txt
[22.627s] -- Installing: /home/ariel/ur5e_ws/src/install/ur_robot_driver/local/lib/python3.10/dist-packages/ur_robot_driver-2.8.1-py3.10.egg-info/PKG-INFO
[22.627s] -- Installing: /home/ariel/ur5e_ws/src/install/ur_robot_driver/local/lib/python3.10/dist-packages/ur_robot_driver-2.8.1-py3.10.egg-info/top_level.txt
[22.627s] -- Installing: /home/ariel/ur5e_ws/src/install/ur_robot_driver/local/lib/python3.10/dist-packages/ur_robot_driver
[22.627s] -- Installing: /home/ariel/ur5e_ws/src/install/ur_robot_driver/local/lib/python3.10/dist-packages/ur_robot_driver/__init__.py
[22.648s] Listing '/home/ariel/ur5e_ws/src/install/ur_robot_driver/local/lib/python3.10/dist-packages/ur_robot_driver'...
[22.648s] Compiling '/home/ariel/ur5e_ws/src/install/ur_robot_driver/local/lib/python3.10/dist-packages/ur_robot_driver/__init__.py'...
[22.650s] -- Installing: /home/ariel/ur5e_ws/src/install/ur_robot_driver/lib/ur_robot_driver/tool_communication.py
[22.650s] -- Installing: /home/ariel/ur5e_ws/src/install/ur_robot_driver/lib/ur_robot_driver/example_move.py
[22.650s] -- Installing: /home/ariel/ur5e_ws/src/install/ur_robot_driver/lib/ur_robot_driver/start_ursim.sh
[22.650s] -- Installing: /home/ariel/ur5e_ws/src/install/ur_robot_driver/lib/ur_robot_driver/examples.py
[22.650s] -- Installing: /home/ariel/ur5e_ws/src/install/ur_robot_driver/lib/ur_robot_driver/force_mode.py
[22.650s] -- Installing: /home/ariel/ur5e_ws/src/install/ur_robot_driver/bin/wait_dashboard_server.sh
[22.650s] -- Up-to-date: /home/ariel/ur5e_ws/src/install/ur_robot_driver/lib/ur_robot_driver/start_ursim.sh
[22.651s] -- Installing: /home/ariel/ur5e_ws/src/install/ur_robot_driver/share/ur_robot_driver/config
[22.651s] -- Installing: /home/ariel/ur5e_ws/src/install/ur_robot_driver/share/ur_robot_driver/config/ur3e_update_rate.yaml
[22.651s] -- Installing: /home/ariel/ur5e_ws/src/install/ur_robot_driver/share/ur_robot_driver/config/test_velocity_goal_publishers_config.yaml
[22.651s] -- Installing: /home/ariel/ur5e_ws/src/install/ur_robot_driver/share/ur_robot_driver/config/ur5_update_rate.yaml
[22.651s] -- Installing: /home/ariel/ur5e_ws/src/install/ur_robot_driver/share/ur_robot_driver/config/ur30_update_rate.yaml
[22.651s] -- Installing: /home/ariel/ur5e_ws/src/install/ur_robot_driver/share/ur_robot_driver/config/ur20_update_rate.yaml
[22.651s] -- Installing: /home/ariel/ur5e_ws/src/install/ur_robot_driver/share/ur_robot_driver/config/ur_controllers.yaml
[22.651s] -- Installing: /home/ariel/ur5e_ws/src/install/ur_robot_driver/share/ur_robot_driver/config/ur10e_update_rate.yaml
[22.651s] -- Installing: /home/ariel/ur5e_ws/src/install/ur_robot_driver/share/ur_robot_driver/config/test_goal_publishers_config.yaml
[22.651s] -- Installing: /home/ariel/ur5e_ws/src/install/ur_robot_driver/share/ur_robot_driver/config/ur16e_update_rate.yaml
[22.651s] -- Installing: /home/ariel/ur5e_ws/src/install/ur_robot_driver/share/ur_robot_driver/config/ur3_update_rate.yaml
[22.651s] -- Installing: /home/ariel/ur5e_ws/src/install/ur_robot_driver/share/ur_robot_driver/config/ur5e_update_rate.yaml
[22.651s] -- Installing: /home/ariel/ur5e_ws/src/install/ur_robot_driver/share/ur_robot_driver/config/ur10_update_rate.yaml
[22.651s] -- Installing: /home/ariel/ur5e_ws/src/install/ur_robot_driver/share/ur_robot_driver/config/ur15_update_rate.yaml
[22.651s] -- Installing: /home/ariel/ur5e_ws/src/install/ur_robot_driver/share/ur_robot_driver/launch
[22.651s] -- Installing: /home/ariel/ur5e_ws/src/install/ur_robot_driver/share/ur_robot_driver/launch/ur30.launch.py
[22.651s] -- Installing: /home/ariel/ur5e_ws/src/install/ur_robot_driver/share/ur_robot_driver/launch/test_joint_trajectory_controller.launch.py
[22.651s] -- Installing: /home/ariel/ur5e_ws/src/install/ur_robot_driver/share/ur_robot_driver/launch/ur20.launch.py
[22.651s] -- Installing: /home/ariel/ur5e_ws/src/install/ur_robot_driver/share/ur_robot_driver/launch/ur16e.launch.py
[22.652s] -- Installing: /home/ariel/ur5e_ws/src/install/ur_robot_driver/share/ur_robot_driver/launch/ur5e.launch.py
[22.652s] -- Installing: /home/ariel/ur5e_ws/src/install/ur_robot_driver/share/ur_robot_driver/launch/ur10e.launch.py
[22.652s] -- Installing: /home/ariel/ur5e_ws/src/install/ur_robot_driver/share/ur_robot_driver/launch/ur7e.launch.py
[22.652s] -- Installing: /home/ariel/ur5e_ws/src/install/ur_robot_driver/share/ur_robot_driver/launch/ur5.launch.py
[22.652s] -- Installing: /home/ariel/ur5e_ws/src/install/ur_robot_driver/share/ur_robot_driver/launch/ur_control.launch.py
[22.652s] -- Installing: /home/ariel/ur5e_ws/src/install/ur_robot_driver/share/ur_robot_driver/launch/test_scaled_joint_trajectory_controller.launch.py
[22.652s] -- Installing: /home/ariel/ur5e_ws/src/install/ur_robot_driver/share/ur_robot_driver/launch/test_forward_velocity_controller.launch.py
[22.652s] -- Installing: /home/ariel/ur5e_ws/src/install/ur_robot_driver/share/ur_robot_driver/launch/ur10.launch.py
[22.652s] -- Installing: /home/ariel/ur5e_ws/src/install/ur_robot_driver/share/ur_robot_driver/launch/ur3.launch.py
[22.652s] -- Installing: /home/ariel/ur5e_ws/src/install/ur_robot_driver/share/ur_robot_driver/launch/ur12e.launch.py
[22.652s] -- Installing: /home/ariel/ur5e_ws/src/install/ur_robot_driver/share/ur_robot_driver/launch/ur_dashboard_client.launch.py
[22.652s] -- Installing: /home/ariel/ur5e_ws/src/install/ur_robot_driver/share/ur_robot_driver/launch/ur3e.launch.py
[22.652s] -- Installing: /home/ariel/ur5e_ws/src/install/ur_robot_driver/share/ur_robot_driver/launch/ur15.launch.py
[22.652s] -- Installing: /home/ariel/ur5e_ws/src/install/ur_robot_driver/share/ament_index/resource_index/package_run_dependencies/ur_robot_driver
[22.652s] -- Installing: /home/ariel/ur5e_ws/src/install/ur_robot_driver/share/ament_index/resource_index/parent_prefix_path/ur_robot_driver
[22.652s] -- Installing: /home/ariel/ur5e_ws/src/install/ur_robot_driver/share/ur_robot_driver/environment/ament_prefix_path.sh
[22.652s] -- Installing: /home/ariel/ur5e_ws/src/install/ur_robot_driver/share/ur_robot_driver/environment/ament_prefix_path.dsv
[22.652s] -- Installing: /home/ariel/ur5e_ws/src/install/ur_robot_driver/share/ur_robot_driver/environment/path.sh
[22.652s] -- Installing: /home/ariel/ur5e_ws/src/install/ur_robot_driver/share/ur_robot_driver/environment/path.dsv
[22.652s] -- Installing: /home/ariel/ur5e_ws/src/install/ur_robot_driver/share/ur_robot_driver/local_setup.bash
[22.653s] -- Installing: /home/ariel/ur5e_ws/src/install/ur_robot_driver/share/ur_robot_driver/local_setup.sh
[22.653s] -- Installing: /home/ariel/ur5e_ws/src/install/ur_robot_driver/share/ur_robot_driver/local_setup.zsh
[22.653s] -- Installing: /home/ariel/ur5e_ws/src/install/ur_robot_driver/share/ur_robot_driver/local_setup.dsv
[22.653s] -- Installing: /home/ariel/ur5e_ws/src/install/ur_robot_driver/share/ur_robot_driver/package.dsv
[22.653s] -- Installing: /home/ariel/ur5e_ws/src/install/ur_robot_driver/share/ament_index/resource_index/packages/ur_robot_driver
[22.653s] -- Installing: /home/ariel/ur5e_ws/src/install/ur_robot_driver/share/ament_index/resource_index/hardware_interface__pluginlib__plugin/ur_robot_driver
[22.653s] -- Installing: /home/ariel/ur5e_ws/src/install/ur_robot_driver/share/ur_robot_driver/cmake/ament_cmake_export_include_directories-extras.cmake
[22.653s] -- Installing: /home/ariel/ur5e_ws/src/install/ur_robot_driver/share/ur_robot_driver/cmake/ament_cmake_export_libraries-extras.cmake
[22.653s] -- Installing: /home/ariel/ur5e_ws/src/install/ur_robot_driver/share/ur_robot_driver/cmake/ament_cmake_export_dependencies-extras.cmake
[22.653s] -- Installing: /home/ariel/ur5e_ws/src/install/ur_robot_driver/share/ur_robot_driver/cmake/ur_robot_driverConfig.cmake
[22.653s] -- Installing: /home/ariel/ur5e_ws/src/install/ur_robot_driver/share/ur_robot_driver/cmake/ur_robot_driverConfig-version.cmake
[22.653s] -- Installing: /home/ariel/ur5e_ws/src/install/ur_robot_driver/share/ur_robot_driver/package.xml
[22.654s] Invoked command in '/home/ariel/ur5e_ws/src/build/ur_robot_driver' returned '0': AMENT_PREFIX_PATH=/home/ariel/ur5e_ws/src/install/ur_controllers:/home/ariel/ur5e_ws/src/install/ur_description:/home/ariel/ur5e_ws/src/install/ur_dashboard_msgs:${AMENT_PREFIX_PATH} CMAKE_PREFIX_PATH=/home/ariel/ur5e_ws/src/install/ur_controllers:/home/ariel/ur5e_ws/src/install/ur_description:/home/ariel/ur5e_ws/src/install/ur_dashboard_msgs:/home/ariel/ur5e_ws/install/ur_simulation_gazebo:/home/ariel/ur5e_ws/install/ur:/home/ariel/ur5e_ws/install/ur_calibration:/home/ariel/ur5e_ws/install/ur_robot_driver:/home/ariel/ur5e_ws/install/ur_moveit_config:/home/ariel/ur5e_ws/install/ur_bringup:/home/ariel/ur5e_ws/install/ur_description:/home/ariel/ur5e_ws/install/ur_controllers:/home/ariel/ur5e_ws/install/ur_dashboard_msgs:/opt/ros/humble LD_LIBRARY_PATH=/home/ariel/ur5e_ws/src/install/ur_controllers/lib:/home/ariel/ur5e_ws/src/install/ur_dashboard_msgs/lib:/home/ariel/ur5e_ws/install/ur_robot_driver/lib:/home/ariel/ur5e_ws/install/ur_controllers/lib:/home/ariel/ur5e_ws/install/ur_dashboard_msgs/lib:/opt/ros/humble/opt/rviz_ogre_vendor/lib:/opt/ros/humble/lib/x86_64-linux-gnu:/opt/ros/humble/lib:/usr/local/cuda-12.2/lib64:/home/ariel/.mujoco/mujoco210/bin:/usr/lib/nvidia:/home/ariel/.mujoco/mujoco210/bin PYTHONPATH=/home/ariel/ur5e_ws/src/install/ur_dashboard_msgs/local/lib/python3.10/dist-packages:${PYTHONPATH} /usr/bin/cmake --install /home/ariel/ur5e_ws/src/build/ur_robot_driver
