running egg_info
creating ../../build/controller_pkg_demo/controller_pkg_demo.egg-info
writing ../../build/controller_pkg_demo/controller_pkg_demo.egg-info/PKG-INFO
writing dependency_links to ../../build/controller_pkg_demo/controller_pkg_demo.egg-info/dependency_links.txt
writing entry points to ../../build/controller_pkg_demo/controller_pkg_demo.egg-info/entry_points.txt
writing requirements to ../../build/controller_pkg_demo/controller_pkg_demo.egg-info/requires.txt
writing top-level names to ../../build/controller_pkg_demo/controller_pkg_demo.egg-info/top_level.txt
writing manifest file '../../build/controller_pkg_demo/controller_pkg_demo.egg-info/SOURCES.txt'
reading manifest file '../../build/controller_pkg_demo/controller_pkg_demo.egg-info/SOURCES.txt'
adding license file 'LICENSE'
writing manifest file '../../build/controller_pkg_demo/controller_pkg_demo.egg-info/SOURCES.txt'
running build
running build_py
creating /home/ariel/ur5e_ws/build/controller_pkg_demo/build
creating /home/ariel/ur5e_ws/build/controller_pkg_demo/build/lib
creating /home/ariel/ur5e_ws/build/controller_pkg_demo/build/lib/controller_pkg_demo
copying controller_pkg_demo/__init__.py -> /home/ariel/ur5e_ws/build/controller_pkg_demo/build/lib/controller_pkg_demo
copying controller_pkg_demo/joint_command_publisher.py -> /home/ariel/ur5e_ws/build/controller_pkg_demo/build/lib/controller_pkg_demo
copying controller_pkg_demo/move_to_pose.py -> /home/ariel/ur5e_ws/build/controller_pkg_demo/build/lib/controller_pkg_demo
copying controller_pkg_demo/test_moveit_cartesian.py -> /home/ariel/ur5e_ws/build/controller_pkg_demo/build/lib/controller_pkg_demo
running install
running install_lib
creating /home/ariel/ur5e_ws/install/controller_pkg_demo/lib/python3.10/site-packages/controller_pkg_demo
copying /home/ariel/ur5e_ws/build/controller_pkg_demo/build/lib/controller_pkg_demo/__init__.py -> /home/ariel/ur5e_ws/install/controller_pkg_demo/lib/python3.10/site-packages/controller_pkg_demo
copying /home/ariel/ur5e_ws/build/controller_pkg_demo/build/lib/controller_pkg_demo/joint_command_publisher.py -> /home/ariel/ur5e_ws/install/controller_pkg_demo/lib/python3.10/site-packages/controller_pkg_demo
copying /home/ariel/ur5e_ws/build/controller_pkg_demo/build/lib/controller_pkg_demo/move_to_pose.py -> /home/ariel/ur5e_ws/install/controller_pkg_demo/lib/python3.10/site-packages/controller_pkg_demo
copying /home/ariel/ur5e_ws/build/controller_pkg_demo/build/lib/controller_pkg_demo/test_moveit_cartesian.py -> /home/ariel/ur5e_ws/install/controller_pkg_demo/lib/python3.10/site-packages/controller_pkg_demo
byte-compiling /home/ariel/ur5e_ws/install/controller_pkg_demo/lib/python3.10/site-packages/controller_pkg_demo/__init__.py to __init__.cpython-310.pyc
byte-compiling /home/ariel/ur5e_ws/install/controller_pkg_demo/lib/python3.10/site-packages/controller_pkg_demo/joint_command_publisher.py to joint_command_publisher.cpython-310.pyc
byte-compiling /home/ariel/ur5e_ws/install/controller_pkg_demo/lib/python3.10/site-packages/controller_pkg_demo/move_to_pose.py to move_to_pose.cpython-310.pyc
byte-compiling /home/ariel/ur5e_ws/install/controller_pkg_demo/lib/python3.10/site-packages/controller_pkg_demo/test_moveit_cartesian.py to test_moveit_cartesian.cpython-310.pyc
running install_data
copying package.xml -> /home/ariel/ur5e_ws/install/controller_pkg_demo/share/controller_pkg_demo
running install_egg_info
Copying ../../build/controller_pkg_demo/controller_pkg_demo.egg-info to /home/ariel/ur5e_ws/install/controller_pkg_demo/lib/python3.10/site-packages/controller_pkg_demo-0.0.0-py3.10.egg-info
running install_scripts
Installing joint_command_publisher script to /home/ariel/ur5e_ws/install/controller_pkg_demo/lib/controller_pkg_demo
Installing move_to_pose script to /home/ariel/ur5e_ws/install/controller_pkg_demo/lib/controller_pkg_demo
Installing test_moveit_cartesian script to /home/ariel/ur5e_ws/install/controller_pkg_demo/lib/controller_pkg_demo
writing list of installed files to '/home/ariel/ur5e_ws/build/controller_pkg_demo/install.log'
