[0.014s] Invoking command in '/home/ariel/ur5e_ws/build/moveit_control_pkg': CMAKE_PREFIX_PATH=${CMAKE_PREFIX_PATH}:/home/ariel/ws_moveit2/install/moveit_configs_utils:/home/ariel/ws_moveit2/install/launch_param_builder:/home/ariel/ur5e_ws/install/controller_pkg_demo:/opt/ros/humble /usr/bin/cmake --build /home/ariel/ur5e_ws/build/moveit_control_pkg -- -j22 -l22
[0.066s] [35m[1mConsolidate compiler generated dependencies of target moveit_cpp_ur5e_node[0m
[0.086s] [ 50%] [32mBuilding CXX object CMakeFiles/moveit_cpp_ur5e_node.dir/src/moveit_cpp_ur5e_node.cpp.o[0m
[5.585s] [100%] [32m[1mLinking CXX executable moveit_cpp_ur5e_node[0m
[5.770s] /usr/bin/ld: warning: libsrdfdom.so.2.0.7, needed by /opt/ros/humble/lib/libmoveit_robot_model.so.2.5.9, may conflict with libsrdfdom.so.2.0.8
[5.861s] [100%] Built target moveit_cpp_ur5e_node
[5.872s] Invoked command in '/home/ariel/ur5e_ws/build/moveit_control_pkg' returned '0': CMAKE_PREFIX_PATH=${CMAKE_PREFIX_PATH}:/home/ariel/ws_moveit2/install/moveit_configs_utils:/home/ariel/ws_moveit2/install/launch_param_builder:/home/ariel/ur5e_ws/install/controller_pkg_demo:/opt/ros/humble /usr/bin/cmake --build /home/ariel/ur5e_ws/build/moveit_control_pkg -- -j22 -l22
[5.884s] Invoking command in '/home/ariel/ur5e_ws/build/moveit_control_pkg': CMAKE_PREFIX_PATH=${CMAKE_PREFIX_PATH}:/home/ariel/ws_moveit2/install/moveit_configs_utils:/home/ariel/ws_moveit2/install/launch_param_builder:/home/ariel/ur5e_ws/install/controller_pkg_demo:/opt/ros/humble /usr/bin/cmake --install /home/ariel/ur5e_ws/build/moveit_control_pkg
[5.890s] -- Install configuration: ""
[5.891s] -- Execute custom install script
[5.891s] -- Up-to-date symlink: /home/ariel/ur5e_ws/install/moveit_control_pkg/lib/moveit_control_pkg/moveit_cpp_ur5e_node
[5.891s] -- Up-to-date symlink: /home/ariel/ur5e_ws/install/moveit_control_pkg/share/ament_index/resource_index/package_run_dependencies/moveit_control_pkg
[5.891s] -- Up-to-date symlink: /home/ariel/ur5e_ws/install/moveit_control_pkg/share/ament_index/resource_index/parent_prefix_path/moveit_control_pkg
[5.891s] -- Up-to-date symlink: /home/ariel/ur5e_ws/install/moveit_control_pkg/share/moveit_control_pkg/environment/ament_prefix_path.sh
[5.891s] -- Up-to-date symlink: /home/ariel/ur5e_ws/install/moveit_control_pkg/share/moveit_control_pkg/environment/ament_prefix_path.dsv
[5.892s] -- Up-to-date symlink: /home/ariel/ur5e_ws/install/moveit_control_pkg/share/moveit_control_pkg/environment/path.sh
[5.892s] -- Up-to-date symlink: /home/ariel/ur5e_ws/install/moveit_control_pkg/share/moveit_control_pkg/environment/path.dsv
[5.892s] -- Up-to-date symlink: /home/ariel/ur5e_ws/install/moveit_control_pkg/share/moveit_control_pkg/local_setup.bash
[5.892s] -- Up-to-date symlink: /home/ariel/ur5e_ws/install/moveit_control_pkg/share/moveit_control_pkg/local_setup.sh
[5.892s] -- Up-to-date symlink: /home/ariel/ur5e_ws/install/moveit_control_pkg/share/moveit_control_pkg/local_setup.zsh
[5.892s] -- Up-to-date symlink: /home/ariel/ur5e_ws/install/moveit_control_pkg/share/moveit_control_pkg/local_setup.dsv
[5.892s] -- Symlinking: /home/ariel/ur5e_ws/install/moveit_control_pkg/share/moveit_control_pkg/package.dsv
[5.901s] -- Up-to-date symlink: /home/ariel/ur5e_ws/install/moveit_control_pkg/share/ament_index/resource_index/packages/moveit_control_pkg
[5.901s] -- Up-to-date symlink: /home/ariel/ur5e_ws/install/moveit_control_pkg/share/moveit_control_pkg/cmake/moveit_control_pkgConfig.cmake
[5.901s] -- Up-to-date symlink: /home/ariel/ur5e_ws/install/moveit_control_pkg/share/moveit_control_pkg/cmake/moveit_control_pkgConfig-version.cmake
[5.901s] -- Up-to-date symlink: /home/ariel/ur5e_ws/install/moveit_control_pkg/share/moveit_control_pkg/package.xml
[5.903s] Invoked command in '/home/ariel/ur5e_ws/build/moveit_control_pkg' returned '0': CMAKE_PREFIX_PATH=${CMAKE_PREFIX_PATH}:/home/ariel/ws_moveit2/install/moveit_configs_utils:/home/ariel/ws_moveit2/install/launch_param_builder:/home/ariel/ur5e_ws/install/controller_pkg_demo:/opt/ros/humble /usr/bin/cmake --install /home/ariel/ur5e_ws/build/moveit_control_pkg
