[0.023s] Invoking command in '/home/ariel/ur5e_ws/build/moveit_control_pkg': CMAKE_PREFIX_PATH=${CMAKE_PREFIX_PATH}:/home/ariel/ws_moveit2/install/moveit_configs_utils:/home/ariel/ws_moveit2/install/launch_param_builder:/home/ariel/ur5e_ws/install/controller_pkg_demo:/opt/ros/humble /usr/bin/cmake --build /home/ariel/ur5e_ws/build/moveit_control_pkg -- -j22 -l22
[0.062s] [35m[1mConsolidate compiler generated dependencies of target cartesian_control[0m
[0.092s] [ 25%] [32mBuilding CXX object CMakeFiles/cartesian_control.dir/src/cartesian_control.cpp.o[0m
[0.092s] [ 75%] Built target moveit_cpp_ur_node
[4.210s] [01m[K/home/ariel/ur5e_ws/src/moveit_control_pkg/src/cartesian_control.cpp:[m[K In lambda function:
[4.210s] [01m[K/home/ariel/ur5e_ws/src/moveit_control_pkg/src/cartesian_control.cpp:122:49:[m[K [01;31m[Kerror: [m[Kno matching function for call to ‘[01m[Kmoveit_visual_tools::MoveItVisualTools::publishWireframeCuboid(Eigen::Vector3d&, Eigen::Vector3d&, rviz_visual_tools::Colors)[m[K’
[4.210s]   122 |       [01;31m[Kmoveit_visual_tools.publishWireframeCuboid(box_point_1, box_point_2, rviz_visual_tools::LIME_GREEN)[m[K;
[4.210s]       |       [01;31m[K~~~~~~~~~~~~~~~~~~~~~~~~~~~~~~~~~~~~~~~~~~^~~~~~~~~~~~~~~~~~~~~~~~~~~~~~~~~~~~~~~~~~~~~~~~~~~~~~~~~[m[K
[4.211s] In file included from [01m[K/home/ariel/ws_moveit2/install/moveit_visual_tools/include/moveit_visual_tools/moveit_visual_tools.h:38[m[K,
[4.211s]                  from [01m[K/home/ariel/ur5e_ws/src/moveit_control_pkg/src/cartesian_control.cpp:5[m[K:
[4.211s] [01m[K/opt/ros/humble/include/rviz_visual_tools/rviz_visual_tools.hpp:858:8:[m[K [01;36m[Knote: [m[Kcandidate: ‘[01m[Kbool rviz_visual_tools::RvizVisualTools::publishWireframeCuboid(const Isometry3d&, double, double, double, rviz_visual_tools::Colors, const string&, std::size_t)[m[K’
[4.211s]   858 |   bool [01;36m[KpublishWireframeCuboid[m[K(const Eigen::Isometry3d& pose, double depth, double width,
[4.211s]       |        [01;36m[K^~~~~~~~~~~~~~~~~~~~~~[m[K
[4.211s] [01m[K/opt/ros/humble/include/rviz_visual_tools/rviz_visual_tools.hpp:858:8:[m[K [01;36m[Knote: [m[K  candidate expects 7 arguments, 3 provided
[4.211s] [01m[K/opt/ros/humble/include/rviz_visual_tools/rviz_visual_tools.hpp:873:8:[m[K [01;36m[Knote: [m[Kcandidate: ‘[01m[Kbool rviz_visual_tools::RvizVisualTools::publishWireframeCuboid(const Isometry3d&, const Vector3d&, const Vector3d&, rviz_visual_tools::Colors, const string&, std::size_t)[m[K’
[4.211s]   873 |   bool [01;36m[KpublishWireframeCuboid[m[K(const Eigen::Isometry3d& pose, const Eigen::Vector3d& min_point,
[4.211s]       |        [01;36m[K^~~~~~~~~~~~~~~~~~~~~~[m[K
[4.211s] [01m[K/opt/ros/humble/include/rviz_visual_tools/rviz_visual_tools.hpp:873:56:[m[K [01;36m[Knote: [m[K  no known conversion for argument 1 from ‘[01m[KEigen::Vector3d[m[K’ {aka ‘[01m[KEigen::Matrix<double, 3, 1>[m[K’} to ‘[01m[Kconst Isometry3d&[m[K’ {aka ‘[01m[Kconst Eigen::Transform<double, 3, 1>&[m[K’}
[4.211s]   873 |   bool publishWireframeCuboid([01;36m[Kconst Eigen::Isometry3d& pose[m[K, const Eigen::Vector3d& min_point,
[4.211s]       |                               [01;36m[K~~~~~~~~~~~~~~~~~~~~~~~~~^~~~[m[K
[5.858s] gmake[2]: *** [CMakeFiles/cartesian_control.dir/build.make:76: CMakeFiles/cartesian_control.dir/src/cartesian_control.cpp.o] Error 1
[5.859s] gmake[1]: *** [CMakeFiles/Makefile2:165: CMakeFiles/cartesian_control.dir/all] Error 2
[5.859s] gmake: *** [Makefile:146: all] Error 2
[5.862s] Invoked command in '/home/ariel/ur5e_ws/build/moveit_control_pkg' returned '2': CMAKE_PREFIX_PATH=${CMAKE_PREFIX_PATH}:/home/ariel/ws_moveit2/install/moveit_configs_utils:/home/ariel/ws_moveit2/install/launch_param_builder:/home/ariel/ur5e_ws/install/controller_pkg_demo:/opt/ros/humble /usr/bin/cmake --build /home/ariel/ur5e_ws/build/moveit_control_pkg -- -j22 -l22
