[0.006s] Invoking command in '/home/ariel/ur5e_ws/src/build/ur_moveit_config': CMAKE_PREFIX_PATH=/home/ariel/ur5e_ws/src/install/ur_description:/home/ariel/ur5e_ws/src/install/ur_simulation_gazebo:/home/ariel/ur5e_ws/src/install/ur:/home/ariel/ur5e_ws/src/install/ur_calibration:/home/ariel/ur5e_ws/src/install/ur_robot_driver:/home/ariel/ur5e_ws/src/install/ur_moveit_config:/home/ariel/ur5e_ws/src/install/ur_bringup:/home/ariel/ur5e_ws/src/install/ur_controllers:/home/ariel/ur5e_ws/src/install/ur_dashboard_msgs:/home/ariel/ur5e_ws/install/ur_simulation_gazebo:/home/ariel/ur5e_ws/install/ur:/home/ariel/ur5e_ws/install/ur_calibration:/home/ariel/ur5e_ws/install/ur_robot_driver:/home/ariel/ur5e_ws/install/ur_moveit_config:/home/ariel/ur5e_ws/install/ur_bringup:/home/ariel/ur5e_ws/install/ur_description:/home/ariel/ur5e_ws/install/ur_controllers:/home/ariel/ur5e_ws/install/ur_dashboard_msgs:/opt/ros/humble /usr/bin/cmake --build /home/ariel/ur5e_ws/src/build/ur_moveit_config -- -j22 -l22
[0.044s] Built target ament_cmake_python_copy_ur_moveit_config
[0.220s] running egg_info
[0.220s] writing ur_moveit_config.egg-info/PKG-INFO
[0.220s] writing dependency_links to ur_moveit_config.egg-info/dependency_links.txt
[0.220s] writing top-level names to ur_moveit_config.egg-info/top_level.txt
[0.222s] reading manifest file 'ur_moveit_config.egg-info/SOURCES.txt'
[0.223s] writing manifest file 'ur_moveit_config.egg-info/SOURCES.txt'
[0.243s] Built target ament_cmake_python_build_ur_moveit_config_egg
[0.251s] Invoked command in '/home/ariel/ur5e_ws/src/build/ur_moveit_config' returned '0': CMAKE_PREFIX_PATH=/home/ariel/ur5e_ws/src/install/ur_description:/home/ariel/ur5e_ws/src/install/ur_simulation_gazebo:/home/ariel/ur5e_ws/src/install/ur:/home/ariel/ur5e_ws/src/install/ur_calibration:/home/ariel/ur5e_ws/src/install/ur_robot_driver:/home/ariel/ur5e_ws/src/install/ur_moveit_config:/home/ariel/ur5e_ws/src/install/ur_bringup:/home/ariel/ur5e_ws/src/install/ur_controllers:/home/ariel/ur5e_ws/src/install/ur_dashboard_msgs:/home/ariel/ur5e_ws/install/ur_simulation_gazebo:/home/ariel/ur5e_ws/install/ur:/home/ariel/ur5e_ws/install/ur_calibration:/home/ariel/ur5e_ws/install/ur_robot_driver:/home/ariel/ur5e_ws/install/ur_moveit_config:/home/ariel/ur5e_ws/install/ur_bringup:/home/ariel/ur5e_ws/install/ur_description:/home/ariel/ur5e_ws/install/ur_controllers:/home/ariel/ur5e_ws/install/ur_dashboard_msgs:/opt/ros/humble /usr/bin/cmake --build /home/ariel/ur5e_ws/src/build/ur_moveit_config -- -j22 -l22
[0.252s] Invoking command in '/home/ariel/ur5e_ws/src/build/ur_moveit_config': CMAKE_PREFIX_PATH=/home/ariel/ur5e_ws/src/install/ur_description:/home/ariel/ur5e_ws/src/install/ur_simulation_gazebo:/home/ariel/ur5e_ws/src/install/ur:/home/ariel/ur5e_ws/src/install/ur_calibration:/home/ariel/ur5e_ws/src/install/ur_robot_driver:/home/ariel/ur5e_ws/src/install/ur_moveit_config:/home/ariel/ur5e_ws/src/install/ur_bringup:/home/ariel/ur5e_ws/src/install/ur_controllers:/home/ariel/ur5e_ws/src/install/ur_dashboard_msgs:/home/ariel/ur5e_ws/install/ur_simulation_gazebo:/home/ariel/ur5e_ws/install/ur:/home/ariel/ur5e_ws/install/ur_calibration:/home/ariel/ur5e_ws/install/ur_robot_driver:/home/ariel/ur5e_ws/install/ur_moveit_config:/home/ariel/ur5e_ws/install/ur_bringup:/home/ariel/ur5e_ws/install/ur_description:/home/ariel/ur5e_ws/install/ur_controllers:/home/ariel/ur5e_ws/install/ur_dashboard_msgs:/opt/ros/humble /usr/bin/cmake --install /home/ariel/ur5e_ws/src/build/ur_moveit_config
[0.256s] -- Install configuration: ""
[0.256s] -- Up-to-date: /home/ariel/ur5e_ws/src/install/ur_moveit_config/share/ur_moveit_config/config
[0.256s] -- Up-to-date: /home/ariel/ur5e_ws/src/install/ur_moveit_config/share/ur_moveit_config/config/controllers.yaml
[0.256s] -- Up-to-date: /home/ariel/ur5e_ws/src/install/ur_moveit_config/share/ur_moveit_config/config/ompl_planning.yaml
[0.256s] -- Up-to-date: /home/ariel/ur5e_ws/src/install/ur_moveit_config/share/ur_moveit_config/config/ur_servo.yaml
[0.256s] -- Up-to-date: /home/ariel/ur5e_ws/src/install/ur_moveit_config/share/ur_moveit_config/config/joint_limits.yaml
[0.256s] -- Up-to-date: /home/ariel/ur5e_ws/src/install/ur_moveit_config/share/ur_moveit_config/config/kinematics.yaml
[0.256s] -- Up-to-date: /home/ariel/ur5e_ws/src/install/ur_moveit_config/share/ur_moveit_config/launch
[0.256s] -- Up-to-date: /home/ariel/ur5e_ws/src/install/ur_moveit_config/share/ur_moveit_config/launch/ur_moveit.launch.py
[0.256s] -- Up-to-date: /home/ariel/ur5e_ws/src/install/ur_moveit_config/share/ur_moveit_config/rviz
[0.256s] -- Up-to-date: /home/ariel/ur5e_ws/src/install/ur_moveit_config/share/ur_moveit_config/rviz/view_robot.rviz
[0.256s] -- Up-to-date: /home/ariel/ur5e_ws/src/install/ur_moveit_config/share/ur_moveit_config/srdf
[0.256s] -- Up-to-date: /home/ariel/ur5e_ws/src/install/ur_moveit_config/share/ur_moveit_config/srdf/ur_macro.srdf.xacro
[0.256s] -- Up-to-date: /home/ariel/ur5e_ws/src/install/ur_moveit_config/share/ur_moveit_config/srdf/ur.srdf.xacro
[0.256s] -- Up-to-date: /home/ariel/ur5e_ws/src/install/ur_moveit_config/share/ur_moveit_config/environment/pythonpath.sh
[0.256s] -- Up-to-date: /home/ariel/ur5e_ws/src/install/ur_moveit_config/share/ur_moveit_config/environment/pythonpath.dsv
[0.256s] -- Up-to-date: /home/ariel/ur5e_ws/src/install/ur_moveit_config/local/lib/python3.10/dist-packages/ur_moveit_config-2.8.1-py3.10.egg-info
[0.256s] -- Installing: /home/ariel/ur5e_ws/src/install/ur_moveit_config/local/lib/python3.10/dist-packages/ur_moveit_config-2.8.1-py3.10.egg-info/SOURCES.txt
[0.257s] -- Installing: /home/ariel/ur5e_ws/src/install/ur_moveit_config/local/lib/python3.10/dist-packages/ur_moveit_config-2.8.1-py3.10.egg-info/dependency_links.txt
[0.257s] -- Installing: /home/ariel/ur5e_ws/src/install/ur_moveit_config/local/lib/python3.10/dist-packages/ur_moveit_config-2.8.1-py3.10.egg-info/PKG-INFO
[0.257s] -- Installing: /home/ariel/ur5e_ws/src/install/ur_moveit_config/local/lib/python3.10/dist-packages/ur_moveit_config-2.8.1-py3.10.egg-info/top_level.txt
[0.257s] -- Up-to-date: /home/ariel/ur5e_ws/src/install/ur_moveit_config/local/lib/python3.10/dist-packages/ur_moveit_config
[0.257s] -- Up-to-date: /home/ariel/ur5e_ws/src/install/ur_moveit_config/local/lib/python3.10/dist-packages/ur_moveit_config/__init__.py
[0.257s] -- Up-to-date: /home/ariel/ur5e_ws/src/install/ur_moveit_config/local/lib/python3.10/dist-packages/ur_moveit_config/launch_common.py
[0.278s] Listing '/home/ariel/ur5e_ws/src/install/ur_moveit_config/local/lib/python3.10/dist-packages/ur_moveit_config'...
[0.284s] -- Up-to-date: /home/ariel/ur5e_ws/src/install/ur_moveit_config/local/lib/python3.10/dist-packages/launch_common.py
[0.308s] -- Up-to-date: /home/ariel/ur5e_ws/src/install/ur_moveit_config/share/ament_index/resource_index/package_run_dependencies/ur_moveit_config
[0.309s] -- Up-to-date: /home/ariel/ur5e_ws/src/install/ur_moveit_config/share/ament_index/resource_index/parent_prefix_path/ur_moveit_config
[0.309s] -- Up-to-date: /home/ariel/ur5e_ws/src/install/ur_moveit_config/share/ur_moveit_config/environment/ament_prefix_path.sh
[0.309s] -- Up-to-date: /home/ariel/ur5e_ws/src/install/ur_moveit_config/share/ur_moveit_config/environment/ament_prefix_path.dsv
[0.309s] -- Up-to-date: /home/ariel/ur5e_ws/src/install/ur_moveit_config/share/ur_moveit_config/environment/path.sh
[0.309s] -- Up-to-date: /home/ariel/ur5e_ws/src/install/ur_moveit_config/share/ur_moveit_config/environment/path.dsv
[0.309s] -- Up-to-date: /home/ariel/ur5e_ws/src/install/ur_moveit_config/share/ur_moveit_config/local_setup.bash
[0.309s] -- Up-to-date: /home/ariel/ur5e_ws/src/install/ur_moveit_config/share/ur_moveit_config/local_setup.sh
[0.309s] -- Up-to-date: /home/ariel/ur5e_ws/src/install/ur_moveit_config/share/ur_moveit_config/local_setup.zsh
[0.309s] -- Up-to-date: /home/ariel/ur5e_ws/src/install/ur_moveit_config/share/ur_moveit_config/local_setup.dsv
[0.309s] -- Up-to-date: /home/ariel/ur5e_ws/src/install/ur_moveit_config/share/ur_moveit_config/package.dsv
[0.309s] -- Up-to-date: /home/ariel/ur5e_ws/src/install/ur_moveit_config/share/ament_index/resource_index/packages/ur_moveit_config
[0.309s] -- Up-to-date: /home/ariel/ur5e_ws/src/install/ur_moveit_config/share/ur_moveit_config/cmake/ur_moveit_configConfig.cmake
[0.309s] -- Up-to-date: /home/ariel/ur5e_ws/src/install/ur_moveit_config/share/ur_moveit_config/cmake/ur_moveit_configConfig-version.cmake
[0.309s] -- Up-to-date: /home/ariel/ur5e_ws/src/install/ur_moveit_config/share/ur_moveit_config/package.xml
[0.311s] Invoked command in '/home/ariel/ur5e_ws/src/build/ur_moveit_config' returned '0': CMAKE_PREFIX_PATH=/home/ariel/ur5e_ws/src/install/ur_description:/home/ariel/ur5e_ws/src/install/ur_simulation_gazebo:/home/ariel/ur5e_ws/src/install/ur:/home/ariel/ur5e_ws/src/install/ur_calibration:/home/ariel/ur5e_ws/src/install/ur_robot_driver:/home/ariel/ur5e_ws/src/install/ur_moveit_config:/home/ariel/ur5e_ws/src/install/ur_bringup:/home/ariel/ur5e_ws/src/install/ur_controllers:/home/ariel/ur5e_ws/src/install/ur_dashboard_msgs:/home/ariel/ur5e_ws/install/ur_simulation_gazebo:/home/ariel/ur5e_ws/install/ur:/home/ariel/ur5e_ws/install/ur_calibration:/home/ariel/ur5e_ws/install/ur_robot_driver:/home/ariel/ur5e_ws/install/ur_moveit_config:/home/ariel/ur5e_ws/install/ur_bringup:/home/ariel/ur5e_ws/install/ur_description:/home/ariel/ur5e_ws/install/ur_controllers:/home/ariel/ur5e_ws/install/ur_dashboard_msgs:/opt/ros/humble /usr/bin/cmake --install /home/ariel/ur5e_ws/src/build/ur_moveit_config
