[0.019s] Invoking command in '/home/ariel/ur5e_ws/src/build/ur_dashboard_msgs': CMAKE_PREFIX_PATH=${CMAKE_PREFIX_PATH}:/home/ariel/ws_moveit2/install/launch_param_builder:/home/ariel/ur5e_ws/install/controller_pkg_demo:/opt/ros/humble /usr/bin/cmake /home/ariel/ur5e_ws/src/Universal_Robots_ROS2_Driver/ur_dashboard_msgs -DCMAKE_INSTALL_PREFIX=/home/ariel/ur5e_ws/src/install/ur_dashboard_msgs
[0.214s] -- Found ament_cmake: 1.3.11 (/opt/ros/humble/share/ament_cmake/cmake)
[0.214s] -- Override CMake install command with custom implementation using symlinks instead of copying resources
[0.214s] -- Found rosidl_default_generators: 1.2.0 (/opt/ros/humble/share/rosidl_default_generators/cmake)
[0.214s] -- Using all available rosidl_typesupport_c: rosidl_typesupport_fastrtps_c;rosidl_typesupport_introspection_c
[0.214s] -- Found rosidl_adapter: 3.1.6 (/opt/ros/humble/share/rosidl_adapter/cmake)
[0.214s] -- Using all available rosidl_typesupport_cpp: rosidl_typesupport_fastrtps_cpp;rosidl_typesupport_introspection_cpp
[0.214s] -- Found action_msgs: 1.2.1 (/opt/ros/humble/share/action_msgs/cmake)
[0.480s] -- Found ament_cmake_ros: 0.10.0 (/opt/ros/humble/share/ament_cmake_ros/cmake)
[0.629s] -- Using all available rosidl_typesupport_c: rosidl_typesupport_fastrtps_c;rosidl_typesupport_introspection_c
[0.809s] -- Using all available rosidl_typesupport_cpp: rosidl_typesupport_fastrtps_cpp;rosidl_typesupport_introspection_cpp
[0.825s] -- Found python_cmake_module: 0.10.0 (/opt/ros/humble/share/python_cmake_module/cmake)
[0.842s] -- Using PYTHON_EXECUTABLE: /usr/bin/python3
[0.842s] -- Using PYTHON_INCLUDE_DIRS: /usr/include/python3.10
[0.842s] -- Using PYTHON_LIBRARIES: /usr/lib/x86_64-linux-gnu/libpython3.10.so
[0.867s] -- Configuring done
[0.899s] -- Generating done
[0.908s] -- Build files have been written to: /home/ariel/ur5e_ws/src/build/ur_dashboard_msgs
[0.914s] Invoked command in '/home/ariel/ur5e_ws/src/build/ur_dashboard_msgs' returned '0': CMAKE_PREFIX_PATH=${CMAKE_PREFIX_PATH}:/home/ariel/ws_moveit2/install/launch_param_builder:/home/ariel/ur5e_ws/install/controller_pkg_demo:/opt/ros/humble /usr/bin/cmake /home/ariel/ur5e_ws/src/Universal_Robots_ROS2_Driver/ur_dashboard_msgs -DCMAKE_INSTALL_PREFIX=/home/ariel/ur5e_ws/src/install/ur_dashboard_msgs
[0.915s] Invoking command in '/home/ariel/ur5e_ws/src/build/ur_dashboard_msgs': CMAKE_PREFIX_PATH=${CMAKE_PREFIX_PATH}:/home/ariel/ws_moveit2/install/launch_param_builder:/home/ariel/ur5e_ws/install/controller_pkg_demo:/opt/ros/humble /usr/bin/cmake --build /home/ariel/ur5e_ws/src/build/ur_dashboard_msgs -- -j22 -l22
[0.960s] [35m[1mConsolidate compiler generated dependencies of target ur_dashboard_msgs__rosidl_generator_c[0m
[0.966s] [  0%] Built target ur_dashboard_msgs__cpp
[0.966s] failed to create symbolic link '/home/ariel/ur5e_ws/src/build/ur_dashboard_msgs/ament_cmake_python/ur_dashboard_msgs/ur_dashboard_msgs' because existing path cannot be removed: Is a directory
[0.967s] gmake[2]: *** [CMakeFiles/ament_cmake_python_symlink_ur_dashboard_msgs.dir/build.make:70: CMakeFiles/ament_cmake_python_symlink_ur_dashboard_msgs] Error 1
[0.967s] gmake[1]: *** [CMakeFiles/Makefile2:421: CMakeFiles/ament_cmake_python_symlink_ur_dashboard_msgs.dir/all] Error 2
[0.967s] gmake[1]: *** Waiting for unfinished jobs....
[0.974s] [ 12%] Built target ur_dashboard_msgs__rosidl_generator_c
[0.976s] [35m[1mConsolidate compiler generated dependencies of target ur_dashboard_msgs__rosidl_typesupport_cpp[0m
[0.976s] [35m[1mConsolidate compiler generated dependencies of target ur_dashboard_msgs__rosidl_typesupport_fastrtps_cpp[0m
[0.993s] [ 24%] Built target ur_dashboard_msgs__rosidl_typesupport_fastrtps_cpp
[0.994s] [ 36%] Built target ur_dashboard_msgs__rosidl_typesupport_cpp
[0.995s] gmake: *** [Makefile:146: all] Error 2
[0.998s] Invoked command in '/home/ariel/ur5e_ws/src/build/ur_dashboard_msgs' returned '2': CMAKE_PREFIX_PATH=${CMAKE_PREFIX_PATH}:/home/ariel/ws_moveit2/install/launch_param_builder:/home/ariel/ur5e_ws/install/controller_pkg_demo:/opt/ros/humble /usr/bin/cmake --build /home/ariel/ur5e_ws/src/build/ur_dashboard_msgs -- -j22 -l22
