[0.021s] Invoking command in '/home/ariel/ur5e_ws/build/moveit_control_pkg': CMAKE_PREFIX_PATH=${CMAKE_PREFIX_PATH}:/home/ariel/ws_moveit2/install/moveit_configs_utils:/home/ariel/ws_moveit2/install/launch_param_builder:/home/ariel/ur5e_ws/install/controller_pkg_demo:/opt/ros/humble /usr/bin/cmake --build /home/ariel/ur5e_ws/build/moveit_control_pkg -- -j22 -l22
[0.079s] [35m[1mConsolidate compiler generated dependencies of target cartesian_control[0m
[0.104s] [ 25%] [32mBuilding CXX object CMakeFiles/cartesian_control.dir/src/cartesian_control.cpp.o[0m
[0.112s] [ 75%] Built target moveit_cpp_ur_node
[4.725s] [100%] [32m[1mLinking CXX executable cartesian_control[0m
[4.940s] /usr/bin/ld: warning: libsrdfdom.so.2.0.7, needed by /opt/ros/humble/lib/libmoveit_robot_model.so.2.5.9, may conflict with libsrdfdom.so.2.0.8
[5.030s] [100%] Built target cartesian_control
[5.042s] Invoked command in '/home/ariel/ur5e_ws/build/moveit_control_pkg' returned '0': CMAKE_PREFIX_PATH=${CMAKE_PREFIX_PATH}:/home/ariel/ws_moveit2/install/moveit_configs_utils:/home/ariel/ws_moveit2/install/launch_param_builder:/home/ariel/ur5e_ws/install/controller_pkg_demo:/opt/ros/humble /usr/bin/cmake --build /home/ariel/ur5e_ws/build/moveit_control_pkg -- -j22 -l22
[5.044s] Invoking command in '/home/ariel/ur5e_ws/build/moveit_control_pkg': CMAKE_PREFIX_PATH=${CMAKE_PREFIX_PATH}:/home/ariel/ws_moveit2/install/moveit_configs_utils:/home/ariel/ws_moveit2/install/launch_param_builder:/home/ariel/ur5e_ws/install/controller_pkg_demo:/opt/ros/humble /usr/bin/cmake --install /home/ariel/ur5e_ws/build/moveit_control_pkg
[5.052s] -- Install configuration: ""
[5.052s] -- Execute custom install script
[5.052s] -- Up-to-date symlink: /home/ariel/ur5e_ws/install/moveit_control_pkg/lib/moveit_control_pkg/moveit_cpp_ur_node
[5.052s] -- Up-to-date symlink: /home/ariel/ur5e_ws/install/moveit_control_pkg/share/ament_index/resource_index/package_run_dependencies/moveit_control_pkg
[5.052s] -- Up-to-date symlink: /home/ariel/ur5e_ws/install/moveit_control_pkg/share/ament_index/resource_index/parent_prefix_path/moveit_control_pkg
[5.053s] -- Up-to-date symlink: /home/ariel/ur5e_ws/install/moveit_control_pkg/share/moveit_control_pkg/environment/ament_prefix_path.sh
[5.053s] -- Up-to-date symlink: /home/ariel/ur5e_ws/install/moveit_control_pkg/share/moveit_control_pkg/environment/ament_prefix_path.dsv
[5.053s] -- Up-to-date symlink: /home/ariel/ur5e_ws/install/moveit_control_pkg/share/moveit_control_pkg/environment/path.sh
[5.053s] -- Up-to-date symlink: /home/ariel/ur5e_ws/install/moveit_control_pkg/share/moveit_control_pkg/environment/path.dsv
[5.053s] -- Up-to-date symlink: /home/ariel/ur5e_ws/install/moveit_control_pkg/share/moveit_control_pkg/local_setup.bash
[5.053s] -- Up-to-date symlink: /home/ariel/ur5e_ws/install/moveit_control_pkg/share/moveit_control_pkg/local_setup.sh
[5.053s] -- Up-to-date symlink: /home/ariel/ur5e_ws/install/moveit_control_pkg/share/moveit_control_pkg/local_setup.zsh
[5.054s] -- Up-to-date symlink: /home/ariel/ur5e_ws/install/moveit_control_pkg/share/moveit_control_pkg/local_setup.dsv
[5.054s] -- Symlinking: /home/ariel/ur5e_ws/install/moveit_control_pkg/share/moveit_control_pkg/package.dsv
[5.065s] -- Up-to-date symlink: /home/ariel/ur5e_ws/install/moveit_control_pkg/share/ament_index/resource_index/packages/moveit_control_pkg
[5.065s] -- Up-to-date symlink: /home/ariel/ur5e_ws/install/moveit_control_pkg/share/moveit_control_pkg/cmake/moveit_control_pkgConfig.cmake
[5.065s] -- Up-to-date symlink: /home/ariel/ur5e_ws/install/moveit_control_pkg/share/moveit_control_pkg/cmake/moveit_control_pkgConfig-version.cmake
[5.065s] -- Up-to-date symlink: /home/ariel/ur5e_ws/install/moveit_control_pkg/share/moveit_control_pkg/package.xml
[5.065s] -- Up-to-date symlink: /home/ariel/ur5e_ws/install/moveit_control_pkg/lib/moveit_control_pkg/cartesian_control
[5.067s] Invoked command in '/home/ariel/ur5e_ws/build/moveit_control_pkg' returned '0': CMAKE_PREFIX_PATH=${CMAKE_PREFIX_PATH}:/home/ariel/ws_moveit2/install/moveit_configs_utils:/home/ariel/ws_moveit2/install/launch_param_builder:/home/ariel/ur5e_ws/install/controller_pkg_demo:/opt/ros/humble /usr/bin/cmake --install /home/ariel/ur5e_ws/build/moveit_control_pkg
