-- Install configuration: ""
-- Up-to-date: /home/ariel/ur5e_ws/install/moveit_config_gripper/share/ament_index/resource_index/package_run_dependencies/moveit_config_gripper
-- Up-to-date: /home/ariel/ur5e_ws/install/moveit_config_gripper/share/ament_index/resource_index/parent_prefix_path/moveit_config_gripper
-- Up-to-date: /home/ariel/ur5e_ws/install/moveit_config_gripper/share/moveit_config_gripper/environment/ament_prefix_path.sh
-- Up-to-date: /home/ariel/ur5e_ws/install/moveit_config_gripper/share/moveit_config_gripper/environment/ament_prefix_path.dsv
-- Up-to-date: /home/ariel/ur5e_ws/install/moveit_config_gripper/share/moveit_config_gripper/environment/path.sh
-- Up-to-date: /home/ariel/ur5e_ws/install/moveit_config_gripper/share/moveit_config_gripper/environment/path.dsv
-- Up-to-date: /home/ariel/ur5e_ws/install/moveit_config_gripper/share/moveit_config_gripper/local_setup.bash
-- Up-to-date: /home/ariel/ur5e_ws/install/moveit_config_gripper/share/moveit_config_gripper/local_setup.sh
-- Up-to-date: /home/ariel/ur5e_ws/install/moveit_config_gripper/share/moveit_config_gripper/local_setup.zsh
-- Up-to-date: /home/ariel/ur5e_ws/install/moveit_config_gripper/share/moveit_config_gripper/local_setup.dsv
-- Installing: /home/ariel/ur5e_ws/install/moveit_config_gripper/share/moveit_config_gripper/package.dsv
-- Up-to-date: /home/ariel/ur5e_ws/install/moveit_config_gripper/share/ament_index/resource_index/packages/moveit_config_gripper
-- Up-to-date: /home/ariel/ur5e_ws/install/moveit_config_gripper/share/moveit_config_gripper/cmake/moveit_config_gripperConfig.cmake
-- Up-to-date: /home/ariel/ur5e_ws/install/moveit_config_gripper/share/moveit_config_gripper/cmake/moveit_config_gripperConfig-version.cmake
-- Up-to-date: /home/ariel/ur5e_ws/install/moveit_config_gripper/share/moveit_config_gripper/package.xml
-- Up-to-date: /home/ariel/ur5e_ws/install/moveit_config_gripper/share/moveit_config_gripper/launch
-- Up-to-date: /home/ariel/ur5e_ws/install/moveit_config_gripper/share/moveit_config_gripper/launch/setup_assistant.launch.py
-- Up-to-date: /home/ariel/ur5e_ws/install/moveit_config_gripper/share/moveit_config_gripper/launch/rsp.launch.py
-- Up-to-date: /home/ariel/ur5e_ws/install/moveit_config_gripper/share/moveit_config_gripper/launch/static_virtual_joint_tfs.launch.py
-- Up-to-date: /home/ariel/ur5e_ws/install/moveit_config_gripper/share/moveit_config_gripper/launch/demo.launch.py
-- Up-to-date: /home/ariel/ur5e_ws/install/moveit_config_gripper/share/moveit_config_gripper/launch/moveit_rviz.launch.py
-- Up-to-date: /home/ariel/ur5e_ws/install/moveit_config_gripper/share/moveit_config_gripper/launch/move_group.launch.py
-- Up-to-date: /home/ariel/ur5e_ws/install/moveit_config_gripper/share/moveit_config_gripper/launch/spawn_controllers.launch.py
-- Up-to-date: /home/ariel/ur5e_ws/install/moveit_config_gripper/share/moveit_config_gripper/launch/warehouse_db.launch.py
-- Up-to-date: /home/ariel/ur5e_ws/install/moveit_config_gripper/share/moveit_config_gripper/config
-- Up-to-date: /home/ariel/ur5e_ws/install/moveit_config_gripper/share/moveit_config_gripper/config/ompl_planning.yaml
-- Up-to-date: /home/ariel/ur5e_ws/install/moveit_config_gripper/share/moveit_config_gripper/config/ur.ros2_control.xacro
-- Up-to-date: /home/ariel/ur5e_ws/install/moveit_config_gripper/share/moveit_config_gripper/config/ros2_controllers.yaml
-- Up-to-date: /home/ariel/ur5e_ws/install/moveit_config_gripper/share/moveit_config_gripper/config/ur.urdf.xacro
-- Up-to-date: /home/ariel/ur5e_ws/install/moveit_config_gripper/share/moveit_config_gripper/config/initial_positions.yaml
-- Up-to-date: /home/ariel/ur5e_ws/install/moveit_config_gripper/share/moveit_config_gripper/config/ur.srdf
-- Up-to-date: /home/ariel/ur5e_ws/install/moveit_config_gripper/share/moveit_config_gripper/config/joint_limits.yaml
-- Up-to-date: /home/ariel/ur5e_ws/install/moveit_config_gripper/share/moveit_config_gripper/config/moveit_controllers.yaml
-- Up-to-date: /home/ariel/ur5e_ws/install/moveit_config_gripper/share/moveit_config_gripper/config/moveit.rviz
-- Up-to-date: /home/ariel/ur5e_ws/install/moveit_config_gripper/share/moveit_config_gripper/config/pilz_cartesian_limits.yaml
-- Up-to-date: /home/ariel/ur5e_ws/install/moveit_config_gripper/share/moveit_config_gripper/config/kinematics.yaml
-- Up-to-date: /home/ariel/ur5e_ws/install/moveit_config_gripper/share/moveit_config_gripper/.setup_assistant
