[0.012s] Invoking command in '/home/ariel/ur5e_ws/src/build/ur_calibration': CMAKE_PREFIX_PATH=/home/ariel/ur5e_ws/src/install/ur_robot_driver:/home/ariel/ur5e_ws/src/install/ur_controllers:/home/ariel/ur5e_ws/src/install/ur_description:/home/ariel/ur5e_ws/src/install/ur_dashboard_msgs:/home/ariel/ur5e_ws/src/install/ur_simulation_gazebo:/home/ariel/ur5e_ws/src/install/ur:/home/ariel/ur5e_ws/src/install/ur_calibration:/home/ariel/ur5e_ws/src/install/ur_moveit_config:/home/ariel/ur5e_ws/src/install/ur_bringup:/home/ariel/ur5e_ws/install/ur_simulation_gazebo:/home/ariel/ur5e_ws/install/ur:/home/ariel/ur5e_ws/install/ur_calibration:/home/ariel/ur5e_ws/install/ur_robot_driver:/home/ariel/ur5e_ws/install/ur_moveit_config:/home/ariel/ur5e_ws/install/ur_bringup:/home/ariel/ur5e_ws/install/ur_description:/home/ariel/ur5e_ws/install/ur_controllers:/home/ariel/ur5e_ws/install/ur_dashboard_msgs:/opt/ros/humble LD_LIBRARY_PATH=/home/ariel/ur5e_ws/src/install/ur_robot_driver/lib:/home/ariel/ur5e_ws/src/install/ur_controllers/lib:/home/ariel/ur5e_ws/src/install/ur_dashboard_msgs/lib:/home/ariel/ur5e_ws/install/ur_robot_driver/lib:/home/ariel/ur5e_ws/install/ur_controllers/lib:/home/ariel/ur5e_ws/install/ur_dashboard_msgs/lib:/opt/ros/humble/opt/rviz_ogre_vendor/lib:/opt/ros/humble/lib/x86_64-linux-gnu:/opt/ros/humble/lib:/usr/local/cuda-12.2/lib64:/home/ariel/.mujoco/mujoco210/bin:/usr/lib/nvidia:/home/ariel/.mujoco/mujoco210/bin /usr/bin/cmake --build /home/ariel/ur5e_ws/src/build/ur_calibration -- -j22 -l22
[0.040s] [35m[1mConsolidate compiler generated dependencies of target gmock_main[0m
[0.040s] [35m[1mConsolidate compiler generated dependencies of target gmock[0m
[0.041s] [35m[1mConsolidate compiler generated dependencies of target calibration[0m
[0.050s] [ 16%] Built target gmock_main
[0.050s] [ 41%] Built target gmock
[0.055s] [ 66%] Built target calibration
[0.064s] [35m[1mConsolidate compiler generated dependencies of target calibration_correction[0m
[0.065s] [35m[1mConsolidate compiler generated dependencies of target calibration_test[0m
[0.076s] [ 83%] Built target calibration_correction
[0.079s] [100%] Built target calibration_test
[0.088s] Invoked command in '/home/ariel/ur5e_ws/src/build/ur_calibration' returned '0': CMAKE_PREFIX_PATH=/home/ariel/ur5e_ws/src/install/ur_robot_driver:/home/ariel/ur5e_ws/src/install/ur_controllers:/home/ariel/ur5e_ws/src/install/ur_description:/home/ariel/ur5e_ws/src/install/ur_dashboard_msgs:/home/ariel/ur5e_ws/src/install/ur_simulation_gazebo:/home/ariel/ur5e_ws/src/install/ur:/home/ariel/ur5e_ws/src/install/ur_calibration:/home/ariel/ur5e_ws/src/install/ur_moveit_config:/home/ariel/ur5e_ws/src/install/ur_bringup:/home/ariel/ur5e_ws/install/ur_simulation_gazebo:/home/ariel/ur5e_ws/install/ur:/home/ariel/ur5e_ws/install/ur_calibration:/home/ariel/ur5e_ws/install/ur_robot_driver:/home/ariel/ur5e_ws/install/ur_moveit_config:/home/ariel/ur5e_ws/install/ur_bringup:/home/ariel/ur5e_ws/install/ur_description:/home/ariel/ur5e_ws/install/ur_controllers:/home/ariel/ur5e_ws/install/ur_dashboard_msgs:/opt/ros/humble LD_LIBRARY_PATH=/home/ariel/ur5e_ws/src/install/ur_robot_driver/lib:/home/ariel/ur5e_ws/src/install/ur_controllers/lib:/home/ariel/ur5e_ws/src/install/ur_dashboard_msgs/lib:/home/ariel/ur5e_ws/install/ur_robot_driver/lib:/home/ariel/ur5e_ws/install/ur_controllers/lib:/home/ariel/ur5e_ws/install/ur_dashboard_msgs/lib:/opt/ros/humble/opt/rviz_ogre_vendor/lib:/opt/ros/humble/lib/x86_64-linux-gnu:/opt/ros/humble/lib:/usr/local/cuda-12.2/lib64:/home/ariel/.mujoco/mujoco210/bin:/usr/lib/nvidia:/home/ariel/.mujoco/mujoco210/bin /usr/bin/cmake --build /home/ariel/ur5e_ws/src/build/ur_calibration -- -j22 -l22
[0.089s] Invoking command in '/home/ariel/ur5e_ws/src/build/ur_calibration': CMAKE_PREFIX_PATH=/home/ariel/ur5e_ws/src/install/ur_robot_driver:/home/ariel/ur5e_ws/src/install/ur_controllers:/home/ariel/ur5e_ws/src/install/ur_description:/home/ariel/ur5e_ws/src/install/ur_dashboard_msgs:/home/ariel/ur5e_ws/src/install/ur_simulation_gazebo:/home/ariel/ur5e_ws/src/install/ur:/home/ariel/ur5e_ws/src/install/ur_calibration:/home/ariel/ur5e_ws/src/install/ur_moveit_config:/home/ariel/ur5e_ws/src/install/ur_bringup:/home/ariel/ur5e_ws/install/ur_simulation_gazebo:/home/ariel/ur5e_ws/install/ur:/home/ariel/ur5e_ws/install/ur_calibration:/home/ariel/ur5e_ws/install/ur_robot_driver:/home/ariel/ur5e_ws/install/ur_moveit_config:/home/ariel/ur5e_ws/install/ur_bringup:/home/ariel/ur5e_ws/install/ur_description:/home/ariel/ur5e_ws/install/ur_controllers:/home/ariel/ur5e_ws/install/ur_dashboard_msgs:/opt/ros/humble LD_LIBRARY_PATH=/home/ariel/ur5e_ws/src/install/ur_robot_driver/lib:/home/ariel/ur5e_ws/src/install/ur_controllers/lib:/home/ariel/ur5e_ws/src/install/ur_dashboard_msgs/lib:/home/ariel/ur5e_ws/install/ur_robot_driver/lib:/home/ariel/ur5e_ws/install/ur_controllers/lib:/home/ariel/ur5e_ws/install/ur_dashboard_msgs/lib:/opt/ros/humble/opt/rviz_ogre_vendor/lib:/opt/ros/humble/lib/x86_64-linux-gnu:/opt/ros/humble/lib:/usr/local/cuda-12.2/lib64:/home/ariel/.mujoco/mujoco210/bin:/usr/lib/nvidia:/home/ariel/.mujoco/mujoco210/bin /usr/bin/cmake --install /home/ariel/ur5e_ws/src/build/ur_calibration
[0.094s] -- Install configuration: "RelWithDebInfo"
[0.094s] -- Up-to-date: /home/ariel/ur5e_ws/src/install/ur_calibration/lib/ur_calibration/calibration_correction
[0.094s] -- Up-to-date: /home/ariel/ur5e_ws/src/install/ur_calibration/include
[0.094s] -- Up-to-date: /home/ariel/ur5e_ws/src/install/ur_calibration/include/ur_calibration
[0.094s] -- Up-to-date: /home/ariel/ur5e_ws/src/install/ur_calibration/include/ur_calibration/calibration_consumer.hpp
[0.094s] -- Up-to-date: /home/ariel/ur5e_ws/src/install/ur_calibration/include/ur_calibration/calibration.hpp
[0.094s] -- Up-to-date: /home/ariel/ur5e_ws/src/install/ur_calibration/share/ur_calibration/launch
[0.094s] -- Up-to-date: /home/ariel/ur5e_ws/src/install/ur_calibration/share/ur_calibration/launch/calibration_correction.launch.py
[0.094s] -- Up-to-date: /home/ariel/ur5e_ws/src/install/ur_calibration/share/ament_index/resource_index/package_run_dependencies/ur_calibration
[0.094s] -- Up-to-date: /home/ariel/ur5e_ws/src/install/ur_calibration/share/ament_index/resource_index/parent_prefix_path/ur_calibration
[0.094s] -- Up-to-date: /home/ariel/ur5e_ws/src/install/ur_calibration/share/ur_calibration/environment/ament_prefix_path.sh
[0.094s] -- Up-to-date: /home/ariel/ur5e_ws/src/install/ur_calibration/share/ur_calibration/environment/ament_prefix_path.dsv
[0.094s] -- Up-to-date: /home/ariel/ur5e_ws/src/install/ur_calibration/share/ur_calibration/environment/path.sh
[0.094s] -- Up-to-date: /home/ariel/ur5e_ws/src/install/ur_calibration/share/ur_calibration/environment/path.dsv
[0.095s] -- Up-to-date: /home/ariel/ur5e_ws/src/install/ur_calibration/share/ur_calibration/local_setup.bash
[0.095s] -- Up-to-date: /home/ariel/ur5e_ws/src/install/ur_calibration/share/ur_calibration/local_setup.sh
[0.095s] -- Up-to-date: /home/ariel/ur5e_ws/src/install/ur_calibration/share/ur_calibration/local_setup.zsh
[0.095s] -- Up-to-date: /home/ariel/ur5e_ws/src/install/ur_calibration/share/ur_calibration/local_setup.dsv
[0.095s] -- Installing: /home/ariel/ur5e_ws/src/install/ur_calibration/share/ur_calibration/package.dsv
[0.095s] -- Up-to-date: /home/ariel/ur5e_ws/src/install/ur_calibration/share/ament_index/resource_index/packages/ur_calibration
[0.095s] -- Up-to-date: /home/ariel/ur5e_ws/src/install/ur_calibration/share/ur_calibration/cmake/ament_cmake_export_include_directories-extras.cmake
[0.095s] -- Up-to-date: /home/ariel/ur5e_ws/src/install/ur_calibration/share/ur_calibration/cmake/ament_cmake_export_dependencies-extras.cmake
[0.095s] -- Up-to-date: /home/ariel/ur5e_ws/src/install/ur_calibration/share/ur_calibration/cmake/ur_calibrationConfig.cmake
[0.095s] -- Up-to-date: /home/ariel/ur5e_ws/src/install/ur_calibration/share/ur_calibration/cmake/ur_calibrationConfig-version.cmake
[0.095s] -- Up-to-date: /home/ariel/ur5e_ws/src/install/ur_calibration/share/ur_calibration/package.xml
[0.096s] Invoked command in '/home/ariel/ur5e_ws/src/build/ur_calibration' returned '0': CMAKE_PREFIX_PATH=/home/ariel/ur5e_ws/src/install/ur_robot_driver:/home/ariel/ur5e_ws/src/install/ur_controllers:/home/ariel/ur5e_ws/src/install/ur_description:/home/ariel/ur5e_ws/src/install/ur_dashboard_msgs:/home/ariel/ur5e_ws/src/install/ur_simulation_gazebo:/home/ariel/ur5e_ws/src/install/ur:/home/ariel/ur5e_ws/src/install/ur_calibration:/home/ariel/ur5e_ws/src/install/ur_moveit_config:/home/ariel/ur5e_ws/src/install/ur_bringup:/home/ariel/ur5e_ws/install/ur_simulation_gazebo:/home/ariel/ur5e_ws/install/ur:/home/ariel/ur5e_ws/install/ur_calibration:/home/ariel/ur5e_ws/install/ur_robot_driver:/home/ariel/ur5e_ws/install/ur_moveit_config:/home/ariel/ur5e_ws/install/ur_bringup:/home/ariel/ur5e_ws/install/ur_description:/home/ariel/ur5e_ws/install/ur_controllers:/home/ariel/ur5e_ws/install/ur_dashboard_msgs:/opt/ros/humble LD_LIBRARY_PATH=/home/ariel/ur5e_ws/src/install/ur_robot_driver/lib:/home/ariel/ur5e_ws/src/install/ur_controllers/lib:/home/ariel/ur5e_ws/src/install/ur_dashboard_msgs/lib:/home/ariel/ur5e_ws/install/ur_robot_driver/lib:/home/ariel/ur5e_ws/install/ur_controllers/lib:/home/ariel/ur5e_ws/install/ur_dashboard_msgs/lib:/opt/ros/humble/opt/rviz_ogre_vendor/lib:/opt/ros/humble/lib/x86_64-linux-gnu:/opt/ros/humble/lib:/usr/local/cuda-12.2/lib64:/home/ariel/.mujoco/mujoco210/bin:/usr/lib/nvidia:/home/ariel/.mujoco/mujoco210/bin /usr/bin/cmake --install /home/ariel/ur5e_ws/src/build/ur_calibration
