[0.020s] Invoking command in '/home/ariel/ur5e_ws/build/moveit_control_pkg': CMAKE_PREFIX_PATH=${CMAKE_PREFIX_PATH}:/home/ariel/ws_moveit2/install/moveit_configs_utils:/home/ariel/ws_moveit2/install/launch_param_builder:/home/ariel/ur5e_ws/install/controller_pkg_demo:/opt/ros/humble /usr/bin/cmake --build /home/ariel/ur5e_ws/build/moveit_control_pkg -- -j22 -l22
[0.065s] [35m[1mConsolidate compiler generated dependencies of target cartesian_control[0m
[0.090s] [ 50%] [32mBuilding CXX object CMakeFiles/cartesian_control.dir/src/cartesian_control.cpp.o[0m
[2.739s] [01m[K/home/ariel/ur5e_ws/src/moveit_control_pkg/src/cartesian_control.cpp:[m[K In function ‘[01m[Kint main(int, char**)[m[K’:
[2.739s] [01m[K/home/ariel/ur5e_ws/src/moveit_control_pkg/src/cartesian_control.cpp:169:3:[m[K [01;31m[Kerror: [m[K‘[01m[Krobot_trajectory[m[K’ has not been declared
[2.739s]   169 |   [01;31m[Krobot_trajectory[m[K::RobotTrajectory rt(move_group.getCurrentState()->getRobotModel(), PLANNING_GROUP_ARM);
[2.739s]       |   [01;31m[K^~~~~~~~~~~~~~~~[m[K
[2.742s] [01m[K/home/ariel/ur5e_ws/src/moveit_control_pkg/src/cartesian_control.cpp:170:3:[m[K [01;31m[Kerror: [m[K‘[01m[Krt[m[K’ was not declared in this scope
[2.742s]   170 |   [01;31m[Krt[m[K.setRobotTrajectoryMsg(*move_group.getCurrentState(), trajectory);
[2.743s]       |   [01;31m[K^~[m[K
[2.745s] [01m[K/home/ariel/ur5e_ws/src/moveit_control_pkg/src/cartesian_control.cpp:171:3:[m[K [01;31m[Kerror: [m[K‘[01m[Ktrajectory_processing[m[K’ has not been declared
[2.745s]   171 |   [01;31m[Ktrajectory_processing[m[K::IterativeParabolicTimeParameterization iptp;
[2.745s]       |   [01;31m[K^~~~~~~~~~~~~~~~~~~~~[m[K
[2.748s] [01m[K/home/ariel/ur5e_ws/src/moveit_control_pkg/src/cartesian_control.cpp:172:3:[m[K [01;31m[Kerror: [m[K‘[01m[Kiptp[m[K’ was not declared in this scope
[2.748s]   172 |   [01;31m[Kiptp[m[K.computeTimeStamps(rt);
[2.748s]       |   [01;31m[K^~~~[m[K
[4.326s] gmake[2]: *** [CMakeFiles/cartesian_control.dir/build.make:76: CMakeFiles/cartesian_control.dir/src/cartesian_control.cpp.o] Error 1
[4.326s] gmake[1]: *** [CMakeFiles/Makefile2:137: CMakeFiles/cartesian_control.dir/all] Error 2
[4.326s] gmake: *** [Makefile:146: all] Error 2
[4.329s] Invoked command in '/home/ariel/ur5e_ws/build/moveit_control_pkg' returned '2': CMAKE_PREFIX_PATH=${CMAKE_PREFIX_PATH}:/home/ariel/ws_moveit2/install/moveit_configs_utils:/home/ariel/ws_moveit2/install/launch_param_builder:/home/ariel/ur5e_ws/install/controller_pkg_demo:/opt/ros/humble /usr/bin/cmake --build /home/ariel/ur5e_ws/build/moveit_control_pkg -- -j22 -l22
