[  5%] Built target gpio_controller_parameters
[ 17%] Built target freedrive_mode_controller_parameters
[ 17%] Built target speed_scaling_state_broadcaster_parameters
[ 23%] Built target passthrough_trajectory_controller_parameters
[ 29%] Built target scaled_joint_trajectory_controller_parameters
[ 35%] Built target force_mode_controller_parameters
[ 41%] Built target tool_contact_controller_parameters
[ 47%] Built target ur_configuration_controller_parameters
[ 52%] Built target gmock_main
[ 61%] Built target gmock
[ 88%] Built target ur_controllers
[ 94%] Built target test_load_freedrive_mode_controller
[100%] Built target test_load_force_mode_controller
-- Install configuration: ""
-- Up-to-date: /home/ariel/ur5e_ws/install/ur_controllers/include/ur_controllers
-- Up-to-date: /home/ariel/ur5e_ws/install/ur_controllers/include/ur_controllers/freedrive_mode_controller_parameters.hpp
-- Up-to-date: /home/ariel/ur5e_ws/install/ur_controllers/include/ur_controllers/tool_contact_controller_parameters.hpp
-- Up-to-date: /home/ariel/ur5e_ws/install/ur_controllers/include/ur_controllers/passthrough_trajectory_controller_parameters.hpp
-- Up-to-date: /home/ariel/ur5e_ws/install/ur_controllers/include/ur_controllers/speed_scaling_state_broadcaster_parameters.hpp
-- Up-to-date: /home/ariel/ur5e_ws/install/ur_controllers/include/ur_controllers/gpio_controller_parameters.hpp
-- Up-to-date: /home/ariel/ur5e_ws/install/ur_controllers/include/ur_controllers/scaled_joint_trajectory_controller_parameters.hpp
-- Up-to-date: /home/ariel/ur5e_ws/install/ur_controllers/include/ur_controllers/force_mode_controller_parameters.hpp
-- Up-to-date: /home/ariel/ur5e_ws/install/ur_controllers/include/ur_controllers/ur_configuration_controller_parameters.hpp
-- Up-to-date: /home/ariel/ur5e_ws/install/ur_controllers/include/ur_controllers
-- Up-to-date: /home/ariel/ur5e_ws/install/ur_controllers/include/ur_controllers/freedrive_mode_controller_parameters.hpp
-- Up-to-date: /home/ariel/ur5e_ws/install/ur_controllers/include/ur_controllers/tool_contact_controller_parameters.hpp
-- Up-to-date: /home/ariel/ur5e_ws/install/ur_controllers/include/ur_controllers/passthrough_trajectory_controller_parameters.hpp
-- Up-to-date: /home/ariel/ur5e_ws/install/ur_controllers/include/ur_controllers/speed_scaling_state_broadcaster_parameters.hpp
-- Up-to-date: /home/ariel/ur5e_ws/install/ur_controllers/include/ur_controllers/gpio_controller_parameters.hpp
-- Up-to-date: /home/ariel/ur5e_ws/install/ur_controllers/include/ur_controllers/scaled_joint_trajectory_controller_parameters.hpp
-- Up-to-date: /home/ariel/ur5e_ws/install/ur_controllers/include/ur_controllers/force_mode_controller_parameters.hpp
-- Up-to-date: /home/ariel/ur5e_ws/install/ur_controllers/include/ur_controllers/ur_configuration_controller_parameters.hpp
-- Up-to-date: /home/ariel/ur5e_ws/install/ur_controllers/include/ur_controllers
-- Up-to-date: /home/ariel/ur5e_ws/install/ur_controllers/include/ur_controllers/freedrive_mode_controller_parameters.hpp
-- Up-to-date: /home/ariel/ur5e_ws/install/ur_controllers/include/ur_controllers/tool_contact_controller_parameters.hpp
-- Up-to-date: /home/ariel/ur5e_ws/install/ur_controllers/include/ur_controllers/passthrough_trajectory_controller_parameters.hpp
-- Up-to-date: /home/ariel/ur5e_ws/install/ur_controllers/include/ur_controllers/speed_scaling_state_broadcaster_parameters.hpp
-- Up-to-date: /home/ariel/ur5e_ws/install/ur_controllers/include/ur_controllers/gpio_controller_parameters.hpp
-- Up-to-date: /home/ariel/ur5e_ws/install/ur_controllers/include/ur_controllers/scaled_joint_trajectory_controller_parameters.hpp
-- Up-to-date: /home/ariel/ur5e_ws/install/ur_controllers/include/ur_controllers/force_mode_controller_parameters.hpp
-- Up-to-date: /home/ariel/ur5e_ws/install/ur_controllers/include/ur_controllers/ur_configuration_controller_parameters.hpp
-- Up-to-date: /home/ariel/ur5e_ws/install/ur_controllers/include/ur_controllers
-- Up-to-date: /home/ariel/ur5e_ws/install/ur_controllers/include/ur_controllers/freedrive_mode_controller_parameters.hpp
-- Up-to-date: /home/ariel/ur5e_ws/install/ur_controllers/include/ur_controllers/tool_contact_controller_parameters.hpp
-- Up-to-date: /home/ariel/ur5e_ws/install/ur_controllers/include/ur_controllers/passthrough_trajectory_controller_parameters.hpp
-- Up-to-date: /home/ariel/ur5e_ws/install/ur_controllers/include/ur_controllers/speed_scaling_state_broadcaster_parameters.hpp
-- Up-to-date: /home/ariel/ur5e_ws/install/ur_controllers/include/ur_controllers/gpio_controller_parameters.hpp
-- Up-to-date: /home/ariel/ur5e_ws/install/ur_controllers/include/ur_controllers/scaled_joint_trajectory_controller_parameters.hpp
-- Up-to-date: /home/ariel/ur5e_ws/install/ur_controllers/include/ur_controllers/force_mode_controller_parameters.hpp
-- Up-to-date: /home/ariel/ur5e_ws/install/ur_controllers/include/ur_controllers/ur_configuration_controller_parameters.hpp
-- Up-to-date: /home/ariel/ur5e_ws/install/ur_controllers/include/ur_controllers
-- Up-to-date: /home/ariel/ur5e_ws/install/ur_controllers/include/ur_controllers/freedrive_mode_controller_parameters.hpp
-- Up-to-date: /home/ariel/ur5e_ws/install/ur_controllers/include/ur_controllers/tool_contact_controller_parameters.hpp
-- Up-to-date: /home/ariel/ur5e_ws/install/ur_controllers/include/ur_controllers/passthrough_trajectory_controller_parameters.hpp
-- Up-to-date: /home/ariel/ur5e_ws/install/ur_controllers/include/ur_controllers/speed_scaling_state_broadcaster_parameters.hpp
-- Up-to-date: /home/ariel/ur5e_ws/install/ur_controllers/include/ur_controllers/gpio_controller_parameters.hpp
-- Up-to-date: /home/ariel/ur5e_ws/install/ur_controllers/include/ur_controllers/scaled_joint_trajectory_controller_parameters.hpp
-- Up-to-date: /home/ariel/ur5e_ws/install/ur_controllers/include/ur_controllers/force_mode_controller_parameters.hpp
-- Up-to-date: /home/ariel/ur5e_ws/install/ur_controllers/include/ur_controllers/ur_configuration_controller_parameters.hpp
-- Up-to-date: /home/ariel/ur5e_ws/install/ur_controllers/include/ur_controllers
-- Up-to-date: /home/ariel/ur5e_ws/install/ur_controllers/include/ur_controllers/freedrive_mode_controller_parameters.hpp
-- Up-to-date: /home/ariel/ur5e_ws/install/ur_controllers/include/ur_controllers/tool_contact_controller_parameters.hpp
-- Up-to-date: /home/ariel/ur5e_ws/install/ur_controllers/include/ur_controllers/passthrough_trajectory_controller_parameters.hpp
-- Up-to-date: /home/ariel/ur5e_ws/install/ur_controllers/include/ur_controllers/speed_scaling_state_broadcaster_parameters.hpp
-- Up-to-date: /home/ariel/ur5e_ws/install/ur_controllers/include/ur_controllers/gpio_controller_parameters.hpp
-- Up-to-date: /home/ariel/ur5e_ws/install/ur_controllers/include/ur_controllers/scaled_joint_trajectory_controller_parameters.hpp
-- Up-to-date: /home/ariel/ur5e_ws/install/ur_controllers/include/ur_controllers/force_mode_controller_parameters.hpp
-- Up-to-date: /home/ariel/ur5e_ws/install/ur_controllers/include/ur_controllers/ur_configuration_controller_parameters.hpp
-- Up-to-date: /home/ariel/ur5e_ws/install/ur_controllers/include/ur_controllers
-- Up-to-date: /home/ariel/ur5e_ws/install/ur_controllers/include/ur_controllers/freedrive_mode_controller_parameters.hpp
-- Up-to-date: /home/ariel/ur5e_ws/install/ur_controllers/include/ur_controllers/tool_contact_controller_parameters.hpp
-- Up-to-date: /home/ariel/ur5e_ws/install/ur_controllers/include/ur_controllers/passthrough_trajectory_controller_parameters.hpp
-- Up-to-date: /home/ariel/ur5e_ws/install/ur_controllers/include/ur_controllers/speed_scaling_state_broadcaster_parameters.hpp
-- Up-to-date: /home/ariel/ur5e_ws/install/ur_controllers/include/ur_controllers/gpio_controller_parameters.hpp
-- Up-to-date: /home/ariel/ur5e_ws/install/ur_controllers/include/ur_controllers/scaled_joint_trajectory_controller_parameters.hpp
-- Up-to-date: /home/ariel/ur5e_ws/install/ur_controllers/include/ur_controllers/force_mode_controller_parameters.hpp
-- Up-to-date: /home/ariel/ur5e_ws/install/ur_controllers/include/ur_controllers/ur_configuration_controller_parameters.hpp
-- Up-to-date: /home/ariel/ur5e_ws/install/ur_controllers/include/ur_controllers
-- Up-to-date: /home/ariel/ur5e_ws/install/ur_controllers/include/ur_controllers/freedrive_mode_controller_parameters.hpp
-- Up-to-date: /home/ariel/ur5e_ws/install/ur_controllers/include/ur_controllers/tool_contact_controller_parameters.hpp
-- Up-to-date: /home/ariel/ur5e_ws/install/ur_controllers/include/ur_controllers/passthrough_trajectory_controller_parameters.hpp
-- Up-to-date: /home/ariel/ur5e_ws/install/ur_controllers/include/ur_controllers/speed_scaling_state_broadcaster_parameters.hpp
-- Up-to-date: /home/ariel/ur5e_ws/install/ur_controllers/include/ur_controllers/gpio_controller_parameters.hpp
-- Up-to-date: /home/ariel/ur5e_ws/install/ur_controllers/include/ur_controllers/scaled_joint_trajectory_controller_parameters.hpp
-- Up-to-date: /home/ariel/ur5e_ws/install/ur_controllers/include/ur_controllers/force_mode_controller_parameters.hpp
-- Up-to-date: /home/ariel/ur5e_ws/install/ur_controllers/include/ur_controllers/ur_configuration_controller_parameters.hpp
-- Up-to-date: /home/ariel/ur5e_ws/install/ur_controllers/share/ur_controllers/controller_plugins.xml
-- Up-to-date: /home/ariel/ur5e_ws/install/ur_controllers/lib/libur_controllers.so
-- Up-to-date: /home/ariel/ur5e_ws/install/ur_controllers/include
-- Up-to-date: /home/ariel/ur5e_ws/install/ur_controllers/include/ur_controllers
-- Up-to-date: /home/ariel/ur5e_ws/install/ur_controllers/include/ur_controllers/speed_scaling_state_broadcaster.hpp
-- Up-to-date: /home/ariel/ur5e_ws/install/ur_controllers/include/ur_controllers/scaled_joint_trajectory_controller.hpp
-- Up-to-date: /home/ariel/ur5e_ws/install/ur_controllers/include/ur_controllers/force_mode_controller.hpp
-- Up-to-date: /home/ariel/ur5e_ws/install/ur_controllers/include/ur_controllers/gpio_controller.hpp
-- Up-to-date: /home/ariel/ur5e_ws/install/ur_controllers/include/ur_controllers/freedrive_mode_controller.hpp
-- Up-to-date: /home/ariel/ur5e_ws/install/ur_controllers/include/ur_controllers/ur_configuration_controller.hpp
-- Up-to-date: /home/ariel/ur5e_ws/install/ur_controllers/include/ur_controllers/tool_contact_controller.hpp
-- Up-to-date: /home/ariel/ur5e_ws/install/ur_controllers/include/ur_controllers/passthrough_trajectory_controller.hpp
-- Up-to-date: /home/ariel/ur5e_ws/install/ur_controllers/share/ur_controllers/controller_plugins.xml
-- Up-to-date: /home/ariel/ur5e_ws/install/ur_controllers/share/ur_controllers/environment/library_path.sh
-- Up-to-date: /home/ariel/ur5e_ws/install/ur_controllers/share/ur_controllers/environment/library_path.dsv
-- Up-to-date: /home/ariel/ur5e_ws/install/ur_controllers/share/ament_index/resource_index/package_run_dependencies/ur_controllers
-- Up-to-date: /home/ariel/ur5e_ws/install/ur_controllers/share/ament_index/resource_index/parent_prefix_path/ur_controllers
-- Up-to-date: /home/ariel/ur5e_ws/install/ur_controllers/share/ur_controllers/environment/ament_prefix_path.sh
-- Up-to-date: /home/ariel/ur5e_ws/install/ur_controllers/share/ur_controllers/environment/ament_prefix_path.dsv
-- Up-to-date: /home/ariel/ur5e_ws/install/ur_controllers/share/ur_controllers/environment/path.sh
-- Up-to-date: /home/ariel/ur5e_ws/install/ur_controllers/share/ur_controllers/environment/path.dsv
-- Up-to-date: /home/ariel/ur5e_ws/install/ur_controllers/share/ur_controllers/local_setup.bash
-- Up-to-date: /home/ariel/ur5e_ws/install/ur_controllers/share/ur_controllers/local_setup.sh
-- Up-to-date: /home/ariel/ur5e_ws/install/ur_controllers/share/ur_controllers/local_setup.zsh
-- Up-to-date: /home/ariel/ur5e_ws/install/ur_controllers/share/ur_controllers/local_setup.dsv
-- Installing: /home/ariel/ur5e_ws/install/ur_controllers/share/ur_controllers/package.dsv
-- Up-to-date: /home/ariel/ur5e_ws/install/ur_controllers/share/ament_index/resource_index/packages/ur_controllers
-- Up-to-date: /home/ariel/ur5e_ws/install/ur_controllers/share/ament_index/resource_index/controller_interface__pluginlib__plugin/ur_controllers
-- Up-to-date: /home/ariel/ur5e_ws/install/ur_controllers/share/ur_controllers/cmake/ament_cmake_export_dependencies-extras.cmake
-- Up-to-date: /home/ariel/ur5e_ws/install/ur_controllers/share/ur_controllers/cmake/ament_cmake_export_include_directories-extras.cmake
-- Up-to-date: /home/ariel/ur5e_ws/install/ur_controllers/share/ur_controllers/cmake/ament_cmake_export_libraries-extras.cmake
-- Up-to-date: /home/ariel/ur5e_ws/install/ur_controllers/share/ur_controllers/cmake/ur_controllersConfig.cmake
-- Up-to-date: /home/ariel/ur5e_ws/install/ur_controllers/share/ur_controllers/cmake/ur_controllersConfig-version.cmake
-- Up-to-date: /home/ariel/ur5e_ws/install/ur_controllers/share/ur_controllers/package.xml
