[0.020s] Invoking command in '/home/ariel/ur5e_ws/build/moveit_control_pkg': CMAKE_PREFIX_PATH=${CMAKE_PREFIX_PATH}:/home/ariel/ws_moveit2/install/moveit_configs_utils:/home/ariel/ws_moveit2/install/launch_param_builder:/home/ariel/ur5e_ws/install/controller_pkg_demo:/opt/ros/humble /usr/bin/cmake --build /home/ariel/ur5e_ws/build/moveit_control_pkg -- -j22 -l22
[0.059s] [35m[1mConsolidate compiler generated dependencies of target moveit_cpp_ur_node[0m
[0.086s] [ 25%] [32mBuilding CXX object CMakeFiles/moveit_cpp_ur_node.dir/src/moveit_cpp_ur_node.cpp.o[0m
[0.087s] [ 75%] Built target cartesian_control
[4.133s] [01m[K/home/ariel/ur5e_ws/src/moveit_control_pkg/src/moveit_cpp_ur_node.cpp:[m[K In function ‘[01m[Kint main(int, char**)[m[K’:
[4.133s] [01m[K/home/ariel/ur5e_ws/src/moveit_control_pkg/src/moveit_cpp_ur_node.cpp:147:19:[m[K [01;31m[Kerror: [m[Kredeclaration of ‘[01m[KEigen::Vector3d box_point_1[m[K’
[4.133s]   147 |   Eigen::Vector3d [01;31m[Kbox_point_1[m[K(
[4.133s]       |                   [01;31m[K^~~~~~~~~~~[m[K
[4.133s] [01m[K/home/ariel/ur5e_ws/src/moveit_control_pkg/src/moveit_cpp_ur_node.cpp:122:19:[m[K [01;36m[Knote: [m[K‘[01m[KEigen::Vector3d box_point_1[m[K’ previously declared here
[4.133s]   122 |   Eigen::Vector3d [01;36m[Kbox_point_1[m[K(box_pose.position.x - box.dimensions[0] / 2, box_pose.position.y - box.dimensions[1] / 2,
[4.134s]       |                   [01;36m[K^~~~~~~~~~~[m[K
[4.134s] [01m[K/home/ariel/ur5e_ws/src/moveit_control_pkg/src/moveit_cpp_ur_node.cpp:151:19:[m[K [01;31m[Kerror: [m[Kredeclaration of ‘[01m[KEigen::Vector3d box_point_2[m[K’
[4.134s]   151 |   Eigen::Vector3d [01;31m[Kbox_point_2[m[K(
[4.134s]       |                   [01;31m[K^~~~~~~~~~~[m[K
[4.134s] [01m[K/home/ariel/ur5e_ws/src/moveit_control_pkg/src/moveit_cpp_ur_node.cpp:124:19:[m[K [01;36m[Knote: [m[K‘[01m[KEigen::Vector3d box_point_2[m[K’ previously declared here
[4.134s]   124 |   Eigen::Vector3d [01;36m[Kbox_point_2[m[K(box_pose.position.x + box.dimensions[0] / 2, box_pose.position.y + box.dimensions[1] / 2,
[4.134s]       |                   [01;36m[K^~~~~~~~~~~[m[K
[5.667s] gmake[2]: *** [CMakeFiles/moveit_cpp_ur_node.dir/build.make:76: CMakeFiles/moveit_cpp_ur_node.dir/src/moveit_cpp_ur_node.cpp.o] Error 1
[5.667s] gmake[1]: *** [CMakeFiles/Makefile2:139: CMakeFiles/moveit_cpp_ur_node.dir/all] Error 2
[5.667s] gmake: *** [Makefile:146: all] Error 2
[5.670s] Invoked command in '/home/ariel/ur5e_ws/build/moveit_control_pkg' returned '2': CMAKE_PREFIX_PATH=${CMAKE_PREFIX_PATH}:/home/ariel/ws_moveit2/install/moveit_configs_utils:/home/ariel/ws_moveit2/install/launch_param_builder:/home/ariel/ur5e_ws/install/controller_pkg_demo:/opt/ros/humble /usr/bin/cmake --build /home/ariel/ur5e_ws/build/moveit_control_pkg -- -j22 -l22
