-- Found ament_cmake: 1.3.11 (/opt/ros/humble/share/ament_cmake/cmake)
-- Override CMake install command with custom implementation using symlinks instead of copying resources
-- Found rclcpp: 16.0.12 (/opt/ros/humble/share/rclcpp/cmake)
-- Found rosidl_generator_c: 3.1.6 (/opt/ros/humble/share/rosidl_generator_c/cmake)
-- Found rosidl_adapter: 3.1.6 (/opt/ros/humble/share/rosidl_adapter/cmake)
-- Found rosidl_generator_cpp: 3.1.6 (/opt/ros/humble/share/rosidl_generator_cpp/cmake)
-- Using all available rosidl_typesupport_c: rosidl_typesupport_fastrtps_c;rosidl_typesupport_introspection_c
-- Using all available rosidl_typesupport_cpp: rosidl_typesupport_fastrtps_cpp;rosidl_typesupport_introspection_cpp
-- Found rmw_implementation_cmake: 6.1.2 (/opt/ros/humble/share/rmw_implementation_cmake/cmake)
-- Found rmw_cyclonedds_cpp: 1.3.4 (/opt/ros/humble/share/rmw_cyclonedds_cpp/cmake)
-- Using RMW implementation 'rmw_cyclonedds_cpp' as default
-- Found moveit_ros_planning_interface: 2.5.9 (/opt/ros/humble/share/moveit_ros_planning_interface/cmake)
-- Found Boost: /usr/lib/x86_64-linux-gnu/cmake/Boost-1.74.0/BoostConfig.cmake (found version "1.74.0") found components: date_time filesystem program_options system thread 
-- Found Boost: /usr/lib/x86_64-linux-gnu/cmake/Boost-1.74.0/BoostConfig.cmake (found version "1.74.0") found components: chrono date_time filesystem iostreams program_options regex serialization system thread 
-- Found parameter_traits: 0.5.0 (/opt/ros/humble/share/parameter_traits/cmake)
-- Found rclcpp_lifecycle: 16.0.12 (/opt/ros/humble/share/rclcpp_lifecycle/cmake)
-- Found Boost: /usr/lib/x86_64-linux-gnu/cmake/Boost-1.74.0/BoostConfig.cmake (found version "1.74.0") found components: filesystem 
-- library: /usr/lib/x86_64-linux-gnu/libcurl.so
-- Ensuring Eigen3 include directory is part of orocos-kdl CMake target
-- Found Boost: /usr/lib/x86_64-linux-gnu/cmake/Boost-1.74.0/BoostConfig.cmake (found version "1.74.0") found components: system filesystem date_time program_options thread chrono 
-- Found Boost: /usr/lib/x86_64-linux-gnu/cmake/Boost-1.74.0/BoostConfig.cmake (found version "1.74.0") found components: thread system filesystem regex date_time program_options 
-- Found Boost: /usr/lib/x86_64-linux-gnu/cmake/Boost-1.74.0/BoostConfig.cmake (found version "1.74.0") found components: system filesystem date_time program_options thread 
-- Found ament_lint_auto: 0.12.12 (/opt/ros/humble/share/ament_lint_auto/cmake)
-- Added test 'lint_cmake' to check CMake code style
-- Added test 'xmllint' to check XML markup files
-- Configuring done
-- Generating done
-- Build files have been written to: /home/ariel/ur5e_ws/build/ur5e_moveit_controller
-- Install configuration: ""
-- Execute custom install script
-- Symlinking: /home/ariel/ur5e_ws/install/ur5e_moveit_controller/share/ament_index/resource_index/package_run_dependencies/ur5e_moveit_controller
-- Symlinking: /home/ariel/ur5e_ws/install/ur5e_moveit_controller/share/ament_index/resource_index/parent_prefix_path/ur5e_moveit_controller
-- Symlinking: /home/ariel/ur5e_ws/install/ur5e_moveit_controller/share/ur5e_moveit_controller/environment/ament_prefix_path.sh
-- Symlinking: /home/ariel/ur5e_ws/install/ur5e_moveit_controller/share/ur5e_moveit_controller/environment/ament_prefix_path.dsv
-- Symlinking: /home/ariel/ur5e_ws/install/ur5e_moveit_controller/share/ur5e_moveit_controller/environment/path.sh
-- Symlinking: /home/ariel/ur5e_ws/install/ur5e_moveit_controller/share/ur5e_moveit_controller/environment/path.dsv
-- Symlinking: /home/ariel/ur5e_ws/install/ur5e_moveit_controller/share/ur5e_moveit_controller/local_setup.bash
-- Symlinking: /home/ariel/ur5e_ws/install/ur5e_moveit_controller/share/ur5e_moveit_controller/local_setup.sh
-- Symlinking: /home/ariel/ur5e_ws/install/ur5e_moveit_controller/share/ur5e_moveit_controller/local_setup.zsh
-- Symlinking: /home/ariel/ur5e_ws/install/ur5e_moveit_controller/share/ur5e_moveit_controller/local_setup.dsv
-- Symlinking: /home/ariel/ur5e_ws/install/ur5e_moveit_controller/share/ur5e_moveit_controller/package.dsv
-- Symlinking: /home/ariel/ur5e_ws/install/ur5e_moveit_controller/share/ament_index/resource_index/packages/ur5e_moveit_controller
-- Symlinking: /home/ariel/ur5e_ws/install/ur5e_moveit_controller/share/ur5e_moveit_controller/cmake/ur5e_moveit_controllerConfig.cmake
-- Symlinking: /home/ariel/ur5e_ws/install/ur5e_moveit_controller/share/ur5e_moveit_controller/cmake/ur5e_moveit_controllerConfig-version.cmake
-- Symlinking: /home/ariel/ur5e_ws/install/ur5e_moveit_controller/share/ur5e_moveit_controller/package.xml
