[0.187s] Invoking command in '/home/ariel/ur5e_ws/build/ur5e_moveit_controller': CMAKE_PREFIX_PATH=${CMAKE_PREFIX_PATH}:/home/ariel/ws_moveit2/install/launch_param_builder:/home/ariel/ur5e_ws/install/controller_pkg_demo:/opt/ros/humble /usr/bin/cmake /home/ariel/ur5e_ws/src/ur5e_moveit_controller -DCMAKE_INSTALL_PREFIX=/home/ariel/ur5e_ws/install/ur5e_moveit_controller
[0.197s] -- Found ament_cmake: 1.3.11 (/opt/ros/humble/share/ament_cmake/cmake)
[0.276s] -- Override CMake install command with custom implementation using symlinks instead of copying resources
[0.280s] -- Found rclcpp: 16.0.12 (/opt/ros/humble/share/rclcpp/cmake)
[0.297s] -- Found rosidl_generator_c: 3.1.6 (/opt/ros/humble/share/rosidl_generator_c/cmake)
[0.298s] -- Found rosidl_adapter: 3.1.6 (/opt/ros/humble/share/rosidl_adapter/cmake)
[0.302s] -- Found rosidl_generator_cpp: 3.1.6 (/opt/ros/humble/share/rosidl_generator_cpp/cmake)
[0.307s] -- Using all available rosidl_typesupport_c: rosidl_typesupport_fastrtps_c;rosidl_typesupport_introspection_c
[0.314s] -- Using all available rosidl_typesupport_cpp: rosidl_typesupport_fastrtps_cpp;rosidl_typesupport_introspection_cpp
[0.333s] -- Found rmw_implementation_cmake: 6.1.2 (/opt/ros/humble/share/rmw_implementation_cmake/cmake)
[0.334s] -- Found rmw_cyclonedds_cpp: 1.3.4 (/opt/ros/humble/share/rmw_cyclonedds_cpp/cmake)
[0.344s] -- Using RMW implementation 'rmw_cyclonedds_cpp' as default
[0.371s] -- Found moveit_ros_planning_interface: 2.5.9 (/opt/ros/humble/share/moveit_ros_planning_interface/cmake)
[0.378s] -- Found Boost: /usr/lib/x86_64-linux-gnu/cmake/Boost-1.74.0/BoostConfig.cmake (found version "1.74.0") found components: date_time filesystem program_options system thread 
[0.470s] -- Found Boost: /usr/lib/x86_64-linux-gnu/cmake/Boost-1.74.0/BoostConfig.cmake (found version "1.74.0") found components: chrono date_time filesystem iostreams program_options regex serialization system thread 
[0.485s] -- Found parameter_traits: 0.5.0 (/opt/ros/humble/share/parameter_traits/cmake)
[0.489s] -- Found rclcpp_lifecycle: 16.0.12 (/opt/ros/humble/share/rclcpp_lifecycle/cmake)
[0.501s] -- Found Boost: /usr/lib/x86_64-linux-gnu/cmake/Boost-1.74.0/BoostConfig.cmake (found version "1.74.0") found components: filesystem 
[0.523s] -- library: /usr/lib/x86_64-linux-gnu/libcurl.so
[0.546s] -- Ensuring Eigen3 include directory is part of orocos-kdl CMake target
[0.611s] -- Found Boost: /usr/lib/x86_64-linux-gnu/cmake/Boost-1.74.0/BoostConfig.cmake (found version "1.74.0") found components: system filesystem date_time program_options thread chrono 
[0.629s] -- Found Boost: /usr/lib/x86_64-linux-gnu/cmake/Boost-1.74.0/BoostConfig.cmake (found version "1.74.0") found components: thread system filesystem regex date_time program_options 
[0.650s] -- Found Boost: /usr/lib/x86_64-linux-gnu/cmake/Boost-1.74.0/BoostConfig.cmake (found version "1.74.0") found components: system filesystem date_time program_options thread 
[0.665s] -- Found ament_lint_auto: 0.12.12 (/opt/ros/humble/share/ament_lint_auto/cmake)
[0.739s] -- Added test 'lint_cmake' to check CMake code style
[0.739s] -- Added test 'xmllint' to check XML markup files
[0.739s] -- Configuring done
[0.743s] -- Generating done
[0.745s] -- Build files have been written to: /home/ariel/ur5e_ws/build/ur5e_moveit_controller
[0.754s] Invoked command in '/home/ariel/ur5e_ws/build/ur5e_moveit_controller' returned '0': CMAKE_PREFIX_PATH=${CMAKE_PREFIX_PATH}:/home/ariel/ws_moveit2/install/launch_param_builder:/home/ariel/ur5e_ws/install/controller_pkg_demo:/opt/ros/humble /usr/bin/cmake /home/ariel/ur5e_ws/src/ur5e_moveit_controller -DCMAKE_INSTALL_PREFIX=/home/ariel/ur5e_ws/install/ur5e_moveit_controller
[0.755s] Invoking command in '/home/ariel/ur5e_ws/build/ur5e_moveit_controller': CMAKE_PREFIX_PATH=${CMAKE_PREFIX_PATH}:/home/ariel/ws_moveit2/install/launch_param_builder:/home/ariel/ur5e_ws/install/controller_pkg_demo:/opt/ros/humble /usr/bin/cmake --build /home/ariel/ur5e_ws/build/ur5e_moveit_controller -- -j22 -l22
[0.788s] Invoked command in '/home/ariel/ur5e_ws/build/ur5e_moveit_controller' returned '0': CMAKE_PREFIX_PATH=${CMAKE_PREFIX_PATH}:/home/ariel/ws_moveit2/install/launch_param_builder:/home/ariel/ur5e_ws/install/controller_pkg_demo:/opt/ros/humble /usr/bin/cmake --build /home/ariel/ur5e_ws/build/ur5e_moveit_controller -- -j22 -l22
[0.795s] Invoking command in '/home/ariel/ur5e_ws/build/ur5e_moveit_controller': CMAKE_PREFIX_PATH=${CMAKE_PREFIX_PATH}:/home/ariel/ws_moveit2/install/launch_param_builder:/home/ariel/ur5e_ws/install/controller_pkg_demo:/opt/ros/humble /usr/bin/cmake --install /home/ariel/ur5e_ws/build/ur5e_moveit_controller
[0.801s] -- Install configuration: ""
[0.802s] -- Execute custom install script
[0.802s] -- Symlinking: /home/ariel/ur5e_ws/install/ur5e_moveit_controller/share/ament_index/resource_index/package_run_dependencies/ur5e_moveit_controller
[0.810s] -- Symlinking: /home/ariel/ur5e_ws/install/ur5e_moveit_controller/share/ament_index/resource_index/parent_prefix_path/ur5e_moveit_controller
[0.816s] -- Symlinking: /home/ariel/ur5e_ws/install/ur5e_moveit_controller/share/ur5e_moveit_controller/environment/ament_prefix_path.sh
[0.821s] -- Symlinking: /home/ariel/ur5e_ws/install/ur5e_moveit_controller/share/ur5e_moveit_controller/environment/ament_prefix_path.dsv
[0.829s] -- Symlinking: /home/ariel/ur5e_ws/install/ur5e_moveit_controller/share/ur5e_moveit_controller/environment/path.sh
[0.835s] -- Symlinking: /home/ariel/ur5e_ws/install/ur5e_moveit_controller/share/ur5e_moveit_controller/environment/path.dsv
[0.841s] -- Symlinking: /home/ariel/ur5e_ws/install/ur5e_moveit_controller/share/ur5e_moveit_controller/local_setup.bash
[0.849s] -- Symlinking: /home/ariel/ur5e_ws/install/ur5e_moveit_controller/share/ur5e_moveit_controller/local_setup.sh
[0.855s] -- Symlinking: /home/ariel/ur5e_ws/install/ur5e_moveit_controller/share/ur5e_moveit_controller/local_setup.zsh
[0.860s] -- Symlinking: /home/ariel/ur5e_ws/install/ur5e_moveit_controller/share/ur5e_moveit_controller/local_setup.dsv
[0.868s] -- Symlinking: /home/ariel/ur5e_ws/install/ur5e_moveit_controller/share/ur5e_moveit_controller/package.dsv
[0.875s] -- Symlinking: /home/ariel/ur5e_ws/install/ur5e_moveit_controller/share/ament_index/resource_index/packages/ur5e_moveit_controller
[0.881s] -- Symlinking: /home/ariel/ur5e_ws/install/ur5e_moveit_controller/share/ur5e_moveit_controller/cmake/ur5e_moveit_controllerConfig.cmake
[0.890s] -- Symlinking: /home/ariel/ur5e_ws/install/ur5e_moveit_controller/share/ur5e_moveit_controller/cmake/ur5e_moveit_controllerConfig-version.cmake
[0.896s] -- Symlinking: /home/ariel/ur5e_ws/install/ur5e_moveit_controller/share/ur5e_moveit_controller/package.xml
[0.906s] Invoked command in '/home/ariel/ur5e_ws/build/ur5e_moveit_controller' returned '0': CMAKE_PREFIX_PATH=${CMAKE_PREFIX_PATH}:/home/ariel/ws_moveit2/install/launch_param_builder:/home/ariel/ur5e_ws/install/controller_pkg_demo:/opt/ros/humble /usr/bin/cmake --install /home/ariel/ur5e_ws/build/ur5e_moveit_controller
