[0.009s] Invoking command in '/home/ariel/ur5e_ws/src/build/ur_bringup': AMENT_PREFIX_PATH=/home/ariel/ur5e_ws/src/install/ur_controllers:/home/ariel/ur5e_ws/src/install/ur_description:/home/ariel/ur5e_ws/src/install/ur_dashboard_msgs:${AMENT_PREFIX_PATH} CMAKE_PREFIX_PATH=/home/ariel/ur5e_ws/src/install/ur_controllers:/home/ariel/ur5e_ws/src/install/ur_description:/home/ariel/ur5e_ws/src/install/ur_dashboard_msgs:/home/ariel/ur5e_ws/install/ur_simulation_gazebo:/home/ariel/ur5e_ws/install/ur:/home/ariel/ur5e_ws/install/ur_calibration:/home/ariel/ur5e_ws/install/ur_robot_driver:/home/ariel/ur5e_ws/install/ur_moveit_config:/home/ariel/ur5e_ws/install/ur_bringup:/home/ariel/ur5e_ws/install/ur_description:/home/ariel/ur5e_ws/install/ur_controllers:/home/ariel/ur5e_ws/install/ur_dashboard_msgs:/opt/ros/humble LD_LIBRARY_PATH=/home/ariel/ur5e_ws/src/install/ur_controllers/lib:/home/ariel/ur5e_ws/src/install/ur_dashboard_msgs/lib:/home/ariel/ur5e_ws/install/ur_robot_driver/lib:/home/ariel/ur5e_ws/install/ur_controllers/lib:/home/ariel/ur5e_ws/install/ur_dashboard_msgs/lib:/opt/ros/humble/opt/rviz_ogre_vendor/lib:/opt/ros/humble/lib/x86_64-linux-gnu:/opt/ros/humble/lib:/usr/local/cuda-12.2/lib64:/home/ariel/.mujoco/mujoco210/bin:/usr/lib/nvidia:/home/ariel/.mujoco/mujoco210/bin PYTHONPATH=/home/ariel/ur5e_ws/src/install/ur_dashboard_msgs/local/lib/python3.10/dist-packages:${PYTHONPATH} /usr/bin/cmake /home/ariel/ur5e_ws/src/Universal_Robots_ROS2_Driver/ur_bringup -DCMAKE_INSTALL_PREFIX=/home/ariel/ur5e_ws/src/install/ur_bringup
[0.046s] -- The C compiler identification is GNU 11.4.0
[0.084s] -- The CXX compiler identification is GNU 11.4.0
[0.089s] -- Detecting C compiler ABI info
[0.139s] -- Detecting C compiler ABI info - done
[0.144s] -- Check for working C compiler: /usr/bin/cc - skipped
[0.144s] -- Detecting C compile features
[0.145s] -- Detecting C compile features - done
[0.146s] -- Detecting CXX compiler ABI info
[0.206s] -- Detecting CXX compiler ABI info - done
[0.210s] -- Check for working CXX compiler: /usr/bin/c++ - skipped
[0.210s] -- Detecting CXX compile features
[0.211s] -- Detecting CXX compile features - done
[0.212s] -- Found ament_cmake: 1.3.11 (/opt/ros/humble/share/ament_cmake/cmake)
[0.324s] -- Found Python3: /usr/bin/python3 (found version "3.10.12") found components: Interpreter 
[0.454s] -- Configuring done
[0.455s] -- Generating done
[0.456s] -- Build files have been written to: /home/ariel/ur5e_ws/src/build/ur_bringup
[0.459s] Invoked command in '/home/ariel/ur5e_ws/src/build/ur_bringup' returned '0': AMENT_PREFIX_PATH=/home/ariel/ur5e_ws/src/install/ur_controllers:/home/ariel/ur5e_ws/src/install/ur_description:/home/ariel/ur5e_ws/src/install/ur_dashboard_msgs:${AMENT_PREFIX_PATH} CMAKE_PREFIX_PATH=/home/ariel/ur5e_ws/src/install/ur_controllers:/home/ariel/ur5e_ws/src/install/ur_description:/home/ariel/ur5e_ws/src/install/ur_dashboard_msgs:/home/ariel/ur5e_ws/install/ur_simulation_gazebo:/home/ariel/ur5e_ws/install/ur:/home/ariel/ur5e_ws/install/ur_calibration:/home/ariel/ur5e_ws/install/ur_robot_driver:/home/ariel/ur5e_ws/install/ur_moveit_config:/home/ariel/ur5e_ws/install/ur_bringup:/home/ariel/ur5e_ws/install/ur_description:/home/ariel/ur5e_ws/install/ur_controllers:/home/ariel/ur5e_ws/install/ur_dashboard_msgs:/opt/ros/humble LD_LIBRARY_PATH=/home/ariel/ur5e_ws/src/install/ur_controllers/lib:/home/ariel/ur5e_ws/src/install/ur_dashboard_msgs/lib:/home/ariel/ur5e_ws/install/ur_robot_driver/lib:/home/ariel/ur5e_ws/install/ur_controllers/lib:/home/ariel/ur5e_ws/install/ur_dashboard_msgs/lib:/opt/ros/humble/opt/rviz_ogre_vendor/lib:/opt/ros/humble/lib/x86_64-linux-gnu:/opt/ros/humble/lib:/usr/local/cuda-12.2/lib64:/home/ariel/.mujoco/mujoco210/bin:/usr/lib/nvidia:/home/ariel/.mujoco/mujoco210/bin PYTHONPATH=/home/ariel/ur5e_ws/src/install/ur_dashboard_msgs/local/lib/python3.10/dist-packages:${PYTHONPATH} /usr/bin/cmake /home/ariel/ur5e_ws/src/Universal_Robots_ROS2_Driver/ur_bringup -DCMAKE_INSTALL_PREFIX=/home/ariel/ur5e_ws/src/install/ur_bringup
[0.460s] Invoking command in '/home/ariel/ur5e_ws/src/build/ur_bringup': AMENT_PREFIX_PATH=/home/ariel/ur5e_ws/src/install/ur_controllers:/home/ariel/ur5e_ws/src/install/ur_description:/home/ariel/ur5e_ws/src/install/ur_dashboard_msgs:${AMENT_PREFIX_PATH} CMAKE_PREFIX_PATH=/home/ariel/ur5e_ws/src/install/ur_controllers:/home/ariel/ur5e_ws/src/install/ur_description:/home/ariel/ur5e_ws/src/install/ur_dashboard_msgs:/home/ariel/ur5e_ws/install/ur_simulation_gazebo:/home/ariel/ur5e_ws/install/ur:/home/ariel/ur5e_ws/install/ur_calibration:/home/ariel/ur5e_ws/install/ur_robot_driver:/home/ariel/ur5e_ws/install/ur_moveit_config:/home/ariel/ur5e_ws/install/ur_bringup:/home/ariel/ur5e_ws/install/ur_description:/home/ariel/ur5e_ws/install/ur_controllers:/home/ariel/ur5e_ws/install/ur_dashboard_msgs:/opt/ros/humble LD_LIBRARY_PATH=/home/ariel/ur5e_ws/src/install/ur_controllers/lib:/home/ariel/ur5e_ws/src/install/ur_dashboard_msgs/lib:/home/ariel/ur5e_ws/install/ur_robot_driver/lib:/home/ariel/ur5e_ws/install/ur_controllers/lib:/home/ariel/ur5e_ws/install/ur_dashboard_msgs/lib:/opt/ros/humble/opt/rviz_ogre_vendor/lib:/opt/ros/humble/lib/x86_64-linux-gnu:/opt/ros/humble/lib:/usr/local/cuda-12.2/lib64:/home/ariel/.mujoco/mujoco210/bin:/usr/lib/nvidia:/home/ariel/.mujoco/mujoco210/bin PYTHONPATH=/home/ariel/ur5e_ws/src/install/ur_dashboard_msgs/local/lib/python3.10/dist-packages:${PYTHONPATH} /usr/bin/cmake --build /home/ariel/ur5e_ws/src/build/ur_bringup -- -j22 -l22
[0.492s] Invoked command in '/home/ariel/ur5e_ws/src/build/ur_bringup' returned '0': AMENT_PREFIX_PATH=/home/ariel/ur5e_ws/src/install/ur_controllers:/home/ariel/ur5e_ws/src/install/ur_description:/home/ariel/ur5e_ws/src/install/ur_dashboard_msgs:${AMENT_PREFIX_PATH} CMAKE_PREFIX_PATH=/home/ariel/ur5e_ws/src/install/ur_controllers:/home/ariel/ur5e_ws/src/install/ur_description:/home/ariel/ur5e_ws/src/install/ur_dashboard_msgs:/home/ariel/ur5e_ws/install/ur_simulation_gazebo:/home/ariel/ur5e_ws/install/ur:/home/ariel/ur5e_ws/install/ur_calibration:/home/ariel/ur5e_ws/install/ur_robot_driver:/home/ariel/ur5e_ws/install/ur_moveit_config:/home/ariel/ur5e_ws/install/ur_bringup:/home/ariel/ur5e_ws/install/ur_description:/home/ariel/ur5e_ws/install/ur_controllers:/home/ariel/ur5e_ws/install/ur_dashboard_msgs:/opt/ros/humble LD_LIBRARY_PATH=/home/ariel/ur5e_ws/src/install/ur_controllers/lib:/home/ariel/ur5e_ws/src/install/ur_dashboard_msgs/lib:/home/ariel/ur5e_ws/install/ur_robot_driver/lib:/home/ariel/ur5e_ws/install/ur_controllers/lib:/home/ariel/ur5e_ws/install/ur_dashboard_msgs/lib:/opt/ros/humble/opt/rviz_ogre_vendor/lib:/opt/ros/humble/lib/x86_64-linux-gnu:/opt/ros/humble/lib:/usr/local/cuda-12.2/lib64:/home/ariel/.mujoco/mujoco210/bin:/usr/lib/nvidia:/home/ariel/.mujoco/mujoco210/bin PYTHONPATH=/home/ariel/ur5e_ws/src/install/ur_dashboard_msgs/local/lib/python3.10/dist-packages:${PYTHONPATH} /usr/bin/cmake --build /home/ariel/ur5e_ws/src/build/ur_bringup -- -j22 -l22
[0.494s] Invoking command in '/home/ariel/ur5e_ws/src/build/ur_bringup': AMENT_PREFIX_PATH=/home/ariel/ur5e_ws/src/install/ur_controllers:/home/ariel/ur5e_ws/src/install/ur_description:/home/ariel/ur5e_ws/src/install/ur_dashboard_msgs:${AMENT_PREFIX_PATH} CMAKE_PREFIX_PATH=/home/ariel/ur5e_ws/src/install/ur_controllers:/home/ariel/ur5e_ws/src/install/ur_description:/home/ariel/ur5e_ws/src/install/ur_dashboard_msgs:/home/ariel/ur5e_ws/install/ur_simulation_gazebo:/home/ariel/ur5e_ws/install/ur:/home/ariel/ur5e_ws/install/ur_calibration:/home/ariel/ur5e_ws/install/ur_robot_driver:/home/ariel/ur5e_ws/install/ur_moveit_config:/home/ariel/ur5e_ws/install/ur_bringup:/home/ariel/ur5e_ws/install/ur_description:/home/ariel/ur5e_ws/install/ur_controllers:/home/ariel/ur5e_ws/install/ur_dashboard_msgs:/opt/ros/humble LD_LIBRARY_PATH=/home/ariel/ur5e_ws/src/install/ur_controllers/lib:/home/ariel/ur5e_ws/src/install/ur_dashboard_msgs/lib:/home/ariel/ur5e_ws/install/ur_robot_driver/lib:/home/ariel/ur5e_ws/install/ur_controllers/lib:/home/ariel/ur5e_ws/install/ur_dashboard_msgs/lib:/opt/ros/humble/opt/rviz_ogre_vendor/lib:/opt/ros/humble/lib/x86_64-linux-gnu:/opt/ros/humble/lib:/usr/local/cuda-12.2/lib64:/home/ariel/.mujoco/mujoco210/bin:/usr/lib/nvidia:/home/ariel/.mujoco/mujoco210/bin PYTHONPATH=/home/ariel/ur5e_ws/src/install/ur_dashboard_msgs/local/lib/python3.10/dist-packages:${PYTHONPATH} /usr/bin/cmake --install /home/ariel/ur5e_ws/src/build/ur_bringup
[0.499s] -- Install configuration: ""
[0.499s] -- Installing: /home/ariel/ur5e_ws/src/install/ur_bringup/share/ur_bringup/config
[0.499s] -- Installing: /home/ariel/ur5e_ws/src/install/ur_bringup/share/ur_bringup/config/ur3e_update_rate.yaml
[0.499s] -- Installing: /home/ariel/ur5e_ws/src/install/ur_bringup/share/ur_bringup/config/test_velocity_goal_publishers_config.yaml
[0.499s] -- Installing: /home/ariel/ur5e_ws/src/install/ur_bringup/share/ur_bringup/config/ur5_update_rate.yaml
[0.499s] -- Installing: /home/ariel/ur5e_ws/src/install/ur_bringup/share/ur_bringup/config/ur_controllers.yaml
[0.499s] -- Installing: /home/ariel/ur5e_ws/src/install/ur_bringup/share/ur_bringup/config/ur10e_update_rate.yaml
[0.499s] -- Installing: /home/ariel/ur5e_ws/src/install/ur_bringup/share/ur_bringup/config/test_goal_publishers_config.yaml
[0.499s] -- Installing: /home/ariel/ur5e_ws/src/install/ur_bringup/share/ur_bringup/config/ur16e_update_rate.yaml
[0.499s] -- Installing: /home/ariel/ur5e_ws/src/install/ur_bringup/share/ur_bringup/config/ur3_update_rate.yaml
[0.499s] -- Installing: /home/ariel/ur5e_ws/src/install/ur_bringup/share/ur_bringup/config/ur5e_update_rate.yaml
[0.499s] -- Installing: /home/ariel/ur5e_ws/src/install/ur_bringup/share/ur_bringup/config/ur10_update_rate.yaml
[0.499s] -- Installing: /home/ariel/ur5e_ws/src/install/ur_bringup/share/ur_bringup/launch
[0.500s] -- Installing: /home/ariel/ur5e_ws/src/install/ur_bringup/share/ur_bringup/launch/ur30.launch.py
[0.500s] -- Installing: /home/ariel/ur5e_ws/src/install/ur_bringup/share/ur_bringup/launch/test_joint_trajectory_controller.launch.py
[0.500s] -- Installing: /home/ariel/ur5e_ws/src/install/ur_bringup/share/ur_bringup/launch/ur20.launch.py
[0.500s] -- Installing: /home/ariel/ur5e_ws/src/install/ur_bringup/share/ur_bringup/launch/ur16e.launch.py
[0.500s] -- Installing: /home/ariel/ur5e_ws/src/install/ur_bringup/share/ur_bringup/launch/ur5e.launch.py
[0.500s] -- Installing: /home/ariel/ur5e_ws/src/install/ur_bringup/share/ur_bringup/launch/ur10e.launch.py
[0.500s] -- Installing: /home/ariel/ur5e_ws/src/install/ur_bringup/share/ur_bringup/launch/ur7e.launch.py
[0.500s] -- Installing: /home/ariel/ur5e_ws/src/install/ur_bringup/share/ur_bringup/launch/ur5.launch.py
[0.500s] -- Installing: /home/ariel/ur5e_ws/src/install/ur_bringup/share/ur_bringup/launch/ur_control.launch.py
[0.500s] -- Installing: /home/ariel/ur5e_ws/src/install/ur_bringup/share/ur_bringup/launch/test_scaled_joint_trajectory_controller.launch.py
[0.500s] -- Installing: /home/ariel/ur5e_ws/src/install/ur_bringup/share/ur_bringup/launch/test_forward_velocity_controller.launch.py
[0.500s] -- Installing: /home/ariel/ur5e_ws/src/install/ur_bringup/share/ur_bringup/launch/ur10.launch.py
[0.500s] -- Installing: /home/ariel/ur5e_ws/src/install/ur_bringup/share/ur_bringup/launch/ur3.launch.py
[0.500s] -- Installing: /home/ariel/ur5e_ws/src/install/ur_bringup/share/ur_bringup/launch/ur12e.launch.py
[0.500s] -- Installing: /home/ariel/ur5e_ws/src/install/ur_bringup/share/ur_bringup/launch/ur_dashboard_client.launch.py
[0.500s] -- Installing: /home/ariel/ur5e_ws/src/install/ur_bringup/share/ur_bringup/launch/ur3e.launch.py
[0.500s] -- Installing: /home/ariel/ur5e_ws/src/install/ur_bringup/share/ur_bringup/launch/ur15.launch.py
[0.500s] -- Installing: /home/ariel/ur5e_ws/src/install/ur_bringup/lib/ur_bringup/start_ursim.sh
[0.500s] -- Installing: /home/ariel/ur5e_ws/src/install/ur_bringup/share/ament_index/resource_index/package_run_dependencies/ur_bringup
[0.501s] -- Installing: /home/ariel/ur5e_ws/src/install/ur_bringup/share/ament_index/resource_index/parent_prefix_path/ur_bringup
[0.501s] -- Installing: /home/ariel/ur5e_ws/src/install/ur_bringup/share/ur_bringup/environment/ament_prefix_path.sh
[0.501s] -- Installing: /home/ariel/ur5e_ws/src/install/ur_bringup/share/ur_bringup/environment/ament_prefix_path.dsv
[0.501s] -- Installing: /home/ariel/ur5e_ws/src/install/ur_bringup/share/ur_bringup/environment/path.sh
[0.501s] -- Installing: /home/ariel/ur5e_ws/src/install/ur_bringup/share/ur_bringup/environment/path.dsv
[0.501s] -- Installing: /home/ariel/ur5e_ws/src/install/ur_bringup/share/ur_bringup/local_setup.bash
[0.501s] -- Installing: /home/ariel/ur5e_ws/src/install/ur_bringup/share/ur_bringup/local_setup.sh
[0.501s] -- Installing: /home/ariel/ur5e_ws/src/install/ur_bringup/share/ur_bringup/local_setup.zsh
[0.501s] -- Installing: /home/ariel/ur5e_ws/src/install/ur_bringup/share/ur_bringup/local_setup.dsv
[0.501s] -- Installing: /home/ariel/ur5e_ws/src/install/ur_bringup/share/ur_bringup/package.dsv
[0.501s] -- Installing: /home/ariel/ur5e_ws/src/install/ur_bringup/share/ament_index/resource_index/packages/ur_bringup
[0.501s] -- Installing: /home/ariel/ur5e_ws/src/install/ur_bringup/share/ur_bringup/cmake/ur_bringupConfig.cmake
[0.501s] -- Installing: /home/ariel/ur5e_ws/src/install/ur_bringup/share/ur_bringup/cmake/ur_bringupConfig-version.cmake
[0.501s] -- Installing: /home/ariel/ur5e_ws/src/install/ur_bringup/share/ur_bringup/package.xml
[0.502s] Invoked command in '/home/ariel/ur5e_ws/src/build/ur_bringup' returned '0': AMENT_PREFIX_PATH=/home/ariel/ur5e_ws/src/install/ur_controllers:/home/ariel/ur5e_ws/src/install/ur_description:/home/ariel/ur5e_ws/src/install/ur_dashboard_msgs:${AMENT_PREFIX_PATH} CMAKE_PREFIX_PATH=/home/ariel/ur5e_ws/src/install/ur_controllers:/home/ariel/ur5e_ws/src/install/ur_description:/home/ariel/ur5e_ws/src/install/ur_dashboard_msgs:/home/ariel/ur5e_ws/install/ur_simulation_gazebo:/home/ariel/ur5e_ws/install/ur:/home/ariel/ur5e_ws/install/ur_calibration:/home/ariel/ur5e_ws/install/ur_robot_driver:/home/ariel/ur5e_ws/install/ur_moveit_config:/home/ariel/ur5e_ws/install/ur_bringup:/home/ariel/ur5e_ws/install/ur_description:/home/ariel/ur5e_ws/install/ur_controllers:/home/ariel/ur5e_ws/install/ur_dashboard_msgs:/opt/ros/humble LD_LIBRARY_PATH=/home/ariel/ur5e_ws/src/install/ur_controllers/lib:/home/ariel/ur5e_ws/src/install/ur_dashboard_msgs/lib:/home/ariel/ur5e_ws/install/ur_robot_driver/lib:/home/ariel/ur5e_ws/install/ur_controllers/lib:/home/ariel/ur5e_ws/install/ur_dashboard_msgs/lib:/opt/ros/humble/opt/rviz_ogre_vendor/lib:/opt/ros/humble/lib/x86_64-linux-gnu:/opt/ros/humble/lib:/usr/local/cuda-12.2/lib64:/home/ariel/.mujoco/mujoco210/bin:/usr/lib/nvidia:/home/ariel/.mujoco/mujoco210/bin PYTHONPATH=/home/ariel/ur5e_ws/src/install/ur_dashboard_msgs/local/lib/python3.10/dist-packages:${PYTHONPATH} /usr/bin/cmake --install /home/ariel/ur5e_ws/src/build/ur_bringup
