[0.028s] Invoking command in '/home/ariel/ur5e_ws/build/robotiq_driver': CMAKE_PREFIX_PATH=${CMAKE_PREFIX_PATH}:/home/ariel/ws_moveit2/install/moveit_configs_utils:/home/ariel/ws_moveit2/install/launch_param_builder:/home/ariel/ur5e_ws/install/controller_pkg_demo:/opt/ros/humble /usr/bin/cmake /home/ariel/ur5e_ws/src/ros2_robotiq_gripper/robotiq_driver -DCMAKE_INSTALL_PREFIX=/home/ariel/ur5e_ws/install/robotiq_driver
[0.099s] -- The CXX compiler identification is GNU 11.4.0
[0.114s] -- Detecting CXX compiler ABI info
[0.181s] -- Detecting CXX compiler ABI info - done
[0.187s] -- Check for working CXX compiler: /usr/bin/c++ - skipped
[0.188s] -- Detecting CXX compile features
[0.188s] -- Detecting CXX compile features - done
[0.194s] -- Found ament_cmake: 1.3.11 (/opt/ros/humble/share/ament_cmake/cmake)
[0.333s] -- Found Python3: /usr/bin/python3 (found version "3.10.12") found components: Interpreter 
[0.439s] -- Found hardware_interface: 2.51.0 (/opt/ros/humble/share/hardware_interface/cmake)
[0.501s] -- Found rosidl_generator_c: 3.1.6 (/opt/ros/humble/share/rosidl_generator_c/cmake)
[0.516s] -- Found rosidl_adapter: 3.1.6 (/opt/ros/humble/share/rosidl_adapter/cmake)
[0.530s] -- Found rosidl_generator_cpp: 3.1.6 (/opt/ros/humble/share/rosidl_generator_cpp/cmake)
[0.545s] -- Using all available rosidl_typesupport_c: rosidl_typesupport_fastrtps_c;rosidl_typesupport_introspection_c
[0.565s] -- Using all available rosidl_typesupport_cpp: rosidl_typesupport_fastrtps_cpp;rosidl_typesupport_introspection_cpp
[0.807s] -- Found rmw_implementation_cmake: 6.1.2 (/opt/ros/humble/share/rmw_implementation_cmake/cmake)
[0.817s] -- Found rmw_cyclonedds_cpp: 1.3.4 (/opt/ros/humble/share/rmw_cyclonedds_cpp/cmake)
[0.858s] -- Using RMW implementation 'rmw_cyclonedds_cpp' as default
[0.886s] -- Looking for C++ include pthread.h
[0.961s] -- Looking for C++ include pthread.h - found
[0.961s] -- Performing Test CMAKE_HAVE_LIBC_PTHREAD
[1.038s] -- Performing Test CMAKE_HAVE_LIBC_PTHREAD - Success
[1.039s] -- Found Threads: TRUE  
[1.092s] [31mCMake Error at CMakeLists.txt:18 (find_package):
[1.092s]   By not providing "Findserial.cmake" in CMAKE_MODULE_PATH this project has
[1.092s]   asked CMake to find a package configuration file provided by "serial", but
[1.092s]   CMake did not find one.
[1.092s] 
[1.092s]   Could not find a package configuration file provided by "serial" with any
[1.092s]   of the following names:
[1.092s] 
[1.092s]     serialConfig.cmake
[1.092s]     serial-config.cmake
[1.092s] 
[1.092s]   Add the installation prefix of "serial" to CMAKE_PREFIX_PATH or set
[1.092s]   "serial_DIR" to a directory containing one of the above files.  If "serial"
[1.092s]   provides a separate development package or SDK, be sure it has been
[1.092s]   installed.
[1.092s] 
[1.093s] [0m
[1.093s] -- Configuring incomplete, errors occurred!
[1.093s] See also "/home/ariel/ur5e_ws/build/robotiq_driver/CMakeFiles/CMakeOutput.log".
[1.098s] Invoked command in '/home/ariel/ur5e_ws/build/robotiq_driver' returned '1': CMAKE_PREFIX_PATH=${CMAKE_PREFIX_PATH}:/home/ariel/ws_moveit2/install/moveit_configs_utils:/home/ariel/ws_moveit2/install/launch_param_builder:/home/ariel/ur5e_ws/install/controller_pkg_demo:/opt/ros/humble /usr/bin/cmake /home/ariel/ur5e_ws/src/ros2_robotiq_gripper/robotiq_driver -DCMAKE_INSTALL_PREFIX=/home/ariel/ur5e_ws/install/robotiq_driver
