running egg_info
writing ../../build/controller_pkg_demo/controller_pkg_demo.egg-info/PKG-INFO
writing dependency_links to ../../build/controller_pkg_demo/controller_pkg_demo.egg-info/dependency_links.txt
writing entry points to ../../build/controller_pkg_demo/controller_pkg_demo.egg-info/entry_points.txt
writing requirements to ../../build/controller_pkg_demo/controller_pkg_demo.egg-info/requires.txt
writing top-level names to ../../build/controller_pkg_demo/controller_pkg_demo.egg-info/top_level.txt
reading manifest file '../../build/controller_pkg_demo/controller_pkg_demo.egg-info/SOURCES.txt'
adding license file 'LICENSE'
writing manifest file '../../build/controller_pkg_demo/controller_pkg_demo.egg-info/SOURCES.txt'
running build
running build_py
running install
running install_lib
running install_data
running install_egg_info
removing '/home/ariel/ur5e_ws/install/controller_pkg_demo/lib/python3.10/site-packages/controller_pkg_demo-0.0.0-py3.10.egg-info' (and everything under it)
Copying ../../build/controller_pkg_demo/controller_pkg_demo.egg-info to /home/ariel/ur5e_ws/install/controller_pkg_demo/lib/python3.10/site-packages/controller_pkg_demo-0.0.0-py3.10.egg-info
running install_scripts
Installing joint_command_publisher script to /home/ariel/ur5e_ws/install/controller_pkg_demo/lib/controller_pkg_demo
Installing move_to_pose script to /home/ariel/ur5e_ws/install/controller_pkg_demo/lib/controller_pkg_demo
Installing test_moveit_cartesian script to /home/ariel/ur5e_ws/install/controller_pkg_demo/lib/controller_pkg_demo
writing list of installed files to '/home/ariel/ur5e_ws/build/controller_pkg_demo/install.log'
