[0.186s] Invoking command in '/home/ariel/ur5e_ws/build/moveit_control_pkg': CMAKE_PREFIX_PATH=${CMAKE_PREFIX_PATH}:/home/ariel/ws_moveit2/install/launch_param_builder:/home/ariel/ur5e_ws/install/controller_pkg_demo:/opt/ros/humble /usr/bin/cmake /home/ariel/ur5e_ws/src/moveit_control_pkg -DCMAKE_INSTALL_PREFIX=/home/ariel/ur5e_ws/install/moveit_control_pkg
[0.198s] -- Found ament_cmake: 1.3.11 (/opt/ros/humble/share/ament_cmake/cmake)
[0.281s] -- Override CMake install command with custom implementation using symlinks instead of copying resources
[0.285s] -- Found rclcpp: 16.0.12 (/opt/ros/humble/share/rclcpp/cmake)
[0.302s] -- Found rosidl_generator_c: 3.1.6 (/opt/ros/humble/share/rosidl_generator_c/cmake)
[0.304s] -- Found rosidl_adapter: 3.1.6 (/opt/ros/humble/share/rosidl_adapter/cmake)
[0.307s] -- Found rosidl_generator_cpp: 3.1.6 (/opt/ros/humble/share/rosidl_generator_cpp/cmake)
[0.313s] -- Using all available rosidl_typesupport_c: rosidl_typesupport_fastrtps_c;rosidl_typesupport_introspection_c
[0.320s] -- Using all available rosidl_typesupport_cpp: rosidl_typesupport_fastrtps_cpp;rosidl_typesupport_introspection_cpp
[0.339s] -- Found rmw_implementation_cmake: 6.1.2 (/opt/ros/humble/share/rmw_implementation_cmake/cmake)
[0.340s] -- Found rmw_cyclonedds_cpp: 1.3.4 (/opt/ros/humble/share/rmw_cyclonedds_cpp/cmake)
[0.351s] -- Using RMW implementation 'rmw_cyclonedds_cpp' as default
[0.379s] -- Found moveit_ros_planning_interface: 2.5.9 (/opt/ros/humble/share/moveit_ros_planning_interface/cmake)
[0.385s] -- Found Boost: /usr/lib/x86_64-linux-gnu/cmake/Boost-1.74.0/BoostConfig.cmake (found version "1.74.0") found components: date_time filesystem program_options system thread 
[0.474s] -- Found Boost: /usr/lib/x86_64-linux-gnu/cmake/Boost-1.74.0/BoostConfig.cmake (found version "1.74.0") found components: chrono date_time filesystem iostreams program_options regex serialization system thread 
[0.494s] -- Found parameter_traits: 0.5.0 (/opt/ros/humble/share/parameter_traits/cmake)
[0.498s] -- Found rclcpp_lifecycle: 16.0.12 (/opt/ros/humble/share/rclcpp_lifecycle/cmake)
[0.510s] -- Found Boost: /usr/lib/x86_64-linux-gnu/cmake/Boost-1.74.0/BoostConfig.cmake (found version "1.74.0") found components: filesystem 
[0.529s] -- library: /usr/lib/x86_64-linux-gnu/libcurl.so
[0.545s] -- Ensuring Eigen3 include directory is part of orocos-kdl CMake target
[0.609s] -- Found Boost: /usr/lib/x86_64-linux-gnu/cmake/Boost-1.74.0/BoostConfig.cmake (found version "1.74.0") found components: system filesystem date_time program_options thread chrono 
[0.627s] -- Found Boost: /usr/lib/x86_64-linux-gnu/cmake/Boost-1.74.0/BoostConfig.cmake (found version "1.74.0") found components: thread system filesystem regex date_time program_options 
[0.645s] -- Found Boost: /usr/lib/x86_64-linux-gnu/cmake/Boost-1.74.0/BoostConfig.cmake (found version "1.74.0") found components: system filesystem date_time program_options thread 
[0.744s] -- Configuring done
[0.758s] -- Generating done
[0.763s] -- Build files have been written to: /home/ariel/ur5e_ws/build/moveit_control_pkg
[0.771s] Invoked command in '/home/ariel/ur5e_ws/build/moveit_control_pkg' returned '0': CMAKE_PREFIX_PATH=${CMAKE_PREFIX_PATH}:/home/ariel/ws_moveit2/install/launch_param_builder:/home/ariel/ur5e_ws/install/controller_pkg_demo:/opt/ros/humble /usr/bin/cmake /home/ariel/ur5e_ws/src/moveit_control_pkg -DCMAKE_INSTALL_PREFIX=/home/ariel/ur5e_ws/install/moveit_control_pkg
[0.771s] Invoking command in '/home/ariel/ur5e_ws/build/moveit_control_pkg': CMAKE_PREFIX_PATH=${CMAKE_PREFIX_PATH}:/home/ariel/ws_moveit2/install/launch_param_builder:/home/ariel/ur5e_ws/install/controller_pkg_demo:/opt/ros/humble /usr/bin/cmake --build /home/ariel/ur5e_ws/build/moveit_control_pkg -- -j22 -l22
[0.813s] [ 50%] [32mBuilding CXX object CMakeFiles/moveit_cpp_ur5e_node.dir/src/moveit_cpp_ur5e_node.cpp.o[0m
[6.955s] [100%] [32m[1mLinking CXX executable moveit_cpp_ur5e_node[0m
[7.192s] [100%] Built target moveit_cpp_ur5e_node
[7.202s] Invoked command in '/home/ariel/ur5e_ws/build/moveit_control_pkg' returned '0': CMAKE_PREFIX_PATH=${CMAKE_PREFIX_PATH}:/home/ariel/ws_moveit2/install/launch_param_builder:/home/ariel/ur5e_ws/install/controller_pkg_demo:/opt/ros/humble /usr/bin/cmake --build /home/ariel/ur5e_ws/build/moveit_control_pkg -- -j22 -l22
[7.203s] Invoking command in '/home/ariel/ur5e_ws/build/moveit_control_pkg': CMAKE_PREFIX_PATH=${CMAKE_PREFIX_PATH}:/home/ariel/ws_moveit2/install/launch_param_builder:/home/ariel/ur5e_ws/install/controller_pkg_demo:/opt/ros/humble /usr/bin/cmake --install /home/ariel/ur5e_ws/build/moveit_control_pkg
[7.210s] -- Install configuration: ""
[7.210s] -- Execute custom install script
[7.211s] -- Symlinking: /home/ariel/ur5e_ws/install/moveit_control_pkg/lib/moveit_control_pkg/moveit_cpp_ur5e_node
[7.216s] -- Symlinking: /home/ariel/ur5e_ws/install/moveit_control_pkg/share/ament_index/resource_index/package_run_dependencies/moveit_control_pkg
[7.221s] -- Symlinking: /home/ariel/ur5e_ws/install/moveit_control_pkg/share/ament_index/resource_index/parent_prefix_path/moveit_control_pkg
[7.228s] -- Symlinking: /home/ariel/ur5e_ws/install/moveit_control_pkg/share/moveit_control_pkg/environment/ament_prefix_path.sh
[7.233s] -- Symlinking: /home/ariel/ur5e_ws/install/moveit_control_pkg/share/moveit_control_pkg/environment/ament_prefix_path.dsv
[7.240s] -- Symlinking: /home/ariel/ur5e_ws/install/moveit_control_pkg/share/moveit_control_pkg/environment/path.sh
[7.246s] -- Symlinking: /home/ariel/ur5e_ws/install/moveit_control_pkg/share/moveit_control_pkg/environment/path.dsv
[7.251s] -- Symlinking: /home/ariel/ur5e_ws/install/moveit_control_pkg/share/moveit_control_pkg/local_setup.bash
[7.256s] -- Symlinking: /home/ariel/ur5e_ws/install/moveit_control_pkg/share/moveit_control_pkg/local_setup.sh
[7.260s] -- Symlinking: /home/ariel/ur5e_ws/install/moveit_control_pkg/share/moveit_control_pkg/local_setup.zsh
[7.265s] -- Symlinking: /home/ariel/ur5e_ws/install/moveit_control_pkg/share/moveit_control_pkg/local_setup.dsv
[7.270s] -- Symlinking: /home/ariel/ur5e_ws/install/moveit_control_pkg/share/moveit_control_pkg/package.dsv
[7.275s] -- Symlinking: /home/ariel/ur5e_ws/install/moveit_control_pkg/share/ament_index/resource_index/packages/moveit_control_pkg
[7.280s] -- Symlinking: /home/ariel/ur5e_ws/install/moveit_control_pkg/share/moveit_control_pkg/cmake/moveit_control_pkgConfig.cmake
[7.285s] -- Symlinking: /home/ariel/ur5e_ws/install/moveit_control_pkg/share/moveit_control_pkg/cmake/moveit_control_pkgConfig-version.cmake
[7.291s] -- Symlinking: /home/ariel/ur5e_ws/install/moveit_control_pkg/share/moveit_control_pkg/package.xml
[7.300s] Invoked command in '/home/ariel/ur5e_ws/build/moveit_control_pkg' returned '0': CMAKE_PREFIX_PATH=${CMAKE_PREFIX_PATH}:/home/ariel/ws_moveit2/install/launch_param_builder:/home/ariel/ur5e_ws/install/controller_pkg_demo:/opt/ros/humble /usr/bin/cmake --install /home/ariel/ur5e_ws/build/moveit_control_pkg
