[0.008s] Invoking command in '/home/ariel/ur5e_ws/build/ur_moveit_config': CMAKE_PREFIX_PATH=/home/ariel/ur5e_ws/install/ur_description:/home/ariel/ws_moveit2/install/srdfdom:/home/ariel/ws_moveit2/install/moveit_resources_prbt_support:/home/ariel/ws_moveit2/install/moveit_resources:/home/ariel/ws_moveit2/install/moveit_resources_pr2_description:/home/ariel/ws_moveit2/install/moveit_resources_panda_moveit_config:/home/ariel/ws_moveit2/install/moveit_resources_panda_description:/home/ariel/ws_moveit2/install/moveit_resources_fanuc_moveit_config:/home/ariel/ws_moveit2/install/moveit_resources_fanuc_description:/home/ariel/ws_moveit2/install/moveit_common:/home/ariel/ur5e_ws/install/ur_simulation_gazebo:/home/ariel/ur5e_ws/install/ur:/home/ariel/ur5e_ws/install/ur_calibration:/home/ariel/ur5e_ws/install/ur_robot_driver:/home/ariel/ur5e_ws/install/ur_moveit_config:/home/ariel/ur5e_ws/install/ur_bringup:/home/ariel/ur5e_ws/install/ur5e_moveit_config:/home/ariel/ur5e_ws/install/ur_controllers:/home/ariel/ur5e_ws/install/ur_dashboard_msgs:/home/ariel/ur5e_ws/install/ur5e_moveit_controller:/home/ariel/ur5e_ws/install/moveit_control_pkg:/home/ariel/ws_moveit2/install/launch_param_builder:/home/ariel/ur5e_ws/install/controller_pkg_demo:/opt/ros/humble /usr/bin/cmake /home/ariel/ur5e_ws/src/Universal_Robots_ROS2_Driver/ur_moveit_config -DCMAKE_INSTALL_PREFIX=/home/ariel/ur5e_ws/install/ur_moveit_config
[0.049s] -- The C compiler identification is GNU 11.4.0
[0.085s] -- The CXX compiler identification is GNU 11.4.0
[0.090s] -- Detecting C compiler ABI info
[0.135s] -- Detecting C compiler ABI info - done
[0.140s] -- Check for working C compiler: /usr/bin/cc - skipped
[0.140s] -- Detecting C compile features
[0.140s] -- Detecting C compile features - done
[0.142s] -- Detecting CXX compiler ABI info
[0.198s] -- Detecting CXX compiler ABI info - done
[0.202s] -- Check for working CXX compiler: /usr/bin/c++ - skipped
[0.202s] -- Detecting CXX compile features
[0.202s] -- Detecting CXX compile features - done
[0.204s] -- Found ament_cmake: 1.3.11 (/opt/ros/humble/share/ament_cmake/cmake)
[0.312s] -- Found Python3: /usr/bin/python3 (found version "3.10.12") found components: Interpreter 
[0.533s] -- Configuring done
[0.534s] -- Generating done
[0.535s] -- Build files have been written to: /home/ariel/ur5e_ws/build/ur_moveit_config
[0.538s] Invoked command in '/home/ariel/ur5e_ws/build/ur_moveit_config' returned '0': CMAKE_PREFIX_PATH=/home/ariel/ur5e_ws/install/ur_description:/home/ariel/ws_moveit2/install/srdfdom:/home/ariel/ws_moveit2/install/moveit_resources_prbt_support:/home/ariel/ws_moveit2/install/moveit_resources:/home/ariel/ws_moveit2/install/moveit_resources_pr2_description:/home/ariel/ws_moveit2/install/moveit_resources_panda_moveit_config:/home/ariel/ws_moveit2/install/moveit_resources_panda_description:/home/ariel/ws_moveit2/install/moveit_resources_fanuc_moveit_config:/home/ariel/ws_moveit2/install/moveit_resources_fanuc_description:/home/ariel/ws_moveit2/install/moveit_common:/home/ariel/ur5e_ws/install/ur_simulation_gazebo:/home/ariel/ur5e_ws/install/ur:/home/ariel/ur5e_ws/install/ur_calibration:/home/ariel/ur5e_ws/install/ur_robot_driver:/home/ariel/ur5e_ws/install/ur_moveit_config:/home/ariel/ur5e_ws/install/ur_bringup:/home/ariel/ur5e_ws/install/ur5e_moveit_config:/home/ariel/ur5e_ws/install/ur_controllers:/home/ariel/ur5e_ws/install/ur_dashboard_msgs:/home/ariel/ur5e_ws/install/ur5e_moveit_controller:/home/ariel/ur5e_ws/install/moveit_control_pkg:/home/ariel/ws_moveit2/install/launch_param_builder:/home/ariel/ur5e_ws/install/controller_pkg_demo:/opt/ros/humble /usr/bin/cmake /home/ariel/ur5e_ws/src/Universal_Robots_ROS2_Driver/ur_moveit_config -DCMAKE_INSTALL_PREFIX=/home/ariel/ur5e_ws/install/ur_moveit_config
[0.540s] Invoking command in '/home/ariel/ur5e_ws/build/ur_moveit_config': CMAKE_PREFIX_PATH=/home/ariel/ur5e_ws/install/ur_description:/home/ariel/ws_moveit2/install/srdfdom:/home/ariel/ws_moveit2/install/moveit_resources_prbt_support:/home/ariel/ws_moveit2/install/moveit_resources:/home/ariel/ws_moveit2/install/moveit_resources_pr2_description:/home/ariel/ws_moveit2/install/moveit_resources_panda_moveit_config:/home/ariel/ws_moveit2/install/moveit_resources_panda_description:/home/ariel/ws_moveit2/install/moveit_resources_fanuc_moveit_config:/home/ariel/ws_moveit2/install/moveit_resources_fanuc_description:/home/ariel/ws_moveit2/install/moveit_common:/home/ariel/ur5e_ws/install/ur_simulation_gazebo:/home/ariel/ur5e_ws/install/ur:/home/ariel/ur5e_ws/install/ur_calibration:/home/ariel/ur5e_ws/install/ur_robot_driver:/home/ariel/ur5e_ws/install/ur_moveit_config:/home/ariel/ur5e_ws/install/ur_bringup:/home/ariel/ur5e_ws/install/ur5e_moveit_config:/home/ariel/ur5e_ws/install/ur_controllers:/home/ariel/ur5e_ws/install/ur_dashboard_msgs:/home/ariel/ur5e_ws/install/ur5e_moveit_controller:/home/ariel/ur5e_ws/install/moveit_control_pkg:/home/ariel/ws_moveit2/install/launch_param_builder:/home/ariel/ur5e_ws/install/controller_pkg_demo:/opt/ros/humble /usr/bin/cmake --build /home/ariel/ur5e_ws/build/ur_moveit_config -- -j22 -l22
[0.576s] Built target ament_cmake_python_copy_ur_moveit_config
[0.744s] running egg_info
[0.744s] creating ur_moveit_config.egg-info
[0.745s] writing ur_moveit_config.egg-info/PKG-INFO
[0.745s] writing dependency_links to ur_moveit_config.egg-info/dependency_links.txt
[0.745s] writing top-level names to ur_moveit_config.egg-info/top_level.txt
[0.745s] writing manifest file 'ur_moveit_config.egg-info/SOURCES.txt'
[0.746s] reading manifest file 'ur_moveit_config.egg-info/SOURCES.txt'
[0.746s] writing manifest file 'ur_moveit_config.egg-info/SOURCES.txt'
[0.763s] Built target ament_cmake_python_build_ur_moveit_config_egg
[0.772s] Invoked command in '/home/ariel/ur5e_ws/build/ur_moveit_config' returned '0': CMAKE_PREFIX_PATH=/home/ariel/ur5e_ws/install/ur_description:/home/ariel/ws_moveit2/install/srdfdom:/home/ariel/ws_moveit2/install/moveit_resources_prbt_support:/home/ariel/ws_moveit2/install/moveit_resources:/home/ariel/ws_moveit2/install/moveit_resources_pr2_description:/home/ariel/ws_moveit2/install/moveit_resources_panda_moveit_config:/home/ariel/ws_moveit2/install/moveit_resources_panda_description:/home/ariel/ws_moveit2/install/moveit_resources_fanuc_moveit_config:/home/ariel/ws_moveit2/install/moveit_resources_fanuc_description:/home/ariel/ws_moveit2/install/moveit_common:/home/ariel/ur5e_ws/install/ur_simulation_gazebo:/home/ariel/ur5e_ws/install/ur:/home/ariel/ur5e_ws/install/ur_calibration:/home/ariel/ur5e_ws/install/ur_robot_driver:/home/ariel/ur5e_ws/install/ur_moveit_config:/home/ariel/ur5e_ws/install/ur_bringup:/home/ariel/ur5e_ws/install/ur5e_moveit_config:/home/ariel/ur5e_ws/install/ur_controllers:/home/ariel/ur5e_ws/install/ur_dashboard_msgs:/home/ariel/ur5e_ws/install/ur5e_moveit_controller:/home/ariel/ur5e_ws/install/moveit_control_pkg:/home/ariel/ws_moveit2/install/launch_param_builder:/home/ariel/ur5e_ws/install/controller_pkg_demo:/opt/ros/humble /usr/bin/cmake --build /home/ariel/ur5e_ws/build/ur_moveit_config -- -j22 -l22
[0.774s] Invoking command in '/home/ariel/ur5e_ws/build/ur_moveit_config': CMAKE_PREFIX_PATH=/home/ariel/ur5e_ws/install/ur_description:/home/ariel/ws_moveit2/install/srdfdom:/home/ariel/ws_moveit2/install/moveit_resources_prbt_support:/home/ariel/ws_moveit2/install/moveit_resources:/home/ariel/ws_moveit2/install/moveit_resources_pr2_description:/home/ariel/ws_moveit2/install/moveit_resources_panda_moveit_config:/home/ariel/ws_moveit2/install/moveit_resources_panda_description:/home/ariel/ws_moveit2/install/moveit_resources_fanuc_moveit_config:/home/ariel/ws_moveit2/install/moveit_resources_fanuc_description:/home/ariel/ws_moveit2/install/moveit_common:/home/ariel/ur5e_ws/install/ur_simulation_gazebo:/home/ariel/ur5e_ws/install/ur:/home/ariel/ur5e_ws/install/ur_calibration:/home/ariel/ur5e_ws/install/ur_robot_driver:/home/ariel/ur5e_ws/install/ur_moveit_config:/home/ariel/ur5e_ws/install/ur_bringup:/home/ariel/ur5e_ws/install/ur5e_moveit_config:/home/ariel/ur5e_ws/install/ur_controllers:/home/ariel/ur5e_ws/install/ur_dashboard_msgs:/home/ariel/ur5e_ws/install/ur5e_moveit_controller:/home/ariel/ur5e_ws/install/moveit_control_pkg:/home/ariel/ws_moveit2/install/launch_param_builder:/home/ariel/ur5e_ws/install/controller_pkg_demo:/opt/ros/humble /usr/bin/cmake --install /home/ariel/ur5e_ws/build/ur_moveit_config
[0.780s] -- Install configuration: ""
[0.780s] -- Installing: /home/ariel/ur5e_ws/install/ur_moveit_config/share/ur_moveit_config/config
[0.780s] -- Installing: /home/ariel/ur5e_ws/install/ur_moveit_config/share/ur_moveit_config/config/controllers.yaml
[0.780s] -- Installing: /home/ariel/ur5e_ws/install/ur_moveit_config/share/ur_moveit_config/config/ompl_planning.yaml
[0.781s] -- Installing: /home/ariel/ur5e_ws/install/ur_moveit_config/share/ur_moveit_config/config/ur_servo.yaml
[0.781s] -- Installing: /home/ariel/ur5e_ws/install/ur_moveit_config/share/ur_moveit_config/config/joint_limits.yaml
[0.781s] -- Installing: /home/ariel/ur5e_ws/install/ur_moveit_config/share/ur_moveit_config/config/kinematics.yaml
[0.781s] -- Installing: /home/ariel/ur5e_ws/install/ur_moveit_config/share/ur_moveit_config/launch
[0.781s] -- Installing: /home/ariel/ur5e_ws/install/ur_moveit_config/share/ur_moveit_config/launch/ur_moveit.launch.py
[0.781s] -- Installing: /home/ariel/ur5e_ws/install/ur_moveit_config/share/ur_moveit_config/rviz
[0.781s] -- Installing: /home/ariel/ur5e_ws/install/ur_moveit_config/share/ur_moveit_config/rviz/view_robot.rviz
[0.781s] -- Installing: /home/ariel/ur5e_ws/install/ur_moveit_config/share/ur_moveit_config/srdf
[0.781s] -- Installing: /home/ariel/ur5e_ws/install/ur_moveit_config/share/ur_moveit_config/srdf/ur_macro.srdf.xacro
[0.781s] -- Installing: /home/ariel/ur5e_ws/install/ur_moveit_config/share/ur_moveit_config/srdf/ur.srdf.xacro
[0.781s] -- Installing: /home/ariel/ur5e_ws/install/ur_moveit_config/share/ur_moveit_config/environment/pythonpath.sh
[0.781s] -- Installing: /home/ariel/ur5e_ws/install/ur_moveit_config/share/ur_moveit_config/environment/pythonpath.dsv
[0.781s] -- Installing: /home/ariel/ur5e_ws/install/ur_moveit_config/local/lib/python3.10/dist-packages/ur_moveit_config-2.8.1-py3.10.egg-info
[0.781s] -- Installing: /home/ariel/ur5e_ws/install/ur_moveit_config/local/lib/python3.10/dist-packages/ur_moveit_config-2.8.1-py3.10.egg-info/SOURCES.txt
[0.781s] -- Installing: /home/ariel/ur5e_ws/install/ur_moveit_config/local/lib/python3.10/dist-packages/ur_moveit_config-2.8.1-py3.10.egg-info/dependency_links.txt
[0.781s] -- Installing: /home/ariel/ur5e_ws/install/ur_moveit_config/local/lib/python3.10/dist-packages/ur_moveit_config-2.8.1-py3.10.egg-info/PKG-INFO
[0.781s] -- Installing: /home/ariel/ur5e_ws/install/ur_moveit_config/local/lib/python3.10/dist-packages/ur_moveit_config-2.8.1-py3.10.egg-info/top_level.txt
[0.781s] -- Installing: /home/ariel/ur5e_ws/install/ur_moveit_config/local/lib/python3.10/dist-packages/ur_moveit_config
[0.781s] -- Installing: /home/ariel/ur5e_ws/install/ur_moveit_config/local/lib/python3.10/dist-packages/ur_moveit_config/__init__.py
[0.781s] -- Installing: /home/ariel/ur5e_ws/install/ur_moveit_config/local/lib/python3.10/dist-packages/ur_moveit_config/launch_common.py
[0.802s] Listing '/home/ariel/ur5e_ws/install/ur_moveit_config/local/lib/python3.10/dist-packages/ur_moveit_config'...
[0.802s] Compiling '/home/ariel/ur5e_ws/install/ur_moveit_config/local/lib/python3.10/dist-packages/ur_moveit_config/__init__.py'...
[0.802s] Compiling '/home/ariel/ur5e_ws/install/ur_moveit_config/local/lib/python3.10/dist-packages/ur_moveit_config/launch_common.py'...
[0.804s] -- Installing: /home/ariel/ur5e_ws/install/ur_moveit_config/local/lib/python3.10/dist-packages/launch_common.py
[0.825s] Compiling '/home/ariel/ur5e_ws/install/ur_moveit_config/local/lib/python3.10/dist-packages/launch_common.py'...
[0.829s] -- Installing: /home/ariel/ur5e_ws/install/ur_moveit_config/share/ament_index/resource_index/package_run_dependencies/ur_moveit_config
[0.829s] -- Installing: /home/ariel/ur5e_ws/install/ur_moveit_config/share/ament_index/resource_index/parent_prefix_path/ur_moveit_config
[0.829s] -- Installing: /home/ariel/ur5e_ws/install/ur_moveit_config/share/ur_moveit_config/environment/ament_prefix_path.sh
[0.829s] -- Installing: /home/ariel/ur5e_ws/install/ur_moveit_config/share/ur_moveit_config/environment/ament_prefix_path.dsv
[0.829s] -- Installing: /home/ariel/ur5e_ws/install/ur_moveit_config/share/ur_moveit_config/environment/path.sh
[0.829s] -- Installing: /home/ariel/ur5e_ws/install/ur_moveit_config/share/ur_moveit_config/environment/path.dsv
[0.829s] -- Installing: /home/ariel/ur5e_ws/install/ur_moveit_config/share/ur_moveit_config/local_setup.bash
[0.829s] -- Installing: /home/ariel/ur5e_ws/install/ur_moveit_config/share/ur_moveit_config/local_setup.sh
[0.829s] -- Installing: /home/ariel/ur5e_ws/install/ur_moveit_config/share/ur_moveit_config/local_setup.zsh
[0.830s] -- Installing: /home/ariel/ur5e_ws/install/ur_moveit_config/share/ur_moveit_config/local_setup.dsv
[0.830s] -- Installing: /home/ariel/ur5e_ws/install/ur_moveit_config/share/ur_moveit_config/package.dsv
[0.830s] -- Installing: /home/ariel/ur5e_ws/install/ur_moveit_config/share/ament_index/resource_index/packages/ur_moveit_config
[0.830s] -- Installing: /home/ariel/ur5e_ws/install/ur_moveit_config/share/ur_moveit_config/cmake/ur_moveit_configConfig.cmake
[0.830s] -- Installing: /home/ariel/ur5e_ws/install/ur_moveit_config/share/ur_moveit_config/cmake/ur_moveit_configConfig-version.cmake
[0.830s] -- Installing: /home/ariel/ur5e_ws/install/ur_moveit_config/share/ur_moveit_config/package.xml
[0.833s] Invoked command in '/home/ariel/ur5e_ws/build/ur_moveit_config' returned '0': CMAKE_PREFIX_PATH=/home/ariel/ur5e_ws/install/ur_description:/home/ariel/ws_moveit2/install/srdfdom:/home/ariel/ws_moveit2/install/moveit_resources_prbt_support:/home/ariel/ws_moveit2/install/moveit_resources:/home/ariel/ws_moveit2/install/moveit_resources_pr2_description:/home/ariel/ws_moveit2/install/moveit_resources_panda_moveit_config:/home/ariel/ws_moveit2/install/moveit_resources_panda_description:/home/ariel/ws_moveit2/install/moveit_resources_fanuc_moveit_config:/home/ariel/ws_moveit2/install/moveit_resources_fanuc_description:/home/ariel/ws_moveit2/install/moveit_common:/home/ariel/ur5e_ws/install/ur_simulation_gazebo:/home/ariel/ur5e_ws/install/ur:/home/ariel/ur5e_ws/install/ur_calibration:/home/ariel/ur5e_ws/install/ur_robot_driver:/home/ariel/ur5e_ws/install/ur_moveit_config:/home/ariel/ur5e_ws/install/ur_bringup:/home/ariel/ur5e_ws/install/ur5e_moveit_config:/home/ariel/ur5e_ws/install/ur_controllers:/home/ariel/ur5e_ws/install/ur_dashboard_msgs:/home/ariel/ur5e_ws/install/ur5e_moveit_controller:/home/ariel/ur5e_ws/install/moveit_control_pkg:/home/ariel/ws_moveit2/install/launch_param_builder:/home/ariel/ur5e_ws/install/controller_pkg_demo:/opt/ros/humble /usr/bin/cmake --install /home/ariel/ur5e_ws/build/ur_moveit_config
