[0.023s] Invoking command in '/home/ariel/ur5e_ws/build/moveit_control_pkg': CMAKE_PREFIX_PATH=${CMAKE_PREFIX_PATH}:/home/ariel/ws_moveit2/install/moveit_configs_utils:/home/ariel/ws_moveit2/install/launch_param_builder:/home/ariel/ur5e_ws/install/controller_pkg_demo:/opt/ros/humble /usr/bin/cmake --build /home/ariel/ur5e_ws/build/moveit_control_pkg -- -j22 -l22
[0.086s] [35m[1mConsolidate compiler generated dependencies of target cartesian_control[0m
[0.106s] [ 50%] [32mBuilding CXX object CMakeFiles/cartesian_control.dir/src/cartesian_control.cpp.o[0m
[2.798s] [01m[K/home/ariel/ur5e_ws/src/moveit_control_pkg/src/cartesian_control.cpp:[m[K In function ‘[01m[Kint main(int, char**)[m[K’:
[2.798s] [01m[K/home/ariel/ur5e_ws/src/moveit_control_pkg/src/cartesian_control.cpp:50:28:[m[K [01;31m[Kerror: [m[Kredeclaration of ‘[01m[Kconst string PLANNING_GROUP_ARM[m[K’
[2.798s]    50 |   static const std::string [01;31m[KPLANNING_GROUP_ARM[m[K = "ur5e_arm";
[2.798s]       |                            [01;31m[K^~~~~~~~~~~~~~~~~~[m[K
[2.798s] [01m[K/home/ariel/ur5e_ws/src/moveit_control_pkg/src/cartesian_control.cpp:44:28:[m[K [01;36m[Knote: [m[K‘[01m[Kconst string PLANNING_GROUP_ARM[m[K’ previously declared here
[2.798s]    44 |   static const std::string [01;36m[KPLANNING_GROUP_ARM[m[K = "ur5e_arm";
[2.798s]       |                            [01;36m[K^~~~~~~~~~~~~~~~~~[m[K
[2.798s] [01m[K/home/ariel/ur5e_ws/src/moveit_control_pkg/src/cartesian_control.cpp:51:50:[m[K [01;31m[Kerror: [m[Kredeclaration of ‘[01m[Kmoveit::planning_interface::MoveGroupInterface move_group[m[K’
[2.798s]    51 |   moveit::planning_interface::MoveGroupInterface [01;31m[Kmove_group[m[K(move_group_node, PLANNING_GROUP_ARM);
[2.798s]       |                                                  [01;31m[K^~~~~~~~~~[m[K
[2.798s] [01m[K/home/ariel/ur5e_ws/src/moveit_control_pkg/src/cartesian_control.cpp:45:50:[m[K [01;36m[Knote: [m[K‘[01m[Kmoveit::planning_interface::MoveGroupInterface move_group[m[K’ previously declared here
[2.798s]    45 |   moveit::planning_interface::MoveGroupInterface [01;36m[Kmove_group[m[K(move_group_node, PLANNING_GROUP_ARM);
[2.798s]       |                                                  [01;36m[K^~~~~~~~~~[m[K
[4.487s] gmake[2]: *** [CMakeFiles/cartesian_control.dir/build.make:76: CMakeFiles/cartesian_control.dir/src/cartesian_control.cpp.o] Error 1
[4.487s] gmake[1]: *** [CMakeFiles/Makefile2:137: CMakeFiles/cartesian_control.dir/all] Error 2
[4.488s] gmake: *** [Makefile:146: all] Error 2
[4.491s] Invoked command in '/home/ariel/ur5e_ws/build/moveit_control_pkg' returned '2': CMAKE_PREFIX_PATH=${CMAKE_PREFIX_PATH}:/home/ariel/ws_moveit2/install/moveit_configs_utils:/home/ariel/ws_moveit2/install/launch_param_builder:/home/ariel/ur5e_ws/install/controller_pkg_demo:/opt/ros/humble /usr/bin/cmake --build /home/ariel/ur5e_ws/build/moveit_control_pkg -- -j22 -l22
