[0.026s] Invoking command in '/home/ariel/ur5e_ws/build/ur_yt_sim': CMAKE_PREFIX_PATH=${CMAKE_PREFIX_PATH}:/home/ariel/ws_moveit2/install/moveit_configs_utils:/home/ariel/ws_moveit2/install/launch_param_builder:/home/ariel/ur5e_ws/install/controller_pkg_demo:/opt/ros/humble /usr/bin/cmake --build /home/ariel/ur5e_ws/build/ur_yt_sim -- -j22 -l22
[0.065s] Invoked command in '/home/ariel/ur5e_ws/build/ur_yt_sim' returned '0': CMAKE_PREFIX_PATH=${CMAKE_PREFIX_PATH}:/home/ariel/ws_moveit2/install/moveit_configs_utils:/home/ariel/ws_moveit2/install/launch_param_builder:/home/ariel/ur5e_ws/install/controller_pkg_demo:/opt/ros/humble /usr/bin/cmake --build /home/ariel/ur5e_ws/build/ur_yt_sim -- -j22 -l22
[0.067s] Invoking command in '/home/ariel/ur5e_ws/build/ur_yt_sim': CMAKE_PREFIX_PATH=${CMAKE_PREFIX_PATH}:/home/ariel/ws_moveit2/install/moveit_configs_utils:/home/ariel/ws_moveit2/install/launch_param_builder:/home/ariel/ur5e_ws/install/controller_pkg_demo:/opt/ros/humble /usr/bin/cmake --install /home/ariel/ur5e_ws/build/ur_yt_sim
[0.077s] -- Install configuration: ""
[0.077s] -- Up-to-date: /home/ariel/ur5e_ws/install/ur_yt_sim/share/ur_yt_sim/launch
[0.077s] -- Up-to-date: /home/ariel/ur5e_ws/install/ur_yt_sim/share/ur_yt_sim/launch/spawn_ur5_camera_moveit.launch.py
[0.079s] -- Up-to-date: /home/ariel/ur5e_ws/install/ur_yt_sim/share/ur_yt_sim/launch/view_ur5_camera.launch.py
[0.080s] -- Up-to-date: /home/ariel/ur5e_ws/install/ur_yt_sim/share/ur_yt_sim/launch/view_ur5_camera_gripper.launch.py
[0.080s] -- Up-to-date: /home/ariel/ur5e_ws/install/ur_yt_sim/share/ur_yt_sim/launch/spawn_ur5_camera.launch.py
[0.080s] -- Up-to-date: /home/ariel/ur5e_ws/install/ur_yt_sim/share/ur_yt_sim/launch/spawn_ur5_camera_gripper_moveit.launch.py
[0.080s] -- Up-to-date: /home/ariel/ur5e_ws/install/ur_yt_sim/share/ur_yt_sim/launch/spawn_ur5_camera_gripper.launch.py
[0.080s] -- Up-to-date: /home/ariel/ur5e_ws/install/ur_yt_sim/share/ur_yt_sim/urdf
[0.080s] -- Up-to-date: /home/ariel/ur5e_ws/install/ur_yt_sim/share/ur_yt_sim/urdf/ur5_camera_gripper.urdf.xacro
[0.080s] -- Up-to-date: /home/ariel/ur5e_ws/install/ur_yt_sim/share/ur_yt_sim/urdf/robotiq_gripper.ros2_control.xacro
[0.080s] -- Up-to-date: /home/ariel/ur5e_ws/install/ur_yt_sim/share/ur_yt_sim/urdf/robotiq_gripper_macro.xacro
[0.080s] -- Up-to-date: /home/ariel/ur5e_ws/install/ur_yt_sim/share/ur_yt_sim/urdf/ur5_camera.urdf.xacro
[0.080s] -- Up-to-date: /home/ariel/ur5e_ws/install/ur_yt_sim/share/ur_yt_sim/urdf/camera.xacro
[0.080s] -- Up-to-date: /home/ariel/ur5e_ws/install/ur_yt_sim/share/ur_yt_sim/urdf/ur5_camera_gripper.urdf
[0.080s] -- Up-to-date: /home/ariel/ur5e_ws/install/ur_yt_sim/share/ur_yt_sim/urdf/ur5_camera_gripper (copy).urdf
[0.081s] -- Up-to-date: /home/ariel/ur5e_ws/install/ur_yt_sim/share/ur_yt_sim/urdf/ur5.ros2_control.xacro
[0.081s] -- Up-to-date: /home/ariel/ur5e_ws/install/ur_yt_sim/share/ur_yt_sim/urdf/ur5_macro.xacro
[0.081s] -- Up-to-date: /home/ariel/ur5e_ws/install/ur_yt_sim/share/ur_yt_sim/config
[0.081s] -- Up-to-date: /home/ariel/ur5e_ws/install/ur_yt_sim/share/ur_yt_sim/config/ur5_controllers.yaml
[0.081s] -- Up-to-date: /home/ariel/ur5e_ws/install/ur_yt_sim/share/ur_yt_sim/config/initial_positions.yaml
[0.081s] -- Up-to-date: /home/ariel/ur5e_ws/install/ur_yt_sim/share/ur_yt_sim/config/ur5_controllers_gripper.yaml
[0.081s] -- Up-to-date: /home/ariel/ur5e_ws/install/ur_yt_sim/share/ur_yt_sim/meshes
[0.081s] -- Up-to-date: /home/ariel/ur5e_ws/install/ur_yt_sim/share/ur_yt_sim/meshes/sensors
[0.081s] -- Up-to-date: /home/ariel/ur5e_ws/install/ur_yt_sim/share/ur_yt_sim/meshes/sensors/camera
[0.081s] -- Up-to-date: /home/ariel/ur5e_ws/install/ur_yt_sim/share/ur_yt_sim/meshes/sensors/camera/kinetic.dae
[0.081s] -- Up-to-date: /home/ariel/ur5e_ws/install/ur_yt_sim/share/ur_yt_sim/meshes/sensors/camera/kinetic.stl
[0.081s] -- Up-to-date: /home/ariel/ur5e_ws/install/ur_yt_sim/share/ur_yt_sim/meshes/sensors/camera/kinetic.png
[0.081s] -- Up-to-date: /home/ariel/ur5e_ws/install/ur_yt_sim/share/ur_yt_sim/worlds
[0.081s] -- Up-to-date: /home/ariel/ur5e_ws/install/ur_yt_sim/share/ur_yt_sim/rviz
[0.081s] -- Up-to-date: /home/ariel/ur5e_ws/install/ur_yt_sim/share/ur_yt_sim/rviz/config_ur5_robotiq.rviz
[0.081s] -- Up-to-date: /home/ariel/ur5e_ws/install/ur_yt_sim/share/ur_yt_sim/rviz/view_ur5_camera.rviz
[0.081s] -- Up-to-date: /home/ariel/ur5e_ws/install/ur_yt_sim/share/ament_index/resource_index/package_run_dependencies/ur_yt_sim
[0.081s] -- Up-to-date: /home/ariel/ur5e_ws/install/ur_yt_sim/share/ament_index/resource_index/parent_prefix_path/ur_yt_sim
[0.082s] -- Up-to-date: /home/ariel/ur5e_ws/install/ur_yt_sim/share/ur_yt_sim/environment/ament_prefix_path.sh
[0.082s] -- Up-to-date: /home/ariel/ur5e_ws/install/ur_yt_sim/share/ur_yt_sim/environment/ament_prefix_path.dsv
[0.082s] -- Up-to-date: /home/ariel/ur5e_ws/install/ur_yt_sim/share/ur_yt_sim/environment/path.sh
[0.082s] -- Up-to-date: /home/ariel/ur5e_ws/install/ur_yt_sim/share/ur_yt_sim/environment/path.dsv
[0.082s] -- Up-to-date: /home/ariel/ur5e_ws/install/ur_yt_sim/share/ur_yt_sim/local_setup.bash
[0.082s] -- Up-to-date: /home/ariel/ur5e_ws/install/ur_yt_sim/share/ur_yt_sim/local_setup.sh
[0.082s] -- Up-to-date: /home/ariel/ur5e_ws/install/ur_yt_sim/share/ur_yt_sim/local_setup.zsh
[0.082s] -- Up-to-date: /home/ariel/ur5e_ws/install/ur_yt_sim/share/ur_yt_sim/local_setup.dsv
[0.082s] -- Installing: /home/ariel/ur5e_ws/install/ur_yt_sim/share/ur_yt_sim/package.dsv
[0.083s] -- Up-to-date: /home/ariel/ur5e_ws/install/ur_yt_sim/share/ament_index/resource_index/packages/ur_yt_sim
[0.083s] -- Up-to-date: /home/ariel/ur5e_ws/install/ur_yt_sim/share/ur_yt_sim/cmake/ur_yt_simConfig.cmake
[0.083s] -- Up-to-date: /home/ariel/ur5e_ws/install/ur_yt_sim/share/ur_yt_sim/cmake/ur_yt_simConfig-version.cmake
[0.083s] -- Up-to-date: /home/ariel/ur5e_ws/install/ur_yt_sim/share/ur_yt_sim/package.xml
[0.084s] Invoked command in '/home/ariel/ur5e_ws/build/ur_yt_sim' returned '0': CMAKE_PREFIX_PATH=${CMAKE_PREFIX_PATH}:/home/ariel/ws_moveit2/install/moveit_configs_utils:/home/ariel/ws_moveit2/install/launch_param_builder:/home/ariel/ur5e_ws/install/controller_pkg_demo:/opt/ros/humble /usr/bin/cmake --install /home/ariel/ur5e_ws/build/ur_yt_sim
