[0.010s] Invoking command in '/home/ariel/ur5e_ws/build/ur_robot_driver': CMAKE_PREFIX_PATH=/home/ariel/ur5e_ws/install/ur_controllers:/home/ariel/ur5e_ws/install/ur_description:/home/ariel/ur5e_ws/install/ur_dashboard_msgs:/home/ariel/ws_moveit2/install/srdfdom:/home/ariel/ws_moveit2/install/moveit_resources_prbt_support:/home/ariel/ws_moveit2/install/moveit_resources:/home/ariel/ws_moveit2/install/moveit_resources_pr2_description:/home/ariel/ws_moveit2/install/moveit_resources_panda_moveit_config:/home/ariel/ws_moveit2/install/moveit_resources_panda_description:/home/ariel/ws_moveit2/install/moveit_resources_fanuc_moveit_config:/home/ariel/ws_moveit2/install/moveit_resources_fanuc_description:/home/ariel/ws_moveit2/install/moveit_common:/home/ariel/ur5e_ws/install/ur_simulation_gazebo:/home/ariel/ur5e_ws/install/ur:/home/ariel/ur5e_ws/install/ur_calibration:/home/ariel/ur5e_ws/install/ur_robot_driver:/home/ariel/ur5e_ws/install/ur_moveit_config:/home/ariel/ur5e_ws/install/ur_bringup:/home/ariel/ur5e_ws/install/ur5e_moveit_config:/home/ariel/ur5e_ws/install/ur5e_moveit_controller:/home/ariel/ur5e_ws/install/moveit_control_pkg:/home/ariel/ws_moveit2/install/launch_param_builder:/home/ariel/ur5e_ws/install/controller_pkg_demo:/opt/ros/humble LD_LIBRARY_PATH=/home/ariel/ur5e_ws/install/ur_controllers/lib:/home/ariel/ur5e_ws/install/ur_dashboard_msgs/lib:/home/ariel/ws_moveit2/install/srdfdom/lib:/home/ariel/ur5e_ws/install/ur_robot_driver/lib:/opt/ros/humble/opt/rviz_ogre_vendor/lib:/opt/ros/humble/lib/x86_64-linux-gnu:/opt/ros/humble/lib:/usr/local/cuda-12.2/lib64:/home/ariel/.mujoco/mujoco210/bin:/usr/lib/nvidia:/home/ariel/.mujoco/mujoco210/bin /usr/bin/cmake /home/ariel/ur5e_ws/src/Universal_Robots_ROS2_Driver/ur_robot_driver -DCMAKE_INSTALL_PREFIX=/home/ariel/ur5e_ws/install/ur_robot_driver
[0.049s] -- The C compiler identification is GNU 11.4.0
[0.086s] -- The CXX compiler identification is GNU 11.4.0
[0.092s] -- Detecting C compiler ABI info
[0.142s] -- Detecting C compiler ABI info - done
[0.146s] -- Check for working C compiler: /usr/bin/cc - skipped
[0.146s] -- Detecting C compile features
[0.146s] -- Detecting C compile features - done
[0.148s] -- Detecting CXX compiler ABI info
[0.200s] -- Detecting CXX compiler ABI info - done
[0.206s] -- Check for working CXX compiler: /usr/bin/c++ - skipped
[0.206s] -- Detecting CXX compile features
[0.207s] -- Detecting CXX compile features - done
[0.207s] [0mur_robot_driver: You did not request a specific build type: selecting 'RelWithDebInfo'.[0m
[0.210s] -- Found ament_cmake: 1.3.11 (/opt/ros/humble/share/ament_cmake/cmake)
[0.310s] -- Found Python3: /usr/bin/python3 (found version "3.10.12") found components: Interpreter 
[0.371s] -- Found controller_manager: 2.51.0 (/opt/ros/humble/share/controller_manager/cmake)
[0.404s] -- Found rosidl_generator_c: 3.1.6 (/opt/ros/humble/share/rosidl_generator_c/cmake)
[0.407s] -- Found rosidl_adapter: 3.1.6 (/opt/ros/humble/share/rosidl_adapter/cmake)
[0.413s] -- Found rosidl_generator_cpp: 3.1.6 (/opt/ros/humble/share/rosidl_generator_cpp/cmake)
[0.420s] -- Using all available rosidl_typesupport_c: rosidl_typesupport_fastrtps_c;rosidl_typesupport_introspection_c
[0.431s] -- Using all available rosidl_typesupport_cpp: rosidl_typesupport_fastrtps_cpp;rosidl_typesupport_introspection_cpp
[0.559s] -- Found rmw_implementation_cmake: 6.1.2 (/opt/ros/humble/share/rmw_implementation_cmake/cmake)
[0.561s] -- Found rmw_cyclonedds_cpp: 1.3.4 (/opt/ros/humble/share/rmw_cyclonedds_cpp/cmake)
[0.575s] -- Using RMW implementation 'rmw_cyclonedds_cpp' as default
[0.581s] -- Looking for pthread.h
[0.651s] -- Looking for pthread.h - found
[0.651s] -- Performing Test CMAKE_HAVE_LIBC_PTHREAD
[0.732s] -- Performing Test CMAKE_HAVE_LIBC_PTHREAD - Success
[0.734s] -- Found Threads: TRUE  
[0.795s] -- Found rclpy: 3.3.16 (/opt/ros/humble/share/rclpy/cmake)
[0.796s] -- Found std_srvs: 4.9.0 (/opt/ros/humble/share/std_srvs/cmake)
[0.802s] -- Found tf2_geometry_msgs: 0.25.13 (/opt/ros/humble/share/tf2_geometry_msgs/cmake)
[0.812s] -- Found eigen3_cmake_module: 0.1.1 (/opt/ros/humble/share/eigen3_cmake_module/cmake)
[0.813s] -- Found Eigen3: TRUE (found version "3.4.0") 
[0.813s] -- Ensuring Eigen3 include directory is part of orocos-kdl CMake target
[0.849s] -- Found ur_dashboard_msgs: 2.8.1 (/home/ariel/ur5e_ws/install/ur_dashboard_msgs/share/ur_dashboard_msgs/cmake)
[0.860s] -- Found ur_msgs: 2.2.0 (/opt/ros/humble/share/ur_msgs/cmake)
[1.121s] -- Found ur_controllers: 2.8.1 (/home/ariel/ur5e_ws/install/ur_controllers/share/ur_controllers/cmake)
[1.184s] -- Found ur_description: 2.6.0 (/home/ariel/ur5e_ws/install/ur_description/share/ur_description/cmake)
[1.185s] -- Found launch_testing_ament_cmake: 1.0.9 (/opt/ros/humble/share/launch_testing_ament_cmake/cmake)
[1.187s] -- Found python_cmake_module: 0.10.0 (/opt/ros/humble/share/python_cmake_module/cmake)
[1.207s] -- Found PythonInterp: /usr/bin/python3 (found suitable version "3.10.12", minimum required is "3.6") 
[1.210s] -- Found PythonLibs: /usr/lib/x86_64-linux-gnu/libpython3.10.so (found suitable version "3.10.12", minimum required is "3.5") 
[1.211s] -- Using PYTHON_EXECUTABLE: /usr/bin/python3
[1.211s] -- Using PYTHON_INCLUDE_DIRS: /usr/include/python3.10
[1.211s] -- Using PYTHON_LIBRARIES: /usr/lib/x86_64-linux-gnu/libpython3.10.so
[1.230s] -- Found PythonExtra: .so  
[1.230s] -- Configuring done
[1.292s] -- Generating done
[1.305s] -- Build files have been written to: /home/ariel/ur5e_ws/build/ur_robot_driver
[1.314s] Invoked command in '/home/ariel/ur5e_ws/build/ur_robot_driver' returned '0': CMAKE_PREFIX_PATH=/home/ariel/ur5e_ws/install/ur_controllers:/home/ariel/ur5e_ws/install/ur_description:/home/ariel/ur5e_ws/install/ur_dashboard_msgs:/home/ariel/ws_moveit2/install/srdfdom:/home/ariel/ws_moveit2/install/moveit_resources_prbt_support:/home/ariel/ws_moveit2/install/moveit_resources:/home/ariel/ws_moveit2/install/moveit_resources_pr2_description:/home/ariel/ws_moveit2/install/moveit_resources_panda_moveit_config:/home/ariel/ws_moveit2/install/moveit_resources_panda_description:/home/ariel/ws_moveit2/install/moveit_resources_fanuc_moveit_config:/home/ariel/ws_moveit2/install/moveit_resources_fanuc_description:/home/ariel/ws_moveit2/install/moveit_common:/home/ariel/ur5e_ws/install/ur_simulation_gazebo:/home/ariel/ur5e_ws/install/ur:/home/ariel/ur5e_ws/install/ur_calibration:/home/ariel/ur5e_ws/install/ur_robot_driver:/home/ariel/ur5e_ws/install/ur_moveit_config:/home/ariel/ur5e_ws/install/ur_bringup:/home/ariel/ur5e_ws/install/ur5e_moveit_config:/home/ariel/ur5e_ws/install/ur5e_moveit_controller:/home/ariel/ur5e_ws/install/moveit_control_pkg:/home/ariel/ws_moveit2/install/launch_param_builder:/home/ariel/ur5e_ws/install/controller_pkg_demo:/opt/ros/humble LD_LIBRARY_PATH=/home/ariel/ur5e_ws/install/ur_controllers/lib:/home/ariel/ur5e_ws/install/ur_dashboard_msgs/lib:/home/ariel/ws_moveit2/install/srdfdom/lib:/home/ariel/ur5e_ws/install/ur_robot_driver/lib:/opt/ros/humble/opt/rviz_ogre_vendor/lib:/opt/ros/humble/lib/x86_64-linux-gnu:/opt/ros/humble/lib:/usr/local/cuda-12.2/lib64:/home/ariel/.mujoco/mujoco210/bin:/usr/lib/nvidia:/home/ariel/.mujoco/mujoco210/bin /usr/bin/cmake /home/ariel/ur5e_ws/src/Universal_Robots_ROS2_Driver/ur_robot_driver -DCMAKE_INSTALL_PREFIX=/home/ariel/ur5e_ws/install/ur_robot_driver
[1.315s] Invoking command in '/home/ariel/ur5e_ws/build/ur_robot_driver': CMAKE_PREFIX_PATH=/home/ariel/ur5e_ws/install/ur_controllers:/home/ariel/ur5e_ws/install/ur_description:/home/ariel/ur5e_ws/install/ur_dashboard_msgs:/home/ariel/ws_moveit2/install/srdfdom:/home/ariel/ws_moveit2/install/moveit_resources_prbt_support:/home/ariel/ws_moveit2/install/moveit_resources:/home/ariel/ws_moveit2/install/moveit_resources_pr2_description:/home/ariel/ws_moveit2/install/moveit_resources_panda_moveit_config:/home/ariel/ws_moveit2/install/moveit_resources_panda_description:/home/ariel/ws_moveit2/install/moveit_resources_fanuc_moveit_config:/home/ariel/ws_moveit2/install/moveit_resources_fanuc_description:/home/ariel/ws_moveit2/install/moveit_common:/home/ariel/ur5e_ws/install/ur_simulation_gazebo:/home/ariel/ur5e_ws/install/ur:/home/ariel/ur5e_ws/install/ur_calibration:/home/ariel/ur5e_ws/install/ur_robot_driver:/home/ariel/ur5e_ws/install/ur_moveit_config:/home/ariel/ur5e_ws/install/ur_bringup:/home/ariel/ur5e_ws/install/ur5e_moveit_config:/home/ariel/ur5e_ws/install/ur5e_moveit_controller:/home/ariel/ur5e_ws/install/moveit_control_pkg:/home/ariel/ws_moveit2/install/launch_param_builder:/home/ariel/ur5e_ws/install/controller_pkg_demo:/opt/ros/humble LD_LIBRARY_PATH=/home/ariel/ur5e_ws/install/ur_controllers/lib:/home/ariel/ur5e_ws/install/ur_dashboard_msgs/lib:/home/ariel/ws_moveit2/install/srdfdom/lib:/home/ariel/ur5e_ws/install/ur_robot_driver/lib:/opt/ros/humble/opt/rviz_ogre_vendor/lib:/opt/ros/humble/lib/x86_64-linux-gnu:/opt/ros/humble/lib:/usr/local/cuda-12.2/lib64:/home/ariel/.mujoco/mujoco210/bin:/usr/lib/nvidia:/home/ariel/.mujoco/mujoco210/bin /usr/bin/cmake --build /home/ariel/ur5e_ws/build/ur_robot_driver -- -j22 -l22
[1.355s] [  5%] [32mBuilding CXX object CMakeFiles/ur_robot_driver_plugin.dir/src/dashboard_client_ros.cpp.o[0m
[1.355s] [ 10%] [32mBuilding CXX object CMakeFiles/urscript_interface.dir/src/urscript_interface.cpp.o[0m
[1.355s] [ 15%] [32mBuilding CXX object CMakeFiles/ur_ros2_control_node.dir/src/ur_ros2_control_node.cpp.o[0m
[1.355s] [ 25%] [32mBuilding CXX object CMakeFiles/ur_robot_driver_plugin.dir/src/hardware_interface.cpp.o[0m
[1.356s] [ 25%] [32mBuilding CXX object CMakeFiles/controller_stopper_node.dir/src/controller_stopper.cpp.o[0m
[1.356s] [ 30%] [32mBuilding CXX object CMakeFiles/controller_stopper_node.dir/src/controller_stopper_node.cpp.o[0m
[1.357s] [ 35%] [32mBuilding CXX object CMakeFiles/robot_state_helper.dir/src/urcl_log_handler.cpp.o[0m
[1.358s] [ 50%] [32mBuilding CXX object CMakeFiles/robot_state_helper.dir/src/robot_state_helper.cpp.o[0m
[1.358s] [ 50%] [32mBuilding CXX object CMakeFiles/robot_state_helper.dir/src/robot_state_helper_node.cpp.o[0m
[1.358s] [ 60%] [32mBuilding CXX object CMakeFiles/dashboard_client.dir/src/dashboard_client_ros.cpp.o[0m
[1.358s] [ 50%] [32mBuilding CXX object CMakeFiles/ur_robot_driver_plugin.dir/src/urcl_log_handler.cpp.o[0m
[1.358s] [ 65%] [32mBuilding CXX object CMakeFiles/dashboard_client.dir/src/dashboard_client_node.cpp.o[0m
[1.358s] [ 65%] [32mBuilding CXX object CMakeFiles/ur_robot_driver_plugin.dir/src/robot_state_helper.cpp.o[0m
[1.359s] [ 70%] [32mBuilding CXX object CMakeFiles/dashboard_client.dir/src/urcl_log_handler.cpp.o[0m
[1.363s] [ 70%] Built target ament_cmake_python_copy_ur_robot_driver
[1.539s] running egg_info
[1.540s] creating ur_robot_driver.egg-info
[1.540s] writing ur_robot_driver.egg-info/PKG-INFO
[1.540s] writing dependency_links to ur_robot_driver.egg-info/dependency_links.txt
[1.540s] writing top-level names to ur_robot_driver.egg-info/top_level.txt
[1.540s] writing manifest file 'ur_robot_driver.egg-info/SOURCES.txt'
[1.542s] reading manifest file 'ur_robot_driver.egg-info/SOURCES.txt'
[1.542s] writing manifest file 'ur_robot_driver.egg-info/SOURCES.txt'
[1.564s] [ 70%] Built target ament_cmake_python_build_ur_robot_driver_egg
[8.293s] [ 75%] [32m[1mLinking CXX executable ur_ros2_control_node[0m
[8.456s] [ 75%] Built target ur_ros2_control_node
[15.789s] [ 80%] [32m[1mLinking CXX executable urscript_interface[0m
[16.080s] [ 80%] Built target urscript_interface
[17.860s] [ 85%] [32m[1mLinking CXX executable controller_stopper_node[0m
[18.143s] [ 85%] Built target controller_stopper_node
[20.729s] [ 90%] [32m[1mLinking CXX executable dashboard_client[0m
[21.034s] [ 90%] Built target dashboard_client
[27.074s] [ 95%] [32m[1mLinking CXX executable robot_state_helper[0m
[27.467s] [ 95%] Built target robot_state_helper
[27.534s] [100%] [32m[1mLinking CXX shared library libur_robot_driver_plugin.so[0m
[28.019s] [100%] Built target ur_robot_driver_plugin
[28.030s] Invoked command in '/home/ariel/ur5e_ws/build/ur_robot_driver' returned '0': CMAKE_PREFIX_PATH=/home/ariel/ur5e_ws/install/ur_controllers:/home/ariel/ur5e_ws/install/ur_description:/home/ariel/ur5e_ws/install/ur_dashboard_msgs:/home/ariel/ws_moveit2/install/srdfdom:/home/ariel/ws_moveit2/install/moveit_resources_prbt_support:/home/ariel/ws_moveit2/install/moveit_resources:/home/ariel/ws_moveit2/install/moveit_resources_pr2_description:/home/ariel/ws_moveit2/install/moveit_resources_panda_moveit_config:/home/ariel/ws_moveit2/install/moveit_resources_panda_description:/home/ariel/ws_moveit2/install/moveit_resources_fanuc_moveit_config:/home/ariel/ws_moveit2/install/moveit_resources_fanuc_description:/home/ariel/ws_moveit2/install/moveit_common:/home/ariel/ur5e_ws/install/ur_simulation_gazebo:/home/ariel/ur5e_ws/install/ur:/home/ariel/ur5e_ws/install/ur_calibration:/home/ariel/ur5e_ws/install/ur_robot_driver:/home/ariel/ur5e_ws/install/ur_moveit_config:/home/ariel/ur5e_ws/install/ur_bringup:/home/ariel/ur5e_ws/install/ur5e_moveit_config:/home/ariel/ur5e_ws/install/ur5e_moveit_controller:/home/ariel/ur5e_ws/install/moveit_control_pkg:/home/ariel/ws_moveit2/install/launch_param_builder:/home/ariel/ur5e_ws/install/controller_pkg_demo:/opt/ros/humble LD_LIBRARY_PATH=/home/ariel/ur5e_ws/install/ur_controllers/lib:/home/ariel/ur5e_ws/install/ur_dashboard_msgs/lib:/home/ariel/ws_moveit2/install/srdfdom/lib:/home/ariel/ur5e_ws/install/ur_robot_driver/lib:/opt/ros/humble/opt/rviz_ogre_vendor/lib:/opt/ros/humble/lib/x86_64-linux-gnu:/opt/ros/humble/lib:/usr/local/cuda-12.2/lib64:/home/ariel/.mujoco/mujoco210/bin:/usr/lib/nvidia:/home/ariel/.mujoco/mujoco210/bin /usr/bin/cmake --build /home/ariel/ur5e_ws/build/ur_robot_driver -- -j22 -l22
[28.032s] Invoking command in '/home/ariel/ur5e_ws/build/ur_robot_driver': CMAKE_PREFIX_PATH=/home/ariel/ur5e_ws/install/ur_controllers:/home/ariel/ur5e_ws/install/ur_description:/home/ariel/ur5e_ws/install/ur_dashboard_msgs:/home/ariel/ws_moveit2/install/srdfdom:/home/ariel/ws_moveit2/install/moveit_resources_prbt_support:/home/ariel/ws_moveit2/install/moveit_resources:/home/ariel/ws_moveit2/install/moveit_resources_pr2_description:/home/ariel/ws_moveit2/install/moveit_resources_panda_moveit_config:/home/ariel/ws_moveit2/install/moveit_resources_panda_description:/home/ariel/ws_moveit2/install/moveit_resources_fanuc_moveit_config:/home/ariel/ws_moveit2/install/moveit_resources_fanuc_description:/home/ariel/ws_moveit2/install/moveit_common:/home/ariel/ur5e_ws/install/ur_simulation_gazebo:/home/ariel/ur5e_ws/install/ur:/home/ariel/ur5e_ws/install/ur_calibration:/home/ariel/ur5e_ws/install/ur_robot_driver:/home/ariel/ur5e_ws/install/ur_moveit_config:/home/ariel/ur5e_ws/install/ur_bringup:/home/ariel/ur5e_ws/install/ur5e_moveit_config:/home/ariel/ur5e_ws/install/ur5e_moveit_controller:/home/ariel/ur5e_ws/install/moveit_control_pkg:/home/ariel/ws_moveit2/install/launch_param_builder:/home/ariel/ur5e_ws/install/controller_pkg_demo:/opt/ros/humble LD_LIBRARY_PATH=/home/ariel/ur5e_ws/install/ur_controllers/lib:/home/ariel/ur5e_ws/install/ur_dashboard_msgs/lib:/home/ariel/ws_moveit2/install/srdfdom/lib:/home/ariel/ur5e_ws/install/ur_robot_driver/lib:/opt/ros/humble/opt/rviz_ogre_vendor/lib:/opt/ros/humble/lib/x86_64-linux-gnu:/opt/ros/humble/lib:/usr/local/cuda-12.2/lib64:/home/ariel/.mujoco/mujoco210/bin:/usr/lib/nvidia:/home/ariel/.mujoco/mujoco210/bin /usr/bin/cmake --install /home/ariel/ur5e_ws/build/ur_robot_driver
[28.039s] -- Install configuration: "RelWithDebInfo"
[28.039s] -- Installing: /home/ariel/ur5e_ws/install/ur_robot_driver/share/ur_robot_driver/hardware_interface_plugin.xml
[28.039s] -- Installing: /home/ariel/ur5e_ws/install/ur_robot_driver/lib/ur_robot_driver/dashboard_client
[28.048s] -- Set runtime path of "/home/ariel/ur5e_ws/install/ur_robot_driver/lib/ur_robot_driver/dashboard_client" to ""
[28.048s] -- Installing: /home/ariel/ur5e_ws/install/ur_robot_driver/lib/ur_robot_driver/ur_ros2_control_node
[28.048s] -- Set runtime path of "/home/ariel/ur5e_ws/install/ur_robot_driver/lib/ur_robot_driver/ur_ros2_control_node" to ""
[28.048s] -- Installing: /home/ariel/ur5e_ws/install/ur_robot_driver/lib/ur_robot_driver/controller_stopper_node
[28.055s] -- Set runtime path of "/home/ariel/ur5e_ws/install/ur_robot_driver/lib/ur_robot_driver/controller_stopper_node" to ""
[28.055s] -- Installing: /home/ariel/ur5e_ws/install/ur_robot_driver/lib/ur_robot_driver/urscript_interface
[28.059s] -- Set runtime path of "/home/ariel/ur5e_ws/install/ur_robot_driver/lib/ur_robot_driver/urscript_interface" to ""
[28.059s] -- Installing: /home/ariel/ur5e_ws/install/ur_robot_driver/lib/ur_robot_driver/robot_state_helper
[28.072s] -- Set runtime path of "/home/ariel/ur5e_ws/install/ur_robot_driver/lib/ur_robot_driver/robot_state_helper" to ""
[28.072s] -- Installing: /home/ariel/ur5e_ws/install/ur_robot_driver/lib/libur_robot_driver_plugin.so
[28.092s] -- Set runtime path of "/home/ariel/ur5e_ws/install/ur_robot_driver/lib/libur_robot_driver_plugin.so" to ""
[28.092s] -- Installing: /home/ariel/ur5e_ws/install/ur_robot_driver/include
[28.092s] -- Installing: /home/ariel/ur5e_ws/install/ur_robot_driver/include/ur_robot_driver
[28.092s] -- Installing: /home/ariel/ur5e_ws/install/ur_robot_driver/include/ur_robot_driver/hardware_interface.hpp
[28.092s] -- Installing: /home/ariel/ur5e_ws/install/ur_robot_driver/include/ur_robot_driver/controller_stopper.hpp
[28.092s] -- Installing: /home/ariel/ur5e_ws/install/ur_robot_driver/include/ur_robot_driver/urcl_log_handler.hpp
[28.092s] -- Installing: /home/ariel/ur5e_ws/install/ur_robot_driver/include/ur_robot_driver/robot_state_helper.hpp
[28.093s] -- Installing: /home/ariel/ur5e_ws/install/ur_robot_driver/include/ur_robot_driver/dashboard_client_ros.hpp
[28.093s] -- Installing: /home/ariel/ur5e_ws/install/ur_robot_driver/share/ur_robot_driver/environment/library_path.sh
[28.093s] -- Installing: /home/ariel/ur5e_ws/install/ur_robot_driver/share/ur_robot_driver/environment/library_path.dsv
[28.093s] -- Installing: /home/ariel/ur5e_ws/install/ur_robot_driver/share/ur_robot_driver/resources
[28.093s] -- Installing: /home/ariel/ur5e_ws/install/ur_robot_driver/share/ur_robot_driver/resources/externalcontrol-1.0.5.urcap
[28.093s] -- Installing: /home/ariel/ur5e_ws/install/ur_robot_driver/share/ur_robot_driver/resources/rtde_input_recipe.txt
[28.093s] -- Installing: /home/ariel/ur5e_ws/install/ur_robot_driver/share/ur_robot_driver/resources/rtde_output_recipe.txt
[28.093s] -- Installing: /home/ariel/ur5e_ws/install/ur_robot_driver/share/ur_robot_driver/resources/rs485-1.0.urcap
[28.093s] -- Installing: /home/ariel/ur5e_ws/install/ur_robot_driver/share/ur_robot_driver/resources/ros_control.urscript
[28.093s] -- Up-to-date: /home/ariel/ur5e_ws/install/ur_robot_driver/include
[28.093s] -- Up-to-date: /home/ariel/ur5e_ws/install/ur_robot_driver/include/ur_robot_driver
[28.093s] -- Up-to-date: /home/ariel/ur5e_ws/install/ur_robot_driver/include/ur_robot_driver/hardware_interface.hpp
[28.093s] -- Up-to-date: /home/ariel/ur5e_ws/install/ur_robot_driver/include/ur_robot_driver/controller_stopper.hpp
[28.093s] -- Up-to-date: /home/ariel/ur5e_ws/install/ur_robot_driver/include/ur_robot_driver/urcl_log_handler.hpp
[28.093s] -- Up-to-date: /home/ariel/ur5e_ws/install/ur_robot_driver/include/ur_robot_driver/robot_state_helper.hpp
[28.093s] -- Up-to-date: /home/ariel/ur5e_ws/install/ur_robot_driver/include/ur_robot_driver/dashboard_client_ros.hpp
[28.093s] -- Installing: /home/ariel/ur5e_ws/install/ur_robot_driver/share/ur_robot_driver/environment/pythonpath.sh
[28.093s] -- Installing: /home/ariel/ur5e_ws/install/ur_robot_driver/share/ur_robot_driver/environment/pythonpath.dsv
[28.093s] -- Installing: /home/ariel/ur5e_ws/install/ur_robot_driver/local/lib/python3.10/dist-packages/ur_robot_driver-2.8.1-py3.10.egg-info
[28.093s] -- Installing: /home/ariel/ur5e_ws/install/ur_robot_driver/local/lib/python3.10/dist-packages/ur_robot_driver-2.8.1-py3.10.egg-info/SOURCES.txt
[28.093s] -- Installing: /home/ariel/ur5e_ws/install/ur_robot_driver/local/lib/python3.10/dist-packages/ur_robot_driver-2.8.1-py3.10.egg-info/dependency_links.txt
[28.093s] -- Installing: /home/ariel/ur5e_ws/install/ur_robot_driver/local/lib/python3.10/dist-packages/ur_robot_driver-2.8.1-py3.10.egg-info/PKG-INFO
[28.093s] -- Installing: /home/ariel/ur5e_ws/install/ur_robot_driver/local/lib/python3.10/dist-packages/ur_robot_driver-2.8.1-py3.10.egg-info/top_level.txt
[28.094s] -- Installing: /home/ariel/ur5e_ws/install/ur_robot_driver/local/lib/python3.10/dist-packages/ur_robot_driver
[28.094s] -- Installing: /home/ariel/ur5e_ws/install/ur_robot_driver/local/lib/python3.10/dist-packages/ur_robot_driver/__init__.py
[28.118s] Listing '/home/ariel/ur5e_ws/install/ur_robot_driver/local/lib/python3.10/dist-packages/ur_robot_driver'...
[28.118s] Compiling '/home/ariel/ur5e_ws/install/ur_robot_driver/local/lib/python3.10/dist-packages/ur_robot_driver/__init__.py'...
[28.120s] -- Installing: /home/ariel/ur5e_ws/install/ur_robot_driver/lib/ur_robot_driver/tool_communication.py
[28.120s] -- Installing: /home/ariel/ur5e_ws/install/ur_robot_driver/lib/ur_robot_driver/example_move.py
[28.120s] -- Installing: /home/ariel/ur5e_ws/install/ur_robot_driver/lib/ur_robot_driver/start_ursim.sh
[28.120s] -- Installing: /home/ariel/ur5e_ws/install/ur_robot_driver/lib/ur_robot_driver/examples.py
[28.120s] -- Installing: /home/ariel/ur5e_ws/install/ur_robot_driver/lib/ur_robot_driver/force_mode.py
[28.120s] -- Installing: /home/ariel/ur5e_ws/install/ur_robot_driver/bin/wait_dashboard_server.sh
[28.121s] -- Up-to-date: /home/ariel/ur5e_ws/install/ur_robot_driver/lib/ur_robot_driver/start_ursim.sh
[28.121s] -- Installing: /home/ariel/ur5e_ws/install/ur_robot_driver/share/ur_robot_driver/config
[28.121s] -- Installing: /home/ariel/ur5e_ws/install/ur_robot_driver/share/ur_robot_driver/config/ur3e_update_rate.yaml
[28.121s] -- Installing: /home/ariel/ur5e_ws/install/ur_robot_driver/share/ur_robot_driver/config/test_velocity_goal_publishers_config.yaml
[28.121s] -- Installing: /home/ariel/ur5e_ws/install/ur_robot_driver/share/ur_robot_driver/config/ur5_update_rate.yaml
[28.121s] -- Installing: /home/ariel/ur5e_ws/install/ur_robot_driver/share/ur_robot_driver/config/ur30_update_rate.yaml
[28.121s] -- Installing: /home/ariel/ur5e_ws/install/ur_robot_driver/share/ur_robot_driver/config/ur20_update_rate.yaml
[28.121s] -- Installing: /home/ariel/ur5e_ws/install/ur_robot_driver/share/ur_robot_driver/config/ur_controllers.yaml
[28.121s] -- Installing: /home/ariel/ur5e_ws/install/ur_robot_driver/share/ur_robot_driver/config/ur10e_update_rate.yaml
[28.121s] -- Installing: /home/ariel/ur5e_ws/install/ur_robot_driver/share/ur_robot_driver/config/test_goal_publishers_config.yaml
[28.121s] -- Installing: /home/ariel/ur5e_ws/install/ur_robot_driver/share/ur_robot_driver/config/ur16e_update_rate.yaml
[28.121s] -- Installing: /home/ariel/ur5e_ws/install/ur_robot_driver/share/ur_robot_driver/config/ur3_update_rate.yaml
[28.121s] -- Installing: /home/ariel/ur5e_ws/install/ur_robot_driver/share/ur_robot_driver/config/ur5e_update_rate.yaml
[28.122s] -- Installing: /home/ariel/ur5e_ws/install/ur_robot_driver/share/ur_robot_driver/config/ur10_update_rate.yaml
[28.122s] -- Installing: /home/ariel/ur5e_ws/install/ur_robot_driver/share/ur_robot_driver/config/ur15_update_rate.yaml
[28.122s] -- Installing: /home/ariel/ur5e_ws/install/ur_robot_driver/share/ur_robot_driver/launch
[28.122s] -- Installing: /home/ariel/ur5e_ws/install/ur_robot_driver/share/ur_robot_driver/launch/ur30.launch.py
[28.122s] -- Installing: /home/ariel/ur5e_ws/install/ur_robot_driver/share/ur_robot_driver/launch/test_joint_trajectory_controller.launch.py
[28.122s] -- Installing: /home/ariel/ur5e_ws/install/ur_robot_driver/share/ur_robot_driver/launch/ur20.launch.py
[28.122s] -- Installing: /home/ariel/ur5e_ws/install/ur_robot_driver/share/ur_robot_driver/launch/ur16e.launch.py
[28.122s] -- Installing: /home/ariel/ur5e_ws/install/ur_robot_driver/share/ur_robot_driver/launch/ur5e.launch.py
[28.122s] -- Installing: /home/ariel/ur5e_ws/install/ur_robot_driver/share/ur_robot_driver/launch/ur10e.launch.py
[28.122s] -- Installing: /home/ariel/ur5e_ws/install/ur_robot_driver/share/ur_robot_driver/launch/ur7e.launch.py
[28.122s] -- Installing: /home/ariel/ur5e_ws/install/ur_robot_driver/share/ur_robot_driver/launch/ur5.launch.py
[28.122s] -- Installing: /home/ariel/ur5e_ws/install/ur_robot_driver/share/ur_robot_driver/launch/ur_control.launch.py
[28.122s] -- Installing: /home/ariel/ur5e_ws/install/ur_robot_driver/share/ur_robot_driver/launch/test_scaled_joint_trajectory_controller.launch.py
[28.123s] -- Installing: /home/ariel/ur5e_ws/install/ur_robot_driver/share/ur_robot_driver/launch/test_forward_velocity_controller.launch.py
[28.123s] -- Installing: /home/ariel/ur5e_ws/install/ur_robot_driver/share/ur_robot_driver/launch/ur10.launch.py
[28.123s] -- Installing: /home/ariel/ur5e_ws/install/ur_robot_driver/share/ur_robot_driver/launch/ur3.launch.py
[28.123s] -- Installing: /home/ariel/ur5e_ws/install/ur_robot_driver/share/ur_robot_driver/launch/ur12e.launch.py
[28.123s] -- Installing: /home/ariel/ur5e_ws/install/ur_robot_driver/share/ur_robot_driver/launch/ur_dashboard_client.launch.py
[28.123s] -- Installing: /home/ariel/ur5e_ws/install/ur_robot_driver/share/ur_robot_driver/launch/ur3e.launch.py
[28.123s] -- Installing: /home/ariel/ur5e_ws/install/ur_robot_driver/share/ur_robot_driver/launch/ur15.launch.py
[28.123s] -- Installing: /home/ariel/ur5e_ws/install/ur_robot_driver/share/ament_index/resource_index/package_run_dependencies/ur_robot_driver
[28.123s] -- Installing: /home/ariel/ur5e_ws/install/ur_robot_driver/share/ament_index/resource_index/parent_prefix_path/ur_robot_driver
[28.123s] -- Installing: /home/ariel/ur5e_ws/install/ur_robot_driver/share/ur_robot_driver/environment/ament_prefix_path.sh
[28.123s] -- Installing: /home/ariel/ur5e_ws/install/ur_robot_driver/share/ur_robot_driver/environment/ament_prefix_path.dsv
[28.124s] -- Installing: /home/ariel/ur5e_ws/install/ur_robot_driver/share/ur_robot_driver/environment/path.sh
[28.124s] -- Installing: /home/ariel/ur5e_ws/install/ur_robot_driver/share/ur_robot_driver/environment/path.dsv
[28.124s] -- Installing: /home/ariel/ur5e_ws/install/ur_robot_driver/share/ur_robot_driver/local_setup.bash
[28.124s] -- Installing: /home/ariel/ur5e_ws/install/ur_robot_driver/share/ur_robot_driver/local_setup.sh
[28.124s] -- Installing: /home/ariel/ur5e_ws/install/ur_robot_driver/share/ur_robot_driver/local_setup.zsh
[28.124s] -- Installing: /home/ariel/ur5e_ws/install/ur_robot_driver/share/ur_robot_driver/local_setup.dsv
[28.124s] -- Installing: /home/ariel/ur5e_ws/install/ur_robot_driver/share/ur_robot_driver/package.dsv
[28.124s] -- Installing: /home/ariel/ur5e_ws/install/ur_robot_driver/share/ament_index/resource_index/packages/ur_robot_driver
[28.124s] -- Installing: /home/ariel/ur5e_ws/install/ur_robot_driver/share/ament_index/resource_index/hardware_interface__pluginlib__plugin/ur_robot_driver
[28.124s] -- Installing: /home/ariel/ur5e_ws/install/ur_robot_driver/share/ur_robot_driver/cmake/ament_cmake_export_include_directories-extras.cmake
[28.125s] -- Installing: /home/ariel/ur5e_ws/install/ur_robot_driver/share/ur_robot_driver/cmake/ament_cmake_export_libraries-extras.cmake
[28.125s] -- Installing: /home/ariel/ur5e_ws/install/ur_robot_driver/share/ur_robot_driver/cmake/ament_cmake_export_dependencies-extras.cmake
[28.125s] -- Installing: /home/ariel/ur5e_ws/install/ur_robot_driver/share/ur_robot_driver/cmake/ur_robot_driverConfig.cmake
[28.125s] -- Installing: /home/ariel/ur5e_ws/install/ur_robot_driver/share/ur_robot_driver/cmake/ur_robot_driverConfig-version.cmake
[28.125s] -- Installing: /home/ariel/ur5e_ws/install/ur_robot_driver/share/ur_robot_driver/package.xml
[28.127s] Invoked command in '/home/ariel/ur5e_ws/build/ur_robot_driver' returned '0': CMAKE_PREFIX_PATH=/home/ariel/ur5e_ws/install/ur_controllers:/home/ariel/ur5e_ws/install/ur_description:/home/ariel/ur5e_ws/install/ur_dashboard_msgs:/home/ariel/ws_moveit2/install/srdfdom:/home/ariel/ws_moveit2/install/moveit_resources_prbt_support:/home/ariel/ws_moveit2/install/moveit_resources:/home/ariel/ws_moveit2/install/moveit_resources_pr2_description:/home/ariel/ws_moveit2/install/moveit_resources_panda_moveit_config:/home/ariel/ws_moveit2/install/moveit_resources_panda_description:/home/ariel/ws_moveit2/install/moveit_resources_fanuc_moveit_config:/home/ariel/ws_moveit2/install/moveit_resources_fanuc_description:/home/ariel/ws_moveit2/install/moveit_common:/home/ariel/ur5e_ws/install/ur_simulation_gazebo:/home/ariel/ur5e_ws/install/ur:/home/ariel/ur5e_ws/install/ur_calibration:/home/ariel/ur5e_ws/install/ur_robot_driver:/home/ariel/ur5e_ws/install/ur_moveit_config:/home/ariel/ur5e_ws/install/ur_bringup:/home/ariel/ur5e_ws/install/ur5e_moveit_config:/home/ariel/ur5e_ws/install/ur5e_moveit_controller:/home/ariel/ur5e_ws/install/moveit_control_pkg:/home/ariel/ws_moveit2/install/launch_param_builder:/home/ariel/ur5e_ws/install/controller_pkg_demo:/opt/ros/humble LD_LIBRARY_PATH=/home/ariel/ur5e_ws/install/ur_controllers/lib:/home/ariel/ur5e_ws/install/ur_dashboard_msgs/lib:/home/ariel/ws_moveit2/install/srdfdom/lib:/home/ariel/ur5e_ws/install/ur_robot_driver/lib:/opt/ros/humble/opt/rviz_ogre_vendor/lib:/opt/ros/humble/lib/x86_64-linux-gnu:/opt/ros/humble/lib:/usr/local/cuda-12.2/lib64:/home/ariel/.mujoco/mujoco210/bin:/usr/lib/nvidia:/home/ariel/.mujoco/mujoco210/bin /usr/bin/cmake --install /home/ariel/ur5e_ws/build/ur_robot_driver
