[0.106s] [34mcolcon[0m [1;30mDEBUG[0m [32mCommand line arguments: ['/usr/bin/colcon', 'build'][0m
[0.106s] [34mcolcon[0m [1;30mDEBUG[0m [32mParsed command line arguments: Namespace(log_base=None, log_level=None, verb_name='build', build_base='build', install_base='install', merge_install=False, symlink_install=False, test_result_base=None, continue_on_error=False, executor='parallel', parallel_workers=22, event_handlers=None, ignore_user_meta=False, metas=['./colcon.meta'], base_paths=['.'], packages_ignore=None, packages_ignore_regex=None, paths=None, packages_up_to=None, packages_up_to_regex=None, packages_above=None, packages_above_and_dependencies=None, packages_above_depth=None, packages_select_by_dep=None, packages_skip_by_dep=None, packages_skip_up_to=None, packages_select_build_failed=False, packages_skip_build_finished=False, packages_select_test_failures=False, packages_skip_test_passed=False, packages_select=None, packages_skip=None, packages_select_regex=None, packages_skip_regex=None, packages_start=None, packages_end=None, allow_overriding=[], cmake_args=None, cmake_target=None, cmake_target_skip_unavailable=False, cmake_clean_cache=False, cmake_clean_first=False, cmake_force_configure=False, ament_cmake_args=None, catkin_cmake_args=None, catkin_skip_building_tests=False, mixin_files=None, mixin=None, verb_parser=<colcon_mixin.mixin.mixin_argument.MixinArgumentDecorator object at 0x740084988c40>, verb_extension=<colcon_core.verb.build.BuildVerb object at 0x7400849886d0>, main=<bound method BuildVerb.main of <colcon_core.verb.build.BuildVerb object at 0x7400849886d0>>, mixin_verb=('build',))[0m
[0.282s] [34mcolcon.colcon_core.package_discovery[0m [1;30mLevel 1[0m discover_packages(colcon_meta) check parameters
[0.283s] [34mcolcon.colcon_core.package_discovery[0m [1;30mLevel 1[0m discover_packages(recursive) check parameters
[0.283s] [34mcolcon.colcon_core.package_discovery[0m [1;30mLevel 1[0m discover_packages(ignore) check parameters
[0.283s] [34mcolcon.colcon_core.package_discovery[0m [1;30mLevel 1[0m discover_packages(path) check parameters
[0.283s] [34mcolcon.colcon_core.package_discovery[0m [1;30mLevel 1[0m discover_packages(colcon_meta) discover
[0.283s] [34mcolcon.colcon_core.package_discovery[0m [1;30mLevel 1[0m discover_packages(recursive) discover
[0.283s] [34mcolcon.colcon_core.package_discovery[0m [1;30mINFO[0m Crawling recursively for packages in '/home/ariel/ur5e_ws/src'
[0.283s] [34mcolcon.colcon_core.package_identification[0m [1;30mLevel 1[0m _identify(.) by extensions ['ignore', 'ignore_ament_install']
[0.283s] [34mcolcon.colcon_core.package_identification[0m [1;30mLevel 1[0m _identify(.) by extension 'ignore'
[0.283s] [34mcolcon.colcon_core.package_identification[0m [1;30mLevel 1[0m _identify(.) by extension 'ignore_ament_install'
[0.283s] [34mcolcon.colcon_core.package_identification[0m [1;30mLevel 1[0m _identify(.) by extensions ['colcon_pkg']
[0.283s] [34mcolcon.colcon_core.package_identification[0m [1;30mLevel 1[0m _identify(.) by extension 'colcon_pkg'
[0.283s] [34mcolcon.colcon_core.package_identification[0m [1;30mLevel 1[0m _identify(.) by extensions ['colcon_meta']
[0.283s] [34mcolcon.colcon_core.package_identification[0m [1;30mLevel 1[0m _identify(.) by extension 'colcon_meta'
[0.283s] [34mcolcon.colcon_core.package_identification[0m [1;30mLevel 1[0m _identify(.) by extensions ['ros']
[0.283s] [34mcolcon.colcon_core.package_identification[0m [1;30mLevel 1[0m _identify(.) by extension 'ros'
[0.314s] [34mcolcon.colcon_core.package_identification[0m [1;30mLevel 1[0m _identify(.) by extensions ['cmake', 'python']
[0.314s] [34mcolcon.colcon_core.package_identification[0m [1;30mLevel 1[0m _identify(.) by extension 'cmake'
[0.314s] [34mcolcon.colcon_core.package_identification[0m [1;30mLevel 1[0m _identify(.) by extension 'python'
[0.314s] [34mcolcon.colcon_core.package_identification[0m [1;30mLevel 1[0m _identify(.) by extensions ['python_setup_py']
[0.314s] [34mcolcon.colcon_core.package_identification[0m [1;30mLevel 1[0m _identify(.) by extension 'python_setup_py'
[0.314s] [34mcolcon.colcon_core.package_identification[0m [1;30mLevel 1[0m _identify(Universal_Robots_ROS2_Description) by extensions ['ignore', 'ignore_ament_install']
[0.314s] [34mcolcon.colcon_core.package_identification[0m [1;30mLevel 1[0m _identify(Universal_Robots_ROS2_Description) by extension 'ignore'
[0.314s] [34mcolcon.colcon_core.package_identification[0m [1;30mLevel 1[0m _identify(Universal_Robots_ROS2_Description) by extension 'ignore_ament_install'
[0.314s] [34mcolcon.colcon_core.package_identification[0m [1;30mLevel 1[0m _identify(Universal_Robots_ROS2_Description) by extensions ['colcon_pkg']
[0.314s] [34mcolcon.colcon_core.package_identification[0m [1;30mLevel 1[0m _identify(Universal_Robots_ROS2_Description) by extension 'colcon_pkg'
[0.314s] [34mcolcon.colcon_core.package_identification[0m [1;30mLevel 1[0m _identify(Universal_Robots_ROS2_Description) by extensions ['colcon_meta']
[0.314s] [34mcolcon.colcon_core.package_identification[0m [1;30mLevel 1[0m _identify(Universal_Robots_ROS2_Description) by extension 'colcon_meta'
[0.314s] [34mcolcon.colcon_core.package_identification[0m [1;30mLevel 1[0m _identify(Universal_Robots_ROS2_Description) by extensions ['ros']
[0.314s] [34mcolcon.colcon_core.package_identification[0m [1;30mLevel 1[0m _identify(Universal_Robots_ROS2_Description) by extension 'ros'
[0.316s] [34mcolcon.colcon_core.package_identification[0m [1;30mDEBUG[0m [32mPackage 'Universal_Robots_ROS2_Description' with type 'ros.ament_cmake' and name 'ur_description'[0m
[0.316s] [34mcolcon.colcon_core.package_identification[0m [1;30mLevel 1[0m _identify(Universal_Robots_ROS2_Driver) by extensions ['ignore', 'ignore_ament_install']
[0.316s] [34mcolcon.colcon_core.package_identification[0m [1;30mLevel 1[0m _identify(Universal_Robots_ROS2_Driver) by extension 'ignore'
[0.316s] [34mcolcon.colcon_core.package_identification[0m [1;30mLevel 1[0m _identify(Universal_Robots_ROS2_Driver) by extension 'ignore_ament_install'
[0.316s] [34mcolcon.colcon_core.package_identification[0m [1;30mLevel 1[0m _identify(Universal_Robots_ROS2_Driver) by extensions ['colcon_pkg']
[0.316s] [34mcolcon.colcon_core.package_identification[0m [1;30mLevel 1[0m _identify(Universal_Robots_ROS2_Driver) by extension 'colcon_pkg'
[0.316s] [34mcolcon.colcon_core.package_identification[0m [1;30mLevel 1[0m _identify(Universal_Robots_ROS2_Driver) by extensions ['colcon_meta']
[0.316s] [34mcolcon.colcon_core.package_identification[0m [1;30mLevel 1[0m _identify(Universal_Robots_ROS2_Driver) by extension 'colcon_meta'
[0.316s] [34mcolcon.colcon_core.package_identification[0m [1;30mLevel 1[0m _identify(Universal_Robots_ROS2_Driver) by extensions ['ros']
[0.316s] [34mcolcon.colcon_core.package_identification[0m [1;30mLevel 1[0m _identify(Universal_Robots_ROS2_Driver) by extension 'ros'
[0.316s] [34mcolcon.colcon_core.package_identification[0m [1;30mLevel 1[0m _identify(Universal_Robots_ROS2_Driver) by extensions ['cmake', 'python']
[0.316s] [34mcolcon.colcon_core.package_identification[0m [1;30mLevel 1[0m _identify(Universal_Robots_ROS2_Driver) by extension 'cmake'
[0.317s] [34mcolcon.colcon_core.package_identification[0m [1;30mLevel 1[0m _identify(Universal_Robots_ROS2_Driver) by extension 'python'
[0.317s] [34mcolcon.colcon_core.package_identification[0m [1;30mLevel 1[0m _identify(Universal_Robots_ROS2_Driver) by extensions ['python_setup_py']
[0.317s] [34mcolcon.colcon_core.package_identification[0m [1;30mLevel 1[0m _identify(Universal_Robots_ROS2_Driver) by extension 'python_setup_py'
[0.317s] [34mcolcon.colcon_core.package_identification[0m [1;30mLevel 1[0m _identify(Universal_Robots_ROS2_Driver/ur) by extensions ['ignore', 'ignore_ament_install']
[0.317s] [34mcolcon.colcon_core.package_identification[0m [1;30mLevel 1[0m _identify(Universal_Robots_ROS2_Driver/ur) by extension 'ignore'
[0.317s] [34mcolcon.colcon_core.package_identification[0m [1;30mLevel 1[0m _identify(Universal_Robots_ROS2_Driver/ur) by extension 'ignore_ament_install'
[0.317s] [34mcolcon.colcon_core.package_identification[0m [1;30mLevel 1[0m _identify(Universal_Robots_ROS2_Driver/ur) by extensions ['colcon_pkg']
[0.317s] [34mcolcon.colcon_core.package_identification[0m [1;30mLevel 1[0m _identify(Universal_Robots_ROS2_Driver/ur) by extension 'colcon_pkg'
[0.317s] [34mcolcon.colcon_core.package_identification[0m [1;30mLevel 1[0m _identify(Universal_Robots_ROS2_Driver/ur) by extensions ['colcon_meta']
[0.317s] [34mcolcon.colcon_core.package_identification[0m [1;30mLevel 1[0m _identify(Universal_Robots_ROS2_Driver/ur) by extension 'colcon_meta'
[0.317s] [34mcolcon.colcon_core.package_identification[0m [1;30mLevel 1[0m _identify(Universal_Robots_ROS2_Driver/ur) by extensions ['ros']
[0.317s] [34mcolcon.colcon_core.package_identification[0m [1;30mLevel 1[0m _identify(Universal_Robots_ROS2_Driver/ur) by extension 'ros'
[0.317s] [34mcolcon.colcon_core.package_identification[0m [1;30mDEBUG[0m [32mPackage 'Universal_Robots_ROS2_Driver/ur' with type 'ros.ament_cmake' and name 'ur'[0m
[0.317s] [34mcolcon.colcon_core.package_identification[0m [1;30mLevel 1[0m _identify(Universal_Robots_ROS2_Driver/ur_bringup) by extensions ['ignore', 'ignore_ament_install']
[0.317s] [34mcolcon.colcon_core.package_identification[0m [1;30mLevel 1[0m _identify(Universal_Robots_ROS2_Driver/ur_bringup) by extension 'ignore'
[0.317s] [34mcolcon.colcon_core.package_identification[0m [1;30mLevel 1[0m _identify(Universal_Robots_ROS2_Driver/ur_bringup) by extension 'ignore_ament_install'
[0.317s] [34mcolcon.colcon_core.package_identification[0m [1;30mLevel 1[0m _identify(Universal_Robots_ROS2_Driver/ur_bringup) by extensions ['colcon_pkg']
[0.317s] [34mcolcon.colcon_core.package_identification[0m [1;30mLevel 1[0m _identify(Universal_Robots_ROS2_Driver/ur_bringup) by extension 'colcon_pkg'
[0.317s] [34mcolcon.colcon_core.package_identification[0m [1;30mLevel 1[0m _identify(Universal_Robots_ROS2_Driver/ur_bringup) by extensions ['colcon_meta']
[0.317s] [34mcolcon.colcon_core.package_identification[0m [1;30mLevel 1[0m _identify(Universal_Robots_ROS2_Driver/ur_bringup) by extension 'colcon_meta'
[0.317s] [34mcolcon.colcon_core.package_identification[0m [1;30mLevel 1[0m _identify(Universal_Robots_ROS2_Driver/ur_bringup) by extensions ['ros']
[0.317s] [34mcolcon.colcon_core.package_identification[0m [1;30mLevel 1[0m _identify(Universal_Robots_ROS2_Driver/ur_bringup) by extension 'ros'
[0.318s] [34mcolcon.colcon_core.package_identification[0m [1;30mDEBUG[0m [32mPackage 'Universal_Robots_ROS2_Driver/ur_bringup' with type 'ros.ament_cmake' and name 'ur_bringup'[0m
[0.318s] [34mcolcon.colcon_core.package_identification[0m [1;30mLevel 1[0m _identify(Universal_Robots_ROS2_Driver/ur_calibration) by extensions ['ignore', 'ignore_ament_install']
[0.318s] [34mcolcon.colcon_core.package_identification[0m [1;30mLevel 1[0m _identify(Universal_Robots_ROS2_Driver/ur_calibration) by extension 'ignore'
[0.318s] [34mcolcon.colcon_core.package_identification[0m [1;30mLevel 1[0m _identify(Universal_Robots_ROS2_Driver/ur_calibration) by extension 'ignore_ament_install'
[0.318s] [34mcolcon.colcon_core.package_identification[0m [1;30mLevel 1[0m _identify(Universal_Robots_ROS2_Driver/ur_calibration) by extensions ['colcon_pkg']
[0.318s] [34mcolcon.colcon_core.package_identification[0m [1;30mLevel 1[0m _identify(Universal_Robots_ROS2_Driver/ur_calibration) by extension 'colcon_pkg'
[0.318s] [34mcolcon.colcon_core.package_identification[0m [1;30mLevel 1[0m _identify(Universal_Robots_ROS2_Driver/ur_calibration) by extensions ['colcon_meta']
[0.318s] [34mcolcon.colcon_core.package_identification[0m [1;30mLevel 1[0m _identify(Universal_Robots_ROS2_Driver/ur_calibration) by extension 'colcon_meta'
[0.318s] [34mcolcon.colcon_core.package_identification[0m [1;30mLevel 1[0m _identify(Universal_Robots_ROS2_Driver/ur_calibration) by extensions ['ros']
[0.318s] [34mcolcon.colcon_core.package_identification[0m [1;30mLevel 1[0m _identify(Universal_Robots_ROS2_Driver/ur_calibration) by extension 'ros'
[0.319s] [34mcolcon.colcon_core.package_identification[0m [1;30mDEBUG[0m [32mPackage 'Universal_Robots_ROS2_Driver/ur_calibration' with type 'ros.ament_cmake' and name 'ur_calibration'[0m
[0.319s] [34mcolcon.colcon_core.package_identification[0m [1;30mLevel 1[0m _identify(Universal_Robots_ROS2_Driver/ur_controllers) by extensions ['ignore', 'ignore_ament_install']
[0.319s] [34mcolcon.colcon_core.package_identification[0m [1;30mLevel 1[0m _identify(Universal_Robots_ROS2_Driver/ur_controllers) by extension 'ignore'
[0.319s] [34mcolcon.colcon_core.package_identification[0m [1;30mLevel 1[0m _identify(Universal_Robots_ROS2_Driver/ur_controllers) by extension 'ignore_ament_install'
[0.319s] [34mcolcon.colcon_core.package_identification[0m [1;30mLevel 1[0m _identify(Universal_Robots_ROS2_Driver/ur_controllers) by extensions ['colcon_pkg']
[0.319s] [34mcolcon.colcon_core.package_identification[0m [1;30mLevel 1[0m _identify(Universal_Robots_ROS2_Driver/ur_controllers) by extension 'colcon_pkg'
[0.319s] [34mcolcon.colcon_core.package_identification[0m [1;30mLevel 1[0m _identify(Universal_Robots_ROS2_Driver/ur_controllers) by extensions ['colcon_meta']
[0.319s] [34mcolcon.colcon_core.package_identification[0m [1;30mLevel 1[0m _identify(Universal_Robots_ROS2_Driver/ur_controllers) by extension 'colcon_meta'
[0.319s] [34mcolcon.colcon_core.package_identification[0m [1;30mLevel 1[0m _identify(Universal_Robots_ROS2_Driver/ur_controllers) by extensions ['ros']
[0.319s] [34mcolcon.colcon_core.package_identification[0m [1;30mLevel 1[0m _identify(Universal_Robots_ROS2_Driver/ur_controllers) by extension 'ros'
[0.320s] [34mcolcon.colcon_core.package_identification[0m [1;30mDEBUG[0m [32mPackage 'Universal_Robots_ROS2_Driver/ur_controllers' with type 'ros.ament_cmake' and name 'ur_controllers'[0m
[0.320s] [34mcolcon.colcon_core.package_identification[0m [1;30mLevel 1[0m _identify(Universal_Robots_ROS2_Driver/ur_dashboard_msgs) by extensions ['ignore', 'ignore_ament_install']
[0.320s] [34mcolcon.colcon_core.package_identification[0m [1;30mLevel 1[0m _identify(Universal_Robots_ROS2_Driver/ur_dashboard_msgs) by extension 'ignore'
[0.320s] [34mcolcon.colcon_core.package_identification[0m [1;30mLevel 1[0m _identify(Universal_Robots_ROS2_Driver/ur_dashboard_msgs) by extension 'ignore_ament_install'
[0.320s] [34mcolcon.colcon_core.package_identification[0m [1;30mLevel 1[0m _identify(Universal_Robots_ROS2_Driver/ur_dashboard_msgs) by extensions ['colcon_pkg']
[0.320s] [34mcolcon.colcon_core.package_identification[0m [1;30mLevel 1[0m _identify(Universal_Robots_ROS2_Driver/ur_dashboard_msgs) by extension 'colcon_pkg'
[0.320s] [34mcolcon.colcon_core.package_identification[0m [1;30mLevel 1[0m _identify(Universal_Robots_ROS2_Driver/ur_dashboard_msgs) by extensions ['colcon_meta']
[0.320s] [34mcolcon.colcon_core.package_identification[0m [1;30mLevel 1[0m _identify(Universal_Robots_ROS2_Driver/ur_dashboard_msgs) by extension 'colcon_meta'
[0.320s] [34mcolcon.colcon_core.package_identification[0m [1;30mLevel 1[0m _identify(Universal_Robots_ROS2_Driver/ur_dashboard_msgs) by extensions ['ros']
[0.320s] [34mcolcon.colcon_core.package_identification[0m [1;30mLevel 1[0m _identify(Universal_Robots_ROS2_Driver/ur_dashboard_msgs) by extension 'ros'
[0.321s] [34mcolcon.colcon_core.package_identification[0m [1;30mDEBUG[0m [32mPackage 'Universal_Robots_ROS2_Driver/ur_dashboard_msgs' with type 'ros.ament_cmake' and name 'ur_dashboard_msgs'[0m
[0.321s] [34mcolcon.colcon_core.package_identification[0m [1;30mLevel 1[0m _identify(Universal_Robots_ROS2_Driver/ur_moveit_config) by extensions ['ignore', 'ignore_ament_install']
[0.321s] [34mcolcon.colcon_core.package_identification[0m [1;30mLevel 1[0m _identify(Universal_Robots_ROS2_Driver/ur_moveit_config) by extension 'ignore'
[0.321s] [34mcolcon.colcon_core.package_identification[0m [1;30mLevel 1[0m _identify(Universal_Robots_ROS2_Driver/ur_moveit_config) by extension 'ignore_ament_install'
[0.321s] [34mcolcon.colcon_core.package_identification[0m [1;30mLevel 1[0m _identify(Universal_Robots_ROS2_Driver/ur_moveit_config) by extensions ['colcon_pkg']
[0.321s] [34mcolcon.colcon_core.package_identification[0m [1;30mLevel 1[0m _identify(Universal_Robots_ROS2_Driver/ur_moveit_config) by extension 'colcon_pkg'
[0.321s] [34mcolcon.colcon_core.package_identification[0m [1;30mLevel 1[0m _identify(Universal_Robots_ROS2_Driver/ur_moveit_config) by extensions ['colcon_meta']
[0.321s] [34mcolcon.colcon_core.package_identification[0m [1;30mLevel 1[0m _identify(Universal_Robots_ROS2_Driver/ur_moveit_config) by extension 'colcon_meta'
[0.321s] [34mcolcon.colcon_core.package_identification[0m [1;30mLevel 1[0m _identify(Universal_Robots_ROS2_Driver/ur_moveit_config) by extensions ['ros']
[0.321s] [34mcolcon.colcon_core.package_identification[0m [1;30mLevel 1[0m _identify(Universal_Robots_ROS2_Driver/ur_moveit_config) by extension 'ros'
[0.321s] [34mcolcon.colcon_core.package_identification[0m [1;30mDEBUG[0m [32mPackage 'Universal_Robots_ROS2_Driver/ur_moveit_config' with type 'ros.ament_cmake' and name 'ur_moveit_config'[0m
[0.321s] [34mcolcon.colcon_core.package_identification[0m [1;30mLevel 1[0m _identify(Universal_Robots_ROS2_Driver/ur_robot_driver) by extensions ['ignore', 'ignore_ament_install']
[0.321s] [34mcolcon.colcon_core.package_identification[0m [1;30mLevel 1[0m _identify(Universal_Robots_ROS2_Driver/ur_robot_driver) by extension 'ignore'
[0.321s] [34mcolcon.colcon_core.package_identification[0m [1;30mLevel 1[0m _identify(Universal_Robots_ROS2_Driver/ur_robot_driver) by extension 'ignore_ament_install'
[0.321s] [34mcolcon.colcon_core.package_identification[0m [1;30mLevel 1[0m _identify(Universal_Robots_ROS2_Driver/ur_robot_driver) by extensions ['colcon_pkg']
[0.321s] [34mcolcon.colcon_core.package_identification[0m [1;30mLevel 1[0m _identify(Universal_Robots_ROS2_Driver/ur_robot_driver) by extension 'colcon_pkg'
[0.321s] [34mcolcon.colcon_core.package_identification[0m [1;30mLevel 1[0m _identify(Universal_Robots_ROS2_Driver/ur_robot_driver) by extensions ['colcon_meta']
[0.321s] [34mcolcon.colcon_core.package_identification[0m [1;30mLevel 1[0m _identify(Universal_Robots_ROS2_Driver/ur_robot_driver) by extension 'colcon_meta'
[0.322s] [34mcolcon.colcon_core.package_identification[0m [1;30mLevel 1[0m _identify(Universal_Robots_ROS2_Driver/ur_robot_driver) by extensions ['ros']
[0.322s] [34mcolcon.colcon_core.package_identification[0m [1;30mLevel 1[0m _identify(Universal_Robots_ROS2_Driver/ur_robot_driver) by extension 'ros'
[0.323s] [34mcolcon.colcon_core.package_identification[0m [1;30mDEBUG[0m [32mPackage 'Universal_Robots_ROS2_Driver/ur_robot_driver' with type 'ros.ament_cmake' and name 'ur_robot_driver'[0m
[0.323s] [34mcolcon.colcon_core.package_identification[0m [1;30mLevel 1[0m _identify(Universal_Robots_ROS2_Gazebo_Simulation) by extensions ['ignore', 'ignore_ament_install']
[0.323s] [34mcolcon.colcon_core.package_identification[0m [1;30mLevel 1[0m _identify(Universal_Robots_ROS2_Gazebo_Simulation) by extension 'ignore'
[0.323s] [34mcolcon.colcon_core.package_identification[0m [1;30mLevel 1[0m _identify(Universal_Robots_ROS2_Gazebo_Simulation) by extension 'ignore_ament_install'
[0.323s] [34mcolcon.colcon_core.package_identification[0m [1;30mLevel 1[0m _identify(Universal_Robots_ROS2_Gazebo_Simulation) by extensions ['colcon_pkg']
[0.323s] [34mcolcon.colcon_core.package_identification[0m [1;30mLevel 1[0m _identify(Universal_Robots_ROS2_Gazebo_Simulation) by extension 'colcon_pkg'
[0.323s] [34mcolcon.colcon_core.package_identification[0m [1;30mLevel 1[0m _identify(Universal_Robots_ROS2_Gazebo_Simulation) by extensions ['colcon_meta']
[0.323s] [34mcolcon.colcon_core.package_identification[0m [1;30mLevel 1[0m _identify(Universal_Robots_ROS2_Gazebo_Simulation) by extension 'colcon_meta'
[0.323s] [34mcolcon.colcon_core.package_identification[0m [1;30mLevel 1[0m _identify(Universal_Robots_ROS2_Gazebo_Simulation) by extensions ['ros']
[0.323s] [34mcolcon.colcon_core.package_identification[0m [1;30mLevel 1[0m _identify(Universal_Robots_ROS2_Gazebo_Simulation) by extension 'ros'
[0.323s] [34mcolcon.colcon_core.package_identification[0m [1;30mLevel 1[0m _identify(Universal_Robots_ROS2_Gazebo_Simulation) by extensions ['cmake', 'python']
[0.323s] [34mcolcon.colcon_core.package_identification[0m [1;30mLevel 1[0m _identify(Universal_Robots_ROS2_Gazebo_Simulation) by extension 'cmake'
[0.323s] [34mcolcon.colcon_core.package_identification[0m [1;30mLevel 1[0m _identify(Universal_Robots_ROS2_Gazebo_Simulation) by extension 'python'
[0.323s] [34mcolcon.colcon_core.package_identification[0m [1;30mLevel 1[0m _identify(Universal_Robots_ROS2_Gazebo_Simulation) by extensions ['python_setup_py']
[0.323s] [34mcolcon.colcon_core.package_identification[0m [1;30mLevel 1[0m _identify(Universal_Robots_ROS2_Gazebo_Simulation) by extension 'python_setup_py'
[0.323s] [34mcolcon.colcon_core.package_identification[0m [1;30mLevel 1[0m _identify(Universal_Robots_ROS2_Gazebo_Simulation/ur_simulation_gazebo) by extensions ['ignore', 'ignore_ament_install']
[0.323s] [34mcolcon.colcon_core.package_identification[0m [1;30mLevel 1[0m _identify(Universal_Robots_ROS2_Gazebo_Simulation/ur_simulation_gazebo) by extension 'ignore'
[0.323s] [34mcolcon.colcon_core.package_identification[0m [1;30mLevel 1[0m _identify(Universal_Robots_ROS2_Gazebo_Simulation/ur_simulation_gazebo) by extension 'ignore_ament_install'
[0.323s] [34mcolcon.colcon_core.package_identification[0m [1;30mLevel 1[0m _identify(Universal_Robots_ROS2_Gazebo_Simulation/ur_simulation_gazebo) by extensions ['colcon_pkg']
[0.323s] [34mcolcon.colcon_core.package_identification[0m [1;30mLevel 1[0m _identify(Universal_Robots_ROS2_Gazebo_Simulation/ur_simulation_gazebo) by extension 'colcon_pkg'
[0.323s] [34mcolcon.colcon_core.package_identification[0m [1;30mLevel 1[0m _identify(Universal_Robots_ROS2_Gazebo_Simulation/ur_simulation_gazebo) by extensions ['colcon_meta']
[0.323s] [34mcolcon.colcon_core.package_identification[0m [1;30mLevel 1[0m _identify(Universal_Robots_ROS2_Gazebo_Simulation/ur_simulation_gazebo) by extension 'colcon_meta'
[0.323s] [34mcolcon.colcon_core.package_identification[0m [1;30mLevel 1[0m _identify(Universal_Robots_ROS2_Gazebo_Simulation/ur_simulation_gazebo) by extensions ['ros']
[0.323s] [34mcolcon.colcon_core.package_identification[0m [1;30mLevel 1[0m _identify(Universal_Robots_ROS2_Gazebo_Simulation/ur_simulation_gazebo) by extension 'ros'
[0.324s] [34mcolcon.colcon_core.package_identification[0m [1;30mDEBUG[0m [32mPackage 'Universal_Robots_ROS2_Gazebo_Simulation/ur_simulation_gazebo' with type 'ros.ament_cmake' and name 'ur_simulation_gazebo'[0m
[0.324s] [34mcolcon.colcon_core.package_identification[0m [1;30mLevel 1[0m _identify(build) by extensions ['ignore', 'ignore_ament_install']
[0.324s] [34mcolcon.colcon_core.package_identification[0m [1;30mLevel 1[0m _identify(build) by extension 'ignore'
[0.324s] [34mcolcon.colcon_core.package_identification[0m [1;30mLevel 1[0m _identify(build) ignored
[0.324s] [34mcolcon.colcon_core.package_identification[0m [1;30mLevel 1[0m _identify(controller_pkg_demo) by extensions ['ignore', 'ignore_ament_install']
[0.324s] [34mcolcon.colcon_core.package_identification[0m [1;30mLevel 1[0m _identify(controller_pkg_demo) by extension 'ignore'
[0.324s] [34mcolcon.colcon_core.package_identification[0m [1;30mLevel 1[0m _identify(controller_pkg_demo) by extension 'ignore_ament_install'
[0.324s] [34mcolcon.colcon_core.package_identification[0m [1;30mLevel 1[0m _identify(controller_pkg_demo) by extensions ['colcon_pkg']
[0.324s] [34mcolcon.colcon_core.package_identification[0m [1;30mLevel 1[0m _identify(controller_pkg_demo) by extension 'colcon_pkg'
[0.324s] [34mcolcon.colcon_core.package_identification[0m [1;30mLevel 1[0m _identify(controller_pkg_demo) by extensions ['colcon_meta']
[0.324s] [34mcolcon.colcon_core.package_identification[0m [1;30mLevel 1[0m _identify(controller_pkg_demo) by extension 'colcon_meta'
[0.324s] [34mcolcon.colcon_core.package_identification[0m [1;30mLevel 1[0m _identify(controller_pkg_demo) by extensions ['ros']
[0.324s] [34mcolcon.colcon_core.package_identification[0m [1;30mLevel 1[0m _identify(controller_pkg_demo) by extension 'ros'
[0.324s] [34mcolcon.colcon_core.package_identification[0m [1;30mDEBUG[0m [32mPackage 'controller_pkg_demo' with type 'ros.ament_python' and name 'controller_pkg_demo'[0m
[0.324s] [34mcolcon.colcon_core.package_identification[0m [1;30mLevel 1[0m _identify(install) by extensions ['ignore', 'ignore_ament_install']
[0.325s] [34mcolcon.colcon_core.package_identification[0m [1;30mLevel 1[0m _identify(install) by extension 'ignore'
[0.325s] [34mcolcon.colcon_core.package_identification[0m [1;30mLevel 1[0m _identify(install) ignored
[0.325s] [34mcolcon.colcon_core.package_identification[0m [1;30mLevel 1[0m _identify(log) by extensions ['ignore', 'ignore_ament_install']
[0.325s] [34mcolcon.colcon_core.package_identification[0m [1;30mLevel 1[0m _identify(log) by extension 'ignore'
[0.325s] [34mcolcon.colcon_core.package_identification[0m [1;30mLevel 1[0m _identify(log) ignored
[0.325s] [34mcolcon.colcon_core.package_identification[0m [1;30mLevel 1[0m _identify(moveit_control_pkg) by extensions ['ignore', 'ignore_ament_install']
[0.325s] [34mcolcon.colcon_core.package_identification[0m [1;30mLevel 1[0m _identify(moveit_control_pkg) by extension 'ignore'
[0.325s] [34mcolcon.colcon_core.package_identification[0m [1;30mLevel 1[0m _identify(moveit_control_pkg) by extension 'ignore_ament_install'
[0.325s] [34mcolcon.colcon_core.package_identification[0m [1;30mLevel 1[0m _identify(moveit_control_pkg) by extensions ['colcon_pkg']
[0.325s] [34mcolcon.colcon_core.package_identification[0m [1;30mLevel 1[0m _identify(moveit_control_pkg) by extension 'colcon_pkg'
[0.325s] [34mcolcon.colcon_core.package_identification[0m [1;30mLevel 1[0m _identify(moveit_control_pkg) by extensions ['colcon_meta']
[0.325s] [34mcolcon.colcon_core.package_identification[0m [1;30mLevel 1[0m _identify(moveit_control_pkg) by extension 'colcon_meta'
[0.325s] [34mcolcon.colcon_core.package_identification[0m [1;30mLevel 1[0m _identify(moveit_control_pkg) by extensions ['ros']
[0.325s] [34mcolcon.colcon_core.package_identification[0m [1;30mLevel 1[0m _identify(moveit_control_pkg) by extension 'ros'
[0.325s] [34mcolcon.colcon_core.package_identification[0m [1;30mDEBUG[0m [32mPackage 'moveit_control_pkg' with type 'ros.ament_cmake' and name 'moveit_control_pkg'[0m
[0.325s] [34mcolcon.colcon_core.package_identification[0m [1;30mLevel 1[0m _identify(ur5_moveit_configuration) by extensions ['ignore', 'ignore_ament_install']
[0.325s] [34mcolcon.colcon_core.package_identification[0m [1;30mLevel 1[0m _identify(ur5_moveit_configuration) by extension 'ignore'
[0.325s] [34mcolcon.colcon_core.package_identification[0m [1;30mLevel 1[0m _identify(ur5_moveit_configuration) by extension 'ignore_ament_install'
[0.325s] [34mcolcon.colcon_core.package_identification[0m [1;30mLevel 1[0m _identify(ur5_moveit_configuration) by extensions ['colcon_pkg']
[0.325s] [34mcolcon.colcon_core.package_identification[0m [1;30mLevel 1[0m _identify(ur5_moveit_configuration) by extension 'colcon_pkg'
[0.325s] [34mcolcon.colcon_core.package_identification[0m [1;30mLevel 1[0m _identify(ur5_moveit_configuration) by extensions ['colcon_meta']
[0.325s] [34mcolcon.colcon_core.package_identification[0m [1;30mLevel 1[0m _identify(ur5_moveit_configuration) by extension 'colcon_meta'
[0.325s] [34mcolcon.colcon_core.package_identification[0m [1;30mLevel 1[0m _identify(ur5_moveit_configuration) by extensions ['ros']
[0.325s] [34mcolcon.colcon_core.package_identification[0m [1;30mLevel 1[0m _identify(ur5_moveit_configuration) by extension 'ros'
[0.326s] [34mcolcon.colcon_core.package_identification[0m [1;30mDEBUG[0m [32mPackage 'ur5_moveit_configuration' with type 'ros.ament_cmake' and name 'ur5_moveit'[0m
[0.326s] [34mcolcon.colcon_core.package_identification[0m [1;30mLevel 1[0m _identify(ur5e_moveit_controller) by extensions ['ignore', 'ignore_ament_install']
[0.326s] [34mcolcon.colcon_core.package_identification[0m [1;30mLevel 1[0m _identify(ur5e_moveit_controller) by extension 'ignore'
[0.326s] [34mcolcon.colcon_core.package_identification[0m [1;30mLevel 1[0m _identify(ur5e_moveit_controller) by extension 'ignore_ament_install'
[0.326s] [34mcolcon.colcon_core.package_identification[0m [1;30mLevel 1[0m _identify(ur5e_moveit_controller) by extensions ['colcon_pkg']
[0.326s] [34mcolcon.colcon_core.package_identification[0m [1;30mLevel 1[0m _identify(ur5e_moveit_controller) by extension 'colcon_pkg'
[0.326s] [34mcolcon.colcon_core.package_identification[0m [1;30mLevel 1[0m _identify(ur5e_moveit_controller) by extensions ['colcon_meta']
[0.326s] [34mcolcon.colcon_core.package_identification[0m [1;30mLevel 1[0m _identify(ur5e_moveit_controller) by extension 'colcon_meta'
[0.326s] [34mcolcon.colcon_core.package_identification[0m [1;30mLevel 1[0m _identify(ur5e_moveit_controller) by extensions ['ros']
[0.326s] [34mcolcon.colcon_core.package_identification[0m [1;30mLevel 1[0m _identify(ur5e_moveit_controller) by extension 'ros'
[0.327s] [34mcolcon.colcon_core.package_identification[0m [1;30mDEBUG[0m [32mPackage 'ur5e_moveit_controller' with type 'ros.ament_cmake' and name 'ur5e_moveit_controller'[0m
[0.327s] [34mcolcon.colcon_core.package_identification[0m [1;30mLevel 1[0m _identify(ur_new_moveit) by extensions ['ignore', 'ignore_ament_install']
[0.327s] [34mcolcon.colcon_core.package_identification[0m [1;30mLevel 1[0m _identify(ur_new_moveit) by extension 'ignore'
[0.327s] [34mcolcon.colcon_core.package_identification[0m [1;30mLevel 1[0m _identify(ur_new_moveit) by extension 'ignore_ament_install'
[0.327s] [34mcolcon.colcon_core.package_identification[0m [1;30mLevel 1[0m _identify(ur_new_moveit) by extensions ['colcon_pkg']
[0.327s] [34mcolcon.colcon_core.package_identification[0m [1;30mLevel 1[0m _identify(ur_new_moveit) by extension 'colcon_pkg'
[0.327s] [34mcolcon.colcon_core.package_identification[0m [1;30mLevel 1[0m _identify(ur_new_moveit) by extensions ['colcon_meta']
[0.327s] [34mcolcon.colcon_core.package_identification[0m [1;30mLevel 1[0m _identify(ur_new_moveit) by extension 'colcon_meta'
[0.327s] [34mcolcon.colcon_core.package_identification[0m [1;30mLevel 1[0m _identify(ur_new_moveit) by extensions ['ros']
[0.327s] [34mcolcon.colcon_core.package_identification[0m [1;30mLevel 1[0m _identify(ur_new_moveit) by extension 'ros'
[0.327s] [34mcolcon.colcon_core.package_identification[0m [1;30mDEBUG[0m [32mPackage 'ur_new_moveit' with type 'ros.ament_cmake' and name 'ur_new_moveit'[0m
[0.327s] [34mcolcon.colcon_core.package_discovery[0m [1;30mLevel 1[0m discover_packages(recursive) using defaults
[0.327s] [34mcolcon.colcon_core.package_discovery[0m [1;30mLevel 1[0m discover_packages(ignore) discover
[0.327s] [34mcolcon.colcon_core.package_discovery[0m [1;30mLevel 1[0m discover_packages(ignore) using defaults
[0.327s] [34mcolcon.colcon_core.package_discovery[0m [1;30mLevel 1[0m discover_packages(path) discover
[0.327s] [34mcolcon.colcon_core.package_discovery[0m [1;30mLevel 1[0m discover_packages(path) using defaults
[0.342s] [34mcolcon.colcon_core.package_discovery[0m [1;30mLevel 1[0m discover_packages(prefix_path) check parameters
[0.342s] [34mcolcon.colcon_core.package_discovery[0m [1;30mLevel 1[0m discover_packages(prefix_path) discover
[0.343s] [34mcolcon.colcon_installed_package_information.package_discovery[0m [1;30mDEBUG[0m [32mFound 12 installed packages in /home/ariel/ur5e_ws/install[0m
[0.344s] [34mcolcon.colcon_installed_package_information.package_discovery[0m [1;30mDEBUG[0m [32mFound 9 installed packages in /home/ariel/ws_moveit2/install[0m
[0.344s] [34mcolcon.colcon_installed_package_information.package_discovery[0m [1;30mDEBUG[0m [32mFound 377 installed packages in /opt/ros/humble[0m
[0.346s] [34mcolcon.colcon_core.package_discovery[0m [1;30mLevel 1[0m discover_packages(prefix_path) using defaults
[0.369s] [34mcolcon.colcon_core.verb[0m [1;30mLevel 5[0m set package 'controller_pkg_demo' build argument 'cmake_args' from command line to 'None'
[0.369s] [34mcolcon.colcon_core.verb[0m [1;30mLevel 5[0m set package 'controller_pkg_demo' build argument 'cmake_target' from command line to 'None'
[0.369s] [34mcolcon.colcon_core.verb[0m [1;30mLevel 5[0m set package 'controller_pkg_demo' build argument 'cmake_target_skip_unavailable' from command line to 'False'
[0.369s] [34mcolcon.colcon_core.verb[0m [1;30mLevel 5[0m set package 'controller_pkg_demo' build argument 'cmake_clean_cache' from command line to 'False'
[0.369s] [34mcolcon.colcon_core.verb[0m [1;30mLevel 5[0m set package 'controller_pkg_demo' build argument 'cmake_clean_first' from command line to 'False'
[0.369s] [34mcolcon.colcon_core.verb[0m [1;30mLevel 5[0m set package 'controller_pkg_demo' build argument 'cmake_force_configure' from command line to 'False'
[0.369s] [34mcolcon.colcon_core.verb[0m [1;30mLevel 5[0m set package 'controller_pkg_demo' build argument 'ament_cmake_args' from command line to 'None'
[0.369s] [34mcolcon.colcon_core.verb[0m [1;30mLevel 5[0m set package 'controller_pkg_demo' build argument 'catkin_cmake_args' from command line to 'None'
[0.369s] [34mcolcon.colcon_core.verb[0m [1;30mLevel 5[0m set package 'controller_pkg_demo' build argument 'catkin_skip_building_tests' from command line to 'False'
[0.369s] [34mcolcon.colcon_core.verb[0m [1;30mDEBUG[0m [32mBuilding package 'controller_pkg_demo' with the following arguments: {'ament_cmake_args': None, 'build_base': '/home/ariel/ur5e_ws/src/build/controller_pkg_demo', 'catkin_cmake_args': None, 'catkin_skip_building_tests': False, 'cmake_args': None, 'cmake_clean_cache': False, 'cmake_clean_first': False, 'cmake_force_configure': False, 'cmake_target': None, 'cmake_target_skip_unavailable': False, 'install_base': '/home/ariel/ur5e_ws/src/install/controller_pkg_demo', 'merge_install': False, 'path': '/home/ariel/ur5e_ws/src/controller_pkg_demo', 'symlink_install': False, 'test_result_base': None}[0m
[0.369s] [34mcolcon.colcon_core.verb[0m [1;30mLevel 5[0m set package 'moveit_control_pkg' build argument 'cmake_args' from command line to 'None'
[0.369s] [34mcolcon.colcon_core.verb[0m [1;30mLevel 5[0m set package 'moveit_control_pkg' build argument 'cmake_target' from command line to 'None'
[0.369s] [34mcolcon.colcon_core.verb[0m [1;30mLevel 5[0m set package 'moveit_control_pkg' build argument 'cmake_target_skip_unavailable' from command line to 'False'
[0.369s] [34mcolcon.colcon_core.verb[0m [1;30mLevel 5[0m set package 'moveit_control_pkg' build argument 'cmake_clean_cache' from command line to 'False'
[0.369s] [34mcolcon.colcon_core.verb[0m [1;30mLevel 5[0m set package 'moveit_control_pkg' build argument 'cmake_clean_first' from command line to 'False'
[0.369s] [34mcolcon.colcon_core.verb[0m [1;30mLevel 5[0m set package 'moveit_control_pkg' build argument 'cmake_force_configure' from command line to 'False'
[0.369s] [34mcolcon.colcon_core.verb[0m [1;30mLevel 5[0m set package 'moveit_control_pkg' build argument 'ament_cmake_args' from command line to 'None'
[0.369s] [34mcolcon.colcon_core.verb[0m [1;30mLevel 5[0m set package 'moveit_control_pkg' build argument 'catkin_cmake_args' from command line to 'None'
[0.369s] [34mcolcon.colcon_core.verb[0m [1;30mLevel 5[0m set package 'moveit_control_pkg' build argument 'catkin_skip_building_tests' from command line to 'False'
[0.369s] [34mcolcon.colcon_core.verb[0m [1;30mDEBUG[0m [32mBuilding package 'moveit_control_pkg' with the following arguments: {'ament_cmake_args': None, 'build_base': '/home/ariel/ur5e_ws/src/build/moveit_control_pkg', 'catkin_cmake_args': None, 'catkin_skip_building_tests': False, 'cmake_args': None, 'cmake_clean_cache': False, 'cmake_clean_first': False, 'cmake_force_configure': False, 'cmake_target': None, 'cmake_target_skip_unavailable': False, 'install_base': '/home/ariel/ur5e_ws/src/install/moveit_control_pkg', 'merge_install': False, 'path': '/home/ariel/ur5e_ws/src/moveit_control_pkg', 'symlink_install': False, 'test_result_base': None}[0m
[0.370s] [34mcolcon.colcon_core.verb[0m [1;30mLevel 5[0m set package 'ur5e_moveit_controller' build argument 'cmake_args' from command line to 'None'
[0.370s] [34mcolcon.colcon_core.verb[0m [1;30mLevel 5[0m set package 'ur5e_moveit_controller' build argument 'cmake_target' from command line to 'None'
[0.370s] [34mcolcon.colcon_core.verb[0m [1;30mLevel 5[0m set package 'ur5e_moveit_controller' build argument 'cmake_target_skip_unavailable' from command line to 'False'
[0.370s] [34mcolcon.colcon_core.verb[0m [1;30mLevel 5[0m set package 'ur5e_moveit_controller' build argument 'cmake_clean_cache' from command line to 'False'
[0.370s] [34mcolcon.colcon_core.verb[0m [1;30mLevel 5[0m set package 'ur5e_moveit_controller' build argument 'cmake_clean_first' from command line to 'False'
[0.370s] [34mcolcon.colcon_core.verb[0m [1;30mLevel 5[0m set package 'ur5e_moveit_controller' build argument 'cmake_force_configure' from command line to 'False'
[0.370s] [34mcolcon.colcon_core.verb[0m [1;30mLevel 5[0m set package 'ur5e_moveit_controller' build argument 'ament_cmake_args' from command line to 'None'
[0.370s] [34mcolcon.colcon_core.verb[0m [1;30mLevel 5[0m set package 'ur5e_moveit_controller' build argument 'catkin_cmake_args' from command line to 'None'
[0.370s] [34mcolcon.colcon_core.verb[0m [1;30mLevel 5[0m set package 'ur5e_moveit_controller' build argument 'catkin_skip_building_tests' from command line to 'False'
[0.370s] [34mcolcon.colcon_core.verb[0m [1;30mDEBUG[0m [32mBuilding package 'ur5e_moveit_controller' with the following arguments: {'ament_cmake_args': None, 'build_base': '/home/ariel/ur5e_ws/src/build/ur5e_moveit_controller', 'catkin_cmake_args': None, 'catkin_skip_building_tests': False, 'cmake_args': None, 'cmake_clean_cache': False, 'cmake_clean_first': False, 'cmake_force_configure': False, 'cmake_target': None, 'cmake_target_skip_unavailable': False, 'install_base': '/home/ariel/ur5e_ws/src/install/ur5e_moveit_controller', 'merge_install': False, 'path': '/home/ariel/ur5e_ws/src/ur5e_moveit_controller', 'symlink_install': False, 'test_result_base': None}[0m
[0.370s] [34mcolcon.colcon_core.verb[0m [1;30mLevel 5[0m set package 'ur_dashboard_msgs' build argument 'cmake_args' from command line to 'None'
[0.370s] [34mcolcon.colcon_core.verb[0m [1;30mLevel 5[0m set package 'ur_dashboard_msgs' build argument 'cmake_target' from command line to 'None'
[0.370s] [34mcolcon.colcon_core.verb[0m [1;30mLevel 5[0m set package 'ur_dashboard_msgs' build argument 'cmake_target_skip_unavailable' from command line to 'False'
[0.370s] [34mcolcon.colcon_core.verb[0m [1;30mLevel 5[0m set package 'ur_dashboard_msgs' build argument 'cmake_clean_cache' from command line to 'False'
[0.370s] [34mcolcon.colcon_core.verb[0m [1;30mLevel 5[0m set package 'ur_dashboard_msgs' build argument 'cmake_clean_first' from command line to 'False'
[0.370s] [34mcolcon.colcon_core.verb[0m [1;30mLevel 5[0m set package 'ur_dashboard_msgs' build argument 'cmake_force_configure' from command line to 'False'
[0.370s] [34mcolcon.colcon_core.verb[0m [1;30mLevel 5[0m set package 'ur_dashboard_msgs' build argument 'ament_cmake_args' from command line to 'None'
[0.370s] [34mcolcon.colcon_core.verb[0m [1;30mLevel 5[0m set package 'ur_dashboard_msgs' build argument 'catkin_cmake_args' from command line to 'None'
[0.370s] [34mcolcon.colcon_core.verb[0m [1;30mLevel 5[0m set package 'ur_dashboard_msgs' build argument 'catkin_skip_building_tests' from command line to 'False'
[0.370s] [34mcolcon.colcon_core.verb[0m [1;30mDEBUG[0m [32mBuilding package 'ur_dashboard_msgs' with the following arguments: {'ament_cmake_args': None, 'build_base': '/home/ariel/ur5e_ws/src/build/ur_dashboard_msgs', 'catkin_cmake_args': None, 'catkin_skip_building_tests': False, 'cmake_args': None, 'cmake_clean_cache': False, 'cmake_clean_first': False, 'cmake_force_configure': False, 'cmake_target': None, 'cmake_target_skip_unavailable': False, 'install_base': '/home/ariel/ur5e_ws/src/install/ur_dashboard_msgs', 'merge_install': False, 'path': '/home/ariel/ur5e_ws/src/Universal_Robots_ROS2_Driver/ur_dashboard_msgs', 'symlink_install': False, 'test_result_base': None}[0m
[0.370s] [34mcolcon.colcon_core.verb[0m [1;30mLevel 5[0m set package 'ur_description' build argument 'cmake_args' from command line to 'None'
[0.370s] [34mcolcon.colcon_core.verb[0m [1;30mLevel 5[0m set package 'ur_description' build argument 'cmake_target' from command line to 'None'
[0.370s] [34mcolcon.colcon_core.verb[0m [1;30mLevel 5[0m set package 'ur_description' build argument 'cmake_target_skip_unavailable' from command line to 'False'
[0.370s] [34mcolcon.colcon_core.verb[0m [1;30mLevel 5[0m set package 'ur_description' build argument 'cmake_clean_cache' from command line to 'False'
[0.370s] [34mcolcon.colcon_core.verb[0m [1;30mLevel 5[0m set package 'ur_description' build argument 'cmake_clean_first' from command line to 'False'
[0.370s] [34mcolcon.colcon_core.verb[0m [1;30mLevel 5[0m set package 'ur_description' build argument 'cmake_force_configure' from command line to 'False'
[0.370s] [34mcolcon.colcon_core.verb[0m [1;30mLevel 5[0m set package 'ur_description' build argument 'ament_cmake_args' from command line to 'None'
[0.370s] [34mcolcon.colcon_core.verb[0m [1;30mLevel 5[0m set package 'ur_description' build argument 'catkin_cmake_args' from command line to 'None'
[0.370s] [34mcolcon.colcon_core.verb[0m [1;30mLevel 5[0m set package 'ur_description' build argument 'catkin_skip_building_tests' from command line to 'False'
[0.370s] [34mcolcon.colcon_core.verb[0m [1;30mDEBUG[0m [32mBuilding package 'ur_description' with the following arguments: {'ament_cmake_args': None, 'build_base': '/home/ariel/ur5e_ws/src/build/ur_description', 'catkin_cmake_args': None, 'catkin_skip_building_tests': False, 'cmake_args': None, 'cmake_clean_cache': False, 'cmake_clean_first': False, 'cmake_force_configure': False, 'cmake_target': None, 'cmake_target_skip_unavailable': False, 'install_base': '/home/ariel/ur5e_ws/src/install/ur_description', 'merge_install': False, 'path': '/home/ariel/ur5e_ws/src/Universal_Robots_ROS2_Description', 'symlink_install': False, 'test_result_base': None}[0m
[0.370s] [34mcolcon.colcon_core.verb[0m [1;30mLevel 5[0m set package 'ur5_moveit' build argument 'cmake_args' from command line to 'None'
[0.370s] [34mcolcon.colcon_core.verb[0m [1;30mLevel 5[0m set package 'ur5_moveit' build argument 'cmake_target' from command line to 'None'
[0.370s] [34mcolcon.colcon_core.verb[0m [1;30mLevel 5[0m set package 'ur5_moveit' build argument 'cmake_target_skip_unavailable' from command line to 'False'
[0.370s] [34mcolcon.colcon_core.verb[0m [1;30mLevel 5[0m set package 'ur5_moveit' build argument 'cmake_clean_cache' from command line to 'False'
[0.370s] [34mcolcon.colcon_core.verb[0m [1;30mLevel 5[0m set package 'ur5_moveit' build argument 'cmake_clean_first' from command line to 'False'
[0.371s] [34mcolcon.colcon_core.verb[0m [1;30mLevel 5[0m set package 'ur5_moveit' build argument 'cmake_force_configure' from command line to 'False'
[0.371s] [34mcolcon.colcon_core.verb[0m [1;30mLevel 5[0m set package 'ur5_moveit' build argument 'ament_cmake_args' from command line to 'None'
[0.371s] [34mcolcon.colcon_core.verb[0m [1;30mLevel 5[0m set package 'ur5_moveit' build argument 'catkin_cmake_args' from command line to 'None'
[0.371s] [34mcolcon.colcon_core.verb[0m [1;30mLevel 5[0m set package 'ur5_moveit' build argument 'catkin_skip_building_tests' from command line to 'False'
[0.371s] [34mcolcon.colcon_core.verb[0m [1;30mDEBUG[0m [32mBuilding package 'ur5_moveit' with the following arguments: {'ament_cmake_args': None, 'build_base': '/home/ariel/ur5e_ws/src/build/ur5_moveit', 'catkin_cmake_args': None, 'catkin_skip_building_tests': False, 'cmake_args': None, 'cmake_clean_cache': False, 'cmake_clean_first': False, 'cmake_force_configure': False, 'cmake_target': None, 'cmake_target_skip_unavailable': False, 'install_base': '/home/ariel/ur5e_ws/src/install/ur5_moveit', 'merge_install': False, 'path': '/home/ariel/ur5e_ws/src/ur5_moveit_configuration', 'symlink_install': False, 'test_result_base': None}[0m
[0.371s] [34mcolcon.colcon_core.verb[0m [1;30mLevel 5[0m set package 'ur_controllers' build argument 'cmake_args' from command line to 'None'
[0.371s] [34mcolcon.colcon_core.verb[0m [1;30mLevel 5[0m set package 'ur_controllers' build argument 'cmake_target' from command line to 'None'
[0.371s] [34mcolcon.colcon_core.verb[0m [1;30mLevel 5[0m set package 'ur_controllers' build argument 'cmake_target_skip_unavailable' from command line to 'False'
[0.371s] [34mcolcon.colcon_core.verb[0m [1;30mLevel 5[0m set package 'ur_controllers' build argument 'cmake_clean_cache' from command line to 'False'
[0.371s] [34mcolcon.colcon_core.verb[0m [1;30mLevel 5[0m set package 'ur_controllers' build argument 'cmake_clean_first' from command line to 'False'
[0.371s] [34mcolcon.colcon_core.verb[0m [1;30mLevel 5[0m set package 'ur_controllers' build argument 'cmake_force_configure' from command line to 'False'
[0.371s] [34mcolcon.colcon_core.verb[0m [1;30mLevel 5[0m set package 'ur_controllers' build argument 'ament_cmake_args' from command line to 'None'
[0.371s] [34mcolcon.colcon_core.verb[0m [1;30mLevel 5[0m set package 'ur_controllers' build argument 'catkin_cmake_args' from command line to 'None'
[0.371s] [34mcolcon.colcon_core.verb[0m [1;30mLevel 5[0m set package 'ur_controllers' build argument 'catkin_skip_building_tests' from command line to 'False'
[0.371s] [34mcolcon.colcon_core.verb[0m [1;30mDEBUG[0m [32mBuilding package 'ur_controllers' with the following arguments: {'ament_cmake_args': None, 'build_base': '/home/ariel/ur5e_ws/src/build/ur_controllers', 'catkin_cmake_args': None, 'catkin_skip_building_tests': False, 'cmake_args': None, 'cmake_clean_cache': False, 'cmake_clean_first': False, 'cmake_force_configure': False, 'cmake_target': None, 'cmake_target_skip_unavailable': False, 'install_base': '/home/ariel/ur5e_ws/src/install/ur_controllers', 'merge_install': False, 'path': '/home/ariel/ur5e_ws/src/Universal_Robots_ROS2_Driver/ur_controllers', 'symlink_install': False, 'test_result_base': None}[0m
[0.371s] [34mcolcon.colcon_core.verb[0m [1;30mLevel 5[0m set package 'ur_moveit_config' build argument 'cmake_args' from command line to 'None'
[0.371s] [34mcolcon.colcon_core.verb[0m [1;30mLevel 5[0m set package 'ur_moveit_config' build argument 'cmake_target' from command line to 'None'
[0.371s] [34mcolcon.colcon_core.verb[0m [1;30mLevel 5[0m set package 'ur_moveit_config' build argument 'cmake_target_skip_unavailable' from command line to 'False'
[0.371s] [34mcolcon.colcon_core.verb[0m [1;30mLevel 5[0m set package 'ur_moveit_config' build argument 'cmake_clean_cache' from command line to 'False'
[0.371s] [34mcolcon.colcon_core.verb[0m [1;30mLevel 5[0m set package 'ur_moveit_config' build argument 'cmake_clean_first' from command line to 'False'
[0.371s] [34mcolcon.colcon_core.verb[0m [1;30mLevel 5[0m set package 'ur_moveit_config' build argument 'cmake_force_configure' from command line to 'False'
[0.371s] [34mcolcon.colcon_core.verb[0m [1;30mLevel 5[0m set package 'ur_moveit_config' build argument 'ament_cmake_args' from command line to 'None'
[0.371s] [34mcolcon.colcon_core.verb[0m [1;30mLevel 5[0m set package 'ur_moveit_config' build argument 'catkin_cmake_args' from command line to 'None'
[0.371s] [34mcolcon.colcon_core.verb[0m [1;30mLevel 5[0m set package 'ur_moveit_config' build argument 'catkin_skip_building_tests' from command line to 'False'
[0.371s] [34mcolcon.colcon_core.verb[0m [1;30mDEBUG[0m [32mBuilding package 'ur_moveit_config' with the following arguments: {'ament_cmake_args': None, 'build_base': '/home/ariel/ur5e_ws/src/build/ur_moveit_config', 'catkin_cmake_args': None, 'catkin_skip_building_tests': False, 'cmake_args': None, 'cmake_clean_cache': False, 'cmake_clean_first': False, 'cmake_force_configure': False, 'cmake_target': None, 'cmake_target_skip_unavailable': False, 'install_base': '/home/ariel/ur5e_ws/src/install/ur_moveit_config', 'merge_install': False, 'path': '/home/ariel/ur5e_ws/src/Universal_Robots_ROS2_Driver/ur_moveit_config', 'symlink_install': False, 'test_result_base': None}[0m
[0.371s] [34mcolcon.colcon_core.verb[0m [1;30mLevel 5[0m set package 'ur_new_moveit' build argument 'cmake_args' from command line to 'None'
[0.371s] [34mcolcon.colcon_core.verb[0m [1;30mLevel 5[0m set package 'ur_new_moveit' build argument 'cmake_target' from command line to 'None'
[0.371s] [34mcolcon.colcon_core.verb[0m [1;30mLevel 5[0m set package 'ur_new_moveit' build argument 'cmake_target_skip_unavailable' from command line to 'False'
[0.371s] [34mcolcon.colcon_core.verb[0m [1;30mLevel 5[0m set package 'ur_new_moveit' build argument 'cmake_clean_cache' from command line to 'False'
[0.371s] [34mcolcon.colcon_core.verb[0m [1;30mLevel 5[0m set package 'ur_new_moveit' build argument 'cmake_clean_first' from command line to 'False'
[0.371s] [34mcolcon.colcon_core.verb[0m [1;30mLevel 5[0m set package 'ur_new_moveit' build argument 'cmake_force_configure' from command line to 'False'
[0.371s] [34mcolcon.colcon_core.verb[0m [1;30mLevel 5[0m set package 'ur_new_moveit' build argument 'ament_cmake_args' from command line to 'None'
[0.371s] [34mcolcon.colcon_core.verb[0m [1;30mLevel 5[0m set package 'ur_new_moveit' build argument 'catkin_cmake_args' from command line to 'None'
[0.371s] [34mcolcon.colcon_core.verb[0m [1;30mLevel 5[0m set package 'ur_new_moveit' build argument 'catkin_skip_building_tests' from command line to 'False'
[0.371s] [34mcolcon.colcon_core.verb[0m [1;30mDEBUG[0m [32mBuilding package 'ur_new_moveit' with the following arguments: {'ament_cmake_args': None, 'build_base': '/home/ariel/ur5e_ws/src/build/ur_new_moveit', 'catkin_cmake_args': None, 'catkin_skip_building_tests': False, 'cmake_args': None, 'cmake_clean_cache': False, 'cmake_clean_first': False, 'cmake_force_configure': False, 'cmake_target': None, 'cmake_target_skip_unavailable': False, 'install_base': '/home/ariel/ur5e_ws/src/install/ur_new_moveit', 'merge_install': False, 'path': '/home/ariel/ur5e_ws/src/ur_new_moveit', 'symlink_install': False, 'test_result_base': None}[0m
[0.371s] [34mcolcon.colcon_core.verb[0m [1;30mLevel 5[0m set package 'ur_bringup' build argument 'cmake_args' from command line to 'None'
[0.371s] [34mcolcon.colcon_core.verb[0m [1;30mLevel 5[0m set package 'ur_bringup' build argument 'cmake_target' from command line to 'None'
[0.372s] [34mcolcon.colcon_core.verb[0m [1;30mLevel 5[0m set package 'ur_bringup' build argument 'cmake_target_skip_unavailable' from command line to 'False'
[0.372s] [34mcolcon.colcon_core.verb[0m [1;30mLevel 5[0m set package 'ur_bringup' build argument 'cmake_clean_cache' from command line to 'False'
[0.372s] [34mcolcon.colcon_core.verb[0m [1;30mLevel 5[0m set package 'ur_bringup' build argument 'cmake_clean_first' from command line to 'False'
[0.372s] [34mcolcon.colcon_core.verb[0m [1;30mLevel 5[0m set package 'ur_bringup' build argument 'cmake_force_configure' from command line to 'False'
[0.372s] [34mcolcon.colcon_core.verb[0m [1;30mLevel 5[0m set package 'ur_bringup' build argument 'ament_cmake_args' from command line to 'None'
[0.372s] [34mcolcon.colcon_core.verb[0m [1;30mLevel 5[0m set package 'ur_bringup' build argument 'catkin_cmake_args' from command line to 'None'
[0.372s] [34mcolcon.colcon_core.verb[0m [1;30mLevel 5[0m set package 'ur_bringup' build argument 'catkin_skip_building_tests' from command line to 'False'
[0.372s] [34mcolcon.colcon_core.verb[0m [1;30mDEBUG[0m [32mBuilding package 'ur_bringup' with the following arguments: {'ament_cmake_args': None, 'build_base': '/home/ariel/ur5e_ws/src/build/ur_bringup', 'catkin_cmake_args': None, 'catkin_skip_building_tests': False, 'cmake_args': None, 'cmake_clean_cache': False, 'cmake_clean_first': False, 'cmake_force_configure': False, 'cmake_target': None, 'cmake_target_skip_unavailable': False, 'install_base': '/home/ariel/ur5e_ws/src/install/ur_bringup', 'merge_install': False, 'path': '/home/ariel/ur5e_ws/src/Universal_Robots_ROS2_Driver/ur_bringup', 'symlink_install': False, 'test_result_base': None}[0m
[0.372s] [34mcolcon.colcon_core.verb[0m [1;30mLevel 5[0m set package 'ur_robot_driver' build argument 'cmake_args' from command line to 'None'
[0.372s] [34mcolcon.colcon_core.verb[0m [1;30mLevel 5[0m set package 'ur_robot_driver' build argument 'cmake_target' from command line to 'None'
[0.372s] [34mcolcon.colcon_core.verb[0m [1;30mLevel 5[0m set package 'ur_robot_driver' build argument 'cmake_target_skip_unavailable' from command line to 'False'
[0.372s] [34mcolcon.colcon_core.verb[0m [1;30mLevel 5[0m set package 'ur_robot_driver' build argument 'cmake_clean_cache' from command line to 'False'
[0.372s] [34mcolcon.colcon_core.verb[0m [1;30mLevel 5[0m set package 'ur_robot_driver' build argument 'cmake_clean_first' from command line to 'False'
[0.372s] [34mcolcon.colcon_core.verb[0m [1;30mLevel 5[0m set package 'ur_robot_driver' build argument 'cmake_force_configure' from command line to 'False'
[0.372s] [34mcolcon.colcon_core.verb[0m [1;30mLevel 5[0m set package 'ur_robot_driver' build argument 'ament_cmake_args' from command line to 'None'
[0.372s] [34mcolcon.colcon_core.verb[0m [1;30mLevel 5[0m set package 'ur_robot_driver' build argument 'catkin_cmake_args' from command line to 'None'
[0.372s] [34mcolcon.colcon_core.verb[0m [1;30mLevel 5[0m set package 'ur_robot_driver' build argument 'catkin_skip_building_tests' from command line to 'False'
[0.372s] [34mcolcon.colcon_core.verb[0m [1;30mDEBUG[0m [32mBuilding package 'ur_robot_driver' with the following arguments: {'ament_cmake_args': None, 'build_base': '/home/ariel/ur5e_ws/src/build/ur_robot_driver', 'catkin_cmake_args': None, 'catkin_skip_building_tests': False, 'cmake_args': None, 'cmake_clean_cache': False, 'cmake_clean_first': False, 'cmake_force_configure': False, 'cmake_target': None, 'cmake_target_skip_unavailable': False, 'install_base': '/home/ariel/ur5e_ws/src/install/ur_robot_driver', 'merge_install': False, 'path': '/home/ariel/ur5e_ws/src/Universal_Robots_ROS2_Driver/ur_robot_driver', 'symlink_install': False, 'test_result_base': None}[0m
[0.372s] [34mcolcon.colcon_core.verb[0m [1;30mLevel 5[0m set package 'ur_simulation_gazebo' build argument 'cmake_args' from command line to 'None'
[0.372s] [34mcolcon.colcon_core.verb[0m [1;30mLevel 5[0m set package 'ur_simulation_gazebo' build argument 'cmake_target' from command line to 'None'
[0.372s] [34mcolcon.colcon_core.verb[0m [1;30mLevel 5[0m set package 'ur_simulation_gazebo' build argument 'cmake_target_skip_unavailable' from command line to 'False'
[0.372s] [34mcolcon.colcon_core.verb[0m [1;30mLevel 5[0m set package 'ur_simulation_gazebo' build argument 'cmake_clean_cache' from command line to 'False'
[0.372s] [34mcolcon.colcon_core.verb[0m [1;30mLevel 5[0m set package 'ur_simulation_gazebo' build argument 'cmake_clean_first' from command line to 'False'
[0.372s] [34mcolcon.colcon_core.verb[0m [1;30mLevel 5[0m set package 'ur_simulation_gazebo' build argument 'cmake_force_configure' from command line to 'False'
[0.372s] [34mcolcon.colcon_core.verb[0m [1;30mLevel 5[0m set package 'ur_simulation_gazebo' build argument 'ament_cmake_args' from command line to 'None'
[0.372s] [34mcolcon.colcon_core.verb[0m [1;30mLevel 5[0m set package 'ur_simulation_gazebo' build argument 'catkin_cmake_args' from command line to 'None'
[0.372s] [34mcolcon.colcon_core.verb[0m [1;30mLevel 5[0m set package 'ur_simulation_gazebo' build argument 'catkin_skip_building_tests' from command line to 'False'
[0.372s] [34mcolcon.colcon_core.verb[0m [1;30mDEBUG[0m [32mBuilding package 'ur_simulation_gazebo' with the following arguments: {'ament_cmake_args': None, 'build_base': '/home/ariel/ur5e_ws/src/build/ur_simulation_gazebo', 'catkin_cmake_args': None, 'catkin_skip_building_tests': False, 'cmake_args': None, 'cmake_clean_cache': False, 'cmake_clean_first': False, 'cmake_force_configure': False, 'cmake_target': None, 'cmake_target_skip_unavailable': False, 'install_base': '/home/ariel/ur5e_ws/src/install/ur_simulation_gazebo', 'merge_install': False, 'path': '/home/ariel/ur5e_ws/src/Universal_Robots_ROS2_Gazebo_Simulation/ur_simulation_gazebo', 'symlink_install': False, 'test_result_base': None}[0m
[0.372s] [34mcolcon.colcon_core.verb[0m [1;30mLevel 5[0m set package 'ur_calibration' build argument 'cmake_args' from command line to 'None'
[0.372s] [34mcolcon.colcon_core.verb[0m [1;30mLevel 5[0m set package 'ur_calibration' build argument 'cmake_target' from command line to 'None'
[0.372s] [34mcolcon.colcon_core.verb[0m [1;30mLevel 5[0m set package 'ur_calibration' build argument 'cmake_target_skip_unavailable' from command line to 'False'
[0.372s] [34mcolcon.colcon_core.verb[0m [1;30mLevel 5[0m set package 'ur_calibration' build argument 'cmake_clean_cache' from command line to 'False'
[0.372s] [34mcolcon.colcon_core.verb[0m [1;30mLevel 5[0m set package 'ur_calibration' build argument 'cmake_clean_first' from command line to 'False'
[0.372s] [34mcolcon.colcon_core.verb[0m [1;30mLevel 5[0m set package 'ur_calibration' build argument 'cmake_force_configure' from command line to 'False'
[0.372s] [34mcolcon.colcon_core.verb[0m [1;30mLevel 5[0m set package 'ur_calibration' build argument 'ament_cmake_args' from command line to 'None'
[0.372s] [34mcolcon.colcon_core.verb[0m [1;30mLevel 5[0m set package 'ur_calibration' build argument 'catkin_cmake_args' from command line to 'None'
[0.372s] [34mcolcon.colcon_core.verb[0m [1;30mLevel 5[0m set package 'ur_calibration' build argument 'catkin_skip_building_tests' from command line to 'False'
[0.372s] [34mcolcon.colcon_core.verb[0m [1;30mDEBUG[0m [32mBuilding package 'ur_calibration' with the following arguments: {'ament_cmake_args': None, 'build_base': '/home/ariel/ur5e_ws/src/build/ur_calibration', 'catkin_cmake_args': None, 'catkin_skip_building_tests': False, 'cmake_args': None, 'cmake_clean_cache': False, 'cmake_clean_first': False, 'cmake_force_configure': False, 'cmake_target': None, 'cmake_target_skip_unavailable': False, 'install_base': '/home/ariel/ur5e_ws/src/install/ur_calibration', 'merge_install': False, 'path': '/home/ariel/ur5e_ws/src/Universal_Robots_ROS2_Driver/ur_calibration', 'symlink_install': False, 'test_result_base': None}[0m
[0.373s] [34mcolcon.colcon_core.verb[0m [1;30mLevel 5[0m set package 'ur' build argument 'cmake_args' from command line to 'None'
[0.373s] [34mcolcon.colcon_core.verb[0m [1;30mLevel 5[0m set package 'ur' build argument 'cmake_target' from command line to 'None'
[0.373s] [34mcolcon.colcon_core.verb[0m [1;30mLevel 5[0m set package 'ur' build argument 'cmake_target_skip_unavailable' from command line to 'False'
[0.373s] [34mcolcon.colcon_core.verb[0m [1;30mLevel 5[0m set package 'ur' build argument 'cmake_clean_cache' from command line to 'False'
[0.373s] [34mcolcon.colcon_core.verb[0m [1;30mLevel 5[0m set package 'ur' build argument 'cmake_clean_first' from command line to 'False'
[0.373s] [34mcolcon.colcon_core.verb[0m [1;30mLevel 5[0m set package 'ur' build argument 'cmake_force_configure' from command line to 'False'
[0.373s] [34mcolcon.colcon_core.verb[0m [1;30mLevel 5[0m set package 'ur' build argument 'ament_cmake_args' from command line to 'None'
[0.373s] [34mcolcon.colcon_core.verb[0m [1;30mLevel 5[0m set package 'ur' build argument 'catkin_cmake_args' from command line to 'None'
[0.373s] [34mcolcon.colcon_core.verb[0m [1;30mLevel 5[0m set package 'ur' build argument 'catkin_skip_building_tests' from command line to 'False'
[0.373s] [34mcolcon.colcon_core.verb[0m [1;30mDEBUG[0m [32mBuilding package 'ur' with the following arguments: {'ament_cmake_args': None, 'build_base': '/home/ariel/ur5e_ws/src/build/ur', 'catkin_cmake_args': None, 'catkin_skip_building_tests': False, 'cmake_args': None, 'cmake_clean_cache': False, 'cmake_clean_first': False, 'cmake_force_configure': False, 'cmake_target': None, 'cmake_target_skip_unavailable': False, 'install_base': '/home/ariel/ur5e_ws/src/install/ur', 'merge_install': False, 'path': '/home/ariel/ur5e_ws/src/Universal_Robots_ROS2_Driver/ur', 'symlink_install': False, 'test_result_base': None}[0m
[0.373s] [34mcolcon.colcon_core.executor[0m [1;30mINFO[0m Executing jobs using 'parallel' executor
[0.374s] [34mcolcon.colcon_parallel_executor.executor.parallel[0m [1;30mDEBUG[0m [32mrun_until_complete[0m
[0.374s] [34mcolcon.colcon_ros.task.ament_cmake.build[0m [1;30mINFO[0m Building ROS package in '/home/ariel/ur5e_ws/src/Universal_Robots_ROS2_Description' with build type 'ament_cmake'
[0.375s] [34mcolcon.colcon_cmake.task.cmake.build[0m [1;30mINFO[0m Building CMake package in '/home/ariel/ur5e_ws/src/Universal_Robots_ROS2_Description'
[0.378s] [34mcolcon.colcon_core.plugin_system[0m [1;30mINFO[0m Skipping extension 'colcon_core.shell.bat': Not used on non-Windows systems
[0.378s] [34mcolcon.colcon_core.shell[0m [1;30mINFO[0m Skip shell extension 'powershell' for command environment: Not usable outside of PowerShell
[0.378s] [34mcolcon.colcon_core.shell[0m [1;30mDEBUG[0m [32mSkip shell extension 'dsv' for command environment[0m
[0.381s] [34mcolcon.colcon_ros.task.ament_cmake.build[0m [1;30mINFO[0m Building ROS package in '/home/ariel/ur5e_ws/src/Universal_Robots_ROS2_Driver/ur_dashboard_msgs' with build type 'ament_cmake'
[0.381s] [34mcolcon.colcon_cmake.task.cmake.build[0m [1;30mINFO[0m Building CMake package in '/home/ariel/ur5e_ws/src/Universal_Robots_ROS2_Driver/ur_dashboard_msgs'
[0.381s] [34mcolcon.colcon_core.shell[0m [1;30mINFO[0m Skip shell extension 'powershell' for command environment: Not usable outside of PowerShell
[0.381s] [34mcolcon.colcon_core.shell[0m [1;30mDEBUG[0m [32mSkip shell extension 'dsv' for command environment[0m
[0.384s] [34mcolcon.colcon_ros.task.ament_python.build[0m [1;30mINFO[0m Building ROS package in '/home/ariel/ur5e_ws/src/controller_pkg_demo' with build type 'ament_python'
[0.384s] [34mcolcon.colcon_core.shell[0m [1;30mLevel 1[0m create_environment_hook('controller_pkg_demo', 'ament_prefix_path')
[0.384s] [34mcolcon.colcon_core.shell[0m [1;30mINFO[0m Creating environment hook '/home/ariel/ur5e_ws/src/install/controller_pkg_demo/share/controller_pkg_demo/hook/ament_prefix_path.ps1'
[0.384s] [34mcolcon.colcon_core.shell[0m [1;30mINFO[0m Creating environment descriptor '/home/ariel/ur5e_ws/src/install/controller_pkg_demo/share/controller_pkg_demo/hook/ament_prefix_path.dsv'
[0.385s] [34mcolcon.colcon_core.shell[0m [1;30mINFO[0m Creating environment hook '/home/ariel/ur5e_ws/src/install/controller_pkg_demo/share/controller_pkg_demo/hook/ament_prefix_path.sh'
[0.385s] [34mcolcon.colcon_core.shell[0m [1;30mINFO[0m Skip shell extension 'powershell' for command environment: Not usable outside of PowerShell
[0.385s] [34mcolcon.colcon_core.shell[0m [1;30mDEBUG[0m [32mSkip shell extension 'dsv' for command environment[0m
[0.390s] [34mcolcon.colcon_ros.task.ament_cmake.build[0m [1;30mINFO[0m Building ROS package in '/home/ariel/ur5e_ws/src/moveit_control_pkg' with build type 'ament_cmake'
[0.390s] [34mcolcon.colcon_cmake.task.cmake.build[0m [1;30mINFO[0m Building CMake package in '/home/ariel/ur5e_ws/src/moveit_control_pkg'
[0.390s] [34mcolcon.colcon_core.shell[0m [1;30mINFO[0m Skip shell extension 'powershell' for command environment: Not usable outside of PowerShell
[0.390s] [34mcolcon.colcon_core.shell[0m [1;30mDEBUG[0m [32mSkip shell extension 'dsv' for command environment[0m
[0.392s] [34mcolcon.colcon_ros.task.ament_cmake.build[0m [1;30mINFO[0m Building ROS package in '/home/ariel/ur5e_ws/src/ur5e_moveit_controller' with build type 'ament_cmake'
[0.393s] [34mcolcon.colcon_cmake.task.cmake.build[0m [1;30mINFO[0m Building CMake package in '/home/ariel/ur5e_ws/src/ur5e_moveit_controller'
[0.393s] [34mcolcon.colcon_core.shell[0m [1;30mINFO[0m Skip shell extension 'powershell' for command environment: Not usable outside of PowerShell
[0.393s] [34mcolcon.colcon_core.shell[0m [1;30mDEBUG[0m [32mSkip shell extension 'dsv' for command environment[0m
[0.397s] [34mcolcon.colcon_core.event_handler.log_command[0m [1;30mDEBUG[0m [32mInvoking command in '/home/ariel/ur5e_ws/src/build/ur_description': CMAKE_PREFIX_PATH=${CMAKE_PREFIX_PATH}:/home/ariel/ws_moveit2/install/launch_param_builder:/home/ariel/ur5e_ws/install/controller_pkg_demo:/opt/ros/humble /usr/bin/cmake /home/ariel/ur5e_ws/src/Universal_Robots_ROS2_Description -DCMAKE_INSTALL_PREFIX=/home/ariel/ur5e_ws/src/install/ur_description[0m
[0.400s] [34mcolcon.colcon_core.event_handler.log_command[0m [1;30mDEBUG[0m [32mInvoking command in '/home/ariel/ur5e_ws/src/build/ur_dashboard_msgs': CMAKE_PREFIX_PATH=${CMAKE_PREFIX_PATH}:/home/ariel/ws_moveit2/install/launch_param_builder:/home/ariel/ur5e_ws/install/controller_pkg_demo:/opt/ros/humble /usr/bin/cmake /home/ariel/ur5e_ws/src/Universal_Robots_ROS2_Driver/ur_dashboard_msgs -DCMAKE_INSTALL_PREFIX=/home/ariel/ur5e_ws/src/install/ur_dashboard_msgs[0m
[0.588s] [34mcolcon.colcon_ros.task.ament_python.build[0m [1;30mWARNING[0m [33mPackage 'controller_pkg_demo' doesn't explicitly install a marker in the package index (colcon-ros currently does it implicitly but that fallback will be removed in the future)[0m
[0.588s] [34mcolcon.colcon_core.task.python.build[0m [1;30mINFO[0m Building Python package in '/home/ariel/ur5e_ws/src/controller_pkg_demo'
[0.589s] [34mcolcon.colcon_core.shell[0m [1;30mINFO[0m Skip shell extension 'powershell' for command environment: Not usable outside of PowerShell
[0.589s] [34mcolcon.colcon_core.shell[0m [1;30mDEBUG[0m [32mSkip shell extension 'dsv' for command environment[0m
[0.595s] [34mcolcon.colcon_core.event_handler.log_command[0m [1;30mDEBUG[0m [32mInvoking command in '/home/ariel/ur5e_ws/src/build/moveit_control_pkg': CMAKE_PREFIX_PATH=${CMAKE_PREFIX_PATH}:/home/ariel/ws_moveit2/install/launch_param_builder:/home/ariel/ur5e_ws/install/controller_pkg_demo:/opt/ros/humble /usr/bin/cmake /home/ariel/ur5e_ws/src/moveit_control_pkg -DCMAKE_INSTALL_PREFIX=/home/ariel/ur5e_ws/src/install/moveit_control_pkg[0m
[0.597s] [34mcolcon.colcon_core.event_handler.log_command[0m [1;30mDEBUG[0m [32mInvoking command in '/home/ariel/ur5e_ws/src/build/ur5e_moveit_controller': CMAKE_PREFIX_PATH=${CMAKE_PREFIX_PATH}:/home/ariel/ws_moveit2/install/launch_param_builder:/home/ariel/ur5e_ws/install/controller_pkg_demo:/opt/ros/humble /usr/bin/cmake /home/ariel/ur5e_ws/src/ur5e_moveit_controller -DCMAKE_INSTALL_PREFIX=/home/ariel/ur5e_ws/src/install/ur5e_moveit_controller[0m
[0.903s] [34mcolcon.colcon_core.event_handler.log_command[0m [1;30mDEBUG[0m [32mInvoking command in '/home/ariel/ur5e_ws/src/controller_pkg_demo': PYTHONPATH=/home/ariel/ur5e_ws/src/build/controller_pkg_demo/prefix_override:/usr/lib/python3/dist-packages/colcon_core/task/python/colcon_distutils_commands:/home/ariel/ur5e_ws/src/install/controller_pkg_demo/lib/python3.10/site-packages:${PYTHONPATH} /usr/bin/python3 -W ignore:setup.py install is deprecated -W ignore:easy_install command is deprecated setup.py egg_info --egg-base ../build/controller_pkg_demo build --build-base /home/ariel/ur5e_ws/src/build/controller_pkg_demo/build install --record /home/ariel/ur5e_ws/src/build/controller_pkg_demo/install.log --single-version-externally-managed install_data[0m
[1.126s] [34mcolcon.colcon_core.event_handler.log_command[0m [1;30mDEBUG[0m [32mInvoked command in '/home/ariel/ur5e_ws/src/controller_pkg_demo' returned '0': PYTHONPATH=/home/ariel/ur5e_ws/src/build/controller_pkg_demo/prefix_override:/usr/lib/python3/dist-packages/colcon_core/task/python/colcon_distutils_commands:/home/ariel/ur5e_ws/src/install/controller_pkg_demo/lib/python3.10/site-packages:${PYTHONPATH} /usr/bin/python3 -W ignore:setup.py install is deprecated -W ignore:easy_install command is deprecated setup.py egg_info --egg-base ../build/controller_pkg_demo build --build-base /home/ariel/ur5e_ws/src/build/controller_pkg_demo/build install --record /home/ariel/ur5e_ws/src/build/controller_pkg_demo/install.log --single-version-externally-managed install_data[0m
[1.128s] [34mcolcon.colcon_core.environment[0m [1;30mLevel 1[0m checking '/home/ariel/ur5e_ws/src/install/controller_pkg_demo' for CMake module files
[1.129s] [34mcolcon.colcon_core.environment[0m [1;30mLevel 1[0m checking '/home/ariel/ur5e_ws/src/install/controller_pkg_demo' for CMake config files
[1.129s] [34mcolcon.colcon_core.environment[0m [1;30mLevel 1[0m checking '/home/ariel/ur5e_ws/src/install/controller_pkg_demo/lib'
[1.129s] [34mcolcon.colcon_core.environment[0m [1;30mLevel 1[0m checking '/home/ariel/ur5e_ws/src/install/controller_pkg_demo/bin'
[1.129s] [34mcolcon.colcon_core.environment[0m [1;30mLevel 1[0m checking '/home/ariel/ur5e_ws/src/install/controller_pkg_demo/lib/pkgconfig/controller_pkg_demo.pc'
[1.129s] [34mcolcon.colcon_core.environment[0m [1;30mLevel 1[0m checking '/home/ariel/ur5e_ws/src/install/controller_pkg_demo/lib/python3.10/site-packages'
[1.129s] [34mcolcon.colcon_core.shell[0m [1;30mLevel 1[0m create_environment_hook('controller_pkg_demo', 'pythonpath')
[1.129s] [34mcolcon.colcon_core.shell[0m [1;30mINFO[0m Creating environment hook '/home/ariel/ur5e_ws/src/install/controller_pkg_demo/share/controller_pkg_demo/hook/pythonpath.ps1'
[1.130s] [34mcolcon.colcon_core.shell[0m [1;30mINFO[0m Creating environment descriptor '/home/ariel/ur5e_ws/src/install/controller_pkg_demo/share/controller_pkg_demo/hook/pythonpath.dsv'
[1.130s] [34mcolcon.colcon_core.shell[0m [1;30mINFO[0m Creating environment hook '/home/ariel/ur5e_ws/src/install/controller_pkg_demo/share/controller_pkg_demo/hook/pythonpath.sh'
[1.130s] [34mcolcon.colcon_core.environment[0m [1;30mLevel 1[0m checking '/home/ariel/ur5e_ws/src/install/controller_pkg_demo/bin'
[1.130s] [34mcolcon.colcon_core.environment[0m [1;30mLevel 1[0m create_environment_scripts_only(controller_pkg_demo)
[1.130s] [34mcolcon.colcon_core.shell[0m [1;30mINFO[0m Creating package script '/home/ariel/ur5e_ws/src/install/controller_pkg_demo/share/controller_pkg_demo/package.ps1'
[1.131s] [34mcolcon.colcon_core.shell[0m [1;30mINFO[0m Creating package descriptor '/home/ariel/ur5e_ws/src/install/controller_pkg_demo/share/controller_pkg_demo/package.dsv'
[1.131s] [34mcolcon.colcon_core.shell[0m [1;30mINFO[0m Creating package script '/home/ariel/ur5e_ws/src/install/controller_pkg_demo/share/controller_pkg_demo/package.sh'
[1.132s] [34mcolcon.colcon_core.shell[0m [1;30mINFO[0m Creating package script '/home/ariel/ur5e_ws/src/install/controller_pkg_demo/share/controller_pkg_demo/package.bash'
[1.132s] [34mcolcon.colcon_core.shell[0m [1;30mINFO[0m Creating package script '/home/ariel/ur5e_ws/src/install/controller_pkg_demo/share/controller_pkg_demo/package.zsh'
[1.133s] [34mcolcon.colcon_core.environment[0m [1;30mLevel 1[0m create_file_with_runtime_dependencies(/home/ariel/ur5e_ws/src/install/controller_pkg_demo/share/colcon-core/packages/controller_pkg_demo)
[1.295s] [34mcolcon.colcon_core.event_handler.log_command[0m [1;30mDEBUG[0m [32mInvoked command in '/home/ariel/ur5e_ws/src/build/ur_dashboard_msgs' returned '0': CMAKE_PREFIX_PATH=${CMAKE_PREFIX_PATH}:/home/ariel/ws_moveit2/install/launch_param_builder:/home/ariel/ur5e_ws/install/controller_pkg_demo:/opt/ros/humble /usr/bin/cmake /home/ariel/ur5e_ws/src/Universal_Robots_ROS2_Driver/ur_dashboard_msgs -DCMAKE_INSTALL_PREFIX=/home/ariel/ur5e_ws/src/install/ur_dashboard_msgs[0m
[1.297s] [34mcolcon.colcon_core.event_handler.log_command[0m [1;30mDEBUG[0m [32mInvoking command in '/home/ariel/ur5e_ws/src/build/ur_dashboard_msgs': CMAKE_PREFIX_PATH=${CMAKE_PREFIX_PATH}:/home/ariel/ws_moveit2/install/launch_param_builder:/home/ariel/ur5e_ws/install/controller_pkg_demo:/opt/ros/humble /usr/bin/cmake --build /home/ariel/ur5e_ws/src/build/ur_dashboard_msgs -- -j22 -l22[0m
[1.379s] [34mcolcon.colcon_core.event_handler.log_command[0m [1;30mDEBUG[0m [32mInvoked command in '/home/ariel/ur5e_ws/src/build/ur_dashboard_msgs' returned '2': CMAKE_PREFIX_PATH=${CMAKE_PREFIX_PATH}:/home/ariel/ws_moveit2/install/launch_param_builder:/home/ariel/ur5e_ws/install/controller_pkg_demo:/opt/ros/humble /usr/bin/cmake --build /home/ariel/ur5e_ws/src/build/ur_dashboard_msgs -- -j22 -l22[0m
[1.380s] [34mcolcon.colcon_core.environment[0m [1;30mLevel 1[0m create_environment_scripts_only(ur_dashboard_msgs)
[1.380s] [34mcolcon.colcon_core.environment[0m [1;30mLevel 1[0m checking '/home/ariel/ur5e_ws/src/install/ur_dashboard_msgs' for CMake module files
[1.381s] [34mcolcon.colcon_core.environment[0m [1;30mLevel 1[0m checking '/home/ariel/ur5e_ws/src/install/ur_dashboard_msgs' for CMake config files
[1.381s] [34mcolcon.colcon_core.shell[0m [1;30mLevel 1[0m create_environment_hook('ur_dashboard_msgs', 'cmake_prefix_path')
[1.381s] [34mcolcon.colcon_core.shell[0m [1;30mINFO[0m Creating environment hook '/home/ariel/ur5e_ws/src/install/ur_dashboard_msgs/share/ur_dashboard_msgs/hook/cmake_prefix_path.ps1'
[1.382s] [34mcolcon.colcon_core.shell[0m [1;30mINFO[0m Creating environment descriptor '/home/ariel/ur5e_ws/src/install/ur_dashboard_msgs/share/ur_dashboard_msgs/hook/cmake_prefix_path.dsv'
[1.382s] [34mcolcon.colcon_core.shell[0m [1;30mINFO[0m Creating environment hook '/home/ariel/ur5e_ws/src/install/ur_dashboard_msgs/share/ur_dashboard_msgs/hook/cmake_prefix_path.sh'
[1.383s] [34mcolcon.colcon_core.environment[0m [1;30mLevel 1[0m checking '/home/ariel/ur5e_ws/src/install/ur_dashboard_msgs/lib'
[1.383s] [34mcolcon.colcon_core.shell[0m [1;30mLevel 1[0m create_environment_hook('ur_dashboard_msgs', 'ld_library_path_lib')
[1.383s] [34mcolcon.colcon_core.shell[0m [1;30mINFO[0m Creating environment hook '/home/ariel/ur5e_ws/src/install/ur_dashboard_msgs/share/ur_dashboard_msgs/hook/ld_library_path_lib.ps1'
[1.383s] [34mcolcon.colcon_core.shell[0m [1;30mINFO[0m Creating environment descriptor '/home/ariel/ur5e_ws/src/install/ur_dashboard_msgs/share/ur_dashboard_msgs/hook/ld_library_path_lib.dsv'
[1.383s] [34mcolcon.colcon_core.shell[0m [1;30mINFO[0m Creating environment hook '/home/ariel/ur5e_ws/src/install/ur_dashboard_msgs/share/ur_dashboard_msgs/hook/ld_library_path_lib.sh'
[1.384s] [34mcolcon.colcon_core.environment[0m [1;30mLevel 1[0m checking '/home/ariel/ur5e_ws/src/install/ur_dashboard_msgs/bin'
[1.384s] [34mcolcon.colcon_core.environment[0m [1;30mLevel 1[0m checking '/home/ariel/ur5e_ws/src/install/ur_dashboard_msgs/lib/pkgconfig/ur_dashboard_msgs.pc'
[1.384s] [34mcolcon.colcon_core.environment[0m [1;30mLevel 1[0m checking '/home/ariel/ur5e_ws/src/install/ur_dashboard_msgs/lib/python3.10/site-packages'
[1.384s] [34mcolcon.colcon_core.environment[0m [1;30mLevel 1[0m checking '/home/ariel/ur5e_ws/src/install/ur_dashboard_msgs/bin'
[1.384s] [34mcolcon.colcon_core.shell[0m [1;30mINFO[0m Creating package script '/home/ariel/ur5e_ws/src/install/ur_dashboard_msgs/share/ur_dashboard_msgs/package.ps1'
[1.384s] [34mcolcon.colcon_core.shell[0m [1;30mINFO[0m Creating package descriptor '/home/ariel/ur5e_ws/src/install/ur_dashboard_msgs/share/ur_dashboard_msgs/package.dsv'
[1.385s] [34mcolcon.colcon_core.shell[0m [1;30mINFO[0m Creating package script '/home/ariel/ur5e_ws/src/install/ur_dashboard_msgs/share/ur_dashboard_msgs/package.sh'
[1.385s] [34mcolcon.colcon_core.shell[0m [1;30mINFO[0m Creating package script '/home/ariel/ur5e_ws/src/install/ur_dashboard_msgs/share/ur_dashboard_msgs/package.bash'
[1.385s] [34mcolcon.colcon_core.shell[0m [1;30mINFO[0m Creating package script '/home/ariel/ur5e_ws/src/install/ur_dashboard_msgs/share/ur_dashboard_msgs/package.zsh'
[1.385s] [34mcolcon.colcon_core.environment[0m [1;30mLevel 1[0m create_file_with_runtime_dependencies(/home/ariel/ur5e_ws/src/install/ur_dashboard_msgs/share/colcon-core/packages/ur_dashboard_msgs)
[2.151s] [34mcolcon.colcon_parallel_executor.executor.parallel[0m [1;30mDEBUG[0m [32mclosing loop[0m
[2.152s] [34mcolcon.colcon_parallel_executor.executor.parallel[0m [1;30mDEBUG[0m [32mloop closed[0m
[2.152s] [34mcolcon.colcon_parallel_executor.executor.parallel[0m [1;30mDEBUG[0m [32mrun_until_complete finished with '2'[0m
[2.152s] [34mcolcon.colcon_core.event_reactor[0m [1;30mDEBUG[0m [32mjoining thread[0m
[2.156s] [34mcolcon.colcon_core.plugin_system[0m [1;30mINFO[0m Skipping extension 'colcon_notification.desktop_notification.terminal_notifier': Not used on non-Darwin systems
[2.156s] [34mcolcon.colcon_core.plugin_system[0m [1;30mINFO[0m Skipping extension 'colcon_notification.desktop_notification.win32': Not used on non-Windows systems
[2.156s] [34mcolcon.colcon_notification.desktop_notification[0m [1;30mINFO[0m Sending desktop notification using 'notify2'
[2.167s] [34mcolcon.colcon_core.event_reactor[0m [1;30mDEBUG[0m [32mjoined thread[0m
[2.167s] [34mcolcon.colcon_core.shell[0m [1;30mINFO[0m Creating prefix script '/home/ariel/ur5e_ws/src/install/local_setup.ps1'
[2.169s] [34mcolcon.colcon_core.shell[0m [1;30mINFO[0m Creating prefix util module '/home/ariel/ur5e_ws/src/install/_local_setup_util_ps1.py'
[2.170s] [34mcolcon.colcon_core.shell[0m [1;30mINFO[0m Creating prefix chain script '/home/ariel/ur5e_ws/src/install/setup.ps1'
[2.172s] [34mcolcon.colcon_core.shell[0m [1;30mINFO[0m Creating prefix script '/home/ariel/ur5e_ws/src/install/local_setup.sh'
[2.173s] [34mcolcon.colcon_core.shell[0m [1;30mINFO[0m Creating prefix util module '/home/ariel/ur5e_ws/src/install/_local_setup_util_sh.py'
[2.173s] [34mcolcon.colcon_core.shell[0m [1;30mINFO[0m Creating prefix chain script '/home/ariel/ur5e_ws/src/install/setup.sh'
[2.174s] [34mcolcon.colcon_core.shell[0m [1;30mINFO[0m Creating prefix script '/home/ariel/ur5e_ws/src/install/local_setup.bash'
[2.174s] [34mcolcon.colcon_core.shell[0m [1;30mINFO[0m Creating prefix chain script '/home/ariel/ur5e_ws/src/install/setup.bash'
[2.175s] [34mcolcon.colcon_core.shell[0m [1;30mINFO[0m Creating prefix script '/home/ariel/ur5e_ws/src/install/local_setup.zsh'
[2.175s] [34mcolcon.colcon_core.shell[0m [1;30mINFO[0m Creating prefix chain script '/home/ariel/ur5e_ws/src/install/setup.zsh'
