[0.027s] Invoking command in '/home/ariel/ur5e_ws/build/robotiq_driver': CMAKE_PREFIX_PATH=${CMAKE_PREFIX_PATH}:/home/ariel/ws_moveit2/install/moveit_configs_utils:/home/ariel/ws_moveit2/install/launch_param_builder:/home/ariel/ur5e_ws/install/controller_pkg_demo:/opt/ros/humble /usr/bin/cmake /home/ariel/ur5e_ws/src/ros2_robotiq_gripper/robotiq_driver -DCMAKE_INSTALL_PREFIX=/home/ariel/ur5e_ws/install/robotiq_driver
[0.036s] -- Found ament_cmake: 1.3.11 (/opt/ros/humble/share/ament_cmake/cmake)
[0.144s] -- Found hardware_interface: 2.51.0 (/opt/ros/humble/share/hardware_interface/cmake)
[0.163s] -- Found rosidl_generator_c: 3.1.6 (/opt/ros/humble/share/rosidl_generator_c/cmake)
[0.164s] -- Found rosidl_adapter: 3.1.6 (/opt/ros/humble/share/rosidl_adapter/cmake)
[0.169s] -- Found rosidl_generator_cpp: 3.1.6 (/opt/ros/humble/share/rosidl_generator_cpp/cmake)
[0.177s] -- Using all available rosidl_typesupport_c: rosidl_typesupport_fastrtps_c;rosidl_typesupport_introspection_c
[0.188s] -- Using all available rosidl_typesupport_cpp: rosidl_typesupport_fastrtps_cpp;rosidl_typesupport_introspection_cpp
[0.323s] -- Found rmw_implementation_cmake: 6.1.2 (/opt/ros/humble/share/rmw_implementation_cmake/cmake)
[0.325s] -- Found rmw_cyclonedds_cpp: 1.3.4 (/opt/ros/humble/share/rmw_cyclonedds_cpp/cmake)
[0.339s] -- Using RMW implementation 'rmw_cyclonedds_cpp' as default
[0.382s] [31mCMake Error at CMakeLists.txt:18 (find_package):
[0.382s]   By not providing "Findserial.cmake" in CMAKE_MODULE_PATH this project has
[0.382s]   asked CMake to find a package configuration file provided by "serial", but
[0.382s]   CMake did not find one.
[0.382s] 
[0.382s]   Could not find a package configuration file provided by "serial" with any
[0.382s]   of the following names:
[0.382s] 
[0.382s]     serialConfig.cmake
[0.382s]     serial-config.cmake
[0.382s] 
[0.382s]   Add the installation prefix of "serial" to CMAKE_PREFIX_PATH or set
[0.382s]   "serial_DIR" to a directory containing one of the above files.  If "serial"
[0.382s]   provides a separate development package or SDK, be sure it has been
[0.382s]   installed.
[0.382s] 
[0.382s] [0m
[0.382s] -- Configuring incomplete, errors occurred!
[0.382s] See also "/home/ariel/ur5e_ws/build/robotiq_driver/CMakeFiles/CMakeOutput.log".
[0.387s] Invoked command in '/home/ariel/ur5e_ws/build/robotiq_driver' returned '1': CMAKE_PREFIX_PATH=${CMAKE_PREFIX_PATH}:/home/ariel/ws_moveit2/install/moveit_configs_utils:/home/ariel/ws_moveit2/install/launch_param_builder:/home/ariel/ur5e_ws/install/controller_pkg_demo:/opt/ros/humble /usr/bin/cmake /home/ariel/ur5e_ws/src/ros2_robotiq_gripper/robotiq_driver -DCMAKE_INSTALL_PREFIX=/home/ariel/ur5e_ws/install/robotiq_driver
