[0.038s] Invoking command in '/home/ariel/ur5e_ws/build/ur5e_moveit_config': CMAKE_PREFIX_PATH=/home/ariel/ur5e_ws/install/ur_description:/home/ariel/ws_moveit2/install/srdfdom:/home/ariel/ws_moveit2/install/moveit_resources:/home/ariel/ws_moveit2/install/moveit_resources_pr2_description:/home/ariel/ws_moveit2/install/moveit_resources_panda_moveit_config:/home/ariel/ws_moveit2/install/moveit_resources_panda_description:/home/ariel/ws_moveit2/install/moveit_resources_fanuc_moveit_config:/home/ariel/ws_moveit2/install/moveit_resources_fanuc_description:/home/ariel/ur5e_ws/install/ur_simulation_gazebo:/home/ariel/ur5e_ws/install/ur:/home/ariel/ur5e_ws/install/ur_calibration:/home/ariel/ur5e_ws/install/ur_robot_driver:/home/ariel/ur5e_ws/install/ur_moveit_config:/home/ariel/ur5e_ws/install/ur_bringup:/home/ariel/ur5e_ws/install/ur5e_moveit_config:/home/ariel/ur5e_ws/install/ur_controllers:/home/ariel/ur5e_ws/install/ur_dashboard_msgs:/home/ariel/ur5e_ws/install/ur5e_moveit_controller:/home/ariel/ur5e_ws/install/moveit_control_pkg:/home/ariel/ws_moveit2/install/launch_param_builder:/home/ariel/ur5e_ws/install/controller_pkg_demo:/opt/ros/humble /usr/bin/cmake --build /home/ariel/ur5e_ws/build/ur5e_moveit_config -- -j22 -l22
[0.059s] Invoked command in '/home/ariel/ur5e_ws/build/ur5e_moveit_config' returned '0': CMAKE_PREFIX_PATH=/home/ariel/ur5e_ws/install/ur_description:/home/ariel/ws_moveit2/install/srdfdom:/home/ariel/ws_moveit2/install/moveit_resources:/home/ariel/ws_moveit2/install/moveit_resources_pr2_description:/home/ariel/ws_moveit2/install/moveit_resources_panda_moveit_config:/home/ariel/ws_moveit2/install/moveit_resources_panda_description:/home/ariel/ws_moveit2/install/moveit_resources_fanuc_moveit_config:/home/ariel/ws_moveit2/install/moveit_resources_fanuc_description:/home/ariel/ur5e_ws/install/ur_simulation_gazebo:/home/ariel/ur5e_ws/install/ur:/home/ariel/ur5e_ws/install/ur_calibration:/home/ariel/ur5e_ws/install/ur_robot_driver:/home/ariel/ur5e_ws/install/ur_moveit_config:/home/ariel/ur5e_ws/install/ur_bringup:/home/ariel/ur5e_ws/install/ur5e_moveit_config:/home/ariel/ur5e_ws/install/ur_controllers:/home/ariel/ur5e_ws/install/ur_dashboard_msgs:/home/ariel/ur5e_ws/install/ur5e_moveit_controller:/home/ariel/ur5e_ws/install/moveit_control_pkg:/home/ariel/ws_moveit2/install/launch_param_builder:/home/ariel/ur5e_ws/install/controller_pkg_demo:/opt/ros/humble /usr/bin/cmake --build /home/ariel/ur5e_ws/build/ur5e_moveit_config -- -j22 -l22
[0.061s] Invoking command in '/home/ariel/ur5e_ws/build/ur5e_moveit_config': CMAKE_PREFIX_PATH=/home/ariel/ur5e_ws/install/ur_description:/home/ariel/ws_moveit2/install/srdfdom:/home/ariel/ws_moveit2/install/moveit_resources:/home/ariel/ws_moveit2/install/moveit_resources_pr2_description:/home/ariel/ws_moveit2/install/moveit_resources_panda_moveit_config:/home/ariel/ws_moveit2/install/moveit_resources_panda_description:/home/ariel/ws_moveit2/install/moveit_resources_fanuc_moveit_config:/home/ariel/ws_moveit2/install/moveit_resources_fanuc_description:/home/ariel/ur5e_ws/install/ur_simulation_gazebo:/home/ariel/ur5e_ws/install/ur:/home/ariel/ur5e_ws/install/ur_calibration:/home/ariel/ur5e_ws/install/ur_robot_driver:/home/ariel/ur5e_ws/install/ur_moveit_config:/home/ariel/ur5e_ws/install/ur_bringup:/home/ariel/ur5e_ws/install/ur5e_moveit_config:/home/ariel/ur5e_ws/install/ur_controllers:/home/ariel/ur5e_ws/install/ur_dashboard_msgs:/home/ariel/ur5e_ws/install/ur5e_moveit_controller:/home/ariel/ur5e_ws/install/moveit_control_pkg:/home/ariel/ws_moveit2/install/launch_param_builder:/home/ariel/ur5e_ws/install/controller_pkg_demo:/opt/ros/humble /usr/bin/cmake --install /home/ariel/ur5e_ws/build/ur5e_moveit_config
[0.068s] -- Install configuration: ""
[0.068s] -- Up-to-date: /home/ariel/ur5e_ws/install/ur5e_moveit_config/share/ament_index/resource_index/package_run_dependencies/ur5e_moveit_config
[0.068s] -- Up-to-date: /home/ariel/ur5e_ws/install/ur5e_moveit_config/share/ament_index/resource_index/parent_prefix_path/ur5e_moveit_config
[0.068s] -- Up-to-date: /home/ariel/ur5e_ws/install/ur5e_moveit_config/share/ur5e_moveit_config/environment/ament_prefix_path.sh
[0.068s] -- Up-to-date: /home/ariel/ur5e_ws/install/ur5e_moveit_config/share/ur5e_moveit_config/environment/ament_prefix_path.dsv
[0.068s] -- Up-to-date: /home/ariel/ur5e_ws/install/ur5e_moveit_config/share/ur5e_moveit_config/environment/path.sh
[0.068s] -- Up-to-date: /home/ariel/ur5e_ws/install/ur5e_moveit_config/share/ur5e_moveit_config/environment/path.dsv
[0.068s] -- Up-to-date: /home/ariel/ur5e_ws/install/ur5e_moveit_config/share/ur5e_moveit_config/local_setup.bash
[0.069s] -- Up-to-date: /home/ariel/ur5e_ws/install/ur5e_moveit_config/share/ur5e_moveit_config/local_setup.sh
[0.069s] -- Up-to-date: /home/ariel/ur5e_ws/install/ur5e_moveit_config/share/ur5e_moveit_config/local_setup.zsh
[0.069s] -- Up-to-date: /home/ariel/ur5e_ws/install/ur5e_moveit_config/share/ur5e_moveit_config/local_setup.dsv
[0.069s] -- Installing: /home/ariel/ur5e_ws/install/ur5e_moveit_config/share/ur5e_moveit_config/package.dsv
[0.069s] -- Up-to-date: /home/ariel/ur5e_ws/install/ur5e_moveit_config/share/ament_index/resource_index/packages/ur5e_moveit_config
[0.069s] -- Up-to-date: /home/ariel/ur5e_ws/install/ur5e_moveit_config/share/ur5e_moveit_config/cmake/ur5e_moveit_configConfig.cmake
[0.069s] -- Up-to-date: /home/ariel/ur5e_ws/install/ur5e_moveit_config/share/ur5e_moveit_config/cmake/ur5e_moveit_configConfig-version.cmake
[0.069s] -- Up-to-date: /home/ariel/ur5e_ws/install/ur5e_moveit_config/share/ur5e_moveit_config/package.xml
[0.069s] -- Up-to-date: /home/ariel/ur5e_ws/install/ur5e_moveit_config/share/ur5e_moveit_config/launch
[0.069s] -- Up-to-date: /home/ariel/ur5e_ws/install/ur5e_moveit_config/share/ur5e_moveit_config/launch/setup_assistant.launch.py
[0.069s] -- Up-to-date: /home/ariel/ur5e_ws/install/ur5e_moveit_config/share/ur5e_moveit_config/launch/rsp.launch.py
[0.069s] -- Up-to-date: /home/ariel/ur5e_ws/install/ur5e_moveit_config/share/ur5e_moveit_config/launch/static_virtual_joint_tfs.launch.py
[0.069s] -- Up-to-date: /home/ariel/ur5e_ws/install/ur5e_moveit_config/share/ur5e_moveit_config/launch/demo.launch.py
[0.069s] -- Up-to-date: /home/ariel/ur5e_ws/install/ur5e_moveit_config/share/ur5e_moveit_config/launch/moveit_rviz.launch.py
[0.069s] -- Up-to-date: /home/ariel/ur5e_ws/install/ur5e_moveit_config/share/ur5e_moveit_config/launch/move_group.launch.py
[0.069s] -- Up-to-date: /home/ariel/ur5e_ws/install/ur5e_moveit_config/share/ur5e_moveit_config/launch/spawn_controllers.launch.py
[0.069s] -- Up-to-date: /home/ariel/ur5e_ws/install/ur5e_moveit_config/share/ur5e_moveit_config/launch/warehouse_db.launch.py
[0.069s] -- Up-to-date: /home/ariel/ur5e_ws/install/ur5e_moveit_config/share/ur5e_moveit_config/config
[0.069s] -- Up-to-date: /home/ariel/ur5e_ws/install/ur5e_moveit_config/share/ur5e_moveit_config/config/ur.ros2_control.xacro
[0.069s] -- Up-to-date: /home/ariel/ur5e_ws/install/ur5e_moveit_config/share/ur5e_moveit_config/config/ros2_controllers.yaml
[0.070s] -- Up-to-date: /home/ariel/ur5e_ws/install/ur5e_moveit_config/share/ur5e_moveit_config/config/ur.urdf.xacro
[0.070s] -- Up-to-date: /home/ariel/ur5e_ws/install/ur5e_moveit_config/share/ur5e_moveit_config/config/initial_positions.yaml
[0.070s] -- Up-to-date: /home/ariel/ur5e_ws/install/ur5e_moveit_config/share/ur5e_moveit_config/config/ur.srdf
[0.070s] -- Up-to-date: /home/ariel/ur5e_ws/install/ur5e_moveit_config/share/ur5e_moveit_config/config/joint_limits.yaml
[0.070s] -- Installing: /home/ariel/ur5e_ws/install/ur5e_moveit_config/share/ur5e_moveit_config/config/moveit_controllers.yaml
[0.070s] -- Up-to-date: /home/ariel/ur5e_ws/install/ur5e_moveit_config/share/ur5e_moveit_config/config/moveit.rviz
[0.070s] -- Up-to-date: /home/ariel/ur5e_ws/install/ur5e_moveit_config/share/ur5e_moveit_config/config/pilz_cartesian_limits.yaml
[0.070s] -- Up-to-date: /home/ariel/ur5e_ws/install/ur5e_moveit_config/share/ur5e_moveit_config/config/kinematics.yaml
[0.070s] -- Up-to-date: /home/ariel/ur5e_ws/install/ur5e_moveit_config/share/ur5e_moveit_config/.setup_assistant
[0.093s] Invoked command in '/home/ariel/ur5e_ws/build/ur5e_moveit_config' returned '0': CMAKE_PREFIX_PATH=/home/ariel/ur5e_ws/install/ur_description:/home/ariel/ws_moveit2/install/srdfdom:/home/ariel/ws_moveit2/install/moveit_resources:/home/ariel/ws_moveit2/install/moveit_resources_pr2_description:/home/ariel/ws_moveit2/install/moveit_resources_panda_moveit_config:/home/ariel/ws_moveit2/install/moveit_resources_panda_description:/home/ariel/ws_moveit2/install/moveit_resources_fanuc_moveit_config:/home/ariel/ws_moveit2/install/moveit_resources_fanuc_description:/home/ariel/ur5e_ws/install/ur_simulation_gazebo:/home/ariel/ur5e_ws/install/ur:/home/ariel/ur5e_ws/install/ur_calibration:/home/ariel/ur5e_ws/install/ur_robot_driver:/home/ariel/ur5e_ws/install/ur_moveit_config:/home/ariel/ur5e_ws/install/ur_bringup:/home/ariel/ur5e_ws/install/ur5e_moveit_config:/home/ariel/ur5e_ws/install/ur_controllers:/home/ariel/ur5e_ws/install/ur_dashboard_msgs:/home/ariel/ur5e_ws/install/ur5e_moveit_controller:/home/ariel/ur5e_ws/install/moveit_control_pkg:/home/ariel/ws_moveit2/install/launch_param_builder:/home/ariel/ur5e_ws/install/controller_pkg_demo:/opt/ros/humble /usr/bin/cmake --install /home/ariel/ur5e_ws/build/ur5e_moveit_config
