[0.027s] Invoking command in '/home/ariel/ur5e_ws/build/robotiq_controllers': CMAKE_PREFIX_PATH=${CMAKE_PREFIX_PATH}:/home/ariel/ws_moveit2/install/moveit_configs_utils:/home/ariel/ws_moveit2/install/launch_param_builder:/home/ariel/ur5e_ws/install/controller_pkg_demo:/opt/ros/humble /usr/bin/cmake /home/ariel/ur5e_ws/src/ros2_robotiq_gripper/robotiq_controllers -DCMAKE_INSTALL_PREFIX=/home/ariel/ur5e_ws/install/robotiq_controllers
[0.075s] -- The C compiler identification is GNU 11.4.0
[0.122s] -- The CXX compiler identification is GNU 11.4.0
[0.129s] -- Detecting C compiler ABI info
[0.196s] -- Detecting C compiler ABI info - done
[0.201s] -- Check for working C compiler: /usr/bin/cc - skipped
[0.201s] -- Detecting C compile features
[0.201s] -- Detecting C compile features - done
[0.204s] -- Detecting CXX compiler ABI info
[0.283s] -- Detecting CXX compiler ABI info - done
[0.289s] -- Check for working CXX compiler: /usr/bin/c++ - skipped
[0.289s] -- Detecting CXX compile features
[0.289s] -- Detecting CXX compile features - done
[0.293s] -- Found ament_cmake: 1.3.11 (/opt/ros/humble/share/ament_cmake/cmake)
[0.432s] -- Found Python3: /usr/bin/python3 (found version "3.10.12") found components: Interpreter 
[0.550s] -- Found controller_interface: 2.51.0 (/opt/ros/humble/share/controller_interface/cmake)
[0.620s] -- Found rosidl_generator_c: 3.1.6 (/opt/ros/humble/share/rosidl_generator_c/cmake)
[0.630s] -- Found rosidl_adapter: 3.1.6 (/opt/ros/humble/share/rosidl_adapter/cmake)
[0.641s] -- Found rosidl_generator_cpp: 3.1.6 (/opt/ros/humble/share/rosidl_generator_cpp/cmake)
[0.656s] -- Using all available rosidl_typesupport_c: rosidl_typesupport_fastrtps_c;rosidl_typesupport_introspection_c
[0.692s] -- Using all available rosidl_typesupport_cpp: rosidl_typesupport_fastrtps_cpp;rosidl_typesupport_introspection_cpp
[0.914s] -- Found rmw_implementation_cmake: 6.1.2 (/opt/ros/humble/share/rmw_implementation_cmake/cmake)
[0.920s] -- Found rmw_cyclonedds_cpp: 1.3.4 (/opt/ros/humble/share/rmw_cyclonedds_cpp/cmake)
[0.953s] -- Using RMW implementation 'rmw_cyclonedds_cpp' as default
[0.966s] -- Looking for pthread.h
[1.034s] -- Looking for pthread.h - found
[1.034s] -- Performing Test CMAKE_HAVE_LIBC_PTHREAD
[1.104s] -- Performing Test CMAKE_HAVE_LIBC_PTHREAD - Success
[1.105s] -- Found Threads: TRUE  
[1.149s] -- Found std_srvs: 4.9.0 (/opt/ros/humble/share/std_srvs/cmake)
[1.171s] -- Found ament_lint_auto: 0.12.12 (/opt/ros/humble/share/ament_lint_auto/cmake)
[1.281s] -- Added test 'cppcheck' to perform static code analysis on C / C++ code
[1.282s] -- Configured cppcheck include dirs: /home/ariel/ur5e_ws/src/ros2_robotiq_gripper/robotiq_controllers/include
[1.282s] -- Configured cppcheck exclude dirs and/or files: 
[1.282s] -- Added test 'lint_cmake' to check CMake code style
[1.285s] -- Configuring done
[1.300s] -- Generating done
[1.303s] -- Build files have been written to: /home/ariel/ur5e_ws/build/robotiq_controllers
