[0.520s] Invoking command in '/home/ariel/ur5e_ws/src/controller_pkg_demo': PYTHONPATH=/home/ariel/ur5e_ws/src/build/controller_pkg_demo/prefix_override:/usr/lib/python3/dist-packages/colcon_core/task/python/colcon_distutils_commands:/home/ariel/ur5e_ws/src/install/controller_pkg_demo/lib/python3.10/site-packages:${PYTHONPATH} /usr/bin/python3 -W ignore:setup.py install is deprecated -W ignore:easy_install command is deprecated setup.py egg_info --egg-base ../build/controller_pkg_demo build --build-base /home/ariel/ur5e_ws/src/build/controller_pkg_demo/build install --record /home/ariel/ur5e_ws/src/build/controller_pkg_demo/install.log --single-version-externally-managed install_data
[0.705s] running egg_info
[0.706s] creating ../build/controller_pkg_demo/controller_pkg_demo.egg-info
[0.706s] writing ../build/controller_pkg_demo/controller_pkg_demo.egg-info/PKG-INFO
[0.707s] writing dependency_links to ../build/controller_pkg_demo/controller_pkg_demo.egg-info/dependency_links.txt
[0.707s] writing entry points to ../build/controller_pkg_demo/controller_pkg_demo.egg-info/entry_points.txt
[0.707s] writing requirements to ../build/controller_pkg_demo/controller_pkg_demo.egg-info/requires.txt
[0.707s] writing top-level names to ../build/controller_pkg_demo/controller_pkg_demo.egg-info/top_level.txt
[0.707s] writing manifest file '../build/controller_pkg_demo/controller_pkg_demo.egg-info/SOURCES.txt'
[0.707s] reading manifest file '../build/controller_pkg_demo/controller_pkg_demo.egg-info/SOURCES.txt'
[0.708s] adding license file 'LICENSE'
[0.708s] writing manifest file '../build/controller_pkg_demo/controller_pkg_demo.egg-info/SOURCES.txt'
[0.708s] running build
[0.708s] running build_py
[0.709s] creating /home/ariel/ur5e_ws/src/build/controller_pkg_demo/build
[0.709s] creating /home/ariel/ur5e_ws/src/build/controller_pkg_demo/build/lib
[0.709s] creating /home/ariel/ur5e_ws/src/build/controller_pkg_demo/build/lib/controller_pkg_demo
[0.709s] copying controller_pkg_demo/__init__.py -> /home/ariel/ur5e_ws/src/build/controller_pkg_demo/build/lib/controller_pkg_demo
[0.709s] copying controller_pkg_demo/joint_command_publisher.py -> /home/ariel/ur5e_ws/src/build/controller_pkg_demo/build/lib/controller_pkg_demo
[0.709s] copying controller_pkg_demo/move_to_pose.py -> /home/ariel/ur5e_ws/src/build/controller_pkg_demo/build/lib/controller_pkg_demo
[0.709s] copying controller_pkg_demo/test_moveit_cartesian.py -> /home/ariel/ur5e_ws/src/build/controller_pkg_demo/build/lib/controller_pkg_demo
[0.709s] running install
[0.710s] running install_lib
[0.710s] creating /home/ariel/ur5e_ws/src/install/controller_pkg_demo/lib/python3.10/site-packages/controller_pkg_demo
[0.710s] copying /home/ariel/ur5e_ws/src/build/controller_pkg_demo/build/lib/controller_pkg_demo/__init__.py -> /home/ariel/ur5e_ws/src/install/controller_pkg_demo/lib/python3.10/site-packages/controller_pkg_demo
[0.710s] copying /home/ariel/ur5e_ws/src/build/controller_pkg_demo/build/lib/controller_pkg_demo/joint_command_publisher.py -> /home/ariel/ur5e_ws/src/install/controller_pkg_demo/lib/python3.10/site-packages/controller_pkg_demo
[0.710s] copying /home/ariel/ur5e_ws/src/build/controller_pkg_demo/build/lib/controller_pkg_demo/move_to_pose.py -> /home/ariel/ur5e_ws/src/install/controller_pkg_demo/lib/python3.10/site-packages/controller_pkg_demo
[0.710s] copying /home/ariel/ur5e_ws/src/build/controller_pkg_demo/build/lib/controller_pkg_demo/test_moveit_cartesian.py -> /home/ariel/ur5e_ws/src/install/controller_pkg_demo/lib/python3.10/site-packages/controller_pkg_demo
[0.710s] byte-compiling /home/ariel/ur5e_ws/src/install/controller_pkg_demo/lib/python3.10/site-packages/controller_pkg_demo/__init__.py to __init__.cpython-310.pyc
[0.711s] byte-compiling /home/ariel/ur5e_ws/src/install/controller_pkg_demo/lib/python3.10/site-packages/controller_pkg_demo/joint_command_publisher.py to joint_command_publisher.cpython-310.pyc
[0.711s] byte-compiling /home/ariel/ur5e_ws/src/install/controller_pkg_demo/lib/python3.10/site-packages/controller_pkg_demo/move_to_pose.py to move_to_pose.cpython-310.pyc
[0.711s] byte-compiling /home/ariel/ur5e_ws/src/install/controller_pkg_demo/lib/python3.10/site-packages/controller_pkg_demo/test_moveit_cartesian.py to test_moveit_cartesian.cpython-310.pyc
[0.711s] running install_data
[0.711s] copying package.xml -> /home/ariel/ur5e_ws/src/install/controller_pkg_demo/share/controller_pkg_demo
[0.711s] running install_egg_info
[0.711s] Copying ../build/controller_pkg_demo/controller_pkg_demo.egg-info to /home/ariel/ur5e_ws/src/install/controller_pkg_demo/lib/python3.10/site-packages/controller_pkg_demo-0.0.0-py3.10.egg-info
[0.712s] running install_scripts
[0.726s] Installing joint_command_publisher script to /home/ariel/ur5e_ws/src/install/controller_pkg_demo/lib/controller_pkg_demo
[0.726s] Installing move_to_pose script to /home/ariel/ur5e_ws/src/install/controller_pkg_demo/lib/controller_pkg_demo
[0.726s] Installing test_moveit_cartesian script to /home/ariel/ur5e_ws/src/install/controller_pkg_demo/lib/controller_pkg_demo
[0.726s] writing list of installed files to '/home/ariel/ur5e_ws/src/build/controller_pkg_demo/install.log'
[0.742s] Invoked command in '/home/ariel/ur5e_ws/src/controller_pkg_demo' returned '0': PYTHONPATH=/home/ariel/ur5e_ws/src/build/controller_pkg_demo/prefix_override:/usr/lib/python3/dist-packages/colcon_core/task/python/colcon_distutils_commands:/home/ariel/ur5e_ws/src/install/controller_pkg_demo/lib/python3.10/site-packages:${PYTHONPATH} /usr/bin/python3 -W ignore:setup.py install is deprecated -W ignore:easy_install command is deprecated setup.py egg_info --egg-base ../build/controller_pkg_demo build --build-base /home/ariel/ur5e_ws/src/build/controller_pkg_demo/build install --record /home/ariel/ur5e_ws/src/build/controller_pkg_demo/install.log --single-version-externally-managed install_data
