[0.009s] Invoking command in '/home/ariel/ur5e_ws/build/ur_controllers': CMAKE_PREFIX_PATH=/home/ariel/ur5e_ws/install/ur_dashboard_msgs:/home/ariel/ws_moveit2/install/srdfdom:/home/ariel/ws_moveit2/install/moveit_resources_prbt_support:/home/ariel/ws_moveit2/install/moveit_resources:/home/ariel/ws_moveit2/install/moveit_resources_pr2_description:/home/ariel/ws_moveit2/install/moveit_resources_panda_moveit_config:/home/ariel/ws_moveit2/install/moveit_resources_panda_description:/home/ariel/ws_moveit2/install/moveit_resources_fanuc_moveit_config:/home/ariel/ws_moveit2/install/moveit_resources_fanuc_description:/home/ariel/ws_moveit2/install/moveit_common:/home/ariel/ur5e_ws/install/ur_simulation_gazebo:/home/ariel/ur5e_ws/install/ur:/home/ariel/ur5e_ws/install/ur_calibration:/home/ariel/ur5e_ws/install/ur_robot_driver:/home/ariel/ur5e_ws/install/ur_moveit_config:/home/ariel/ur5e_ws/install/ur_bringup:/home/ariel/ur5e_ws/install/ur5e_moveit_config:/home/ariel/ur5e_ws/install/ur_description:/home/ariel/ur5e_ws/install/ur_controllers:/home/ariel/ur5e_ws/install/ur5e_moveit_controller:/home/ariel/ur5e_ws/install/moveit_control_pkg:/home/ariel/ws_moveit2/install/launch_param_builder:/home/ariel/ur5e_ws/install/controller_pkg_demo:/opt/ros/humble LD_LIBRARY_PATH=/home/ariel/ur5e_ws/install/ur_dashboard_msgs/lib:/home/ariel/ws_moveit2/install/srdfdom/lib:/home/ariel/ur5e_ws/install/ur_robot_driver/lib:/home/ariel/ur5e_ws/install/ur_controllers/lib:/opt/ros/humble/opt/rviz_ogre_vendor/lib:/opt/ros/humble/lib/x86_64-linux-gnu:/opt/ros/humble/lib:/usr/local/cuda-12.2/lib64:/home/ariel/.mujoco/mujoco210/bin:/usr/lib/nvidia:/home/ariel/.mujoco/mujoco210/bin /usr/bin/cmake --build /home/ariel/ur5e_ws/build/ur_controllers -- -j22 -l22
[0.043s] [35m[1mConsolidate compiler generated dependencies of target gmock_main[0m
[0.045s] [35m[1mConsolidate compiler generated dependencies of target gmock[0m
[0.050s] [ 11%] Built target speed_scaling_state_broadcaster_parameters
[0.050s] [ 11%] Built target ur_configuration_controller_parameters
[0.051s] [ 17%] Built target force_mode_controller_parameters
[0.052s] [ 23%] Built target gpio_controller_parameters
[0.053s] [ 29%] Built target scaled_joint_trajectory_controller_parameters
[0.053s] [ 35%] Built target tool_contact_controller_parameters
[0.053s] [ 41%] Built target freedrive_mode_controller_parameters
[0.054s] [ 47%] Built target passthrough_trajectory_controller_parameters
[0.055s] [ 52%] Built target gmock_main
[0.056s] [ 61%] Built target gmock
[0.068s] [35m[1mConsolidate compiler generated dependencies of target ur_controllers[0m
[0.089s] [ 88%] Built target ur_controllers
[0.100s] [35m[1mConsolidate compiler generated dependencies of target test_load_force_mode_controller[0m
[0.100s] [35m[1mConsolidate compiler generated dependencies of target test_load_freedrive_mode_controller[0m
[0.113s] [ 94%] Built target test_load_freedrive_mode_controller
[0.114s] [100%] Built target test_load_force_mode_controller
[0.125s] Invoked command in '/home/ariel/ur5e_ws/build/ur_controllers' returned '0': CMAKE_PREFIX_PATH=/home/ariel/ur5e_ws/install/ur_dashboard_msgs:/home/ariel/ws_moveit2/install/srdfdom:/home/ariel/ws_moveit2/install/moveit_resources_prbt_support:/home/ariel/ws_moveit2/install/moveit_resources:/home/ariel/ws_moveit2/install/moveit_resources_pr2_description:/home/ariel/ws_moveit2/install/moveit_resources_panda_moveit_config:/home/ariel/ws_moveit2/install/moveit_resources_panda_description:/home/ariel/ws_moveit2/install/moveit_resources_fanuc_moveit_config:/home/ariel/ws_moveit2/install/moveit_resources_fanuc_description:/home/ariel/ws_moveit2/install/moveit_common:/home/ariel/ur5e_ws/install/ur_simulation_gazebo:/home/ariel/ur5e_ws/install/ur:/home/ariel/ur5e_ws/install/ur_calibration:/home/ariel/ur5e_ws/install/ur_robot_driver:/home/ariel/ur5e_ws/install/ur_moveit_config:/home/ariel/ur5e_ws/install/ur_bringup:/home/ariel/ur5e_ws/install/ur5e_moveit_config:/home/ariel/ur5e_ws/install/ur_description:/home/ariel/ur5e_ws/install/ur_controllers:/home/ariel/ur5e_ws/install/ur5e_moveit_controller:/home/ariel/ur5e_ws/install/moveit_control_pkg:/home/ariel/ws_moveit2/install/launch_param_builder:/home/ariel/ur5e_ws/install/controller_pkg_demo:/opt/ros/humble LD_LIBRARY_PATH=/home/ariel/ur5e_ws/install/ur_dashboard_msgs/lib:/home/ariel/ws_moveit2/install/srdfdom/lib:/home/ariel/ur5e_ws/install/ur_robot_driver/lib:/home/ariel/ur5e_ws/install/ur_controllers/lib:/opt/ros/humble/opt/rviz_ogre_vendor/lib:/opt/ros/humble/lib/x86_64-linux-gnu:/opt/ros/humble/lib:/usr/local/cuda-12.2/lib64:/home/ariel/.mujoco/mujoco210/bin:/usr/lib/nvidia:/home/ariel/.mujoco/mujoco210/bin /usr/bin/cmake --build /home/ariel/ur5e_ws/build/ur_controllers -- -j22 -l22
[0.126s] Invoking command in '/home/ariel/ur5e_ws/build/ur_controllers': CMAKE_PREFIX_PATH=/home/ariel/ur5e_ws/install/ur_dashboard_msgs:/home/ariel/ws_moveit2/install/srdfdom:/home/ariel/ws_moveit2/install/moveit_resources_prbt_support:/home/ariel/ws_moveit2/install/moveit_resources:/home/ariel/ws_moveit2/install/moveit_resources_pr2_description:/home/ariel/ws_moveit2/install/moveit_resources_panda_moveit_config:/home/ariel/ws_moveit2/install/moveit_resources_panda_description:/home/ariel/ws_moveit2/install/moveit_resources_fanuc_moveit_config:/home/ariel/ws_moveit2/install/moveit_resources_fanuc_description:/home/ariel/ws_moveit2/install/moveit_common:/home/ariel/ur5e_ws/install/ur_simulation_gazebo:/home/ariel/ur5e_ws/install/ur:/home/ariel/ur5e_ws/install/ur_calibration:/home/ariel/ur5e_ws/install/ur_robot_driver:/home/ariel/ur5e_ws/install/ur_moveit_config:/home/ariel/ur5e_ws/install/ur_bringup:/home/ariel/ur5e_ws/install/ur5e_moveit_config:/home/ariel/ur5e_ws/install/ur_description:/home/ariel/ur5e_ws/install/ur_controllers:/home/ariel/ur5e_ws/install/ur5e_moveit_controller:/home/ariel/ur5e_ws/install/moveit_control_pkg:/home/ariel/ws_moveit2/install/launch_param_builder:/home/ariel/ur5e_ws/install/controller_pkg_demo:/opt/ros/humble LD_LIBRARY_PATH=/home/ariel/ur5e_ws/install/ur_dashboard_msgs/lib:/home/ariel/ws_moveit2/install/srdfdom/lib:/home/ariel/ur5e_ws/install/ur_robot_driver/lib:/home/ariel/ur5e_ws/install/ur_controllers/lib:/opt/ros/humble/opt/rviz_ogre_vendor/lib:/opt/ros/humble/lib/x86_64-linux-gnu:/opt/ros/humble/lib:/usr/local/cuda-12.2/lib64:/home/ariel/.mujoco/mujoco210/bin:/usr/lib/nvidia:/home/ariel/.mujoco/mujoco210/bin /usr/bin/cmake --install /home/ariel/ur5e_ws/build/ur_controllers
[0.133s] -- Install configuration: ""
[0.133s] -- Up-to-date: /home/ariel/ur5e_ws/install/ur_controllers/include/ur_controllers
[0.134s] -- Up-to-date: /home/ariel/ur5e_ws/install/ur_controllers/include/ur_controllers/freedrive_mode_controller_parameters.hpp
[0.134s] -- Up-to-date: /home/ariel/ur5e_ws/install/ur_controllers/include/ur_controllers/tool_contact_controller_parameters.hpp
[0.134s] -- Up-to-date: /home/ariel/ur5e_ws/install/ur_controllers/include/ur_controllers/passthrough_trajectory_controller_parameters.hpp
[0.134s] -- Up-to-date: /home/ariel/ur5e_ws/install/ur_controllers/include/ur_controllers/speed_scaling_state_broadcaster_parameters.hpp
[0.134s] -- Up-to-date: /home/ariel/ur5e_ws/install/ur_controllers/include/ur_controllers/gpio_controller_parameters.hpp
[0.134s] -- Up-to-date: /home/ariel/ur5e_ws/install/ur_controllers/include/ur_controllers/scaled_joint_trajectory_controller_parameters.hpp
[0.134s] -- Up-to-date: /home/ariel/ur5e_ws/install/ur_controllers/include/ur_controllers/force_mode_controller_parameters.hpp
[0.134s] -- Up-to-date: /home/ariel/ur5e_ws/install/ur_controllers/include/ur_controllers/ur_configuration_controller_parameters.hpp
[0.134s] -- Up-to-date: /home/ariel/ur5e_ws/install/ur_controllers/include/ur_controllers
[0.134s] -- Up-to-date: /home/ariel/ur5e_ws/install/ur_controllers/include/ur_controllers/freedrive_mode_controller_parameters.hpp
[0.134s] -- Up-to-date: /home/ariel/ur5e_ws/install/ur_controllers/include/ur_controllers/tool_contact_controller_parameters.hpp
[0.134s] -- Up-to-date: /home/ariel/ur5e_ws/install/ur_controllers/include/ur_controllers/passthrough_trajectory_controller_parameters.hpp
[0.134s] -- Up-to-date: /home/ariel/ur5e_ws/install/ur_controllers/include/ur_controllers/speed_scaling_state_broadcaster_parameters.hpp
[0.134s] -- Up-to-date: /home/ariel/ur5e_ws/install/ur_controllers/include/ur_controllers/gpio_controller_parameters.hpp
[0.134s] -- Up-to-date: /home/ariel/ur5e_ws/install/ur_controllers/include/ur_controllers/scaled_joint_trajectory_controller_parameters.hpp
[0.134s] -- Up-to-date: /home/ariel/ur5e_ws/install/ur_controllers/include/ur_controllers/force_mode_controller_parameters.hpp
[0.134s] -- Up-to-date: /home/ariel/ur5e_ws/install/ur_controllers/include/ur_controllers/ur_configuration_controller_parameters.hpp
[0.134s] -- Up-to-date: /home/ariel/ur5e_ws/install/ur_controllers/include/ur_controllers
[0.134s] -- Up-to-date: /home/ariel/ur5e_ws/install/ur_controllers/include/ur_controllers/freedrive_mode_controller_parameters.hpp
[0.134s] -- Up-to-date: /home/ariel/ur5e_ws/install/ur_controllers/include/ur_controllers/tool_contact_controller_parameters.hpp
[0.134s] -- Up-to-date: /home/ariel/ur5e_ws/install/ur_controllers/include/ur_controllers/passthrough_trajectory_controller_parameters.hpp
[0.134s] -- Up-to-date: /home/ariel/ur5e_ws/install/ur_controllers/include/ur_controllers/speed_scaling_state_broadcaster_parameters.hpp
[0.134s] -- Up-to-date: /home/ariel/ur5e_ws/install/ur_controllers/include/ur_controllers/gpio_controller_parameters.hpp
[0.135s] -- Up-to-date: /home/ariel/ur5e_ws/install/ur_controllers/include/ur_controllers/scaled_joint_trajectory_controller_parameters.hpp
[0.135s] -- Up-to-date: /home/ariel/ur5e_ws/install/ur_controllers/include/ur_controllers/force_mode_controller_parameters.hpp
[0.135s] -- Up-to-date: /home/ariel/ur5e_ws/install/ur_controllers/include/ur_controllers/ur_configuration_controller_parameters.hpp
[0.135s] -- Up-to-date: /home/ariel/ur5e_ws/install/ur_controllers/include/ur_controllers
[0.135s] -- Up-to-date: /home/ariel/ur5e_ws/install/ur_controllers/include/ur_controllers/freedrive_mode_controller_parameters.hpp
[0.135s] -- Up-to-date: /home/ariel/ur5e_ws/install/ur_controllers/include/ur_controllers/tool_contact_controller_parameters.hpp
[0.135s] -- Up-to-date: /home/ariel/ur5e_ws/install/ur_controllers/include/ur_controllers/passthrough_trajectory_controller_parameters.hpp
[0.135s] -- Up-to-date: /home/ariel/ur5e_ws/install/ur_controllers/include/ur_controllers/speed_scaling_state_broadcaster_parameters.hpp
[0.135s] -- Up-to-date: /home/ariel/ur5e_ws/install/ur_controllers/include/ur_controllers/gpio_controller_parameters.hpp
[0.135s] -- Up-to-date: /home/ariel/ur5e_ws/install/ur_controllers/include/ur_controllers/scaled_joint_trajectory_controller_parameters.hpp
[0.135s] -- Up-to-date: /home/ariel/ur5e_ws/install/ur_controllers/include/ur_controllers/force_mode_controller_parameters.hpp
[0.135s] -- Up-to-date: /home/ariel/ur5e_ws/install/ur_controllers/include/ur_controllers/ur_configuration_controller_parameters.hpp
[0.135s] -- Up-to-date: /home/ariel/ur5e_ws/install/ur_controllers/include/ur_controllers
[0.135s] -- Up-to-date: /home/ariel/ur5e_ws/install/ur_controllers/include/ur_controllers/freedrive_mode_controller_parameters.hpp
[0.135s] -- Up-to-date: /home/ariel/ur5e_ws/install/ur_controllers/include/ur_controllers/tool_contact_controller_parameters.hpp
[0.135s] -- Up-to-date: /home/ariel/ur5e_ws/install/ur_controllers/include/ur_controllers/passthrough_trajectory_controller_parameters.hpp
[0.135s] -- Up-to-date: /home/ariel/ur5e_ws/install/ur_controllers/include/ur_controllers/speed_scaling_state_broadcaster_parameters.hpp
[0.135s] -- Up-to-date: /home/ariel/ur5e_ws/install/ur_controllers/include/ur_controllers/gpio_controller_parameters.hpp
[0.135s] -- Up-to-date: /home/ariel/ur5e_ws/install/ur_controllers/include/ur_controllers/scaled_joint_trajectory_controller_parameters.hpp
[0.135s] -- Up-to-date: /home/ariel/ur5e_ws/install/ur_controllers/include/ur_controllers/force_mode_controller_parameters.hpp
[0.135s] -- Up-to-date: /home/ariel/ur5e_ws/install/ur_controllers/include/ur_controllers/ur_configuration_controller_parameters.hpp
[0.135s] -- Up-to-date: /home/ariel/ur5e_ws/install/ur_controllers/include/ur_controllers
[0.135s] -- Up-to-date: /home/ariel/ur5e_ws/install/ur_controllers/include/ur_controllers/freedrive_mode_controller_parameters.hpp
[0.135s] -- Up-to-date: /home/ariel/ur5e_ws/install/ur_controllers/include/ur_controllers/tool_contact_controller_parameters.hpp
[0.136s] -- Up-to-date: /home/ariel/ur5e_ws/install/ur_controllers/include/ur_controllers/passthrough_trajectory_controller_parameters.hpp
[0.136s] -- Up-to-date: /home/ariel/ur5e_ws/install/ur_controllers/include/ur_controllers/speed_scaling_state_broadcaster_parameters.hpp
[0.136s] -- Up-to-date: /home/ariel/ur5e_ws/install/ur_controllers/include/ur_controllers/gpio_controller_parameters.hpp
[0.136s] -- Up-to-date: /home/ariel/ur5e_ws/install/ur_controllers/include/ur_controllers/scaled_joint_trajectory_controller_parameters.hpp
[0.136s] -- Up-to-date: /home/ariel/ur5e_ws/install/ur_controllers/include/ur_controllers/force_mode_controller_parameters.hpp
[0.136s] -- Up-to-date: /home/ariel/ur5e_ws/install/ur_controllers/include/ur_controllers/ur_configuration_controller_parameters.hpp
[0.136s] -- Up-to-date: /home/ariel/ur5e_ws/install/ur_controllers/include/ur_controllers
[0.136s] -- Up-to-date: /home/ariel/ur5e_ws/install/ur_controllers/include/ur_controllers/freedrive_mode_controller_parameters.hpp
[0.136s] -- Up-to-date: /home/ariel/ur5e_ws/install/ur_controllers/include/ur_controllers/tool_contact_controller_parameters.hpp
[0.136s] -- Up-to-date: /home/ariel/ur5e_ws/install/ur_controllers/include/ur_controllers/passthrough_trajectory_controller_parameters.hpp
[0.136s] -- Up-to-date: /home/ariel/ur5e_ws/install/ur_controllers/include/ur_controllers/speed_scaling_state_broadcaster_parameters.hpp
[0.136s] -- Up-to-date: /home/ariel/ur5e_ws/install/ur_controllers/include/ur_controllers/gpio_controller_parameters.hpp
[0.136s] -- Up-to-date: /home/ariel/ur5e_ws/install/ur_controllers/include/ur_controllers/scaled_joint_trajectory_controller_parameters.hpp
[0.136s] -- Up-to-date: /home/ariel/ur5e_ws/install/ur_controllers/include/ur_controllers/force_mode_controller_parameters.hpp
[0.136s] -- Up-to-date: /home/ariel/ur5e_ws/install/ur_controllers/include/ur_controllers/ur_configuration_controller_parameters.hpp
[0.136s] -- Up-to-date: /home/ariel/ur5e_ws/install/ur_controllers/include/ur_controllers
[0.136s] -- Up-to-date: /home/ariel/ur5e_ws/install/ur_controllers/include/ur_controllers/freedrive_mode_controller_parameters.hpp
[0.136s] -- Up-to-date: /home/ariel/ur5e_ws/install/ur_controllers/include/ur_controllers/tool_contact_controller_parameters.hpp
[0.136s] -- Up-to-date: /home/ariel/ur5e_ws/install/ur_controllers/include/ur_controllers/passthrough_trajectory_controller_parameters.hpp
[0.136s] -- Up-to-date: /home/ariel/ur5e_ws/install/ur_controllers/include/ur_controllers/speed_scaling_state_broadcaster_parameters.hpp
[0.136s] -- Up-to-date: /home/ariel/ur5e_ws/install/ur_controllers/include/ur_controllers/gpio_controller_parameters.hpp
[0.136s] -- Up-to-date: /home/ariel/ur5e_ws/install/ur_controllers/include/ur_controllers/scaled_joint_trajectory_controller_parameters.hpp
[0.136s] -- Up-to-date: /home/ariel/ur5e_ws/install/ur_controllers/include/ur_controllers/force_mode_controller_parameters.hpp
[0.136s] -- Up-to-date: /home/ariel/ur5e_ws/install/ur_controllers/include/ur_controllers/ur_configuration_controller_parameters.hpp
[0.136s] -- Up-to-date: /home/ariel/ur5e_ws/install/ur_controllers/share/ur_controllers/controller_plugins.xml
[0.136s] -- Up-to-date: /home/ariel/ur5e_ws/install/ur_controllers/lib/libur_controllers.so
[0.136s] -- Up-to-date: /home/ariel/ur5e_ws/install/ur_controllers/include
[0.136s] -- Up-to-date: /home/ariel/ur5e_ws/install/ur_controllers/include/ur_controllers
[0.136s] -- Up-to-date: /home/ariel/ur5e_ws/install/ur_controllers/include/ur_controllers/speed_scaling_state_broadcaster.hpp
[0.136s] -- Up-to-date: /home/ariel/ur5e_ws/install/ur_controllers/include/ur_controllers/scaled_joint_trajectory_controller.hpp
[0.136s] -- Up-to-date: /home/ariel/ur5e_ws/install/ur_controllers/include/ur_controllers/force_mode_controller.hpp
[0.137s] -- Up-to-date: /home/ariel/ur5e_ws/install/ur_controllers/include/ur_controllers/gpio_controller.hpp
[0.137s] -- Up-to-date: /home/ariel/ur5e_ws/install/ur_controllers/include/ur_controllers/freedrive_mode_controller.hpp
[0.137s] -- Up-to-date: /home/ariel/ur5e_ws/install/ur_controllers/include/ur_controllers/ur_configuration_controller.hpp
[0.137s] -- Up-to-date: /home/ariel/ur5e_ws/install/ur_controllers/include/ur_controllers/tool_contact_controller.hpp
[0.137s] -- Up-to-date: /home/ariel/ur5e_ws/install/ur_controllers/include/ur_controllers/passthrough_trajectory_controller.hpp
[0.137s] -- Up-to-date: /home/ariel/ur5e_ws/install/ur_controllers/share/ur_controllers/controller_plugins.xml
[0.137s] -- Up-to-date: /home/ariel/ur5e_ws/install/ur_controllers/share/ur_controllers/environment/library_path.sh
[0.137s] -- Up-to-date: /home/ariel/ur5e_ws/install/ur_controllers/share/ur_controllers/environment/library_path.dsv
[0.137s] -- Up-to-date: /home/ariel/ur5e_ws/install/ur_controllers/share/ament_index/resource_index/package_run_dependencies/ur_controllers
[0.137s] -- Up-to-date: /home/ariel/ur5e_ws/install/ur_controllers/share/ament_index/resource_index/parent_prefix_path/ur_controllers
[0.137s] -- Up-to-date: /home/ariel/ur5e_ws/install/ur_controllers/share/ur_controllers/environment/ament_prefix_path.sh
[0.137s] -- Up-to-date: /home/ariel/ur5e_ws/install/ur_controllers/share/ur_controllers/environment/ament_prefix_path.dsv
[0.137s] -- Up-to-date: /home/ariel/ur5e_ws/install/ur_controllers/share/ur_controllers/environment/path.sh
[0.137s] -- Up-to-date: /home/ariel/ur5e_ws/install/ur_controllers/share/ur_controllers/environment/path.dsv
[0.137s] -- Up-to-date: /home/ariel/ur5e_ws/install/ur_controllers/share/ur_controllers/local_setup.bash
[0.137s] -- Up-to-date: /home/ariel/ur5e_ws/install/ur_controllers/share/ur_controllers/local_setup.sh
[0.137s] -- Up-to-date: /home/ariel/ur5e_ws/install/ur_controllers/share/ur_controllers/local_setup.zsh
[0.137s] -- Up-to-date: /home/ariel/ur5e_ws/install/ur_controllers/share/ur_controllers/local_setup.dsv
[0.137s] -- Installing: /home/ariel/ur5e_ws/install/ur_controllers/share/ur_controllers/package.dsv
[0.138s] -- Up-to-date: /home/ariel/ur5e_ws/install/ur_controllers/share/ament_index/resource_index/packages/ur_controllers
[0.138s] -- Up-to-date: /home/ariel/ur5e_ws/install/ur_controllers/share/ament_index/resource_index/controller_interface__pluginlib__plugin/ur_controllers
[0.138s] -- Up-to-date: /home/ariel/ur5e_ws/install/ur_controllers/share/ur_controllers/cmake/ament_cmake_export_dependencies-extras.cmake
[0.138s] -- Up-to-date: /home/ariel/ur5e_ws/install/ur_controllers/share/ur_controllers/cmake/ament_cmake_export_include_directories-extras.cmake
[0.138s] -- Up-to-date: /home/ariel/ur5e_ws/install/ur_controllers/share/ur_controllers/cmake/ament_cmake_export_libraries-extras.cmake
[0.138s] -- Up-to-date: /home/ariel/ur5e_ws/install/ur_controllers/share/ur_controllers/cmake/ur_controllersConfig.cmake
[0.138s] -- Up-to-date: /home/ariel/ur5e_ws/install/ur_controllers/share/ur_controllers/cmake/ur_controllersConfig-version.cmake
[0.138s] -- Up-to-date: /home/ariel/ur5e_ws/install/ur_controllers/share/ur_controllers/package.xml
[0.141s] Invoked command in '/home/ariel/ur5e_ws/build/ur_controllers' returned '0': CMAKE_PREFIX_PATH=/home/ariel/ur5e_ws/install/ur_dashboard_msgs:/home/ariel/ws_moveit2/install/srdfdom:/home/ariel/ws_moveit2/install/moveit_resources_prbt_support:/home/ariel/ws_moveit2/install/moveit_resources:/home/ariel/ws_moveit2/install/moveit_resources_pr2_description:/home/ariel/ws_moveit2/install/moveit_resources_panda_moveit_config:/home/ariel/ws_moveit2/install/moveit_resources_panda_description:/home/ariel/ws_moveit2/install/moveit_resources_fanuc_moveit_config:/home/ariel/ws_moveit2/install/moveit_resources_fanuc_description:/home/ariel/ws_moveit2/install/moveit_common:/home/ariel/ur5e_ws/install/ur_simulation_gazebo:/home/ariel/ur5e_ws/install/ur:/home/ariel/ur5e_ws/install/ur_calibration:/home/ariel/ur5e_ws/install/ur_robot_driver:/home/ariel/ur5e_ws/install/ur_moveit_config:/home/ariel/ur5e_ws/install/ur_bringup:/home/ariel/ur5e_ws/install/ur5e_moveit_config:/home/ariel/ur5e_ws/install/ur_description:/home/ariel/ur5e_ws/install/ur_controllers:/home/ariel/ur5e_ws/install/ur5e_moveit_controller:/home/ariel/ur5e_ws/install/moveit_control_pkg:/home/ariel/ws_moveit2/install/launch_param_builder:/home/ariel/ur5e_ws/install/controller_pkg_demo:/opt/ros/humble LD_LIBRARY_PATH=/home/ariel/ur5e_ws/install/ur_dashboard_msgs/lib:/home/ariel/ws_moveit2/install/srdfdom/lib:/home/ariel/ur5e_ws/install/ur_robot_driver/lib:/home/ariel/ur5e_ws/install/ur_controllers/lib:/opt/ros/humble/opt/rviz_ogre_vendor/lib:/opt/ros/humble/lib/x86_64-linux-gnu:/opt/ros/humble/lib:/usr/local/cuda-12.2/lib64:/home/ariel/.mujoco/mujoco210/bin:/usr/lib/nvidia:/home/ariel/.mujoco/mujoco210/bin /usr/bin/cmake --install /home/ariel/ur5e_ws/build/ur_controllers
