[0.020s] Invoking command in '/home/ariel/ur5e_ws/build/moveit_control_pkg': CMAKE_PREFIX_PATH=${CMAKE_PREFIX_PATH}:/home/ariel/ws_moveit2/install/moveit_configs_utils:/home/ariel/ws_moveit2/install/launch_param_builder:/home/ariel/ur5e_ws/install/controller_pkg_demo:/opt/ros/humble /usr/bin/cmake --build /home/ariel/ur5e_ws/build/moveit_control_pkg -- -j22 -l22
[0.063s] [35m[1mConsolidate compiler generated dependencies of target cartesian_control[0m
[0.094s] [ 50%] [32mBuilding CXX object CMakeFiles/cartesian_control.dir/src/cartesian_control.cpp.o[0m
[4.650s] [100%] [32m[1mLinking CXX executable cartesian_control[0m
[4.815s] /usr/bin/ld: warning: libsrdfdom.so.2.0.7, needed by /opt/ros/humble/lib/libmoveit_robot_model.so.2.5.9, may conflict with libsrdfdom.so.2.0.8
[4.910s] [100%] Built target cartesian_control
[4.920s] Invoked command in '/home/ariel/ur5e_ws/build/moveit_control_pkg' returned '0': CMAKE_PREFIX_PATH=${CMAKE_PREFIX_PATH}:/home/ariel/ws_moveit2/install/moveit_configs_utils:/home/ariel/ws_moveit2/install/launch_param_builder:/home/ariel/ur5e_ws/install/controller_pkg_demo:/opt/ros/humble /usr/bin/cmake --build /home/ariel/ur5e_ws/build/moveit_control_pkg -- -j22 -l22
[4.922s] Invoking command in '/home/ariel/ur5e_ws/build/moveit_control_pkg': CMAKE_PREFIX_PATH=${CMAKE_PREFIX_PATH}:/home/ariel/ws_moveit2/install/moveit_configs_utils:/home/ariel/ws_moveit2/install/launch_param_builder:/home/ariel/ur5e_ws/install/controller_pkg_demo:/opt/ros/humble /usr/bin/cmake --install /home/ariel/ur5e_ws/build/moveit_control_pkg
[4.930s] -- Install configuration: ""
[4.931s] -- Execute custom install script
[4.931s] -- Up-to-date symlink: /home/ariel/ur5e_ws/install/moveit_control_pkg/lib/moveit_control_pkg/cartesian_control
[4.932s] -- Up-to-date symlink: /home/ariel/ur5e_ws/install/moveit_control_pkg/share/ament_index/resource_index/package_run_dependencies/moveit_control_pkg
[4.932s] -- Up-to-date symlink: /home/ariel/ur5e_ws/install/moveit_control_pkg/share/ament_index/resource_index/parent_prefix_path/moveit_control_pkg
[4.932s] -- Up-to-date symlink: /home/ariel/ur5e_ws/install/moveit_control_pkg/share/moveit_control_pkg/environment/ament_prefix_path.sh
[4.932s] -- Up-to-date symlink: /home/ariel/ur5e_ws/install/moveit_control_pkg/share/moveit_control_pkg/environment/ament_prefix_path.dsv
[4.932s] -- Up-to-date symlink: /home/ariel/ur5e_ws/install/moveit_control_pkg/share/moveit_control_pkg/environment/path.sh
[4.932s] -- Up-to-date symlink: /home/ariel/ur5e_ws/install/moveit_control_pkg/share/moveit_control_pkg/environment/path.dsv
[4.932s] -- Up-to-date symlink: /home/ariel/ur5e_ws/install/moveit_control_pkg/share/moveit_control_pkg/local_setup.bash
[4.933s] -- Up-to-date symlink: /home/ariel/ur5e_ws/install/moveit_control_pkg/share/moveit_control_pkg/local_setup.sh
[4.933s] -- Up-to-date symlink: /home/ariel/ur5e_ws/install/moveit_control_pkg/share/moveit_control_pkg/local_setup.zsh
[4.933s] -- Up-to-date symlink: /home/ariel/ur5e_ws/install/moveit_control_pkg/share/moveit_control_pkg/local_setup.dsv
[4.933s] -- Symlinking: /home/ariel/ur5e_ws/install/moveit_control_pkg/share/moveit_control_pkg/package.dsv
[4.940s] -- Up-to-date symlink: /home/ariel/ur5e_ws/install/moveit_control_pkg/share/ament_index/resource_index/packages/moveit_control_pkg
[4.940s] -- Up-to-date symlink: /home/ariel/ur5e_ws/install/moveit_control_pkg/share/moveit_control_pkg/cmake/moveit_control_pkgConfig.cmake
[4.940s] -- Up-to-date symlink: /home/ariel/ur5e_ws/install/moveit_control_pkg/share/moveit_control_pkg/cmake/moveit_control_pkgConfig-version.cmake
[4.940s] -- Up-to-date symlink: /home/ariel/ur5e_ws/install/moveit_control_pkg/share/moveit_control_pkg/package.xml
[4.942s] Invoked command in '/home/ariel/ur5e_ws/build/moveit_control_pkg' returned '0': CMAKE_PREFIX_PATH=${CMAKE_PREFIX_PATH}:/home/ariel/ws_moveit2/install/moveit_configs_utils:/home/ariel/ws_moveit2/install/launch_param_builder:/home/ariel/ur5e_ws/install/controller_pkg_demo:/opt/ros/humble /usr/bin/cmake --install /home/ariel/ur5e_ws/build/moveit_control_pkg
