-- Install configuration: ""
-- Up-to-date: /home/ariel/ur5e_ws/install/ur_yt_sim/share/ur_yt_sim/launch
-- Up-to-date: /home/ariel/ur5e_ws/install/ur_yt_sim/share/ur_yt_sim/launch/spawn_ur5_camera_moveit.launch.py
-- Up-to-date: /home/ariel/ur5e_ws/install/ur_yt_sim/share/ur_yt_sim/launch/view_ur5_camera.launch.py
-- Up-to-date: /home/ariel/ur5e_ws/install/ur_yt_sim/share/ur_yt_sim/launch/view_ur5_camera_gripper.launch.py
-- Up-to-date: /home/ariel/ur5e_ws/install/ur_yt_sim/share/ur_yt_sim/launch/spawn_ur5_camera.launch.py
-- Up-to-date: /home/ariel/ur5e_ws/install/ur_yt_sim/share/ur_yt_sim/launch/spawn_ur5_camera_gripper_moveit.launch.py
-- Up-to-date: /home/ariel/ur5e_ws/install/ur_yt_sim/share/ur_yt_sim/launch/spawn_ur5_camera_gripper.launch.py
-- Up-to-date: /home/ariel/ur5e_ws/install/ur_yt_sim/share/ur_yt_sim/urdf
-- Up-to-date: /home/ariel/ur5e_ws/install/ur_yt_sim/share/ur_yt_sim/urdf/ur5_camera_gripper.urdf.xacro
-- Up-to-date: /home/ariel/ur5e_ws/install/ur_yt_sim/share/ur_yt_sim/urdf/robotiq_gripper.ros2_control.xacro
-- Up-to-date: /home/ariel/ur5e_ws/install/ur_yt_sim/share/ur_yt_sim/urdf/robotiq_gripper_macro.xacro
-- Up-to-date: /home/ariel/ur5e_ws/install/ur_yt_sim/share/ur_yt_sim/urdf/ur5_camera.urdf.xacro
-- Up-to-date: /home/ariel/ur5e_ws/install/ur_yt_sim/share/ur_yt_sim/urdf/camera.xacro
-- Installing: /home/ariel/ur5e_ws/install/ur_yt_sim/share/ur_yt_sim/urdf/ur5_camera_gripper.urdf
-- Up-to-date: /home/ariel/ur5e_ws/install/ur_yt_sim/share/ur_yt_sim/urdf/ur5.ros2_control.xacro
-- Up-to-date: /home/ariel/ur5e_ws/install/ur_yt_sim/share/ur_yt_sim/urdf/ur5_macro.xacro
-- Up-to-date: /home/ariel/ur5e_ws/install/ur_yt_sim/share/ur_yt_sim/config
-- Up-to-date: /home/ariel/ur5e_ws/install/ur_yt_sim/share/ur_yt_sim/config/ur5_controllers.yaml
-- Up-to-date: /home/ariel/ur5e_ws/install/ur_yt_sim/share/ur_yt_sim/config/initial_positions.yaml
-- Up-to-date: /home/ariel/ur5e_ws/install/ur_yt_sim/share/ur_yt_sim/config/ur5_controllers_gripper.yaml
-- Up-to-date: /home/ariel/ur5e_ws/install/ur_yt_sim/share/ur_yt_sim/meshes
-- Up-to-date: /home/ariel/ur5e_ws/install/ur_yt_sim/share/ur_yt_sim/meshes/sensors
-- Up-to-date: /home/ariel/ur5e_ws/install/ur_yt_sim/share/ur_yt_sim/meshes/sensors/camera
-- Up-to-date: /home/ariel/ur5e_ws/install/ur_yt_sim/share/ur_yt_sim/meshes/sensors/camera/kinetic.dae
-- Up-to-date: /home/ariel/ur5e_ws/install/ur_yt_sim/share/ur_yt_sim/meshes/sensors/camera/kinetic.stl
-- Up-to-date: /home/ariel/ur5e_ws/install/ur_yt_sim/share/ur_yt_sim/meshes/sensors/camera/kinetic.png
-- Up-to-date: /home/ariel/ur5e_ws/install/ur_yt_sim/share/ur_yt_sim/worlds
-- Up-to-date: /home/ariel/ur5e_ws/install/ur_yt_sim/share/ur_yt_sim/rviz
-- Up-to-date: /home/ariel/ur5e_ws/install/ur_yt_sim/share/ur_yt_sim/rviz/config_ur5_robotiq.rviz
-- Up-to-date: /home/ariel/ur5e_ws/install/ur_yt_sim/share/ur_yt_sim/rviz/view_ur5_camera.rviz
-- Up-to-date: /home/ariel/ur5e_ws/install/ur_yt_sim/share/ament_index/resource_index/package_run_dependencies/ur_yt_sim
-- Up-to-date: /home/ariel/ur5e_ws/install/ur_yt_sim/share/ament_index/resource_index/parent_prefix_path/ur_yt_sim
-- Up-to-date: /home/ariel/ur5e_ws/install/ur_yt_sim/share/ur_yt_sim/environment/ament_prefix_path.sh
-- Up-to-date: /home/ariel/ur5e_ws/install/ur_yt_sim/share/ur_yt_sim/environment/ament_prefix_path.dsv
-- Up-to-date: /home/ariel/ur5e_ws/install/ur_yt_sim/share/ur_yt_sim/environment/path.sh
-- Up-to-date: /home/ariel/ur5e_ws/install/ur_yt_sim/share/ur_yt_sim/environment/path.dsv
-- Up-to-date: /home/ariel/ur5e_ws/install/ur_yt_sim/share/ur_yt_sim/local_setup.bash
-- Up-to-date: /home/ariel/ur5e_ws/install/ur_yt_sim/share/ur_yt_sim/local_setup.sh
-- Up-to-date: /home/ariel/ur5e_ws/install/ur_yt_sim/share/ur_yt_sim/local_setup.zsh
-- Up-to-date: /home/ariel/ur5e_ws/install/ur_yt_sim/share/ur_yt_sim/local_setup.dsv
-- Installing: /home/ariel/ur5e_ws/install/ur_yt_sim/share/ur_yt_sim/package.dsv
-- Up-to-date: /home/ariel/ur5e_ws/install/ur_yt_sim/share/ament_index/resource_index/packages/ur_yt_sim
-- Up-to-date: /home/ariel/ur5e_ws/install/ur_yt_sim/share/ur_yt_sim/cmake/ur_yt_simConfig.cmake
-- Up-to-date: /home/ariel/ur5e_ws/install/ur_yt_sim/share/ur_yt_sim/cmake/ur_yt_simConfig-version.cmake
-- Up-to-date: /home/ariel/ur5e_ws/install/ur_yt_sim/share/ur_yt_sim/package.xml
