[0.019s] Invoking command in '/home/ariel/ur5e_ws/build/moveit_control_pkg': CMAKE_PREFIX_PATH=${CMAKE_PREFIX_PATH}:/home/ariel/ws_moveit2/install/moveit_configs_utils:/home/ariel/ws_moveit2/install/launch_param_builder:/home/ariel/ur5e_ws/install/controller_pkg_demo:/opt/ros/humble /usr/bin/cmake --build /home/ariel/ur5e_ws/build/moveit_control_pkg -- -j22 -l22
[0.058s] [35m[1mConsolidate compiler generated dependencies of target cartesian_control[0m
[0.072s] [ 25%] [32mBuilding CXX object CMakeFiles/cartesian_control.dir/src/cartesian_control.cpp.o[0m
[0.090s] [ 75%] Built target moveit_cpp_ur_node
[2.603s] [01m[K/home/ariel/ur5e_ws/src/moveit_control_pkg/src/cartesian_control.cpp:[m[K In function ‘[01m[Kint main(int, char**)[m[K’:
[2.603s] [01m[K/home/ariel/ur5e_ws/src/moveit_control_pkg/src/cartesian_control.cpp:71:51:[m[K [01;31m[Kerror: [m[K‘[01m[Kcollision_object[m[K’ was not declared in this scope; did you mean ‘[01m[Kcollision_objects[m[K’?
[2.603s]    71 |   planning_scene_interface.applyCollisionObjects({[01;31m[Kcollision_object[m[K});
[2.603s]       |                                                   [01;31m[K^~~~~~~~~~~~~~~~[m[K
[2.603s]       |                                                   [32m[Kcollision_objects[m[K
[2.603s] [01m[K/home/ariel/ur5e_ws/src/moveit_control_pkg/src/cartesian_control.cpp:71:49:[m[K [01;31m[Kerror: [m[Kcannot convert ‘[01m[K<brace-enclosed initializer list>[m[K’ to ‘[01m[Kconst std::vector<moveit_msgs::msg::CollisionObject_<std::allocator<void> >, std::allocator<moveit_msgs::msg::CollisionObject_<std::allocator<void> > > >&[m[K’
[2.603s]    71 |   [01;31m[Kplanning_scene_interface.applyCollisionObjects({collision_object})[m[K;
[2.603s]       |   [01;31m[K~~~~~~~~~~~~~~~~~~~~~~~~~~~~~~~~~~~~~~~~~~~~~~^~~~~~~~~~~~~~~~~~~~[m[K
[2.603s] In file included from [01m[K/home/ariel/ur5e_ws/src/moveit_control_pkg/src/cartesian_control.cpp:2[m[K:
[2.603s] [01m[K/opt/ros/humble/include/moveit/planning_scene_interface/planning_scene_interface.h:114:61:[m[K [01;36m[Knote: [m[K  initializing argument 1 of ‘[01m[Kbool moveit::planning_interface::PlanningSceneInterface::applyCollisionObjects(const std::vector<moveit_msgs::msg::CollisionObject_<std::allocator<void> >, std::allocator<moveit_msgs::msg::CollisionObject_<std::allocator<void> > > >&, const std::vector<moveit_msgs::msg::ObjectColor_<std::allocator<void> >, std::allocator<moveit_msgs::msg::ObjectColor_<std::allocator<void> > > >&)[m[K’
[2.603s]   114 |       [01;36m[Kconst std::vector<moveit_msgs::msg::CollisionObject>& collision_objects[m[K,
[2.603s]       |       [01;36m[K~~~~~~~~~~~~~~~~~~~~~~~~~~~~~~~~~~~~~~~~~~~~~~~~~~~~~~^~~~~~~~~~~~~~~~~[m[K
[4.074s] gmake[2]: *** [CMakeFiles/cartesian_control.dir/build.make:76: CMakeFiles/cartesian_control.dir/src/cartesian_control.cpp.o] Error 1
[4.074s] gmake[1]: *** [CMakeFiles/Makefile2:165: CMakeFiles/cartesian_control.dir/all] Error 2
[4.075s] gmake: *** [Makefile:146: all] Error 2
[4.077s] Invoked command in '/home/ariel/ur5e_ws/build/moveit_control_pkg' returned '2': CMAKE_PREFIX_PATH=${CMAKE_PREFIX_PATH}:/home/ariel/ws_moveit2/install/moveit_configs_utils:/home/ariel/ws_moveit2/install/launch_param_builder:/home/ariel/ur5e_ws/install/controller_pkg_demo:/opt/ros/humble /usr/bin/cmake --build /home/ariel/ur5e_ws/build/moveit_control_pkg -- -j22 -l22
