[0.009s] Invoking command in '/home/ariel/ur5e_ws/src/build/ur_robot_driver': CMAKE_PREFIX_PATH=/home/ariel/ur5e_ws/src/install/ur_controllers:/home/ariel/ur5e_ws/src/install/ur_description:/home/ariel/ur5e_ws/src/install/ur_dashboard_msgs:/home/ariel/ur5e_ws/src/install/ur_simulation_gazebo:/home/ariel/ur5e_ws/src/install/ur:/home/ariel/ur5e_ws/src/install/ur_calibration:/home/ariel/ur5e_ws/src/install/ur_robot_driver:/home/ariel/ur5e_ws/src/install/ur_moveit_config:/home/ariel/ur5e_ws/src/install/ur_bringup:/home/ariel/ur5e_ws/install/ur_simulation_gazebo:/home/ariel/ur5e_ws/install/ur:/home/ariel/ur5e_ws/install/ur_calibration:/home/ariel/ur5e_ws/install/ur_robot_driver:/home/ariel/ur5e_ws/install/ur_moveit_config:/home/ariel/ur5e_ws/install/ur_bringup:/home/ariel/ur5e_ws/install/ur_description:/home/ariel/ur5e_ws/install/ur_controllers:/home/ariel/ur5e_ws/install/ur_dashboard_msgs:/opt/ros/humble LD_LIBRARY_PATH=/home/ariel/ur5e_ws/src/install/ur_controllers/lib:/home/ariel/ur5e_ws/src/install/ur_dashboard_msgs/lib:/home/ariel/ur5e_ws/src/install/ur_robot_driver/lib:/home/ariel/ur5e_ws/install/ur_robot_driver/lib:/home/ariel/ur5e_ws/install/ur_controllers/lib:/home/ariel/ur5e_ws/install/ur_dashboard_msgs/lib:/opt/ros/humble/opt/rviz_ogre_vendor/lib:/opt/ros/humble/lib/x86_64-linux-gnu:/opt/ros/humble/lib:/usr/local/cuda-12.2/lib64:/home/ariel/.mujoco/mujoco210/bin:/usr/lib/nvidia:/home/ariel/.mujoco/mujoco210/bin /usr/bin/cmake --build /home/ariel/ur5e_ws/src/build/ur_robot_driver -- -j22 -l22
[0.049s] [ 10%] Built target urscript_interface
[0.049s] [ 35%] Built target ur_ros2_control_node
[0.049s] [ 40%] Built target dashboard_client
[0.053s] [ 40%] Built target ament_cmake_python_copy_ur_robot_driver
[0.054s] [ 60%] Built target robot_state_helper
[0.055s] [ 75%] Built target controller_stopper_node
[0.059s] [100%] Built target ur_robot_driver_plugin
[0.231s] running egg_info
[0.231s] writing ur_robot_driver.egg-info/PKG-INFO
[0.231s] writing dependency_links to ur_robot_driver.egg-info/dependency_links.txt
[0.231s] writing top-level names to ur_robot_driver.egg-info/top_level.txt
[0.233s] reading manifest file 'ur_robot_driver.egg-info/SOURCES.txt'
[0.233s] writing manifest file 'ur_robot_driver.egg-info/SOURCES.txt'
[0.252s] [100%] Built target ament_cmake_python_build_ur_robot_driver_egg
[0.259s] Invoked command in '/home/ariel/ur5e_ws/src/build/ur_robot_driver' returned '0': CMAKE_PREFIX_PATH=/home/ariel/ur5e_ws/src/install/ur_controllers:/home/ariel/ur5e_ws/src/install/ur_description:/home/ariel/ur5e_ws/src/install/ur_dashboard_msgs:/home/ariel/ur5e_ws/src/install/ur_simulation_gazebo:/home/ariel/ur5e_ws/src/install/ur:/home/ariel/ur5e_ws/src/install/ur_calibration:/home/ariel/ur5e_ws/src/install/ur_robot_driver:/home/ariel/ur5e_ws/src/install/ur_moveit_config:/home/ariel/ur5e_ws/src/install/ur_bringup:/home/ariel/ur5e_ws/install/ur_simulation_gazebo:/home/ariel/ur5e_ws/install/ur:/home/ariel/ur5e_ws/install/ur_calibration:/home/ariel/ur5e_ws/install/ur_robot_driver:/home/ariel/ur5e_ws/install/ur_moveit_config:/home/ariel/ur5e_ws/install/ur_bringup:/home/ariel/ur5e_ws/install/ur_description:/home/ariel/ur5e_ws/install/ur_controllers:/home/ariel/ur5e_ws/install/ur_dashboard_msgs:/opt/ros/humble LD_LIBRARY_PATH=/home/ariel/ur5e_ws/src/install/ur_controllers/lib:/home/ariel/ur5e_ws/src/install/ur_dashboard_msgs/lib:/home/ariel/ur5e_ws/src/install/ur_robot_driver/lib:/home/ariel/ur5e_ws/install/ur_robot_driver/lib:/home/ariel/ur5e_ws/install/ur_controllers/lib:/home/ariel/ur5e_ws/install/ur_dashboard_msgs/lib:/opt/ros/humble/opt/rviz_ogre_vendor/lib:/opt/ros/humble/lib/x86_64-linux-gnu:/opt/ros/humble/lib:/usr/local/cuda-12.2/lib64:/home/ariel/.mujoco/mujoco210/bin:/usr/lib/nvidia:/home/ariel/.mujoco/mujoco210/bin /usr/bin/cmake --build /home/ariel/ur5e_ws/src/build/ur_robot_driver -- -j22 -l22
[0.261s] Invoking command in '/home/ariel/ur5e_ws/src/build/ur_robot_driver': CMAKE_PREFIX_PATH=/home/ariel/ur5e_ws/src/install/ur_controllers:/home/ariel/ur5e_ws/src/install/ur_description:/home/ariel/ur5e_ws/src/install/ur_dashboard_msgs:/home/ariel/ur5e_ws/src/install/ur_simulation_gazebo:/home/ariel/ur5e_ws/src/install/ur:/home/ariel/ur5e_ws/src/install/ur_calibration:/home/ariel/ur5e_ws/src/install/ur_robot_driver:/home/ariel/ur5e_ws/src/install/ur_moveit_config:/home/ariel/ur5e_ws/src/install/ur_bringup:/home/ariel/ur5e_ws/install/ur_simulation_gazebo:/home/ariel/ur5e_ws/install/ur:/home/ariel/ur5e_ws/install/ur_calibration:/home/ariel/ur5e_ws/install/ur_robot_driver:/home/ariel/ur5e_ws/install/ur_moveit_config:/home/ariel/ur5e_ws/install/ur_bringup:/home/ariel/ur5e_ws/install/ur_description:/home/ariel/ur5e_ws/install/ur_controllers:/home/ariel/ur5e_ws/install/ur_dashboard_msgs:/opt/ros/humble LD_LIBRARY_PATH=/home/ariel/ur5e_ws/src/install/ur_controllers/lib:/home/ariel/ur5e_ws/src/install/ur_dashboard_msgs/lib:/home/ariel/ur5e_ws/src/install/ur_robot_driver/lib:/home/ariel/ur5e_ws/install/ur_robot_driver/lib:/home/ariel/ur5e_ws/install/ur_controllers/lib:/home/ariel/ur5e_ws/install/ur_dashboard_msgs/lib:/opt/ros/humble/opt/rviz_ogre_vendor/lib:/opt/ros/humble/lib/x86_64-linux-gnu:/opt/ros/humble/lib:/usr/local/cuda-12.2/lib64:/home/ariel/.mujoco/mujoco210/bin:/usr/lib/nvidia:/home/ariel/.mujoco/mujoco210/bin /usr/bin/cmake --install /home/ariel/ur5e_ws/src/build/ur_robot_driver
[0.266s] -- Install configuration: "RelWithDebInfo"
[0.266s] -- Up-to-date: /home/ariel/ur5e_ws/src/install/ur_robot_driver/share/ur_robot_driver/hardware_interface_plugin.xml
[0.266s] -- Up-to-date: /home/ariel/ur5e_ws/src/install/ur_robot_driver/lib/ur_robot_driver/dashboard_client
[0.266s] -- Up-to-date: /home/ariel/ur5e_ws/src/install/ur_robot_driver/lib/ur_robot_driver/ur_ros2_control_node
[0.266s] -- Up-to-date: /home/ariel/ur5e_ws/src/install/ur_robot_driver/lib/ur_robot_driver/controller_stopper_node
[0.266s] -- Up-to-date: /home/ariel/ur5e_ws/src/install/ur_robot_driver/lib/ur_robot_driver/urscript_interface
[0.267s] -- Up-to-date: /home/ariel/ur5e_ws/src/install/ur_robot_driver/lib/ur_robot_driver/robot_state_helper
[0.267s] -- Up-to-date: /home/ariel/ur5e_ws/src/install/ur_robot_driver/lib/libur_robot_driver_plugin.so
[0.267s] -- Up-to-date: /home/ariel/ur5e_ws/src/install/ur_robot_driver/include
[0.267s] -- Up-to-date: /home/ariel/ur5e_ws/src/install/ur_robot_driver/include/ur_robot_driver
[0.267s] -- Up-to-date: /home/ariel/ur5e_ws/src/install/ur_robot_driver/include/ur_robot_driver/hardware_interface.hpp
[0.267s] -- Up-to-date: /home/ariel/ur5e_ws/src/install/ur_robot_driver/include/ur_robot_driver/controller_stopper.hpp
[0.267s] -- Up-to-date: /home/ariel/ur5e_ws/src/install/ur_robot_driver/include/ur_robot_driver/urcl_log_handler.hpp
[0.267s] -- Up-to-date: /home/ariel/ur5e_ws/src/install/ur_robot_driver/include/ur_robot_driver/robot_state_helper.hpp
[0.267s] -- Up-to-date: /home/ariel/ur5e_ws/src/install/ur_robot_driver/include/ur_robot_driver/dashboard_client_ros.hpp
[0.267s] -- Up-to-date: /home/ariel/ur5e_ws/src/install/ur_robot_driver/share/ur_robot_driver/environment/library_path.sh
[0.267s] -- Up-to-date: /home/ariel/ur5e_ws/src/install/ur_robot_driver/share/ur_robot_driver/environment/library_path.dsv
[0.267s] -- Up-to-date: /home/ariel/ur5e_ws/src/install/ur_robot_driver/share/ur_robot_driver/resources
[0.267s] -- Up-to-date: /home/ariel/ur5e_ws/src/install/ur_robot_driver/share/ur_robot_driver/resources/externalcontrol-1.0.5.urcap
[0.267s] -- Up-to-date: /home/ariel/ur5e_ws/src/install/ur_robot_driver/share/ur_robot_driver/resources/rtde_input_recipe.txt
[0.267s] -- Up-to-date: /home/ariel/ur5e_ws/src/install/ur_robot_driver/share/ur_robot_driver/resources/rtde_output_recipe.txt
[0.267s] -- Up-to-date: /home/ariel/ur5e_ws/src/install/ur_robot_driver/share/ur_robot_driver/resources/rs485-1.0.urcap
[0.267s] -- Up-to-date: /home/ariel/ur5e_ws/src/install/ur_robot_driver/share/ur_robot_driver/resources/ros_control.urscript
[0.267s] -- Up-to-date: /home/ariel/ur5e_ws/src/install/ur_robot_driver/include
[0.267s] -- Up-to-date: /home/ariel/ur5e_ws/src/install/ur_robot_driver/include/ur_robot_driver
[0.267s] -- Up-to-date: /home/ariel/ur5e_ws/src/install/ur_robot_driver/include/ur_robot_driver/hardware_interface.hpp
[0.267s] -- Up-to-date: /home/ariel/ur5e_ws/src/install/ur_robot_driver/include/ur_robot_driver/controller_stopper.hpp
[0.267s] -- Up-to-date: /home/ariel/ur5e_ws/src/install/ur_robot_driver/include/ur_robot_driver/urcl_log_handler.hpp
[0.267s] -- Up-to-date: /home/ariel/ur5e_ws/src/install/ur_robot_driver/include/ur_robot_driver/robot_state_helper.hpp
[0.267s] -- Up-to-date: /home/ariel/ur5e_ws/src/install/ur_robot_driver/include/ur_robot_driver/dashboard_client_ros.hpp
[0.267s] -- Up-to-date: /home/ariel/ur5e_ws/src/install/ur_robot_driver/share/ur_robot_driver/environment/pythonpath.sh
[0.267s] -- Up-to-date: /home/ariel/ur5e_ws/src/install/ur_robot_driver/share/ur_robot_driver/environment/pythonpath.dsv
[0.267s] -- Up-to-date: /home/ariel/ur5e_ws/src/install/ur_robot_driver/local/lib/python3.10/dist-packages/ur_robot_driver-2.8.1-py3.10.egg-info
[0.267s] -- Installing: /home/ariel/ur5e_ws/src/install/ur_robot_driver/local/lib/python3.10/dist-packages/ur_robot_driver-2.8.1-py3.10.egg-info/SOURCES.txt
[0.268s] -- Installing: /home/ariel/ur5e_ws/src/install/ur_robot_driver/local/lib/python3.10/dist-packages/ur_robot_driver-2.8.1-py3.10.egg-info/dependency_links.txt
[0.268s] -- Installing: /home/ariel/ur5e_ws/src/install/ur_robot_driver/local/lib/python3.10/dist-packages/ur_robot_driver-2.8.1-py3.10.egg-info/PKG-INFO
[0.268s] -- Installing: /home/ariel/ur5e_ws/src/install/ur_robot_driver/local/lib/python3.10/dist-packages/ur_robot_driver-2.8.1-py3.10.egg-info/top_level.txt
[0.268s] -- Up-to-date: /home/ariel/ur5e_ws/src/install/ur_robot_driver/local/lib/python3.10/dist-packages/ur_robot_driver
[0.268s] -- Up-to-date: /home/ariel/ur5e_ws/src/install/ur_robot_driver/local/lib/python3.10/dist-packages/ur_robot_driver/__init__.py
[0.290s] Listing '/home/ariel/ur5e_ws/src/install/ur_robot_driver/local/lib/python3.10/dist-packages/ur_robot_driver'...
[0.293s] -- Up-to-date: /home/ariel/ur5e_ws/src/install/ur_robot_driver/lib/ur_robot_driver/tool_communication.py
[0.293s] -- Up-to-date: /home/ariel/ur5e_ws/src/install/ur_robot_driver/lib/ur_robot_driver/example_move.py
[0.293s] -- Up-to-date: /home/ariel/ur5e_ws/src/install/ur_robot_driver/lib/ur_robot_driver/start_ursim.sh
[0.293s] -- Up-to-date: /home/ariel/ur5e_ws/src/install/ur_robot_driver/lib/ur_robot_driver/examples.py
[0.293s] -- Up-to-date: /home/ariel/ur5e_ws/src/install/ur_robot_driver/lib/ur_robot_driver/force_mode.py
[0.293s] -- Up-to-date: /home/ariel/ur5e_ws/src/install/ur_robot_driver/bin/wait_dashboard_server.sh
[0.293s] -- Up-to-date: /home/ariel/ur5e_ws/src/install/ur_robot_driver/lib/ur_robot_driver/start_ursim.sh
[0.293s] -- Up-to-date: /home/ariel/ur5e_ws/src/install/ur_robot_driver/share/ur_robot_driver/config
[0.293s] -- Up-to-date: /home/ariel/ur5e_ws/src/install/ur_robot_driver/share/ur_robot_driver/config/ur3e_update_rate.yaml
[0.293s] -- Up-to-date: /home/ariel/ur5e_ws/src/install/ur_robot_driver/share/ur_robot_driver/config/test_velocity_goal_publishers_config.yaml
[0.293s] -- Up-to-date: /home/ariel/ur5e_ws/src/install/ur_robot_driver/share/ur_robot_driver/config/ur5_update_rate.yaml
[0.293s] -- Up-to-date: /home/ariel/ur5e_ws/src/install/ur_robot_driver/share/ur_robot_driver/config/ur30_update_rate.yaml
[0.293s] -- Up-to-date: /home/ariel/ur5e_ws/src/install/ur_robot_driver/share/ur_robot_driver/config/ur20_update_rate.yaml
[0.293s] -- Up-to-date: /home/ariel/ur5e_ws/src/install/ur_robot_driver/share/ur_robot_driver/config/ur_controllers.yaml
[0.293s] -- Up-to-date: /home/ariel/ur5e_ws/src/install/ur_robot_driver/share/ur_robot_driver/config/ur10e_update_rate.yaml
[0.293s] -- Up-to-date: /home/ariel/ur5e_ws/src/install/ur_robot_driver/share/ur_robot_driver/config/test_goal_publishers_config.yaml
[0.293s] -- Up-to-date: /home/ariel/ur5e_ws/src/install/ur_robot_driver/share/ur_robot_driver/config/ur16e_update_rate.yaml
[0.293s] -- Up-to-date: /home/ariel/ur5e_ws/src/install/ur_robot_driver/share/ur_robot_driver/config/ur3_update_rate.yaml
[0.293s] -- Up-to-date: /home/ariel/ur5e_ws/src/install/ur_robot_driver/share/ur_robot_driver/config/ur5e_update_rate.yaml
[0.293s] -- Up-to-date: /home/ariel/ur5e_ws/src/install/ur_robot_driver/share/ur_robot_driver/config/ur10_update_rate.yaml
[0.293s] -- Up-to-date: /home/ariel/ur5e_ws/src/install/ur_robot_driver/share/ur_robot_driver/config/ur15_update_rate.yaml
[0.293s] -- Up-to-date: /home/ariel/ur5e_ws/src/install/ur_robot_driver/share/ur_robot_driver/launch
[0.293s] -- Up-to-date: /home/ariel/ur5e_ws/src/install/ur_robot_driver/share/ur_robot_driver/launch/ur30.launch.py
[0.293s] -- Up-to-date: /home/ariel/ur5e_ws/src/install/ur_robot_driver/share/ur_robot_driver/launch/test_joint_trajectory_controller.launch.py
[0.293s] -- Up-to-date: /home/ariel/ur5e_ws/src/install/ur_robot_driver/share/ur_robot_driver/launch/ur20.launch.py
[0.294s] -- Up-to-date: /home/ariel/ur5e_ws/src/install/ur_robot_driver/share/ur_robot_driver/launch/ur16e.launch.py
[0.294s] -- Up-to-date: /home/ariel/ur5e_ws/src/install/ur_robot_driver/share/ur_robot_driver/launch/ur5e.launch.py
[0.294s] -- Up-to-date: /home/ariel/ur5e_ws/src/install/ur_robot_driver/share/ur_robot_driver/launch/ur10e.launch.py
[0.294s] -- Up-to-date: /home/ariel/ur5e_ws/src/install/ur_robot_driver/share/ur_robot_driver/launch/ur7e.launch.py
[0.294s] -- Up-to-date: /home/ariel/ur5e_ws/src/install/ur_robot_driver/share/ur_robot_driver/launch/ur5.launch.py
[0.294s] -- Up-to-date: /home/ariel/ur5e_ws/src/install/ur_robot_driver/share/ur_robot_driver/launch/ur_control.launch.py
[0.294s] -- Up-to-date: /home/ariel/ur5e_ws/src/install/ur_robot_driver/share/ur_robot_driver/launch/test_scaled_joint_trajectory_controller.launch.py
[0.294s] -- Up-to-date: /home/ariel/ur5e_ws/src/install/ur_robot_driver/share/ur_robot_driver/launch/test_forward_velocity_controller.launch.py
[0.294s] -- Up-to-date: /home/ariel/ur5e_ws/src/install/ur_robot_driver/share/ur_robot_driver/launch/ur10.launch.py
[0.294s] -- Up-to-date: /home/ariel/ur5e_ws/src/install/ur_robot_driver/share/ur_robot_driver/launch/ur3.launch.py
[0.294s] -- Up-to-date: /home/ariel/ur5e_ws/src/install/ur_robot_driver/share/ur_robot_driver/launch/ur12e.launch.py
[0.294s] -- Up-to-date: /home/ariel/ur5e_ws/src/install/ur_robot_driver/share/ur_robot_driver/launch/ur_dashboard_client.launch.py
[0.294s] -- Up-to-date: /home/ariel/ur5e_ws/src/install/ur_robot_driver/share/ur_robot_driver/launch/ur3e.launch.py
[0.294s] -- Up-to-date: /home/ariel/ur5e_ws/src/install/ur_robot_driver/share/ur_robot_driver/launch/ur15.launch.py
[0.294s] -- Up-to-date: /home/ariel/ur5e_ws/src/install/ur_robot_driver/share/ament_index/resource_index/package_run_dependencies/ur_robot_driver
[0.294s] -- Up-to-date: /home/ariel/ur5e_ws/src/install/ur_robot_driver/share/ament_index/resource_index/parent_prefix_path/ur_robot_driver
[0.294s] -- Up-to-date: /home/ariel/ur5e_ws/src/install/ur_robot_driver/share/ur_robot_driver/environment/ament_prefix_path.sh
[0.294s] -- Up-to-date: /home/ariel/ur5e_ws/src/install/ur_robot_driver/share/ur_robot_driver/environment/ament_prefix_path.dsv
[0.294s] -- Up-to-date: /home/ariel/ur5e_ws/src/install/ur_robot_driver/share/ur_robot_driver/environment/path.sh
[0.294s] -- Up-to-date: /home/ariel/ur5e_ws/src/install/ur_robot_driver/share/ur_robot_driver/environment/path.dsv
[0.294s] -- Up-to-date: /home/ariel/ur5e_ws/src/install/ur_robot_driver/share/ur_robot_driver/local_setup.bash
[0.294s] -- Up-to-date: /home/ariel/ur5e_ws/src/install/ur_robot_driver/share/ur_robot_driver/local_setup.sh
[0.294s] -- Up-to-date: /home/ariel/ur5e_ws/src/install/ur_robot_driver/share/ur_robot_driver/local_setup.zsh
[0.294s] -- Up-to-date: /home/ariel/ur5e_ws/src/install/ur_robot_driver/share/ur_robot_driver/local_setup.dsv
[0.294s] -- Installing: /home/ariel/ur5e_ws/src/install/ur_robot_driver/share/ur_robot_driver/package.dsv
[0.294s] -- Up-to-date: /home/ariel/ur5e_ws/src/install/ur_robot_driver/share/ament_index/resource_index/packages/ur_robot_driver
[0.294s] -- Up-to-date: /home/ariel/ur5e_ws/src/install/ur_robot_driver/share/ament_index/resource_index/hardware_interface__pluginlib__plugin/ur_robot_driver
[0.294s] -- Up-to-date: /home/ariel/ur5e_ws/src/install/ur_robot_driver/share/ur_robot_driver/cmake/ament_cmake_export_include_directories-extras.cmake
[0.294s] -- Up-to-date: /home/ariel/ur5e_ws/src/install/ur_robot_driver/share/ur_robot_driver/cmake/ament_cmake_export_libraries-extras.cmake
[0.294s] -- Up-to-date: /home/ariel/ur5e_ws/src/install/ur_robot_driver/share/ur_robot_driver/cmake/ament_cmake_export_dependencies-extras.cmake
[0.294s] -- Up-to-date: /home/ariel/ur5e_ws/src/install/ur_robot_driver/share/ur_robot_driver/cmake/ur_robot_driverConfig.cmake
[0.294s] -- Up-to-date: /home/ariel/ur5e_ws/src/install/ur_robot_driver/share/ur_robot_driver/cmake/ur_robot_driverConfig-version.cmake
[0.294s] -- Up-to-date: /home/ariel/ur5e_ws/src/install/ur_robot_driver/share/ur_robot_driver/package.xml
[0.296s] Invoked command in '/home/ariel/ur5e_ws/src/build/ur_robot_driver' returned '0': CMAKE_PREFIX_PATH=/home/ariel/ur5e_ws/src/install/ur_controllers:/home/ariel/ur5e_ws/src/install/ur_description:/home/ariel/ur5e_ws/src/install/ur_dashboard_msgs:/home/ariel/ur5e_ws/src/install/ur_simulation_gazebo:/home/ariel/ur5e_ws/src/install/ur:/home/ariel/ur5e_ws/src/install/ur_calibration:/home/ariel/ur5e_ws/src/install/ur_robot_driver:/home/ariel/ur5e_ws/src/install/ur_moveit_config:/home/ariel/ur5e_ws/src/install/ur_bringup:/home/ariel/ur5e_ws/install/ur_simulation_gazebo:/home/ariel/ur5e_ws/install/ur:/home/ariel/ur5e_ws/install/ur_calibration:/home/ariel/ur5e_ws/install/ur_robot_driver:/home/ariel/ur5e_ws/install/ur_moveit_config:/home/ariel/ur5e_ws/install/ur_bringup:/home/ariel/ur5e_ws/install/ur_description:/home/ariel/ur5e_ws/install/ur_controllers:/home/ariel/ur5e_ws/install/ur_dashboard_msgs:/opt/ros/humble LD_LIBRARY_PATH=/home/ariel/ur5e_ws/src/install/ur_controllers/lib:/home/ariel/ur5e_ws/src/install/ur_dashboard_msgs/lib:/home/ariel/ur5e_ws/src/install/ur_robot_driver/lib:/home/ariel/ur5e_ws/install/ur_robot_driver/lib:/home/ariel/ur5e_ws/install/ur_controllers/lib:/home/ariel/ur5e_ws/install/ur_dashboard_msgs/lib:/opt/ros/humble/opt/rviz_ogre_vendor/lib:/opt/ros/humble/lib/x86_64-linux-gnu:/opt/ros/humble/lib:/usr/local/cuda-12.2/lib64:/home/ariel/.mujoco/mujoco210/bin:/usr/lib/nvidia:/home/ariel/.mujoco/mujoco210/bin /usr/bin/cmake --install /home/ariel/ur5e_ws/src/build/ur_robot_driver
