[0.512s] Invoking command in '/home/ariel/ur5e_ws/src/controller_pkg_demo': PYTHONPATH=/home/ariel/ur5e_ws/build/controller_pkg_demo/prefix_override:/usr/lib/python3/dist-packages/colcon_core/task/python/colcon_distutils_commands:/home/ariel/ur5e_ws/install/controller_pkg_demo/lib/python3.10/site-packages:${PYTHONPATH} /usr/bin/python3 -W ignore:setup.py install is deprecated -W ignore:easy_install command is deprecated setup.py egg_info --egg-base ../../build/controller_pkg_demo build --build-base /home/ariel/ur5e_ws/build/controller_pkg_demo/build install --record /home/ariel/ur5e_ws/build/controller_pkg_demo/install.log --single-version-externally-managed install_data
[0.691s] running egg_info
[0.692s] writing ../../build/controller_pkg_demo/controller_pkg_demo.egg-info/PKG-INFO
[0.692s] writing dependency_links to ../../build/controller_pkg_demo/controller_pkg_demo.egg-info/dependency_links.txt
[0.692s] writing entry points to ../../build/controller_pkg_demo/controller_pkg_demo.egg-info/entry_points.txt
[0.692s] writing requirements to ../../build/controller_pkg_demo/controller_pkg_demo.egg-info/requires.txt
[0.692s] writing top-level names to ../../build/controller_pkg_demo/controller_pkg_demo.egg-info/top_level.txt
[0.693s] reading manifest file '../../build/controller_pkg_demo/controller_pkg_demo.egg-info/SOURCES.txt'
[0.693s] adding license file 'LICENSE'
[0.693s] writing manifest file '../../build/controller_pkg_demo/controller_pkg_demo.egg-info/SOURCES.txt'
[0.693s] running build
[0.694s] running build_py
[0.694s] running install
[0.694s] running install_lib
[0.695s] running install_data
[0.695s] running install_egg_info
[0.696s] removing '/home/ariel/ur5e_ws/install/controller_pkg_demo/lib/python3.10/site-packages/controller_pkg_demo-0.0.0-py3.10.egg-info' (and everything under it)
[0.696s] Copying ../../build/controller_pkg_demo/controller_pkg_demo.egg-info to /home/ariel/ur5e_ws/install/controller_pkg_demo/lib/python3.10/site-packages/controller_pkg_demo-0.0.0-py3.10.egg-info
[0.696s] running install_scripts
[0.708s] Installing joint_command_publisher script to /home/ariel/ur5e_ws/install/controller_pkg_demo/lib/controller_pkg_demo
[0.708s] Installing move_to_pose script to /home/ariel/ur5e_ws/install/controller_pkg_demo/lib/controller_pkg_demo
[0.708s] Installing test_moveit_cartesian script to /home/ariel/ur5e_ws/install/controller_pkg_demo/lib/controller_pkg_demo
[0.708s] writing list of installed files to '/home/ariel/ur5e_ws/build/controller_pkg_demo/install.log'
[0.724s] Invoked command in '/home/ariel/ur5e_ws/src/controller_pkg_demo' returned '0': PYTHONPATH=/home/ariel/ur5e_ws/build/controller_pkg_demo/prefix_override:/usr/lib/python3/dist-packages/colcon_core/task/python/colcon_distutils_commands:/home/ariel/ur5e_ws/install/controller_pkg_demo/lib/python3.10/site-packages:${PYTHONPATH} /usr/bin/python3 -W ignore:setup.py install is deprecated -W ignore:easy_install command is deprecated setup.py egg_info --egg-base ../../build/controller_pkg_demo build --build-base /home/ariel/ur5e_ws/build/controller_pkg_demo/build install --record /home/ariel/ur5e_ws/build/controller_pkg_demo/install.log --single-version-externally-managed install_data
