[0.013s] Invoking command in '/home/ariel/ur5e_ws/src/build/ur_calibration': AMENT_PREFIX_PATH=/home/ariel/ur5e_ws/src/install/ur_robot_driver:/home/ariel/ur5e_ws/src/install/ur_controllers:/home/ariel/ur5e_ws/src/install/ur_description:/home/ariel/ur5e_ws/src/install/ur_dashboard_msgs:${AMENT_PREFIX_PATH} CMAKE_PREFIX_PATH=/home/ariel/ur5e_ws/src/install/ur_robot_driver:/home/ariel/ur5e_ws/src/install/ur_controllers:/home/ariel/ur5e_ws/src/install/ur_description:/home/ariel/ur5e_ws/src/install/ur_dashboard_msgs:/home/ariel/ur5e_ws/install/ur_simulation_gazebo:/home/ariel/ur5e_ws/install/ur:/home/ariel/ur5e_ws/install/ur_calibration:/home/ariel/ur5e_ws/install/ur_robot_driver:/home/ariel/ur5e_ws/install/ur_moveit_config:/home/ariel/ur5e_ws/install/ur_bringup:/home/ariel/ur5e_ws/install/ur_description:/home/ariel/ur5e_ws/install/ur_controllers:/home/ariel/ur5e_ws/install/ur_dashboard_msgs:/opt/ros/humble LD_LIBRARY_PATH=/home/ariel/ur5e_ws/src/install/ur_robot_driver/lib:/home/ariel/ur5e_ws/src/install/ur_controllers/lib:/home/ariel/ur5e_ws/src/install/ur_dashboard_msgs/lib:/home/ariel/ur5e_ws/install/ur_robot_driver/lib:/home/ariel/ur5e_ws/install/ur_controllers/lib:/home/ariel/ur5e_ws/install/ur_dashboard_msgs/lib:/opt/ros/humble/opt/rviz_ogre_vendor/lib:/opt/ros/humble/lib/x86_64-linux-gnu:/opt/ros/humble/lib:/usr/local/cuda-12.2/lib64:/home/ariel/.mujoco/mujoco210/bin:/usr/lib/nvidia:/home/ariel/.mujoco/mujoco210/bin PATH=/home/ariel/ur5e_ws/src/install/ur_robot_driver/bin:${PATH} PYTHONPATH=/home/ariel/ur5e_ws/src/install/ur_robot_driver/local/lib/python3.10/dist-packages:/home/ariel/ur5e_ws/src/install/ur_dashboard_msgs/local/lib/python3.10/dist-packages:${PYTHONPATH} /usr/bin/cmake /home/ariel/ur5e_ws/src/Universal_Robots_ROS2_Driver/ur_calibration -DCMAKE_INSTALL_PREFIX=/home/ariel/ur5e_ws/src/install/ur_calibration
[0.054s] -- The C compiler identification is GNU 11.4.0
[0.092s] -- The CXX compiler identification is GNU 11.4.0
[0.097s] -- Detecting C compiler ABI info
[0.148s] -- Detecting C compiler ABI info - done
[0.152s] -- Check for working C compiler: /usr/bin/cc - skipped
[0.152s] -- Detecting C compile features
[0.152s] -- Detecting C compile features - done
[0.154s] -- Detecting CXX compiler ABI info
[0.208s] -- Detecting CXX compiler ABI info - done
[0.211s] -- Check for working CXX compiler: /usr/bin/c++ - skipped
[0.212s] -- Detecting CXX compile features
[0.212s] -- Detecting CXX compile features - done
[0.212s] [0mur_calibration: You did not request a specific build type: selecting 'RelWithDebInfo'.[0m
[0.213s] -- Found ament_cmake: 1.3.11 (/opt/ros/humble/share/ament_cmake/cmake)
[0.320s] -- Found Python3: /usr/bin/python3 (found version "3.10.12") found components: Interpreter 
[0.378s] -- Found rclcpp: 16.0.12 (/opt/ros/humble/share/rclcpp/cmake)
[0.406s] -- Found rosidl_generator_c: 3.1.6 (/opt/ros/humble/share/rosidl_generator_c/cmake)
[0.410s] -- Found rosidl_adapter: 3.1.6 (/opt/ros/humble/share/rosidl_adapter/cmake)
[0.415s] -- Found rosidl_generator_cpp: 3.1.6 (/opt/ros/humble/share/rosidl_generator_cpp/cmake)
[0.423s] -- Using all available rosidl_typesupport_c: rosidl_typesupport_fastrtps_c;rosidl_typesupport_introspection_c
[0.433s] -- Using all available rosidl_typesupport_cpp: rosidl_typesupport_fastrtps_cpp;rosidl_typesupport_introspection_cpp
[0.460s] -- Found rmw_implementation_cmake: 6.1.2 (/opt/ros/humble/share/rmw_implementation_cmake/cmake)
[0.461s] -- Found rmw_fastrtps_cpp: 6.2.7 (/opt/ros/humble/share/rmw_fastrtps_cpp/cmake)
[0.530s] -- Found OpenSSL: /usr/lib/x86_64-linux-gnu/libcrypto.so (found version "3.0.2")  
[0.547s] -- Found FastRTPS: /opt/ros/humble/include  
[0.576s] -- Using RMW implementation 'rmw_fastrtps_cpp' as default
[0.582s] -- Looking for pthread.h
[0.640s] -- Looking for pthread.h - found
[0.640s] -- Performing Test CMAKE_HAVE_LIBC_PTHREAD
[0.693s] -- Performing Test CMAKE_HAVE_LIBC_PTHREAD - Success
[0.693s] -- Found Threads: TRUE  
[0.721s] -- Found ur_robot_driver: 2.8.1 (/home/ariel/ur5e_ws/src/install/ur_robot_driver/share/ur_robot_driver/cmake)
[0.852s] -- Found eigen3_cmake_module: 0.1.1 (/opt/ros/humble/share/eigen3_cmake_module/cmake)
[0.853s] -- Found Eigen3: TRUE (found version "3.4.0") 
[0.853s] -- Ensuring Eigen3 include directory is part of orocos-kdl CMake target
[0.909s] -- Found yaml_cpp_vendor: 8.0.2 (/opt/ros/humble/share/yaml_cpp_vendor/cmake)
[0.938s] -- Found ament_cmake_gmock: 1.3.11 (/opt/ros/humble/share/ament_cmake_gmock/cmake)
[0.940s] -- Found gmock sources under '/opt/ros/humble/src/gmock_vendor': C++ tests using 'Google Mock' will be built
[0.943s] -- Found ament_cmake_gtest: 1.3.11 (/opt/ros/humble/share/ament_cmake_gtest/cmake)
[0.944s] -- Found gtest sources under '/opt/ros/humble/src/gtest_vendor': C++ tests using 'Google Test' will be built
[1.019s] -- Configuring done
[1.060s] -- Generating done
[1.067s] -- Build files have been written to: /home/ariel/ur5e_ws/src/build/ur_calibration
[1.076s] Invoked command in '/home/ariel/ur5e_ws/src/build/ur_calibration' returned '0': AMENT_PREFIX_PATH=/home/ariel/ur5e_ws/src/install/ur_robot_driver:/home/ariel/ur5e_ws/src/install/ur_controllers:/home/ariel/ur5e_ws/src/install/ur_description:/home/ariel/ur5e_ws/src/install/ur_dashboard_msgs:${AMENT_PREFIX_PATH} CMAKE_PREFIX_PATH=/home/ariel/ur5e_ws/src/install/ur_robot_driver:/home/ariel/ur5e_ws/src/install/ur_controllers:/home/ariel/ur5e_ws/src/install/ur_description:/home/ariel/ur5e_ws/src/install/ur_dashboard_msgs:/home/ariel/ur5e_ws/install/ur_simulation_gazebo:/home/ariel/ur5e_ws/install/ur:/home/ariel/ur5e_ws/install/ur_calibration:/home/ariel/ur5e_ws/install/ur_robot_driver:/home/ariel/ur5e_ws/install/ur_moveit_config:/home/ariel/ur5e_ws/install/ur_bringup:/home/ariel/ur5e_ws/install/ur_description:/home/ariel/ur5e_ws/install/ur_controllers:/home/ariel/ur5e_ws/install/ur_dashboard_msgs:/opt/ros/humble LD_LIBRARY_PATH=/home/ariel/ur5e_ws/src/install/ur_robot_driver/lib:/home/ariel/ur5e_ws/src/install/ur_controllers/lib:/home/ariel/ur5e_ws/src/install/ur_dashboard_msgs/lib:/home/ariel/ur5e_ws/install/ur_robot_driver/lib:/home/ariel/ur5e_ws/install/ur_controllers/lib:/home/ariel/ur5e_ws/install/ur_dashboard_msgs/lib:/opt/ros/humble/opt/rviz_ogre_vendor/lib:/opt/ros/humble/lib/x86_64-linux-gnu:/opt/ros/humble/lib:/usr/local/cuda-12.2/lib64:/home/ariel/.mujoco/mujoco210/bin:/usr/lib/nvidia:/home/ariel/.mujoco/mujoco210/bin PATH=/home/ariel/ur5e_ws/src/install/ur_robot_driver/bin:${PATH} PYTHONPATH=/home/ariel/ur5e_ws/src/install/ur_robot_driver/local/lib/python3.10/dist-packages:/home/ariel/ur5e_ws/src/install/ur_dashboard_msgs/local/lib/python3.10/dist-packages:${PYTHONPATH} /usr/bin/cmake /home/ariel/ur5e_ws/src/Universal_Robots_ROS2_Driver/ur_calibration -DCMAKE_INSTALL_PREFIX=/home/ariel/ur5e_ws/src/install/ur_calibration
[1.078s] Invoking command in '/home/ariel/ur5e_ws/src/build/ur_calibration': AMENT_PREFIX_PATH=/home/ariel/ur5e_ws/src/install/ur_robot_driver:/home/ariel/ur5e_ws/src/install/ur_controllers:/home/ariel/ur5e_ws/src/install/ur_description:/home/ariel/ur5e_ws/src/install/ur_dashboard_msgs:${AMENT_PREFIX_PATH} CMAKE_PREFIX_PATH=/home/ariel/ur5e_ws/src/install/ur_robot_driver:/home/ariel/ur5e_ws/src/install/ur_controllers:/home/ariel/ur5e_ws/src/install/ur_description:/home/ariel/ur5e_ws/src/install/ur_dashboard_msgs:/home/ariel/ur5e_ws/install/ur_simulation_gazebo:/home/ariel/ur5e_ws/install/ur:/home/ariel/ur5e_ws/install/ur_calibration:/home/ariel/ur5e_ws/install/ur_robot_driver:/home/ariel/ur5e_ws/install/ur_moveit_config:/home/ariel/ur5e_ws/install/ur_bringup:/home/ariel/ur5e_ws/install/ur_description:/home/ariel/ur5e_ws/install/ur_controllers:/home/ariel/ur5e_ws/install/ur_dashboard_msgs:/opt/ros/humble LD_LIBRARY_PATH=/home/ariel/ur5e_ws/src/install/ur_robot_driver/lib:/home/ariel/ur5e_ws/src/install/ur_controllers/lib:/home/ariel/ur5e_ws/src/install/ur_dashboard_msgs/lib:/home/ariel/ur5e_ws/install/ur_robot_driver/lib:/home/ariel/ur5e_ws/install/ur_controllers/lib:/home/ariel/ur5e_ws/install/ur_dashboard_msgs/lib:/opt/ros/humble/opt/rviz_ogre_vendor/lib:/opt/ros/humble/lib/x86_64-linux-gnu:/opt/ros/humble/lib:/usr/local/cuda-12.2/lib64:/home/ariel/.mujoco/mujoco210/bin:/usr/lib/nvidia:/home/ariel/.mujoco/mujoco210/bin PATH=/home/ariel/ur5e_ws/src/install/ur_robot_driver/bin:${PATH} PYTHONPATH=/home/ariel/ur5e_ws/src/install/ur_robot_driver/local/lib/python3.10/dist-packages:/home/ariel/ur5e_ws/src/install/ur_dashboard_msgs/local/lib/python3.10/dist-packages:${PYTHONPATH} /usr/bin/cmake --build /home/ariel/ur5e_ws/src/build/ur_calibration -- -j22 -l22
[1.112s] [ 16%] [32mBuilding CXX object CMakeFiles/calibration.dir/src/calibration.cpp.o[0m
[1.112s] [ 16%] [32mBuilding CXX object gmock/CMakeFiles/gmock.dir/src/gmock-all.cc.o[0m
[1.112s] [ 25%] [32mBuilding CXX object CMakeFiles/calibration.dir/src/calibration_consumer.cpp.o[0m
[1.112s] [ 33%] [32mBuilding CXX object gmock/CMakeFiles/gmock.dir/opt/ros/humble/src/gtest_vendor/src/gtest-all.cc.o[0m
[1.113s] [ 41%] [32mBuilding CXX object gmock/CMakeFiles/gmock_main.dir/src/gmock_main.cc.o[0m
[1.876s] [ 50%] [32m[1mLinking CXX static library libgmock_main.a[0m
[1.911s] [ 50%] Built target gmock_main
[6.555s] [ 58%] [32m[1mLinking CXX static library libgmock.a[0m
[6.583s] [ 66%] [32m[1mLinking CXX static library libcalibration.a[0m
[6.617s] [ 66%] Built target gmock
[6.637s] [ 66%] Built target calibration
[6.652s] [ 75%] [32mBuilding CXX object CMakeFiles/calibration_test.dir/test/calibration_test.cpp.o[0m
[6.654s] [ 83%] [32mBuilding CXX object CMakeFiles/calibration_correction.dir/src/calibration_correction.cpp.o[0m
[10.670s] [ 91%] [32m[1mLinking CXX executable calibration_correction[0m
[10.892s] [ 91%] Built target calibration_correction
[11.519s] [100%] [32m[1mLinking CXX executable calibration_test[0m
[11.732s] [100%] Built target calibration_test
[11.742s] Invoked command in '/home/ariel/ur5e_ws/src/build/ur_calibration' returned '0': AMENT_PREFIX_PATH=/home/ariel/ur5e_ws/src/install/ur_robot_driver:/home/ariel/ur5e_ws/src/install/ur_controllers:/home/ariel/ur5e_ws/src/install/ur_description:/home/ariel/ur5e_ws/src/install/ur_dashboard_msgs:${AMENT_PREFIX_PATH} CMAKE_PREFIX_PATH=/home/ariel/ur5e_ws/src/install/ur_robot_driver:/home/ariel/ur5e_ws/src/install/ur_controllers:/home/ariel/ur5e_ws/src/install/ur_description:/home/ariel/ur5e_ws/src/install/ur_dashboard_msgs:/home/ariel/ur5e_ws/install/ur_simulation_gazebo:/home/ariel/ur5e_ws/install/ur:/home/ariel/ur5e_ws/install/ur_calibration:/home/ariel/ur5e_ws/install/ur_robot_driver:/home/ariel/ur5e_ws/install/ur_moveit_config:/home/ariel/ur5e_ws/install/ur_bringup:/home/ariel/ur5e_ws/install/ur_description:/home/ariel/ur5e_ws/install/ur_controllers:/home/ariel/ur5e_ws/install/ur_dashboard_msgs:/opt/ros/humble LD_LIBRARY_PATH=/home/ariel/ur5e_ws/src/install/ur_robot_driver/lib:/home/ariel/ur5e_ws/src/install/ur_controllers/lib:/home/ariel/ur5e_ws/src/install/ur_dashboard_msgs/lib:/home/ariel/ur5e_ws/install/ur_robot_driver/lib:/home/ariel/ur5e_ws/install/ur_controllers/lib:/home/ariel/ur5e_ws/install/ur_dashboard_msgs/lib:/opt/ros/humble/opt/rviz_ogre_vendor/lib:/opt/ros/humble/lib/x86_64-linux-gnu:/opt/ros/humble/lib:/usr/local/cuda-12.2/lib64:/home/ariel/.mujoco/mujoco210/bin:/usr/lib/nvidia:/home/ariel/.mujoco/mujoco210/bin PATH=/home/ariel/ur5e_ws/src/install/ur_robot_driver/bin:${PATH} PYTHONPATH=/home/ariel/ur5e_ws/src/install/ur_robot_driver/local/lib/python3.10/dist-packages:/home/ariel/ur5e_ws/src/install/ur_dashboard_msgs/local/lib/python3.10/dist-packages:${PYTHONPATH} /usr/bin/cmake --build /home/ariel/ur5e_ws/src/build/ur_calibration -- -j22 -l22
[11.743s] Invoking command in '/home/ariel/ur5e_ws/src/build/ur_calibration': AMENT_PREFIX_PATH=/home/ariel/ur5e_ws/src/install/ur_robot_driver:/home/ariel/ur5e_ws/src/install/ur_controllers:/home/ariel/ur5e_ws/src/install/ur_description:/home/ariel/ur5e_ws/src/install/ur_dashboard_msgs:${AMENT_PREFIX_PATH} CMAKE_PREFIX_PATH=/home/ariel/ur5e_ws/src/install/ur_robot_driver:/home/ariel/ur5e_ws/src/install/ur_controllers:/home/ariel/ur5e_ws/src/install/ur_description:/home/ariel/ur5e_ws/src/install/ur_dashboard_msgs:/home/ariel/ur5e_ws/install/ur_simulation_gazebo:/home/ariel/ur5e_ws/install/ur:/home/ariel/ur5e_ws/install/ur_calibration:/home/ariel/ur5e_ws/install/ur_robot_driver:/home/ariel/ur5e_ws/install/ur_moveit_config:/home/ariel/ur5e_ws/install/ur_bringup:/home/ariel/ur5e_ws/install/ur_description:/home/ariel/ur5e_ws/install/ur_controllers:/home/ariel/ur5e_ws/install/ur_dashboard_msgs:/opt/ros/humble LD_LIBRARY_PATH=/home/ariel/ur5e_ws/src/install/ur_robot_driver/lib:/home/ariel/ur5e_ws/src/install/ur_controllers/lib:/home/ariel/ur5e_ws/src/install/ur_dashboard_msgs/lib:/home/ariel/ur5e_ws/install/ur_robot_driver/lib:/home/ariel/ur5e_ws/install/ur_controllers/lib:/home/ariel/ur5e_ws/install/ur_dashboard_msgs/lib:/opt/ros/humble/opt/rviz_ogre_vendor/lib:/opt/ros/humble/lib/x86_64-linux-gnu:/opt/ros/humble/lib:/usr/local/cuda-12.2/lib64:/home/ariel/.mujoco/mujoco210/bin:/usr/lib/nvidia:/home/ariel/.mujoco/mujoco210/bin PATH=/home/ariel/ur5e_ws/src/install/ur_robot_driver/bin:${PATH} PYTHONPATH=/home/ariel/ur5e_ws/src/install/ur_robot_driver/local/lib/python3.10/dist-packages:/home/ariel/ur5e_ws/src/install/ur_dashboard_msgs/local/lib/python3.10/dist-packages:${PYTHONPATH} /usr/bin/cmake --install /home/ariel/ur5e_ws/src/build/ur_calibration
[11.748s] -- Install configuration: "RelWithDebInfo"
[11.748s] -- Installing: /home/ariel/ur5e_ws/src/install/ur_calibration/lib/ur_calibration/calibration_correction
[11.752s] -- Set runtime path of "/home/ariel/ur5e_ws/src/install/ur_calibration/lib/ur_calibration/calibration_correction" to ""
[11.752s] -- Installing: /home/ariel/ur5e_ws/src/install/ur_calibration/include
[11.752s] -- Installing: /home/ariel/ur5e_ws/src/install/ur_calibration/include/ur_calibration
[11.752s] -- Installing: /home/ariel/ur5e_ws/src/install/ur_calibration/include/ur_calibration/calibration_consumer.hpp
[11.752s] -- Installing: /home/ariel/ur5e_ws/src/install/ur_calibration/include/ur_calibration/calibration.hpp
[11.752s] -- Installing: /home/ariel/ur5e_ws/src/install/ur_calibration/share/ur_calibration/launch
[11.752s] -- Installing: /home/ariel/ur5e_ws/src/install/ur_calibration/share/ur_calibration/launch/calibration_correction.launch.py
[11.752s] -- Installing: /home/ariel/ur5e_ws/src/install/ur_calibration/share/ament_index/resource_index/package_run_dependencies/ur_calibration
[11.752s] -- Installing: /home/ariel/ur5e_ws/src/install/ur_calibration/share/ament_index/resource_index/parent_prefix_path/ur_calibration
[11.752s] -- Installing: /home/ariel/ur5e_ws/src/install/ur_calibration/share/ur_calibration/environment/ament_prefix_path.sh
[11.752s] -- Installing: /home/ariel/ur5e_ws/src/install/ur_calibration/share/ur_calibration/environment/ament_prefix_path.dsv
[11.752s] -- Installing: /home/ariel/ur5e_ws/src/install/ur_calibration/share/ur_calibration/environment/path.sh
[11.752s] -- Installing: /home/ariel/ur5e_ws/src/install/ur_calibration/share/ur_calibration/environment/path.dsv
[11.752s] -- Installing: /home/ariel/ur5e_ws/src/install/ur_calibration/share/ur_calibration/local_setup.bash
[11.752s] -- Installing: /home/ariel/ur5e_ws/src/install/ur_calibration/share/ur_calibration/local_setup.sh
[11.753s] -- Installing: /home/ariel/ur5e_ws/src/install/ur_calibration/share/ur_calibration/local_setup.zsh
[11.753s] -- Installing: /home/ariel/ur5e_ws/src/install/ur_calibration/share/ur_calibration/local_setup.dsv
[11.753s] -- Installing: /home/ariel/ur5e_ws/src/install/ur_calibration/share/ur_calibration/package.dsv
[11.753s] -- Installing: /home/ariel/ur5e_ws/src/install/ur_calibration/share/ament_index/resource_index/packages/ur_calibration
[11.753s] -- Installing: /home/ariel/ur5e_ws/src/install/ur_calibration/share/ur_calibration/cmake/ament_cmake_export_include_directories-extras.cmake
[11.753s] -- Installing: /home/ariel/ur5e_ws/src/install/ur_calibration/share/ur_calibration/cmake/ament_cmake_export_dependencies-extras.cmake
[11.753s] -- Installing: /home/ariel/ur5e_ws/src/install/ur_calibration/share/ur_calibration/cmake/ur_calibrationConfig.cmake
[11.753s] -- Installing: /home/ariel/ur5e_ws/src/install/ur_calibration/share/ur_calibration/cmake/ur_calibrationConfig-version.cmake
[11.753s] -- Installing: /home/ariel/ur5e_ws/src/install/ur_calibration/share/ur_calibration/package.xml
[11.755s] Invoked command in '/home/ariel/ur5e_ws/src/build/ur_calibration' returned '0': AMENT_PREFIX_PATH=/home/ariel/ur5e_ws/src/install/ur_robot_driver:/home/ariel/ur5e_ws/src/install/ur_controllers:/home/ariel/ur5e_ws/src/install/ur_description:/home/ariel/ur5e_ws/src/install/ur_dashboard_msgs:${AMENT_PREFIX_PATH} CMAKE_PREFIX_PATH=/home/ariel/ur5e_ws/src/install/ur_robot_driver:/home/ariel/ur5e_ws/src/install/ur_controllers:/home/ariel/ur5e_ws/src/install/ur_description:/home/ariel/ur5e_ws/src/install/ur_dashboard_msgs:/home/ariel/ur5e_ws/install/ur_simulation_gazebo:/home/ariel/ur5e_ws/install/ur:/home/ariel/ur5e_ws/install/ur_calibration:/home/ariel/ur5e_ws/install/ur_robot_driver:/home/ariel/ur5e_ws/install/ur_moveit_config:/home/ariel/ur5e_ws/install/ur_bringup:/home/ariel/ur5e_ws/install/ur_description:/home/ariel/ur5e_ws/install/ur_controllers:/home/ariel/ur5e_ws/install/ur_dashboard_msgs:/opt/ros/humble LD_LIBRARY_PATH=/home/ariel/ur5e_ws/src/install/ur_robot_driver/lib:/home/ariel/ur5e_ws/src/install/ur_controllers/lib:/home/ariel/ur5e_ws/src/install/ur_dashboard_msgs/lib:/home/ariel/ur5e_ws/install/ur_robot_driver/lib:/home/ariel/ur5e_ws/install/ur_controllers/lib:/home/ariel/ur5e_ws/install/ur_dashboard_msgs/lib:/opt/ros/humble/opt/rviz_ogre_vendor/lib:/opt/ros/humble/lib/x86_64-linux-gnu:/opt/ros/humble/lib:/usr/local/cuda-12.2/lib64:/home/ariel/.mujoco/mujoco210/bin:/usr/lib/nvidia:/home/ariel/.mujoco/mujoco210/bin PATH=/home/ariel/ur5e_ws/src/install/ur_robot_driver/bin:${PATH} PYTHONPATH=/home/ariel/ur5e_ws/src/install/ur_robot_driver/local/lib/python3.10/dist-packages:/home/ariel/ur5e_ws/src/install/ur_dashboard_msgs/local/lib/python3.10/dist-packages:${PYTHONPATH} /usr/bin/cmake --install /home/ariel/ur5e_ws/src/build/ur_calibration
