[0.010s] Invoking command in '/home/ariel/ur5e_ws/build/ur_controllers': CMAKE_PREFIX_PATH=/home/ariel/ur5e_ws/install/ur_dashboard_msgs:/home/ariel/ws_moveit2/install/srdfdom:/home/ariel/ws_moveit2/install/moveit_resources_prbt_support:/home/ariel/ws_moveit2/install/moveit_resources:/home/ariel/ws_moveit2/install/moveit_resources_pr2_description:/home/ariel/ws_moveit2/install/moveit_resources_panda_moveit_config:/home/ariel/ws_moveit2/install/moveit_resources_panda_description:/home/ariel/ws_moveit2/install/moveit_resources_fanuc_moveit_config:/home/ariel/ws_moveit2/install/moveit_resources_fanuc_description:/home/ariel/ws_moveit2/install/moveit_common:/home/ariel/ur5e_ws/install/ur_simulation_gazebo:/home/ariel/ur5e_ws/install/ur:/home/ariel/ur5e_ws/install/ur_calibration:/home/ariel/ur5e_ws/install/ur_robot_driver:/home/ariel/ur5e_ws/install/ur_moveit_config:/home/ariel/ur5e_ws/install/ur_bringup:/home/ariel/ur5e_ws/install/ur5e_moveit_config:/home/ariel/ur5e_ws/install/ur_description:/home/ariel/ur5e_ws/install/ur_controllers:/home/ariel/ur5e_ws/install/ur5e_moveit_controller:/home/ariel/ur5e_ws/install/moveit_control_pkg:/home/ariel/ws_moveit2/install/launch_param_builder:/home/ariel/ur5e_ws/install/controller_pkg_demo:/opt/ros/humble LD_LIBRARY_PATH=/home/ariel/ur5e_ws/install/ur_dashboard_msgs/lib:/home/ariel/ws_moveit2/install/srdfdom/lib:/home/ariel/ur5e_ws/install/ur_robot_driver/lib:/home/ariel/ur5e_ws/install/ur_controllers/lib:/opt/ros/humble/opt/rviz_ogre_vendor/lib:/opt/ros/humble/lib/x86_64-linux-gnu:/opt/ros/humble/lib:/usr/local/cuda-12.2/lib64:/home/ariel/.mujoco/mujoco210/bin:/usr/lib/nvidia:/home/ariel/.mujoco/mujoco210/bin /usr/bin/cmake /home/ariel/ur5e_ws/src/Universal_Robots_ROS2_Driver/ur_controllers -DCMAKE_INSTALL_PREFIX=/home/ariel/ur5e_ws/install/ur_controllers
[0.053s] -- The C compiler identification is GNU 11.4.0
[0.096s] -- The CXX compiler identification is GNU 11.4.0
[0.101s] -- Detecting C compiler ABI info
[0.148s] -- Detecting C compiler ABI info - done
[0.154s] -- Check for working C compiler: /usr/bin/cc - skipped
[0.154s] -- Detecting C compile features
[0.154s] -- Detecting C compile features - done
[0.156s] -- Detecting CXX compiler ABI info
[0.216s] -- Detecting CXX compiler ABI info - done
[0.221s] -- Check for working CXX compiler: /usr/bin/c++ - skipped
[0.221s] -- Detecting CXX compile features
[0.221s] -- Detecting CXX compile features - done
[0.223s] -- Found ament_cmake: 1.3.11 (/opt/ros/humble/share/ament_cmake/cmake)
[0.330s] -- Found Python3: /usr/bin/python3 (found version "3.10.12") found components: Interpreter 
[0.392s] -- Found angles: 1.15.0 (/opt/ros/humble/share/angles/cmake)
[0.403s] -- Found controller_interface: 2.51.0 (/opt/ros/humble/share/controller_interface/cmake)
[0.438s] -- Found rosidl_generator_c: 3.1.6 (/opt/ros/humble/share/rosidl_generator_c/cmake)
[0.442s] -- Found rosidl_adapter: 3.1.6 (/opt/ros/humble/share/rosidl_adapter/cmake)
[0.447s] -- Found rosidl_generator_cpp: 3.1.6 (/opt/ros/humble/share/rosidl_generator_cpp/cmake)
[0.455s] -- Using all available rosidl_typesupport_c: rosidl_typesupport_fastrtps_c;rosidl_typesupport_introspection_c
[0.465s] -- Using all available rosidl_typesupport_cpp: rosidl_typesupport_fastrtps_cpp;rosidl_typesupport_introspection_cpp
[0.606s] -- Found rmw_implementation_cmake: 6.1.2 (/opt/ros/humble/share/rmw_implementation_cmake/cmake)
[0.608s] -- Found rmw_cyclonedds_cpp: 1.3.4 (/opt/ros/humble/share/rmw_cyclonedds_cpp/cmake)
[0.622s] -- Using RMW implementation 'rmw_cyclonedds_cpp' as default
[0.628s] -- Looking for pthread.h
[0.678s] -- Looking for pthread.h - found
[0.679s] -- Performing Test CMAKE_HAVE_LIBC_PTHREAD
[0.734s] -- Performing Test CMAKE_HAVE_LIBC_PTHREAD - Success
[0.735s] -- Found Threads: TRUE  
[0.767s] -- Found joint_trajectory_controller: 2.47.0 (/opt/ros/humble/share/joint_trajectory_controller/cmake)
[0.817s] -- Found std_srvs: 4.9.0 (/opt/ros/humble/share/std_srvs/cmake)
[0.823s] -- Found tf2_geometry_msgs: 0.25.13 (/opt/ros/humble/share/tf2_geometry_msgs/cmake)
[0.829s] -- Found eigen3_cmake_module: 0.1.1 (/opt/ros/humble/share/eigen3_cmake_module/cmake)
[0.830s] -- Found Eigen3: TRUE (found version "3.4.0") 
[0.830s] -- Ensuring Eigen3 include directory is part of orocos-kdl CMake target
[0.866s] -- Found ur_dashboard_msgs: 2.8.1 (/home/ariel/ur5e_ws/install/ur_dashboard_msgs/share/ur_dashboard_msgs/cmake)
[0.877s] -- Found ur_msgs: 2.2.0 (/opt/ros/humble/share/ur_msgs/cmake)
[0.904s] -- Found ament_cmake_gmock: 1.3.11 (/opt/ros/humble/share/ament_cmake_gmock/cmake)
[0.906s] -- Found controller_manager: 2.51.0 (/opt/ros/humble/share/controller_manager/cmake)
[0.922s] -- Found ros2_control_test_assets: 2.51.0 (/opt/ros/humble/share/ros2_control_test_assets/cmake)
[0.924s] -- Found gmock sources under '/opt/ros/humble/src/gmock_vendor': C++ tests using 'Google Mock' will be built
[0.928s] -- Found ament_cmake_gtest: 1.3.11 (/opt/ros/humble/share/ament_cmake_gtest/cmake)
[0.928s] -- Found gtest sources under '/opt/ros/humble/src/gtest_vendor': C++ tests using 'Google Test' will be built
[1.022s] -- Configuring done
[1.069s] -- Generating done
[1.078s] -- Build files have been written to: /home/ariel/ur5e_ws/build/ur_controllers
[1.087s] Invoked command in '/home/ariel/ur5e_ws/build/ur_controllers' returned '0': CMAKE_PREFIX_PATH=/home/ariel/ur5e_ws/install/ur_dashboard_msgs:/home/ariel/ws_moveit2/install/srdfdom:/home/ariel/ws_moveit2/install/moveit_resources_prbt_support:/home/ariel/ws_moveit2/install/moveit_resources:/home/ariel/ws_moveit2/install/moveit_resources_pr2_description:/home/ariel/ws_moveit2/install/moveit_resources_panda_moveit_config:/home/ariel/ws_moveit2/install/moveit_resources_panda_description:/home/ariel/ws_moveit2/install/moveit_resources_fanuc_moveit_config:/home/ariel/ws_moveit2/install/moveit_resources_fanuc_description:/home/ariel/ws_moveit2/install/moveit_common:/home/ariel/ur5e_ws/install/ur_simulation_gazebo:/home/ariel/ur5e_ws/install/ur:/home/ariel/ur5e_ws/install/ur_calibration:/home/ariel/ur5e_ws/install/ur_robot_driver:/home/ariel/ur5e_ws/install/ur_moveit_config:/home/ariel/ur5e_ws/install/ur_bringup:/home/ariel/ur5e_ws/install/ur5e_moveit_config:/home/ariel/ur5e_ws/install/ur_description:/home/ariel/ur5e_ws/install/ur_controllers:/home/ariel/ur5e_ws/install/ur5e_moveit_controller:/home/ariel/ur5e_ws/install/moveit_control_pkg:/home/ariel/ws_moveit2/install/launch_param_builder:/home/ariel/ur5e_ws/install/controller_pkg_demo:/opt/ros/humble LD_LIBRARY_PATH=/home/ariel/ur5e_ws/install/ur_dashboard_msgs/lib:/home/ariel/ws_moveit2/install/srdfdom/lib:/home/ariel/ur5e_ws/install/ur_robot_driver/lib:/home/ariel/ur5e_ws/install/ur_controllers/lib:/opt/ros/humble/opt/rviz_ogre_vendor/lib:/opt/ros/humble/lib/x86_64-linux-gnu:/opt/ros/humble/lib:/usr/local/cuda-12.2/lib64:/home/ariel/.mujoco/mujoco210/bin:/usr/lib/nvidia:/home/ariel/.mujoco/mujoco210/bin /usr/bin/cmake /home/ariel/ur5e_ws/src/Universal_Robots_ROS2_Driver/ur_controllers -DCMAKE_INSTALL_PREFIX=/home/ariel/ur5e_ws/install/ur_controllers
[1.089s] Invoking command in '/home/ariel/ur5e_ws/build/ur_controllers': CMAKE_PREFIX_PATH=/home/ariel/ur5e_ws/install/ur_dashboard_msgs:/home/ariel/ws_moveit2/install/srdfdom:/home/ariel/ws_moveit2/install/moveit_resources_prbt_support:/home/ariel/ws_moveit2/install/moveit_resources:/home/ariel/ws_moveit2/install/moveit_resources_pr2_description:/home/ariel/ws_moveit2/install/moveit_resources_panda_moveit_config:/home/ariel/ws_moveit2/install/moveit_resources_panda_description:/home/ariel/ws_moveit2/install/moveit_resources_fanuc_moveit_config:/home/ariel/ws_moveit2/install/moveit_resources_fanuc_description:/home/ariel/ws_moveit2/install/moveit_common:/home/ariel/ur5e_ws/install/ur_simulation_gazebo:/home/ariel/ur5e_ws/install/ur:/home/ariel/ur5e_ws/install/ur_calibration:/home/ariel/ur5e_ws/install/ur_robot_driver:/home/ariel/ur5e_ws/install/ur_moveit_config:/home/ariel/ur5e_ws/install/ur_bringup:/home/ariel/ur5e_ws/install/ur5e_moveit_config:/home/ariel/ur5e_ws/install/ur_description:/home/ariel/ur5e_ws/install/ur_controllers:/home/ariel/ur5e_ws/install/ur5e_moveit_controller:/home/ariel/ur5e_ws/install/moveit_control_pkg:/home/ariel/ws_moveit2/install/launch_param_builder:/home/ariel/ur5e_ws/install/controller_pkg_demo:/opt/ros/humble LD_LIBRARY_PATH=/home/ariel/ur5e_ws/install/ur_dashboard_msgs/lib:/home/ariel/ws_moveit2/install/srdfdom/lib:/home/ariel/ur5e_ws/install/ur_robot_driver/lib:/home/ariel/ur5e_ws/install/ur_controllers/lib:/opt/ros/humble/opt/rviz_ogre_vendor/lib:/opt/ros/humble/lib/x86_64-linux-gnu:/opt/ros/humble/lib:/usr/local/cuda-12.2/lib64:/home/ariel/.mujoco/mujoco210/bin:/usr/lib/nvidia:/home/ariel/.mujoco/mujoco210/bin /usr/bin/cmake --build /home/ariel/ur5e_ws/build/ur_controllers -- -j22 -l22
[1.124s] [ 11%] [34m[1mRunning `/opt/ros/humble/bin/generate_parameter_library_cpp /home/ariel/ur5e_ws/build/ur_controllers/include/ur_controllers/ur_configuration_controller_parameters.hpp /home/ariel/ur5e_ws/src/Universal_Robots_ROS2_Driver/ur_controllers/src/ur_configuration_controller_parameters.yaml `[0m
[1.124s] [ 11%] [34m[1mRunning `/opt/ros/humble/bin/generate_parameter_library_cpp /home/ariel/ur5e_ws/build/ur_controllers/include/ur_controllers/force_mode_controller_parameters.hpp /home/ariel/ur5e_ws/src/Universal_Robots_ROS2_Driver/ur_controllers/src/force_mode_controller_parameters.yaml `[0m
[1.124s] [ 11%] [34m[1mRunning `/opt/ros/humble/bin/generate_parameter_library_cpp /home/ariel/ur5e_ws/build/ur_controllers/include/ur_controllers/passthrough_trajectory_controller_parameters.hpp /home/ariel/ur5e_ws/src/Universal_Robots_ROS2_Driver/ur_controllers/src/passthrough_trajectory_controller_parameters.yaml `[0m
[1.124s] [ 11%] [34m[1mRunning `/opt/ros/humble/bin/generate_parameter_library_cpp /home/ariel/ur5e_ws/build/ur_controllers/include/ur_controllers/scaled_joint_trajectory_controller_parameters.hpp /home/ariel/ur5e_ws/src/Universal_Robots_ROS2_Driver/ur_controllers/src/scaled_joint_trajectory_controller_parameters.yaml `[0m
[1.124s] [ 14%] [34m[1mRunning `/opt/ros/humble/bin/generate_parameter_library_cpp /home/ariel/ur5e_ws/build/ur_controllers/include/ur_controllers/gpio_controller_parameters.hpp /home/ariel/ur5e_ws/src/Universal_Robots_ROS2_Driver/ur_controllers/src/gpio_controller_parameters.yaml `[0m
[1.126s] [ 17%] [34m[1mRunning `/opt/ros/humble/bin/generate_parameter_library_cpp /home/ariel/ur5e_ws/build/ur_controllers/include/ur_controllers/freedrive_mode_controller_parameters.hpp /home/ariel/ur5e_ws/src/Universal_Robots_ROS2_Driver/ur_controllers/src/freedrive_mode_controller_parameters.yaml `[0m
[1.126s] [ 20%] [32mBuilding CXX object gmock/CMakeFiles/gmock.dir/opt/ros/humble/src/gtest_vendor/src/gtest-all.cc.o[0m
[1.127s] [ 23%] [34m[1mRunning `/opt/ros/humble/bin/generate_parameter_library_cpp /home/ariel/ur5e_ws/build/ur_controllers/include/ur_controllers/tool_contact_controller_parameters.hpp /home/ariel/ur5e_ws/src/Universal_Robots_ROS2_Driver/ur_controllers/src/tool_contact_controller_parameters.yaml `[0m
[1.127s] [ 26%] [32mBuilding CXX object gmock/CMakeFiles/gmock_main.dir/src/gmock_main.cc.o[0m
[1.128s] [ 29%] [34m[1mRunning `/opt/ros/humble/bin/generate_parameter_library_cpp /home/ariel/ur5e_ws/build/ur_controllers/include/ur_controllers/speed_scaling_state_broadcaster_parameters.hpp /home/ariel/ur5e_ws/src/Universal_Robots_ROS2_Driver/ur_controllers/src/speed_scaling_state_broadcaster_parameters.yaml `[0m
[1.129s] [ 32%] [32mBuilding CXX object gmock/CMakeFiles/gmock.dir/src/gmock-all.cc.o[0m
[1.215s] [ 35%] [34m[1mCreating deprecated header file /home/ariel/ur5e_ws/build/ur_controllers/include/scaled_joint_trajectory_controller_parameters.hpp[0m
[1.230s] [ 35%] Built target scaled_joint_trajectory_controller_parameters
[1.231s] [ 38%] [34m[1mCreating deprecated header file /home/ariel/ur5e_ws/build/ur_controllers/include/speed_scaling_state_broadcaster_parameters.hpp[0m
[1.245s] [ 38%] Built target speed_scaling_state_broadcaster_parameters
[1.248s] [ 41%] [34m[1mCreating deprecated header file /home/ariel/ur5e_ws/build/ur_controllers/include/tool_contact_controller_parameters.hpp[0m
[1.255s] [ 44%] [34m[1mCreating deprecated header file /home/ariel/ur5e_ws/build/ur_controllers/include/passthrough_trajectory_controller_parameters.hpp[0m
[1.263s] [ 44%] Built target tool_contact_controller_parameters
[1.271s] [ 44%] Built target passthrough_trajectory_controller_parameters
[1.272s] [ 47%] [34m[1mCreating deprecated header file /home/ariel/ur5e_ws/build/ur_controllers/include/ur_configuration_controller_parameters.hpp[0m
[1.287s] [ 47%] Built target ur_configuration_controller_parameters
[1.293s] [ 50%] [34m[1mCreating deprecated header file /home/ariel/ur5e_ws/build/ur_controllers/include/freedrive_mode_controller_parameters.hpp[0m
[1.295s] [ 52%] [34m[1mCreating deprecated header file /home/ariel/ur5e_ws/build/ur_controllers/include/force_mode_controller_parameters.hpp[0m
[1.296s] [ 55%] [34m[1mCreating deprecated header file /home/ariel/ur5e_ws/build/ur_controllers/include/gpio_controller_parameters.hpp[0m
[1.305s] [ 55%] Built target freedrive_mode_controller_parameters
[1.309s] [ 55%] Built target force_mode_controller_parameters
[1.310s] [ 55%] Built target gpio_controller_parameters
[1.324s] [ 64%] [32mBuilding CXX object CMakeFiles/ur_controllers.dir/src/gpio_controller.cpp.o[0m
[1.324s] [ 64%] [32mBuilding CXX object CMakeFiles/ur_controllers.dir/src/scaled_joint_trajectory_controller.cpp.o[0m
[1.324s] [ 64%] [32mBuilding CXX object CMakeFiles/ur_controllers.dir/src/tool_contact_controller.cpp.o[0m
[1.325s] [ 67%] [32mBuilding CXX object CMakeFiles/ur_controllers.dir/src/force_mode_controller.cpp.o[0m
[1.326s] [ 70%] [32mBuilding CXX object CMakeFiles/ur_controllers.dir/src/speed_scaling_state_broadcaster.cpp.o[0m
[1.326s] [ 73%] [32mBuilding CXX object CMakeFiles/ur_controllers.dir/src/freedrive_mode_controller.cpp.o[0m
[1.326s] [ 79%] [32mBuilding CXX object CMakeFiles/ur_controllers.dir/src/ur_configuration_controller.cpp.o[0m
[1.326s] [ 79%] [32mBuilding CXX object CMakeFiles/ur_controllers.dir/src/passthrough_trajectory_controller.cpp.o[0m
[2.168s] [ 82%] [32m[1mLinking CXX static library libgmock_main.a[0m
[2.200s] [ 82%] Built target gmock_main
[3.359s] [ 85%] [32m[1mLinking CXX static library libgmock.a[0m
[3.411s] [ 85%] Built target gmock
[8.131s] [ 88%] [32m[1mLinking CXX shared library libur_controllers.so[0m
[9.214s] [ 88%] Built target ur_controllers
[9.231s] [ 91%] [32mBuilding CXX object CMakeFiles/test_load_force_mode_controller.dir/test/test_load_force_mode_controller.cpp.o[0m
[9.232s] [ 94%] [32mBuilding CXX object CMakeFiles/test_load_freedrive_mode_controller.dir/test/test_load_freedrive_mode_controller.cpp.o[0m
[12.208s] [ 97%] [32m[1mLinking CXX executable test_load_force_mode_controller[0m
[12.257s] [100%] [32m[1mLinking CXX executable test_load_freedrive_mode_controller[0m
[12.468s] [100%] Built target test_load_force_mode_controller
[12.503s] [100%] Built target test_load_freedrive_mode_controller
[12.511s] Invoked command in '/home/ariel/ur5e_ws/build/ur_controllers' returned '0': CMAKE_PREFIX_PATH=/home/ariel/ur5e_ws/install/ur_dashboard_msgs:/home/ariel/ws_moveit2/install/srdfdom:/home/ariel/ws_moveit2/install/moveit_resources_prbt_support:/home/ariel/ws_moveit2/install/moveit_resources:/home/ariel/ws_moveit2/install/moveit_resources_pr2_description:/home/ariel/ws_moveit2/install/moveit_resources_panda_moveit_config:/home/ariel/ws_moveit2/install/moveit_resources_panda_description:/home/ariel/ws_moveit2/install/moveit_resources_fanuc_moveit_config:/home/ariel/ws_moveit2/install/moveit_resources_fanuc_description:/home/ariel/ws_moveit2/install/moveit_common:/home/ariel/ur5e_ws/install/ur_simulation_gazebo:/home/ariel/ur5e_ws/install/ur:/home/ariel/ur5e_ws/install/ur_calibration:/home/ariel/ur5e_ws/install/ur_robot_driver:/home/ariel/ur5e_ws/install/ur_moveit_config:/home/ariel/ur5e_ws/install/ur_bringup:/home/ariel/ur5e_ws/install/ur5e_moveit_config:/home/ariel/ur5e_ws/install/ur_description:/home/ariel/ur5e_ws/install/ur_controllers:/home/ariel/ur5e_ws/install/ur5e_moveit_controller:/home/ariel/ur5e_ws/install/moveit_control_pkg:/home/ariel/ws_moveit2/install/launch_param_builder:/home/ariel/ur5e_ws/install/controller_pkg_demo:/opt/ros/humble LD_LIBRARY_PATH=/home/ariel/ur5e_ws/install/ur_dashboard_msgs/lib:/home/ariel/ws_moveit2/install/srdfdom/lib:/home/ariel/ur5e_ws/install/ur_robot_driver/lib:/home/ariel/ur5e_ws/install/ur_controllers/lib:/opt/ros/humble/opt/rviz_ogre_vendor/lib:/opt/ros/humble/lib/x86_64-linux-gnu:/opt/ros/humble/lib:/usr/local/cuda-12.2/lib64:/home/ariel/.mujoco/mujoco210/bin:/usr/lib/nvidia:/home/ariel/.mujoco/mujoco210/bin /usr/bin/cmake --build /home/ariel/ur5e_ws/build/ur_controllers -- -j22 -l22
[12.512s] Invoking command in '/home/ariel/ur5e_ws/build/ur_controllers': CMAKE_PREFIX_PATH=/home/ariel/ur5e_ws/install/ur_dashboard_msgs:/home/ariel/ws_moveit2/install/srdfdom:/home/ariel/ws_moveit2/install/moveit_resources_prbt_support:/home/ariel/ws_moveit2/install/moveit_resources:/home/ariel/ws_moveit2/install/moveit_resources_pr2_description:/home/ariel/ws_moveit2/install/moveit_resources_panda_moveit_config:/home/ariel/ws_moveit2/install/moveit_resources_panda_description:/home/ariel/ws_moveit2/install/moveit_resources_fanuc_moveit_config:/home/ariel/ws_moveit2/install/moveit_resources_fanuc_description:/home/ariel/ws_moveit2/install/moveit_common:/home/ariel/ur5e_ws/install/ur_simulation_gazebo:/home/ariel/ur5e_ws/install/ur:/home/ariel/ur5e_ws/install/ur_calibration:/home/ariel/ur5e_ws/install/ur_robot_driver:/home/ariel/ur5e_ws/install/ur_moveit_config:/home/ariel/ur5e_ws/install/ur_bringup:/home/ariel/ur5e_ws/install/ur5e_moveit_config:/home/ariel/ur5e_ws/install/ur_description:/home/ariel/ur5e_ws/install/ur_controllers:/home/ariel/ur5e_ws/install/ur5e_moveit_controller:/home/ariel/ur5e_ws/install/moveit_control_pkg:/home/ariel/ws_moveit2/install/launch_param_builder:/home/ariel/ur5e_ws/install/controller_pkg_demo:/opt/ros/humble LD_LIBRARY_PATH=/home/ariel/ur5e_ws/install/ur_dashboard_msgs/lib:/home/ariel/ws_moveit2/install/srdfdom/lib:/home/ariel/ur5e_ws/install/ur_robot_driver/lib:/home/ariel/ur5e_ws/install/ur_controllers/lib:/opt/ros/humble/opt/rviz_ogre_vendor/lib:/opt/ros/humble/lib/x86_64-linux-gnu:/opt/ros/humble/lib:/usr/local/cuda-12.2/lib64:/home/ariel/.mujoco/mujoco210/bin:/usr/lib/nvidia:/home/ariel/.mujoco/mujoco210/bin /usr/bin/cmake --install /home/ariel/ur5e_ws/build/ur_controllers
[12.517s] -- Install configuration: ""
[12.517s] -- Installing: /home/ariel/ur5e_ws/install/ur_controllers/include/ur_controllers
[12.517s] -- Installing: /home/ariel/ur5e_ws/install/ur_controllers/include/ur_controllers/freedrive_mode_controller_parameters.hpp
[12.517s] -- Installing: /home/ariel/ur5e_ws/install/ur_controllers/include/ur_controllers/tool_contact_controller_parameters.hpp
[12.517s] -- Installing: /home/ariel/ur5e_ws/install/ur_controllers/include/ur_controllers/passthrough_trajectory_controller_parameters.hpp
[12.517s] -- Installing: /home/ariel/ur5e_ws/install/ur_controllers/include/ur_controllers/speed_scaling_state_broadcaster_parameters.hpp
[12.518s] -- Installing: /home/ariel/ur5e_ws/install/ur_controllers/include/ur_controllers/gpio_controller_parameters.hpp
[12.518s] -- Installing: /home/ariel/ur5e_ws/install/ur_controllers/include/ur_controllers/scaled_joint_trajectory_controller_parameters.hpp
[12.518s] -- Installing: /home/ariel/ur5e_ws/install/ur_controllers/include/ur_controllers/force_mode_controller_parameters.hpp
[12.518s] -- Installing: /home/ariel/ur5e_ws/install/ur_controllers/include/ur_controllers/ur_configuration_controller_parameters.hpp
[12.518s] -- Up-to-date: /home/ariel/ur5e_ws/install/ur_controllers/include/ur_controllers
[12.518s] -- Up-to-date: /home/ariel/ur5e_ws/install/ur_controllers/include/ur_controllers/freedrive_mode_controller_parameters.hpp
[12.518s] -- Up-to-date: /home/ariel/ur5e_ws/install/ur_controllers/include/ur_controllers/tool_contact_controller_parameters.hpp
[12.518s] -- Up-to-date: /home/ariel/ur5e_ws/install/ur_controllers/include/ur_controllers/passthrough_trajectory_controller_parameters.hpp
[12.518s] -- Up-to-date: /home/ariel/ur5e_ws/install/ur_controllers/include/ur_controllers/speed_scaling_state_broadcaster_parameters.hpp
[12.518s] -- Up-to-date: /home/ariel/ur5e_ws/install/ur_controllers/include/ur_controllers/gpio_controller_parameters.hpp
[12.518s] -- Up-to-date: /home/ariel/ur5e_ws/install/ur_controllers/include/ur_controllers/scaled_joint_trajectory_controller_parameters.hpp
[12.518s] -- Up-to-date: /home/ariel/ur5e_ws/install/ur_controllers/include/ur_controllers/force_mode_controller_parameters.hpp
[12.518s] -- Up-to-date: /home/ariel/ur5e_ws/install/ur_controllers/include/ur_controllers/ur_configuration_controller_parameters.hpp
[12.518s] -- Up-to-date: /home/ariel/ur5e_ws/install/ur_controllers/include/ur_controllers
[12.518s] -- Up-to-date: /home/ariel/ur5e_ws/install/ur_controllers/include/ur_controllers/freedrive_mode_controller_parameters.hpp
[12.518s] -- Up-to-date: /home/ariel/ur5e_ws/install/ur_controllers/include/ur_controllers/tool_contact_controller_parameters.hpp
[12.518s] -- Up-to-date: /home/ariel/ur5e_ws/install/ur_controllers/include/ur_controllers/passthrough_trajectory_controller_parameters.hpp
[12.518s] -- Up-to-date: /home/ariel/ur5e_ws/install/ur_controllers/include/ur_controllers/speed_scaling_state_broadcaster_parameters.hpp
[12.518s] -- Up-to-date: /home/ariel/ur5e_ws/install/ur_controllers/include/ur_controllers/gpio_controller_parameters.hpp
[12.519s] -- Up-to-date: /home/ariel/ur5e_ws/install/ur_controllers/include/ur_controllers/scaled_joint_trajectory_controller_parameters.hpp
[12.519s] -- Up-to-date: /home/ariel/ur5e_ws/install/ur_controllers/include/ur_controllers/force_mode_controller_parameters.hpp
[12.519s] -- Up-to-date: /home/ariel/ur5e_ws/install/ur_controllers/include/ur_controllers/ur_configuration_controller_parameters.hpp
[12.519s] -- Up-to-date: /home/ariel/ur5e_ws/install/ur_controllers/include/ur_controllers
[12.519s] -- Up-to-date: /home/ariel/ur5e_ws/install/ur_controllers/include/ur_controllers/freedrive_mode_controller_parameters.hpp
[12.519s] -- Up-to-date: /home/ariel/ur5e_ws/install/ur_controllers/include/ur_controllers/tool_contact_controller_parameters.hpp
[12.519s] -- Up-to-date: /home/ariel/ur5e_ws/install/ur_controllers/include/ur_controllers/passthrough_trajectory_controller_parameters.hpp
[12.519s] -- Up-to-date: /home/ariel/ur5e_ws/install/ur_controllers/include/ur_controllers/speed_scaling_state_broadcaster_parameters.hpp
[12.519s] -- Up-to-date: /home/ariel/ur5e_ws/install/ur_controllers/include/ur_controllers/gpio_controller_parameters.hpp
[12.519s] -- Up-to-date: /home/ariel/ur5e_ws/install/ur_controllers/include/ur_controllers/scaled_joint_trajectory_controller_parameters.hpp
[12.519s] -- Up-to-date: /home/ariel/ur5e_ws/install/ur_controllers/include/ur_controllers/force_mode_controller_parameters.hpp
[12.519s] -- Up-to-date: /home/ariel/ur5e_ws/install/ur_controllers/include/ur_controllers/ur_configuration_controller_parameters.hpp
[12.519s] -- Up-to-date: /home/ariel/ur5e_ws/install/ur_controllers/include/ur_controllers
[12.519s] -- Up-to-date: /home/ariel/ur5e_ws/install/ur_controllers/include/ur_controllers/freedrive_mode_controller_parameters.hpp
[12.519s] -- Up-to-date: /home/ariel/ur5e_ws/install/ur_controllers/include/ur_controllers/tool_contact_controller_parameters.hpp
[12.519s] -- Up-to-date: /home/ariel/ur5e_ws/install/ur_controllers/include/ur_controllers/passthrough_trajectory_controller_parameters.hpp
[12.519s] -- Up-to-date: /home/ariel/ur5e_ws/install/ur_controllers/include/ur_controllers/speed_scaling_state_broadcaster_parameters.hpp
[12.519s] -- Up-to-date: /home/ariel/ur5e_ws/install/ur_controllers/include/ur_controllers/gpio_controller_parameters.hpp
[12.519s] -- Up-to-date: /home/ariel/ur5e_ws/install/ur_controllers/include/ur_controllers/scaled_joint_trajectory_controller_parameters.hpp
[12.519s] -- Up-to-date: /home/ariel/ur5e_ws/install/ur_controllers/include/ur_controllers/force_mode_controller_parameters.hpp
[12.519s] -- Up-to-date: /home/ariel/ur5e_ws/install/ur_controllers/include/ur_controllers/ur_configuration_controller_parameters.hpp
[12.519s] -- Up-to-date: /home/ariel/ur5e_ws/install/ur_controllers/include/ur_controllers
[12.519s] -- Up-to-date: /home/ariel/ur5e_ws/install/ur_controllers/include/ur_controllers/freedrive_mode_controller_parameters.hpp
[12.519s] -- Up-to-date: /home/ariel/ur5e_ws/install/ur_controllers/include/ur_controllers/tool_contact_controller_parameters.hpp
[12.519s] -- Up-to-date: /home/ariel/ur5e_ws/install/ur_controllers/include/ur_controllers/passthrough_trajectory_controller_parameters.hpp
[12.519s] -- Up-to-date: /home/ariel/ur5e_ws/install/ur_controllers/include/ur_controllers/speed_scaling_state_broadcaster_parameters.hpp
[12.519s] -- Up-to-date: /home/ariel/ur5e_ws/install/ur_controllers/include/ur_controllers/gpio_controller_parameters.hpp
[12.519s] -- Up-to-date: /home/ariel/ur5e_ws/install/ur_controllers/include/ur_controllers/scaled_joint_trajectory_controller_parameters.hpp
[12.519s] -- Up-to-date: /home/ariel/ur5e_ws/install/ur_controllers/include/ur_controllers/force_mode_controller_parameters.hpp
[12.519s] -- Up-to-date: /home/ariel/ur5e_ws/install/ur_controllers/include/ur_controllers/ur_configuration_controller_parameters.hpp
[12.519s] -- Up-to-date: /home/ariel/ur5e_ws/install/ur_controllers/include/ur_controllers
[12.519s] -- Up-to-date: /home/ariel/ur5e_ws/install/ur_controllers/include/ur_controllers/freedrive_mode_controller_parameters.hpp
[12.519s] -- Up-to-date: /home/ariel/ur5e_ws/install/ur_controllers/include/ur_controllers/tool_contact_controller_parameters.hpp
[12.519s] -- Up-to-date: /home/ariel/ur5e_ws/install/ur_controllers/include/ur_controllers/passthrough_trajectory_controller_parameters.hpp
[12.520s] -- Up-to-date: /home/ariel/ur5e_ws/install/ur_controllers/include/ur_controllers/speed_scaling_state_broadcaster_parameters.hpp
[12.520s] -- Up-to-date: /home/ariel/ur5e_ws/install/ur_controllers/include/ur_controllers/gpio_controller_parameters.hpp
[12.520s] -- Up-to-date: /home/ariel/ur5e_ws/install/ur_controllers/include/ur_controllers/scaled_joint_trajectory_controller_parameters.hpp
[12.520s] -- Up-to-date: /home/ariel/ur5e_ws/install/ur_controllers/include/ur_controllers/force_mode_controller_parameters.hpp
[12.520s] -- Up-to-date: /home/ariel/ur5e_ws/install/ur_controllers/include/ur_controllers/ur_configuration_controller_parameters.hpp
[12.520s] -- Up-to-date: /home/ariel/ur5e_ws/install/ur_controllers/include/ur_controllers
[12.520s] -- Up-to-date: /home/ariel/ur5e_ws/install/ur_controllers/include/ur_controllers/freedrive_mode_controller_parameters.hpp
[12.520s] -- Up-to-date: /home/ariel/ur5e_ws/install/ur_controllers/include/ur_controllers/tool_contact_controller_parameters.hpp
[12.520s] -- Up-to-date: /home/ariel/ur5e_ws/install/ur_controllers/include/ur_controllers/passthrough_trajectory_controller_parameters.hpp
[12.520s] -- Up-to-date: /home/ariel/ur5e_ws/install/ur_controllers/include/ur_controllers/speed_scaling_state_broadcaster_parameters.hpp
[12.520s] -- Up-to-date: /home/ariel/ur5e_ws/install/ur_controllers/include/ur_controllers/gpio_controller_parameters.hpp
[12.520s] -- Up-to-date: /home/ariel/ur5e_ws/install/ur_controllers/include/ur_controllers/scaled_joint_trajectory_controller_parameters.hpp
[12.520s] -- Up-to-date: /home/ariel/ur5e_ws/install/ur_controllers/include/ur_controllers/force_mode_controller_parameters.hpp
[12.520s] -- Up-to-date: /home/ariel/ur5e_ws/install/ur_controllers/include/ur_controllers/ur_configuration_controller_parameters.hpp
[12.520s] -- Installing: /home/ariel/ur5e_ws/install/ur_controllers/share/ur_controllers/controller_plugins.xml
[12.520s] -- Installing: /home/ariel/ur5e_ws/install/ur_controllers/lib/libur_controllers.so
[12.527s] -- Set runtime path of "/home/ariel/ur5e_ws/install/ur_controllers/lib/libur_controllers.so" to ""
[12.527s] -- Up-to-date: /home/ariel/ur5e_ws/install/ur_controllers/include
[12.528s] -- Up-to-date: /home/ariel/ur5e_ws/install/ur_controllers/include/ur_controllers
[12.528s] -- Installing: /home/ariel/ur5e_ws/install/ur_controllers/include/ur_controllers/speed_scaling_state_broadcaster.hpp
[12.528s] -- Installing: /home/ariel/ur5e_ws/install/ur_controllers/include/ur_controllers/scaled_joint_trajectory_controller.hpp
[12.528s] -- Installing: /home/ariel/ur5e_ws/install/ur_controllers/include/ur_controllers/force_mode_controller.hpp
[12.528s] -- Installing: /home/ariel/ur5e_ws/install/ur_controllers/include/ur_controllers/gpio_controller.hpp
[12.528s] -- Installing: /home/ariel/ur5e_ws/install/ur_controllers/include/ur_controllers/freedrive_mode_controller.hpp
[12.528s] -- Installing: /home/ariel/ur5e_ws/install/ur_controllers/include/ur_controllers/ur_configuration_controller.hpp
[12.528s] -- Installing: /home/ariel/ur5e_ws/install/ur_controllers/include/ur_controllers/tool_contact_controller.hpp
[12.528s] -- Installing: /home/ariel/ur5e_ws/install/ur_controllers/include/ur_controllers/passthrough_trajectory_controller.hpp
[12.528s] -- Up-to-date: /home/ariel/ur5e_ws/install/ur_controllers/share/ur_controllers/controller_plugins.xml
[12.528s] -- Installing: /home/ariel/ur5e_ws/install/ur_controllers/share/ur_controllers/environment/library_path.sh
[12.528s] -- Installing: /home/ariel/ur5e_ws/install/ur_controllers/share/ur_controllers/environment/library_path.dsv
[12.528s] -- Installing: /home/ariel/ur5e_ws/install/ur_controllers/share/ament_index/resource_index/package_run_dependencies/ur_controllers
[12.528s] -- Installing: /home/ariel/ur5e_ws/install/ur_controllers/share/ament_index/resource_index/parent_prefix_path/ur_controllers
[12.528s] -- Installing: /home/ariel/ur5e_ws/install/ur_controllers/share/ur_controllers/environment/ament_prefix_path.sh
[12.528s] -- Installing: /home/ariel/ur5e_ws/install/ur_controllers/share/ur_controllers/environment/ament_prefix_path.dsv
[12.528s] -- Installing: /home/ariel/ur5e_ws/install/ur_controllers/share/ur_controllers/environment/path.sh
[12.528s] -- Installing: /home/ariel/ur5e_ws/install/ur_controllers/share/ur_controllers/environment/path.dsv
[12.528s] -- Installing: /home/ariel/ur5e_ws/install/ur_controllers/share/ur_controllers/local_setup.bash
[12.528s] -- Installing: /home/ariel/ur5e_ws/install/ur_controllers/share/ur_controllers/local_setup.sh
[12.528s] -- Installing: /home/ariel/ur5e_ws/install/ur_controllers/share/ur_controllers/local_setup.zsh
[12.528s] -- Installing: /home/ariel/ur5e_ws/install/ur_controllers/share/ur_controllers/local_setup.dsv
[12.528s] -- Installing: /home/ariel/ur5e_ws/install/ur_controllers/share/ur_controllers/package.dsv
[12.528s] -- Installing: /home/ariel/ur5e_ws/install/ur_controllers/share/ament_index/resource_index/packages/ur_controllers
[12.528s] -- Installing: /home/ariel/ur5e_ws/install/ur_controllers/share/ament_index/resource_index/controller_interface__pluginlib__plugin/ur_controllers
[12.529s] -- Installing: /home/ariel/ur5e_ws/install/ur_controllers/share/ur_controllers/cmake/ament_cmake_export_dependencies-extras.cmake
[12.529s] -- Installing: /home/ariel/ur5e_ws/install/ur_controllers/share/ur_controllers/cmake/ament_cmake_export_include_directories-extras.cmake
[12.529s] -- Installing: /home/ariel/ur5e_ws/install/ur_controllers/share/ur_controllers/cmake/ament_cmake_export_libraries-extras.cmake
[12.529s] -- Installing: /home/ariel/ur5e_ws/install/ur_controllers/share/ur_controllers/cmake/ur_controllersConfig.cmake
[12.529s] -- Installing: /home/ariel/ur5e_ws/install/ur_controllers/share/ur_controllers/cmake/ur_controllersConfig-version.cmake
[12.529s] -- Installing: /home/ariel/ur5e_ws/install/ur_controllers/share/ur_controllers/package.xml
[12.531s] Invoked command in '/home/ariel/ur5e_ws/build/ur_controllers' returned '0': CMAKE_PREFIX_PATH=/home/ariel/ur5e_ws/install/ur_dashboard_msgs:/home/ariel/ws_moveit2/install/srdfdom:/home/ariel/ws_moveit2/install/moveit_resources_prbt_support:/home/ariel/ws_moveit2/install/moveit_resources:/home/ariel/ws_moveit2/install/moveit_resources_pr2_description:/home/ariel/ws_moveit2/install/moveit_resources_panda_moveit_config:/home/ariel/ws_moveit2/install/moveit_resources_panda_description:/home/ariel/ws_moveit2/install/moveit_resources_fanuc_moveit_config:/home/ariel/ws_moveit2/install/moveit_resources_fanuc_description:/home/ariel/ws_moveit2/install/moveit_common:/home/ariel/ur5e_ws/install/ur_simulation_gazebo:/home/ariel/ur5e_ws/install/ur:/home/ariel/ur5e_ws/install/ur_calibration:/home/ariel/ur5e_ws/install/ur_robot_driver:/home/ariel/ur5e_ws/install/ur_moveit_config:/home/ariel/ur5e_ws/install/ur_bringup:/home/ariel/ur5e_ws/install/ur5e_moveit_config:/home/ariel/ur5e_ws/install/ur_description:/home/ariel/ur5e_ws/install/ur_controllers:/home/ariel/ur5e_ws/install/ur5e_moveit_controller:/home/ariel/ur5e_ws/install/moveit_control_pkg:/home/ariel/ws_moveit2/install/launch_param_builder:/home/ariel/ur5e_ws/install/controller_pkg_demo:/opt/ros/humble LD_LIBRARY_PATH=/home/ariel/ur5e_ws/install/ur_dashboard_msgs/lib:/home/ariel/ws_moveit2/install/srdfdom/lib:/home/ariel/ur5e_ws/install/ur_robot_driver/lib:/home/ariel/ur5e_ws/install/ur_controllers/lib:/opt/ros/humble/opt/rviz_ogre_vendor/lib:/opt/ros/humble/lib/x86_64-linux-gnu:/opt/ros/humble/lib:/usr/local/cuda-12.2/lib64:/home/ariel/.mujoco/mujoco210/bin:/usr/lib/nvidia:/home/ariel/.mujoco/mujoco210/bin /usr/bin/cmake --install /home/ariel/ur5e_ws/build/ur_controllers
