[0.005s] Invoking command in '/home/ariel/ur5e_ws/src/build/ur_moveit_config': AMENT_PREFIX_PATH=/home/ariel/ur5e_ws/src/install/ur_description:${AMENT_PREFIX_PATH} CMAKE_PREFIX_PATH=/home/ariel/ur5e_ws/src/install/ur_description:/home/ariel/ur5e_ws/install/ur_simulation_gazebo:/home/ariel/ur5e_ws/install/ur:/home/ariel/ur5e_ws/install/ur_calibration:/home/ariel/ur5e_ws/install/ur_robot_driver:/home/ariel/ur5e_ws/install/ur_moveit_config:/home/ariel/ur5e_ws/install/ur_bringup:/home/ariel/ur5e_ws/install/ur_description:/home/ariel/ur5e_ws/install/ur_controllers:/home/ariel/ur5e_ws/install/ur_dashboard_msgs:/opt/ros/humble /usr/bin/cmake /home/ariel/ur5e_ws/src/Universal_Robots_ROS2_Driver/ur_moveit_config -DCMAKE_INSTALL_PREFIX=/home/ariel/ur5e_ws/src/install/ur_moveit_config
[0.053s] -- The C compiler identification is GNU 11.4.0
[0.099s] -- The CXX compiler identification is GNU 11.4.0
[0.104s] -- Detecting C compiler ABI info
[0.161s] -- Detecting C compiler ABI info - done
[0.165s] -- Check for working C compiler: /usr/bin/cc - skipped
[0.165s] -- Detecting C compile features
[0.165s] -- Detecting C compile features - done
[0.167s] -- Detecting CXX compiler ABI info
[0.231s] -- Detecting CXX compiler ABI info - done
[0.235s] -- Check for working CXX compiler: /usr/bin/c++ - skipped
[0.235s] -- Detecting CXX compile features
[0.235s] -- Detecting CXX compile features - done
[0.236s] -- Found ament_cmake: 1.3.11 (/opt/ros/humble/share/ament_cmake/cmake)
[0.344s] -- Found Python3: /usr/bin/python3 (found version "3.10.12") found components: Interpreter 
[0.559s] -- Configuring done
[0.561s] -- Generating done
[0.563s] -- Build files have been written to: /home/ariel/ur5e_ws/src/build/ur_moveit_config
[0.566s] Invoked command in '/home/ariel/ur5e_ws/src/build/ur_moveit_config' returned '0': AMENT_PREFIX_PATH=/home/ariel/ur5e_ws/src/install/ur_description:${AMENT_PREFIX_PATH} CMAKE_PREFIX_PATH=/home/ariel/ur5e_ws/src/install/ur_description:/home/ariel/ur5e_ws/install/ur_simulation_gazebo:/home/ariel/ur5e_ws/install/ur:/home/ariel/ur5e_ws/install/ur_calibration:/home/ariel/ur5e_ws/install/ur_robot_driver:/home/ariel/ur5e_ws/install/ur_moveit_config:/home/ariel/ur5e_ws/install/ur_bringup:/home/ariel/ur5e_ws/install/ur_description:/home/ariel/ur5e_ws/install/ur_controllers:/home/ariel/ur5e_ws/install/ur_dashboard_msgs:/opt/ros/humble /usr/bin/cmake /home/ariel/ur5e_ws/src/Universal_Robots_ROS2_Driver/ur_moveit_config -DCMAKE_INSTALL_PREFIX=/home/ariel/ur5e_ws/src/install/ur_moveit_config
[0.567s] Invoking command in '/home/ariel/ur5e_ws/src/build/ur_moveit_config': AMENT_PREFIX_PATH=/home/ariel/ur5e_ws/src/install/ur_description:${AMENT_PREFIX_PATH} CMAKE_PREFIX_PATH=/home/ariel/ur5e_ws/src/install/ur_description:/home/ariel/ur5e_ws/install/ur_simulation_gazebo:/home/ariel/ur5e_ws/install/ur:/home/ariel/ur5e_ws/install/ur_calibration:/home/ariel/ur5e_ws/install/ur_robot_driver:/home/ariel/ur5e_ws/install/ur_moveit_config:/home/ariel/ur5e_ws/install/ur_bringup:/home/ariel/ur5e_ws/install/ur_description:/home/ariel/ur5e_ws/install/ur_controllers:/home/ariel/ur5e_ws/install/ur_dashboard_msgs:/opt/ros/humble /usr/bin/cmake --build /home/ariel/ur5e_ws/src/build/ur_moveit_config -- -j22 -l22
[0.609s] Built target ament_cmake_python_copy_ur_moveit_config
[0.813s] running egg_info
[0.813s] creating ur_moveit_config.egg-info
[0.813s] writing ur_moveit_config.egg-info/PKG-INFO
[0.813s] writing dependency_links to ur_moveit_config.egg-info/dependency_links.txt
[0.814s] writing top-level names to ur_moveit_config.egg-info/top_level.txt
[0.814s] writing manifest file 'ur_moveit_config.egg-info/SOURCES.txt'
[0.815s] reading manifest file 'ur_moveit_config.egg-info/SOURCES.txt'
[0.815s] writing manifest file 'ur_moveit_config.egg-info/SOURCES.txt'
[0.835s] Built target ament_cmake_python_build_ur_moveit_config_egg
[0.843s] Invoked command in '/home/ariel/ur5e_ws/src/build/ur_moveit_config' returned '0': AMENT_PREFIX_PATH=/home/ariel/ur5e_ws/src/install/ur_description:${AMENT_PREFIX_PATH} CMAKE_PREFIX_PATH=/home/ariel/ur5e_ws/src/install/ur_description:/home/ariel/ur5e_ws/install/ur_simulation_gazebo:/home/ariel/ur5e_ws/install/ur:/home/ariel/ur5e_ws/install/ur_calibration:/home/ariel/ur5e_ws/install/ur_robot_driver:/home/ariel/ur5e_ws/install/ur_moveit_config:/home/ariel/ur5e_ws/install/ur_bringup:/home/ariel/ur5e_ws/install/ur_description:/home/ariel/ur5e_ws/install/ur_controllers:/home/ariel/ur5e_ws/install/ur_dashboard_msgs:/opt/ros/humble /usr/bin/cmake --build /home/ariel/ur5e_ws/src/build/ur_moveit_config -- -j22 -l22
[0.845s] Invoking command in '/home/ariel/ur5e_ws/src/build/ur_moveit_config': AMENT_PREFIX_PATH=/home/ariel/ur5e_ws/src/install/ur_description:${AMENT_PREFIX_PATH} CMAKE_PREFIX_PATH=/home/ariel/ur5e_ws/src/install/ur_description:/home/ariel/ur5e_ws/install/ur_simulation_gazebo:/home/ariel/ur5e_ws/install/ur:/home/ariel/ur5e_ws/install/ur_calibration:/home/ariel/ur5e_ws/install/ur_robot_driver:/home/ariel/ur5e_ws/install/ur_moveit_config:/home/ariel/ur5e_ws/install/ur_bringup:/home/ariel/ur5e_ws/install/ur_description:/home/ariel/ur5e_ws/install/ur_controllers:/home/ariel/ur5e_ws/install/ur_dashboard_msgs:/opt/ros/humble /usr/bin/cmake --install /home/ariel/ur5e_ws/src/build/ur_moveit_config
[0.852s] -- Install configuration: ""
[0.853s] -- Installing: /home/ariel/ur5e_ws/src/install/ur_moveit_config/share/ur_moveit_config/config
[0.853s] -- Installing: /home/ariel/ur5e_ws/src/install/ur_moveit_config/share/ur_moveit_config/config/controllers.yaml
[0.853s] -- Installing: /home/ariel/ur5e_ws/src/install/ur_moveit_config/share/ur_moveit_config/config/ompl_planning.yaml
[0.853s] -- Installing: /home/ariel/ur5e_ws/src/install/ur_moveit_config/share/ur_moveit_config/config/ur_servo.yaml
[0.853s] -- Installing: /home/ariel/ur5e_ws/src/install/ur_moveit_config/share/ur_moveit_config/config/joint_limits.yaml
[0.853s] -- Installing: /home/ariel/ur5e_ws/src/install/ur_moveit_config/share/ur_moveit_config/config/kinematics.yaml
[0.853s] -- Installing: /home/ariel/ur5e_ws/src/install/ur_moveit_config/share/ur_moveit_config/launch
[0.853s] -- Installing: /home/ariel/ur5e_ws/src/install/ur_moveit_config/share/ur_moveit_config/launch/ur_moveit.launch.py
[0.853s] -- Installing: /home/ariel/ur5e_ws/src/install/ur_moveit_config/share/ur_moveit_config/rviz
[0.853s] -- Installing: /home/ariel/ur5e_ws/src/install/ur_moveit_config/share/ur_moveit_config/rviz/view_robot.rviz
[0.853s] -- Installing: /home/ariel/ur5e_ws/src/install/ur_moveit_config/share/ur_moveit_config/srdf
[0.853s] -- Installing: /home/ariel/ur5e_ws/src/install/ur_moveit_config/share/ur_moveit_config/srdf/ur_macro.srdf.xacro
[0.854s] -- Installing: /home/ariel/ur5e_ws/src/install/ur_moveit_config/share/ur_moveit_config/srdf/ur.srdf.xacro
[0.854s] -- Installing: /home/ariel/ur5e_ws/src/install/ur_moveit_config/share/ur_moveit_config/environment/pythonpath.sh
[0.854s] -- Installing: /home/ariel/ur5e_ws/src/install/ur_moveit_config/share/ur_moveit_config/environment/pythonpath.dsv
[0.854s] -- Installing: /home/ariel/ur5e_ws/src/install/ur_moveit_config/local/lib/python3.10/dist-packages/ur_moveit_config-2.8.1-py3.10.egg-info
[0.854s] -- Installing: /home/ariel/ur5e_ws/src/install/ur_moveit_config/local/lib/python3.10/dist-packages/ur_moveit_config-2.8.1-py3.10.egg-info/SOURCES.txt
[0.854s] -- Installing: /home/ariel/ur5e_ws/src/install/ur_moveit_config/local/lib/python3.10/dist-packages/ur_moveit_config-2.8.1-py3.10.egg-info/dependency_links.txt
[0.854s] -- Installing: /home/ariel/ur5e_ws/src/install/ur_moveit_config/local/lib/python3.10/dist-packages/ur_moveit_config-2.8.1-py3.10.egg-info/PKG-INFO
[0.854s] -- Installing: /home/ariel/ur5e_ws/src/install/ur_moveit_config/local/lib/python3.10/dist-packages/ur_moveit_config-2.8.1-py3.10.egg-info/top_level.txt
[0.854s] -- Installing: /home/ariel/ur5e_ws/src/install/ur_moveit_config/local/lib/python3.10/dist-packages/ur_moveit_config
[0.854s] -- Installing: /home/ariel/ur5e_ws/src/install/ur_moveit_config/local/lib/python3.10/dist-packages/ur_moveit_config/__init__.py
[0.854s] -- Installing: /home/ariel/ur5e_ws/src/install/ur_moveit_config/local/lib/python3.10/dist-packages/ur_moveit_config/launch_common.py
[0.876s] Listing '/home/ariel/ur5e_ws/src/install/ur_moveit_config/local/lib/python3.10/dist-packages/ur_moveit_config'...
[0.876s] Compiling '/home/ariel/ur5e_ws/src/install/ur_moveit_config/local/lib/python3.10/dist-packages/ur_moveit_config/__init__.py'...
[0.876s] Compiling '/home/ariel/ur5e_ws/src/install/ur_moveit_config/local/lib/python3.10/dist-packages/ur_moveit_config/launch_common.py'...
[0.879s] -- Installing: /home/ariel/ur5e_ws/src/install/ur_moveit_config/local/lib/python3.10/dist-packages/launch_common.py
[0.900s] Compiling '/home/ariel/ur5e_ws/src/install/ur_moveit_config/local/lib/python3.10/dist-packages/launch_common.py'...
[0.903s] -- Installing: /home/ariel/ur5e_ws/src/install/ur_moveit_config/share/ament_index/resource_index/package_run_dependencies/ur_moveit_config
[0.904s] -- Installing: /home/ariel/ur5e_ws/src/install/ur_moveit_config/share/ament_index/resource_index/parent_prefix_path/ur_moveit_config
[0.904s] -- Installing: /home/ariel/ur5e_ws/src/install/ur_moveit_config/share/ur_moveit_config/environment/ament_prefix_path.sh
[0.904s] -- Installing: /home/ariel/ur5e_ws/src/install/ur_moveit_config/share/ur_moveit_config/environment/ament_prefix_path.dsv
[0.904s] -- Installing: /home/ariel/ur5e_ws/src/install/ur_moveit_config/share/ur_moveit_config/environment/path.sh
[0.904s] -- Installing: /home/ariel/ur5e_ws/src/install/ur_moveit_config/share/ur_moveit_config/environment/path.dsv
[0.904s] -- Installing: /home/ariel/ur5e_ws/src/install/ur_moveit_config/share/ur_moveit_config/local_setup.bash
[0.904s] -- Installing: /home/ariel/ur5e_ws/src/install/ur_moveit_config/share/ur_moveit_config/local_setup.sh
[0.904s] -- Installing: /home/ariel/ur5e_ws/src/install/ur_moveit_config/share/ur_moveit_config/local_setup.zsh
[0.904s] -- Installing: /home/ariel/ur5e_ws/src/install/ur_moveit_config/share/ur_moveit_config/local_setup.dsv
[0.904s] -- Installing: /home/ariel/ur5e_ws/src/install/ur_moveit_config/share/ur_moveit_config/package.dsv
[0.905s] -- Installing: /home/ariel/ur5e_ws/src/install/ur_moveit_config/share/ament_index/resource_index/packages/ur_moveit_config
[0.905s] -- Installing: /home/ariel/ur5e_ws/src/install/ur_moveit_config/share/ur_moveit_config/cmake/ur_moveit_configConfig.cmake
[0.905s] -- Installing: /home/ariel/ur5e_ws/src/install/ur_moveit_config/share/ur_moveit_config/cmake/ur_moveit_configConfig-version.cmake
[0.905s] -- Installing: /home/ariel/ur5e_ws/src/install/ur_moveit_config/share/ur_moveit_config/package.xml
[0.907s] Invoked command in '/home/ariel/ur5e_ws/src/build/ur_moveit_config' returned '0': AMENT_PREFIX_PATH=/home/ariel/ur5e_ws/src/install/ur_description:${AMENT_PREFIX_PATH} CMAKE_PREFIX_PATH=/home/ariel/ur5e_ws/src/install/ur_description:/home/ariel/ur5e_ws/install/ur_simulation_gazebo:/home/ariel/ur5e_ws/install/ur:/home/ariel/ur5e_ws/install/ur_calibration:/home/ariel/ur5e_ws/install/ur_robot_driver:/home/ariel/ur5e_ws/install/ur_moveit_config:/home/ariel/ur5e_ws/install/ur_bringup:/home/ariel/ur5e_ws/install/ur_description:/home/ariel/ur5e_ws/install/ur_controllers:/home/ariel/ur5e_ws/install/ur_dashboard_msgs:/opt/ros/humble /usr/bin/cmake --install /home/ariel/ur5e_ws/src/build/ur_moveit_config
