[0.015s] Invoking command in '/home/ariel/ur5e_ws/build/ur_calibration': CMAKE_PREFIX_PATH=/home/ariel/ur5e_ws/install/ur_robot_driver:/home/ariel/ur5e_ws/install/ur_controllers:/home/ariel/ur5e_ws/install/ur_description:/home/ariel/ur5e_ws/install/ur_dashboard_msgs:/home/ariel/ws_moveit2/install/srdfdom:/home/ariel/ws_moveit2/install/moveit_resources_prbt_support:/home/ariel/ws_moveit2/install/moveit_resources:/home/ariel/ws_moveit2/install/moveit_resources_pr2_description:/home/ariel/ws_moveit2/install/moveit_resources_panda_moveit_config:/home/ariel/ws_moveit2/install/moveit_resources_panda_description:/home/ariel/ws_moveit2/install/moveit_resources_fanuc_moveit_config:/home/ariel/ws_moveit2/install/moveit_resources_fanuc_description:/home/ariel/ws_moveit2/install/moveit_common:/home/ariel/ur5e_ws/install/ur_simulation_gazebo:/home/ariel/ur5e_ws/install/ur:/home/ariel/ur5e_ws/install/ur_calibration:/home/ariel/ur5e_ws/install/ur_moveit_config:/home/ariel/ur5e_ws/install/ur_bringup:/home/ariel/ur5e_ws/install/ur5e_moveit_config:/home/ariel/ur5e_ws/install/ur5e_moveit_controller:/home/ariel/ur5e_ws/install/moveit_control_pkg:/home/ariel/ws_moveit2/install/launch_param_builder:/home/ariel/ur5e_ws/install/controller_pkg_demo:/opt/ros/humble LD_LIBRARY_PATH=/home/ariel/ur5e_ws/install/ur_robot_driver/lib:/home/ariel/ur5e_ws/install/ur_controllers/lib:/home/ariel/ur5e_ws/install/ur_dashboard_msgs/lib:/home/ariel/ws_moveit2/install/srdfdom/lib:/opt/ros/humble/opt/rviz_ogre_vendor/lib:/opt/ros/humble/lib/x86_64-linux-gnu:/opt/ros/humble/lib:/usr/local/cuda-12.2/lib64:/home/ariel/.mujoco/mujoco210/bin:/usr/lib/nvidia:/home/ariel/.mujoco/mujoco210/bin /usr/bin/cmake /home/ariel/ur5e_ws/src/Universal_Robots_ROS2_Driver/ur_calibration -DCMAKE_INSTALL_PREFIX=/home/ariel/ur5e_ws/install/ur_calibration
[0.054s] -- The C compiler identification is GNU 11.4.0
[0.092s] -- The CXX compiler identification is GNU 11.4.0
[0.096s] -- Detecting C compiler ABI info
[0.154s] -- Detecting C compiler ABI info - done
[0.159s] -- Check for working C compiler: /usr/bin/cc - skipped
[0.159s] -- Detecting C compile features
[0.159s] -- Detecting C compile features - done
[0.161s] -- Detecting CXX compiler ABI info
[0.222s] -- Detecting CXX compiler ABI info - done
[0.226s] -- Check for working CXX compiler: /usr/bin/c++ - skipped
[0.226s] -- Detecting CXX compile features
[0.227s] -- Detecting CXX compile features - done
[0.227s] [0mur_calibration: You did not request a specific build type: selecting 'RelWithDebInfo'.[0m
[0.229s] -- Found ament_cmake: 1.3.11 (/opt/ros/humble/share/ament_cmake/cmake)
[0.332s] -- Found Python3: /usr/bin/python3 (found version "3.10.12") found components: Interpreter 
[0.400s] -- Found rclcpp: 16.0.12 (/opt/ros/humble/share/rclcpp/cmake)
[0.428s] -- Found rosidl_generator_c: 3.1.6 (/opt/ros/humble/share/rosidl_generator_c/cmake)
[0.432s] -- Found rosidl_adapter: 3.1.6 (/opt/ros/humble/share/rosidl_adapter/cmake)
[0.438s] -- Found rosidl_generator_cpp: 3.1.6 (/opt/ros/humble/share/rosidl_generator_cpp/cmake)
[0.447s] -- Using all available rosidl_typesupport_c: rosidl_typesupport_fastrtps_c;rosidl_typesupport_introspection_c
[0.457s] -- Using all available rosidl_typesupport_cpp: rosidl_typesupport_fastrtps_cpp;rosidl_typesupport_introspection_cpp
[0.493s] -- Found rmw_implementation_cmake: 6.1.2 (/opt/ros/humble/share/rmw_implementation_cmake/cmake)
[0.495s] -- Found rmw_cyclonedds_cpp: 1.3.4 (/opt/ros/humble/share/rmw_cyclonedds_cpp/cmake)
[0.511s] -- Using RMW implementation 'rmw_cyclonedds_cpp' as default
[0.519s] -- Looking for pthread.h
[0.574s] -- Looking for pthread.h - found
[0.574s] -- Performing Test CMAKE_HAVE_LIBC_PTHREAD
[0.634s] -- Performing Test CMAKE_HAVE_LIBC_PTHREAD - Success
[0.634s] -- Found Threads: TRUE  
[0.668s] -- Found ur_robot_driver: 2.8.1 (/home/ariel/ur5e_ws/install/ur_robot_driver/share/ur_robot_driver/cmake)
[0.810s] -- Found eigen3_cmake_module: 0.1.1 (/opt/ros/humble/share/eigen3_cmake_module/cmake)
[0.811s] -- Found Eigen3: TRUE (found version "3.4.0") 
[0.811s] -- Ensuring Eigen3 include directory is part of orocos-kdl CMake target
[0.877s] -- Found yaml_cpp_vendor: 8.0.2 (/opt/ros/humble/share/yaml_cpp_vendor/cmake)
[0.924s] -- Found ament_cmake_gmock: 1.3.11 (/opt/ros/humble/share/ament_cmake_gmock/cmake)
[0.926s] -- Found gmock sources under '/opt/ros/humble/src/gmock_vendor': C++ tests using 'Google Mock' will be built
[0.929s] -- Found ament_cmake_gtest: 1.3.11 (/opt/ros/humble/share/ament_cmake_gtest/cmake)
[0.930s] -- Found gtest sources under '/opt/ros/humble/src/gtest_vendor': C++ tests using 'Google Test' will be built
[1.004s] -- Configuring done
[1.051s] -- Generating done
[1.057s] -- Build files have been written to: /home/ariel/ur5e_ws/build/ur_calibration
[1.065s] Invoked command in '/home/ariel/ur5e_ws/build/ur_calibration' returned '0': CMAKE_PREFIX_PATH=/home/ariel/ur5e_ws/install/ur_robot_driver:/home/ariel/ur5e_ws/install/ur_controllers:/home/ariel/ur5e_ws/install/ur_description:/home/ariel/ur5e_ws/install/ur_dashboard_msgs:/home/ariel/ws_moveit2/install/srdfdom:/home/ariel/ws_moveit2/install/moveit_resources_prbt_support:/home/ariel/ws_moveit2/install/moveit_resources:/home/ariel/ws_moveit2/install/moveit_resources_pr2_description:/home/ariel/ws_moveit2/install/moveit_resources_panda_moveit_config:/home/ariel/ws_moveit2/install/moveit_resources_panda_description:/home/ariel/ws_moveit2/install/moveit_resources_fanuc_moveit_config:/home/ariel/ws_moveit2/install/moveit_resources_fanuc_description:/home/ariel/ws_moveit2/install/moveit_common:/home/ariel/ur5e_ws/install/ur_simulation_gazebo:/home/ariel/ur5e_ws/install/ur:/home/ariel/ur5e_ws/install/ur_calibration:/home/ariel/ur5e_ws/install/ur_moveit_config:/home/ariel/ur5e_ws/install/ur_bringup:/home/ariel/ur5e_ws/install/ur5e_moveit_config:/home/ariel/ur5e_ws/install/ur5e_moveit_controller:/home/ariel/ur5e_ws/install/moveit_control_pkg:/home/ariel/ws_moveit2/install/launch_param_builder:/home/ariel/ur5e_ws/install/controller_pkg_demo:/opt/ros/humble LD_LIBRARY_PATH=/home/ariel/ur5e_ws/install/ur_robot_driver/lib:/home/ariel/ur5e_ws/install/ur_controllers/lib:/home/ariel/ur5e_ws/install/ur_dashboard_msgs/lib:/home/ariel/ws_moveit2/install/srdfdom/lib:/opt/ros/humble/opt/rviz_ogre_vendor/lib:/opt/ros/humble/lib/x86_64-linux-gnu:/opt/ros/humble/lib:/usr/local/cuda-12.2/lib64:/home/ariel/.mujoco/mujoco210/bin:/usr/lib/nvidia:/home/ariel/.mujoco/mujoco210/bin /usr/bin/cmake /home/ariel/ur5e_ws/src/Universal_Robots_ROS2_Driver/ur_calibration -DCMAKE_INSTALL_PREFIX=/home/ariel/ur5e_ws/install/ur_calibration
[1.068s] Invoking command in '/home/ariel/ur5e_ws/build/ur_calibration': CMAKE_PREFIX_PATH=/home/ariel/ur5e_ws/install/ur_robot_driver:/home/ariel/ur5e_ws/install/ur_controllers:/home/ariel/ur5e_ws/install/ur_description:/home/ariel/ur5e_ws/install/ur_dashboard_msgs:/home/ariel/ws_moveit2/install/srdfdom:/home/ariel/ws_moveit2/install/moveit_resources_prbt_support:/home/ariel/ws_moveit2/install/moveit_resources:/home/ariel/ws_moveit2/install/moveit_resources_pr2_description:/home/ariel/ws_moveit2/install/moveit_resources_panda_moveit_config:/home/ariel/ws_moveit2/install/moveit_resources_panda_description:/home/ariel/ws_moveit2/install/moveit_resources_fanuc_moveit_config:/home/ariel/ws_moveit2/install/moveit_resources_fanuc_description:/home/ariel/ws_moveit2/install/moveit_common:/home/ariel/ur5e_ws/install/ur_simulation_gazebo:/home/ariel/ur5e_ws/install/ur:/home/ariel/ur5e_ws/install/ur_calibration:/home/ariel/ur5e_ws/install/ur_moveit_config:/home/ariel/ur5e_ws/install/ur_bringup:/home/ariel/ur5e_ws/install/ur5e_moveit_config:/home/ariel/ur5e_ws/install/ur5e_moveit_controller:/home/ariel/ur5e_ws/install/moveit_control_pkg:/home/ariel/ws_moveit2/install/launch_param_builder:/home/ariel/ur5e_ws/install/controller_pkg_demo:/opt/ros/humble LD_LIBRARY_PATH=/home/ariel/ur5e_ws/install/ur_robot_driver/lib:/home/ariel/ur5e_ws/install/ur_controllers/lib:/home/ariel/ur5e_ws/install/ur_dashboard_msgs/lib:/home/ariel/ws_moveit2/install/srdfdom/lib:/opt/ros/humble/opt/rviz_ogre_vendor/lib:/opt/ros/humble/lib/x86_64-linux-gnu:/opt/ros/humble/lib:/usr/local/cuda-12.2/lib64:/home/ariel/.mujoco/mujoco210/bin:/usr/lib/nvidia:/home/ariel/.mujoco/mujoco210/bin /usr/bin/cmake --build /home/ariel/ur5e_ws/build/ur_calibration -- -j22 -l22
[1.110s] [ 16%] [32mBuilding CXX object CMakeFiles/calibration.dir/src/calibration_consumer.cpp.o[0m
[1.110s] [ 16%] [32mBuilding CXX object CMakeFiles/calibration.dir/src/calibration.cpp.o[0m
[1.110s] [ 25%] [32mBuilding CXX object gmock/CMakeFiles/gmock.dir/opt/ros/humble/src/gtest_vendor/src/gtest-all.cc.o[0m
[1.110s] [ 33%] [32mBuilding CXX object gmock/CMakeFiles/gmock.dir/src/gmock-all.cc.o[0m
[1.112s] [ 41%] [32mBuilding CXX object gmock/CMakeFiles/gmock_main.dir/src/gmock_main.cc.o[0m
[2.016s] [ 50%] [32m[1mLinking CXX static library libgmock_main.a[0m
[2.051s] [ 50%] Built target gmock_main
[7.216s] [ 58%] [32m[1mLinking CXX static library libcalibration.a[0m
[7.270s] [ 58%] Built target calibration
[7.287s] [ 66%] [32mBuilding CXX object CMakeFiles/calibration_correction.dir/src/calibration_correction.cpp.o[0m
[7.738s] [ 75%] [32m[1mLinking CXX static library libgmock.a[0m
[7.798s] [ 75%] Built target gmock
[7.815s] [ 83%] [32mBuilding CXX object CMakeFiles/calibration_test.dir/test/calibration_test.cpp.o[0m
[11.463s] [ 91%] [32m[1mLinking CXX executable calibration_correction[0m
[11.690s] [ 91%] Built target calibration_correction
[13.171s] [100%] [32m[1mLinking CXX executable calibration_test[0m
[13.392s] [100%] Built target calibration_test
[13.403s] Invoked command in '/home/ariel/ur5e_ws/build/ur_calibration' returned '0': CMAKE_PREFIX_PATH=/home/ariel/ur5e_ws/install/ur_robot_driver:/home/ariel/ur5e_ws/install/ur_controllers:/home/ariel/ur5e_ws/install/ur_description:/home/ariel/ur5e_ws/install/ur_dashboard_msgs:/home/ariel/ws_moveit2/install/srdfdom:/home/ariel/ws_moveit2/install/moveit_resources_prbt_support:/home/ariel/ws_moveit2/install/moveit_resources:/home/ariel/ws_moveit2/install/moveit_resources_pr2_description:/home/ariel/ws_moveit2/install/moveit_resources_panda_moveit_config:/home/ariel/ws_moveit2/install/moveit_resources_panda_description:/home/ariel/ws_moveit2/install/moveit_resources_fanuc_moveit_config:/home/ariel/ws_moveit2/install/moveit_resources_fanuc_description:/home/ariel/ws_moveit2/install/moveit_common:/home/ariel/ur5e_ws/install/ur_simulation_gazebo:/home/ariel/ur5e_ws/install/ur:/home/ariel/ur5e_ws/install/ur_calibration:/home/ariel/ur5e_ws/install/ur_moveit_config:/home/ariel/ur5e_ws/install/ur_bringup:/home/ariel/ur5e_ws/install/ur5e_moveit_config:/home/ariel/ur5e_ws/install/ur5e_moveit_controller:/home/ariel/ur5e_ws/install/moveit_control_pkg:/home/ariel/ws_moveit2/install/launch_param_builder:/home/ariel/ur5e_ws/install/controller_pkg_demo:/opt/ros/humble LD_LIBRARY_PATH=/home/ariel/ur5e_ws/install/ur_robot_driver/lib:/home/ariel/ur5e_ws/install/ur_controllers/lib:/home/ariel/ur5e_ws/install/ur_dashboard_msgs/lib:/home/ariel/ws_moveit2/install/srdfdom/lib:/opt/ros/humble/opt/rviz_ogre_vendor/lib:/opt/ros/humble/lib/x86_64-linux-gnu:/opt/ros/humble/lib:/usr/local/cuda-12.2/lib64:/home/ariel/.mujoco/mujoco210/bin:/usr/lib/nvidia:/home/ariel/.mujoco/mujoco210/bin /usr/bin/cmake --build /home/ariel/ur5e_ws/build/ur_calibration -- -j22 -l22
[13.404s] Invoking command in '/home/ariel/ur5e_ws/build/ur_calibration': CMAKE_PREFIX_PATH=/home/ariel/ur5e_ws/install/ur_robot_driver:/home/ariel/ur5e_ws/install/ur_controllers:/home/ariel/ur5e_ws/install/ur_description:/home/ariel/ur5e_ws/install/ur_dashboard_msgs:/home/ariel/ws_moveit2/install/srdfdom:/home/ariel/ws_moveit2/install/moveit_resources_prbt_support:/home/ariel/ws_moveit2/install/moveit_resources:/home/ariel/ws_moveit2/install/moveit_resources_pr2_description:/home/ariel/ws_moveit2/install/moveit_resources_panda_moveit_config:/home/ariel/ws_moveit2/install/moveit_resources_panda_description:/home/ariel/ws_moveit2/install/moveit_resources_fanuc_moveit_config:/home/ariel/ws_moveit2/install/moveit_resources_fanuc_description:/home/ariel/ws_moveit2/install/moveit_common:/home/ariel/ur5e_ws/install/ur_simulation_gazebo:/home/ariel/ur5e_ws/install/ur:/home/ariel/ur5e_ws/install/ur_calibration:/home/ariel/ur5e_ws/install/ur_moveit_config:/home/ariel/ur5e_ws/install/ur_bringup:/home/ariel/ur5e_ws/install/ur5e_moveit_config:/home/ariel/ur5e_ws/install/ur5e_moveit_controller:/home/ariel/ur5e_ws/install/moveit_control_pkg:/home/ariel/ws_moveit2/install/launch_param_builder:/home/ariel/ur5e_ws/install/controller_pkg_demo:/opt/ros/humble LD_LIBRARY_PATH=/home/ariel/ur5e_ws/install/ur_robot_driver/lib:/home/ariel/ur5e_ws/install/ur_controllers/lib:/home/ariel/ur5e_ws/install/ur_dashboard_msgs/lib:/home/ariel/ws_moveit2/install/srdfdom/lib:/opt/ros/humble/opt/rviz_ogre_vendor/lib:/opt/ros/humble/lib/x86_64-linux-gnu:/opt/ros/humble/lib:/usr/local/cuda-12.2/lib64:/home/ariel/.mujoco/mujoco210/bin:/usr/lib/nvidia:/home/ariel/.mujoco/mujoco210/bin /usr/bin/cmake --install /home/ariel/ur5e_ws/build/ur_calibration
[13.412s] -- Install configuration: "RelWithDebInfo"
[13.412s] -- Installing: /home/ariel/ur5e_ws/install/ur_calibration/lib/ur_calibration/calibration_correction
[13.416s] -- Set runtime path of "/home/ariel/ur5e_ws/install/ur_calibration/lib/ur_calibration/calibration_correction" to ""
[13.416s] -- Installing: /home/ariel/ur5e_ws/install/ur_calibration/include
[13.416s] -- Installing: /home/ariel/ur5e_ws/install/ur_calibration/include/ur_calibration
[13.416s] -- Installing: /home/ariel/ur5e_ws/install/ur_calibration/include/ur_calibration/calibration_consumer.hpp
[13.416s] -- Installing: /home/ariel/ur5e_ws/install/ur_calibration/include/ur_calibration/calibration.hpp
[13.416s] -- Installing: /home/ariel/ur5e_ws/install/ur_calibration/share/ur_calibration/launch
[13.416s] -- Installing: /home/ariel/ur5e_ws/install/ur_calibration/share/ur_calibration/launch/calibration_correction.launch.py
[13.416s] -- Installing: /home/ariel/ur5e_ws/install/ur_calibration/share/ament_index/resource_index/package_run_dependencies/ur_calibration
[13.416s] -- Installing: /home/ariel/ur5e_ws/install/ur_calibration/share/ament_index/resource_index/parent_prefix_path/ur_calibration
[13.417s] -- Installing: /home/ariel/ur5e_ws/install/ur_calibration/share/ur_calibration/environment/ament_prefix_path.sh
[13.417s] -- Installing: /home/ariel/ur5e_ws/install/ur_calibration/share/ur_calibration/environment/ament_prefix_path.dsv
[13.417s] -- Installing: /home/ariel/ur5e_ws/install/ur_calibration/share/ur_calibration/environment/path.sh
[13.417s] -- Installing: /home/ariel/ur5e_ws/install/ur_calibration/share/ur_calibration/environment/path.dsv
[13.417s] -- Installing: /home/ariel/ur5e_ws/install/ur_calibration/share/ur_calibration/local_setup.bash
[13.417s] -- Installing: /home/ariel/ur5e_ws/install/ur_calibration/share/ur_calibration/local_setup.sh
[13.417s] -- Installing: /home/ariel/ur5e_ws/install/ur_calibration/share/ur_calibration/local_setup.zsh
[13.417s] -- Installing: /home/ariel/ur5e_ws/install/ur_calibration/share/ur_calibration/local_setup.dsv
[13.417s] -- Installing: /home/ariel/ur5e_ws/install/ur_calibration/share/ur_calibration/package.dsv
[13.417s] -- Installing: /home/ariel/ur5e_ws/install/ur_calibration/share/ament_index/resource_index/packages/ur_calibration
[13.417s] -- Installing: /home/ariel/ur5e_ws/install/ur_calibration/share/ur_calibration/cmake/ament_cmake_export_include_directories-extras.cmake
[13.417s] -- Installing: /home/ariel/ur5e_ws/install/ur_calibration/share/ur_calibration/cmake/ament_cmake_export_dependencies-extras.cmake
[13.417s] -- Installing: /home/ariel/ur5e_ws/install/ur_calibration/share/ur_calibration/cmake/ur_calibrationConfig.cmake
[13.417s] -- Installing: /home/ariel/ur5e_ws/install/ur_calibration/share/ur_calibration/cmake/ur_calibrationConfig-version.cmake
[13.418s] -- Installing: /home/ariel/ur5e_ws/install/ur_calibration/share/ur_calibration/package.xml
[13.419s] Invoked command in '/home/ariel/ur5e_ws/build/ur_calibration' returned '0': CMAKE_PREFIX_PATH=/home/ariel/ur5e_ws/install/ur_robot_driver:/home/ariel/ur5e_ws/install/ur_controllers:/home/ariel/ur5e_ws/install/ur_description:/home/ariel/ur5e_ws/install/ur_dashboard_msgs:/home/ariel/ws_moveit2/install/srdfdom:/home/ariel/ws_moveit2/install/moveit_resources_prbt_support:/home/ariel/ws_moveit2/install/moveit_resources:/home/ariel/ws_moveit2/install/moveit_resources_pr2_description:/home/ariel/ws_moveit2/install/moveit_resources_panda_moveit_config:/home/ariel/ws_moveit2/install/moveit_resources_panda_description:/home/ariel/ws_moveit2/install/moveit_resources_fanuc_moveit_config:/home/ariel/ws_moveit2/install/moveit_resources_fanuc_description:/home/ariel/ws_moveit2/install/moveit_common:/home/ariel/ur5e_ws/install/ur_simulation_gazebo:/home/ariel/ur5e_ws/install/ur:/home/ariel/ur5e_ws/install/ur_calibration:/home/ariel/ur5e_ws/install/ur_moveit_config:/home/ariel/ur5e_ws/install/ur_bringup:/home/ariel/ur5e_ws/install/ur5e_moveit_config:/home/ariel/ur5e_ws/install/ur5e_moveit_controller:/home/ariel/ur5e_ws/install/moveit_control_pkg:/home/ariel/ws_moveit2/install/launch_param_builder:/home/ariel/ur5e_ws/install/controller_pkg_demo:/opt/ros/humble LD_LIBRARY_PATH=/home/ariel/ur5e_ws/install/ur_robot_driver/lib:/home/ariel/ur5e_ws/install/ur_controllers/lib:/home/ariel/ur5e_ws/install/ur_dashboard_msgs/lib:/home/ariel/ws_moveit2/install/srdfdom/lib:/opt/ros/humble/opt/rviz_ogre_vendor/lib:/opt/ros/humble/lib/x86_64-linux-gnu:/opt/ros/humble/lib:/usr/local/cuda-12.2/lib64:/home/ariel/.mujoco/mujoco210/bin:/usr/lib/nvidia:/home/ariel/.mujoco/mujoco210/bin /usr/bin/cmake --install /home/ariel/ur5e_ws/build/ur_calibration
