[0.009s] Invoking command in '/home/ariel/ur5e_ws/src/build/ur_simulation_gazebo': AMENT_PREFIX_PATH=/home/ariel/ur5e_ws/src/install/ur_moveit_config:/home/ariel/ur5e_ws/src/install/ur_controllers:/home/ariel/ur5e_ws/src/install/ur_description:/home/ariel/ur5e_ws/src/install/ur_dashboard_msgs:${AMENT_PREFIX_PATH} CMAKE_PREFIX_PATH=/home/ariel/ur5e_ws/src/install/ur_moveit_config:/home/ariel/ur5e_ws/src/install/ur_controllers:/home/ariel/ur5e_ws/src/install/ur_description:/home/ariel/ur5e_ws/src/install/ur_dashboard_msgs:/home/ariel/ur5e_ws/install/ur_simulation_gazebo:/home/ariel/ur5e_ws/install/ur:/home/ariel/ur5e_ws/install/ur_calibration:/home/ariel/ur5e_ws/install/ur_robot_driver:/home/ariel/ur5e_ws/install/ur_moveit_config:/home/ariel/ur5e_ws/install/ur_bringup:/home/ariel/ur5e_ws/install/ur_description:/home/ariel/ur5e_ws/install/ur_controllers:/home/ariel/ur5e_ws/install/ur_dashboard_msgs:/opt/ros/humble LD_LIBRARY_PATH=/home/ariel/ur5e_ws/src/install/ur_controllers/lib:/home/ariel/ur5e_ws/src/install/ur_dashboard_msgs/lib:/home/ariel/ur5e_ws/install/ur_robot_driver/lib:/home/ariel/ur5e_ws/install/ur_controllers/lib:/home/ariel/ur5e_ws/install/ur_dashboard_msgs/lib:/opt/ros/humble/opt/rviz_ogre_vendor/lib:/opt/ros/humble/lib/x86_64-linux-gnu:/opt/ros/humble/lib:/usr/local/cuda-12.2/lib64:/home/ariel/.mujoco/mujoco210/bin:/usr/lib/nvidia:/home/ariel/.mujoco/mujoco210/bin PYTHONPATH=/home/ariel/ur5e_ws/src/install/ur_moveit_config/local/lib/python3.10/dist-packages:/home/ariel/ur5e_ws/src/install/ur_dashboard_msgs/local/lib/python3.10/dist-packages:${PYTHONPATH} /usr/bin/cmake /home/ariel/ur5e_ws/src/Universal_Robots_ROS2_Gazebo_Simulation/ur_simulation_gazebo -DCMAKE_INSTALL_PREFIX=/home/ariel/ur5e_ws/src/install/ur_simulation_gazebo
[0.044s] -- The C compiler identification is GNU 11.4.0
[0.084s] -- The CXX compiler identification is GNU 11.4.0
[0.088s] -- Detecting C compiler ABI info
[0.138s] -- Detecting C compiler ABI info - done
[0.142s] -- Check for working C compiler: /usr/bin/cc - skipped
[0.142s] -- Detecting C compile features
[0.142s] -- Detecting C compile features - done
[0.144s] -- Detecting CXX compiler ABI info
[0.203s] -- Detecting CXX compiler ABI info - done
[0.207s] -- Check for working CXX compiler: /usr/bin/c++ - skipped
[0.207s] -- Detecting CXX compile features
[0.207s] -- Detecting CXX compile features - done
[0.209s] -- Found ament_cmake: 1.3.11 (/opt/ros/humble/share/ament_cmake/cmake)
[0.326s] -- Found Python3: /usr/bin/python3 (found version "3.10.12") found components: Interpreter 
[0.388s] -- Found launch_testing_ament_cmake: 1.0.8 (/opt/ros/humble/share/launch_testing_ament_cmake/cmake)
[0.390s] -- Found python_cmake_module: 0.10.0 (/opt/ros/humble/share/python_cmake_module/cmake)
[0.403s] -- Found PythonInterp: /usr/bin/python3 (found suitable version "3.10.12", minimum required is "3.6") 
[0.410s] -- Found PythonLibs: /usr/lib/x86_64-linux-gnu/libpython3.10.so (found suitable version "3.10.12", minimum required is "3.5") 
[0.410s] -- Using PYTHON_EXECUTABLE: /usr/bin/python3
[0.410s] -- Using PYTHON_INCLUDE_DIRS: /usr/include/python3.10
[0.410s] -- Using PYTHON_LIBRARIES: /usr/lib/x86_64-linux-gnu/libpython3.10.so
[0.423s] -- Found PythonExtra: .so  
[0.425s] -- Found ament_cmake_pytest: 1.3.11 (/opt/ros/humble/share/ament_cmake_pytest/cmake)
[0.502s] -- Configuring done
[0.503s] -- Generating done
[0.504s] -- Build files have been written to: /home/ariel/ur5e_ws/src/build/ur_simulation_gazebo
[0.507s] Invoked command in '/home/ariel/ur5e_ws/src/build/ur_simulation_gazebo' returned '0': AMENT_PREFIX_PATH=/home/ariel/ur5e_ws/src/install/ur_moveit_config:/home/ariel/ur5e_ws/src/install/ur_controllers:/home/ariel/ur5e_ws/src/install/ur_description:/home/ariel/ur5e_ws/src/install/ur_dashboard_msgs:${AMENT_PREFIX_PATH} CMAKE_PREFIX_PATH=/home/ariel/ur5e_ws/src/install/ur_moveit_config:/home/ariel/ur5e_ws/src/install/ur_controllers:/home/ariel/ur5e_ws/src/install/ur_description:/home/ariel/ur5e_ws/src/install/ur_dashboard_msgs:/home/ariel/ur5e_ws/install/ur_simulation_gazebo:/home/ariel/ur5e_ws/install/ur:/home/ariel/ur5e_ws/install/ur_calibration:/home/ariel/ur5e_ws/install/ur_robot_driver:/home/ariel/ur5e_ws/install/ur_moveit_config:/home/ariel/ur5e_ws/install/ur_bringup:/home/ariel/ur5e_ws/install/ur_description:/home/ariel/ur5e_ws/install/ur_controllers:/home/ariel/ur5e_ws/install/ur_dashboard_msgs:/opt/ros/humble LD_LIBRARY_PATH=/home/ariel/ur5e_ws/src/install/ur_controllers/lib:/home/ariel/ur5e_ws/src/install/ur_dashboard_msgs/lib:/home/ariel/ur5e_ws/install/ur_robot_driver/lib:/home/ariel/ur5e_ws/install/ur_controllers/lib:/home/ariel/ur5e_ws/install/ur_dashboard_msgs/lib:/opt/ros/humble/opt/rviz_ogre_vendor/lib:/opt/ros/humble/lib/x86_64-linux-gnu:/opt/ros/humble/lib:/usr/local/cuda-12.2/lib64:/home/ariel/.mujoco/mujoco210/bin:/usr/lib/nvidia:/home/ariel/.mujoco/mujoco210/bin PYTHONPATH=/home/ariel/ur5e_ws/src/install/ur_moveit_config/local/lib/python3.10/dist-packages:/home/ariel/ur5e_ws/src/install/ur_dashboard_msgs/local/lib/python3.10/dist-packages:${PYTHONPATH} /usr/bin/cmake /home/ariel/ur5e_ws/src/Universal_Robots_ROS2_Gazebo_Simulation/ur_simulation_gazebo -DCMAKE_INSTALL_PREFIX=/home/ariel/ur5e_ws/src/install/ur_simulation_gazebo
[0.508s] Invoking command in '/home/ariel/ur5e_ws/src/build/ur_simulation_gazebo': AMENT_PREFIX_PATH=/home/ariel/ur5e_ws/src/install/ur_moveit_config:/home/ariel/ur5e_ws/src/install/ur_controllers:/home/ariel/ur5e_ws/src/install/ur_description:/home/ariel/ur5e_ws/src/install/ur_dashboard_msgs:${AMENT_PREFIX_PATH} CMAKE_PREFIX_PATH=/home/ariel/ur5e_ws/src/install/ur_moveit_config:/home/ariel/ur5e_ws/src/install/ur_controllers:/home/ariel/ur5e_ws/src/install/ur_description:/home/ariel/ur5e_ws/src/install/ur_dashboard_msgs:/home/ariel/ur5e_ws/install/ur_simulation_gazebo:/home/ariel/ur5e_ws/install/ur:/home/ariel/ur5e_ws/install/ur_calibration:/home/ariel/ur5e_ws/install/ur_robot_driver:/home/ariel/ur5e_ws/install/ur_moveit_config:/home/ariel/ur5e_ws/install/ur_bringup:/home/ariel/ur5e_ws/install/ur_description:/home/ariel/ur5e_ws/install/ur_controllers:/home/ariel/ur5e_ws/install/ur_dashboard_msgs:/opt/ros/humble LD_LIBRARY_PATH=/home/ariel/ur5e_ws/src/install/ur_controllers/lib:/home/ariel/ur5e_ws/src/install/ur_dashboard_msgs/lib:/home/ariel/ur5e_ws/install/ur_robot_driver/lib:/home/ariel/ur5e_ws/install/ur_controllers/lib:/home/ariel/ur5e_ws/install/ur_dashboard_msgs/lib:/opt/ros/humble/opt/rviz_ogre_vendor/lib:/opt/ros/humble/lib/x86_64-linux-gnu:/opt/ros/humble/lib:/usr/local/cuda-12.2/lib64:/home/ariel/.mujoco/mujoco210/bin:/usr/lib/nvidia:/home/ariel/.mujoco/mujoco210/bin PYTHONPATH=/home/ariel/ur5e_ws/src/install/ur_moveit_config/local/lib/python3.10/dist-packages:/home/ariel/ur5e_ws/src/install/ur_dashboard_msgs/local/lib/python3.10/dist-packages:${PYTHONPATH} /usr/bin/cmake --build /home/ariel/ur5e_ws/src/build/ur_simulation_gazebo -- -j22 -l22
[0.538s] Invoked command in '/home/ariel/ur5e_ws/src/build/ur_simulation_gazebo' returned '0': AMENT_PREFIX_PATH=/home/ariel/ur5e_ws/src/install/ur_moveit_config:/home/ariel/ur5e_ws/src/install/ur_controllers:/home/ariel/ur5e_ws/src/install/ur_description:/home/ariel/ur5e_ws/src/install/ur_dashboard_msgs:${AMENT_PREFIX_PATH} CMAKE_PREFIX_PATH=/home/ariel/ur5e_ws/src/install/ur_moveit_config:/home/ariel/ur5e_ws/src/install/ur_controllers:/home/ariel/ur5e_ws/src/install/ur_description:/home/ariel/ur5e_ws/src/install/ur_dashboard_msgs:/home/ariel/ur5e_ws/install/ur_simulation_gazebo:/home/ariel/ur5e_ws/install/ur:/home/ariel/ur5e_ws/install/ur_calibration:/home/ariel/ur5e_ws/install/ur_robot_driver:/home/ariel/ur5e_ws/install/ur_moveit_config:/home/ariel/ur5e_ws/install/ur_bringup:/home/ariel/ur5e_ws/install/ur_description:/home/ariel/ur5e_ws/install/ur_controllers:/home/ariel/ur5e_ws/install/ur_dashboard_msgs:/opt/ros/humble LD_LIBRARY_PATH=/home/ariel/ur5e_ws/src/install/ur_controllers/lib:/home/ariel/ur5e_ws/src/install/ur_dashboard_msgs/lib:/home/ariel/ur5e_ws/install/ur_robot_driver/lib:/home/ariel/ur5e_ws/install/ur_controllers/lib:/home/ariel/ur5e_ws/install/ur_dashboard_msgs/lib:/opt/ros/humble/opt/rviz_ogre_vendor/lib:/opt/ros/humble/lib/x86_64-linux-gnu:/opt/ros/humble/lib:/usr/local/cuda-12.2/lib64:/home/ariel/.mujoco/mujoco210/bin:/usr/lib/nvidia:/home/ariel/.mujoco/mujoco210/bin PYTHONPATH=/home/ariel/ur5e_ws/src/install/ur_moveit_config/local/lib/python3.10/dist-packages:/home/ariel/ur5e_ws/src/install/ur_dashboard_msgs/local/lib/python3.10/dist-packages:${PYTHONPATH} /usr/bin/cmake --build /home/ariel/ur5e_ws/src/build/ur_simulation_gazebo -- -j22 -l22
[0.539s] Invoking command in '/home/ariel/ur5e_ws/src/build/ur_simulation_gazebo': AMENT_PREFIX_PATH=/home/ariel/ur5e_ws/src/install/ur_moveit_config:/home/ariel/ur5e_ws/src/install/ur_controllers:/home/ariel/ur5e_ws/src/install/ur_description:/home/ariel/ur5e_ws/src/install/ur_dashboard_msgs:${AMENT_PREFIX_PATH} CMAKE_PREFIX_PATH=/home/ariel/ur5e_ws/src/install/ur_moveit_config:/home/ariel/ur5e_ws/src/install/ur_controllers:/home/ariel/ur5e_ws/src/install/ur_description:/home/ariel/ur5e_ws/src/install/ur_dashboard_msgs:/home/ariel/ur5e_ws/install/ur_simulation_gazebo:/home/ariel/ur5e_ws/install/ur:/home/ariel/ur5e_ws/install/ur_calibration:/home/ariel/ur5e_ws/install/ur_robot_driver:/home/ariel/ur5e_ws/install/ur_moveit_config:/home/ariel/ur5e_ws/install/ur_bringup:/home/ariel/ur5e_ws/install/ur_description:/home/ariel/ur5e_ws/install/ur_controllers:/home/ariel/ur5e_ws/install/ur_dashboard_msgs:/opt/ros/humble LD_LIBRARY_PATH=/home/ariel/ur5e_ws/src/install/ur_controllers/lib:/home/ariel/ur5e_ws/src/install/ur_dashboard_msgs/lib:/home/ariel/ur5e_ws/install/ur_robot_driver/lib:/home/ariel/ur5e_ws/install/ur_controllers/lib:/home/ariel/ur5e_ws/install/ur_dashboard_msgs/lib:/opt/ros/humble/opt/rviz_ogre_vendor/lib:/opt/ros/humble/lib/x86_64-linux-gnu:/opt/ros/humble/lib:/usr/local/cuda-12.2/lib64:/home/ariel/.mujoco/mujoco210/bin:/usr/lib/nvidia:/home/ariel/.mujoco/mujoco210/bin PYTHONPATH=/home/ariel/ur5e_ws/src/install/ur_moveit_config/local/lib/python3.10/dist-packages:/home/ariel/ur5e_ws/src/install/ur_dashboard_msgs/local/lib/python3.10/dist-packages:${PYTHONPATH} /usr/bin/cmake --install /home/ariel/ur5e_ws/src/build/ur_simulation_gazebo
[0.544s] -- Install configuration: ""
[0.544s] -- Installing: /home/ariel/ur5e_ws/src/install/ur_simulation_gazebo/share/ur_simulation_gazebo/config
[0.544s] -- Installing: /home/ariel/ur5e_ws/src/install/ur_simulation_gazebo/share/ur_simulation_gazebo/config/ur_controllers.yaml
[0.544s] -- Installing: /home/ariel/ur5e_ws/src/install/ur_simulation_gazebo/share/ur_simulation_gazebo/launch
[0.544s] -- Installing: /home/ariel/ur5e_ws/src/install/ur_simulation_gazebo/share/ur_simulation_gazebo/launch/ur_sim_moveit.launch.py
[0.544s] -- Installing: /home/ariel/ur5e_ws/src/install/ur_simulation_gazebo/share/ur_simulation_gazebo/launch/ur_sim_control.launch.py
[0.544s] -- Installing: /home/ariel/ur5e_ws/src/install/ur_simulation_gazebo/share/ament_index/resource_index/package_run_dependencies/ur_simulation_gazebo
[0.544s] -- Installing: /home/ariel/ur5e_ws/src/install/ur_simulation_gazebo/share/ament_index/resource_index/parent_prefix_path/ur_simulation_gazebo
[0.544s] -- Installing: /home/ariel/ur5e_ws/src/install/ur_simulation_gazebo/share/ur_simulation_gazebo/environment/ament_prefix_path.sh
[0.545s] -- Installing: /home/ariel/ur5e_ws/src/install/ur_simulation_gazebo/share/ur_simulation_gazebo/environment/ament_prefix_path.dsv
[0.545s] -- Installing: /home/ariel/ur5e_ws/src/install/ur_simulation_gazebo/share/ur_simulation_gazebo/environment/path.sh
[0.545s] -- Installing: /home/ariel/ur5e_ws/src/install/ur_simulation_gazebo/share/ur_simulation_gazebo/environment/path.dsv
[0.545s] -- Installing: /home/ariel/ur5e_ws/src/install/ur_simulation_gazebo/share/ur_simulation_gazebo/local_setup.bash
[0.545s] -- Installing: /home/ariel/ur5e_ws/src/install/ur_simulation_gazebo/share/ur_simulation_gazebo/local_setup.sh
[0.545s] -- Installing: /home/ariel/ur5e_ws/src/install/ur_simulation_gazebo/share/ur_simulation_gazebo/local_setup.zsh
[0.545s] -- Installing: /home/ariel/ur5e_ws/src/install/ur_simulation_gazebo/share/ur_simulation_gazebo/local_setup.dsv
[0.545s] -- Installing: /home/ariel/ur5e_ws/src/install/ur_simulation_gazebo/share/ur_simulation_gazebo/package.dsv
[0.545s] -- Installing: /home/ariel/ur5e_ws/src/install/ur_simulation_gazebo/share/ament_index/resource_index/packages/ur_simulation_gazebo
[0.545s] -- Installing: /home/ariel/ur5e_ws/src/install/ur_simulation_gazebo/share/ur_simulation_gazebo/cmake/ur_simulation_gazeboConfig.cmake
[0.545s] -- Installing: /home/ariel/ur5e_ws/src/install/ur_simulation_gazebo/share/ur_simulation_gazebo/cmake/ur_simulation_gazeboConfig-version.cmake
[0.545s] -- Installing: /home/ariel/ur5e_ws/src/install/ur_simulation_gazebo/share/ur_simulation_gazebo/package.xml
[0.547s] Invoked command in '/home/ariel/ur5e_ws/src/build/ur_simulation_gazebo' returned '0': AMENT_PREFIX_PATH=/home/ariel/ur5e_ws/src/install/ur_moveit_config:/home/ariel/ur5e_ws/src/install/ur_controllers:/home/ariel/ur5e_ws/src/install/ur_description:/home/ariel/ur5e_ws/src/install/ur_dashboard_msgs:${AMENT_PREFIX_PATH} CMAKE_PREFIX_PATH=/home/ariel/ur5e_ws/src/install/ur_moveit_config:/home/ariel/ur5e_ws/src/install/ur_controllers:/home/ariel/ur5e_ws/src/install/ur_description:/home/ariel/ur5e_ws/src/install/ur_dashboard_msgs:/home/ariel/ur5e_ws/install/ur_simulation_gazebo:/home/ariel/ur5e_ws/install/ur:/home/ariel/ur5e_ws/install/ur_calibration:/home/ariel/ur5e_ws/install/ur_robot_driver:/home/ariel/ur5e_ws/install/ur_moveit_config:/home/ariel/ur5e_ws/install/ur_bringup:/home/ariel/ur5e_ws/install/ur_description:/home/ariel/ur5e_ws/install/ur_controllers:/home/ariel/ur5e_ws/install/ur_dashboard_msgs:/opt/ros/humble LD_LIBRARY_PATH=/home/ariel/ur5e_ws/src/install/ur_controllers/lib:/home/ariel/ur5e_ws/src/install/ur_dashboard_msgs/lib:/home/ariel/ur5e_ws/install/ur_robot_driver/lib:/home/ariel/ur5e_ws/install/ur_controllers/lib:/home/ariel/ur5e_ws/install/ur_dashboard_msgs/lib:/opt/ros/humble/opt/rviz_ogre_vendor/lib:/opt/ros/humble/lib/x86_64-linux-gnu:/opt/ros/humble/lib:/usr/local/cuda-12.2/lib64:/home/ariel/.mujoco/mujoco210/bin:/usr/lib/nvidia:/home/ariel/.mujoco/mujoco210/bin PYTHONPATH=/home/ariel/ur5e_ws/src/install/ur_moveit_config/local/lib/python3.10/dist-packages:/home/ariel/ur5e_ws/src/install/ur_dashboard_msgs/local/lib/python3.10/dist-packages:${PYTHONPATH} /usr/bin/cmake --install /home/ariel/ur5e_ws/src/build/ur_simulation_gazebo
