[0.216s] Invoking command in '/home/ariel/ur5e_ws/build/ur5e_moveit_controller': CMAKE_PREFIX_PATH=${CMAKE_PREFIX_PATH}:/home/ariel/ws_moveit2/install/launch_param_builder:/home/ariel/ur5e_ws/install/controller_pkg_demo:/opt/ros/humble /usr/bin/cmake --build /home/ariel/ur5e_ws/build/ur5e_moveit_controller -- -j22 -l22
[0.249s] Invoked command in '/home/ariel/ur5e_ws/build/ur5e_moveit_controller' returned '0': CMAKE_PREFIX_PATH=${CMAKE_PREFIX_PATH}:/home/ariel/ws_moveit2/install/launch_param_builder:/home/ariel/ur5e_ws/install/controller_pkg_demo:/opt/ros/humble /usr/bin/cmake --build /home/ariel/ur5e_ws/build/ur5e_moveit_controller -- -j22 -l22
[0.251s] Invoking command in '/home/ariel/ur5e_ws/build/ur5e_moveit_controller': CMAKE_PREFIX_PATH=${CMAKE_PREFIX_PATH}:/home/ariel/ws_moveit2/install/launch_param_builder:/home/ariel/ur5e_ws/install/controller_pkg_demo:/opt/ros/humble /usr/bin/cmake --install /home/ariel/ur5e_ws/build/ur5e_moveit_controller
[0.256s] -- Install configuration: ""
[0.256s] -- Execute custom install script
[0.256s] -- Up-to-date symlink: /home/ariel/ur5e_ws/install/ur5e_moveit_controller/share/ament_index/resource_index/package_run_dependencies/ur5e_moveit_controller
[0.257s] -- Up-to-date symlink: /home/ariel/ur5e_ws/install/ur5e_moveit_controller/share/ament_index/resource_index/parent_prefix_path/ur5e_moveit_controller
[0.257s] -- Up-to-date symlink: /home/ariel/ur5e_ws/install/ur5e_moveit_controller/share/ur5e_moveit_controller/environment/ament_prefix_path.sh
[0.257s] -- Up-to-date symlink: /home/ariel/ur5e_ws/install/ur5e_moveit_controller/share/ur5e_moveit_controller/environment/ament_prefix_path.dsv
[0.257s] -- Up-to-date symlink: /home/ariel/ur5e_ws/install/ur5e_moveit_controller/share/ur5e_moveit_controller/environment/path.sh
[0.257s] -- Up-to-date symlink: /home/ariel/ur5e_ws/install/ur5e_moveit_controller/share/ur5e_moveit_controller/environment/path.dsv
[0.257s] -- Up-to-date symlink: /home/ariel/ur5e_ws/install/ur5e_moveit_controller/share/ur5e_moveit_controller/local_setup.bash
[0.257s] -- Up-to-date symlink: /home/ariel/ur5e_ws/install/ur5e_moveit_controller/share/ur5e_moveit_controller/local_setup.sh
[0.257s] -- Up-to-date symlink: /home/ariel/ur5e_ws/install/ur5e_moveit_controller/share/ur5e_moveit_controller/local_setup.zsh
[0.257s] -- Up-to-date symlink: /home/ariel/ur5e_ws/install/ur5e_moveit_controller/share/ur5e_moveit_controller/local_setup.dsv
[0.257s] -- Symlinking: /home/ariel/ur5e_ws/install/ur5e_moveit_controller/share/ur5e_moveit_controller/package.dsv
[0.265s] -- Up-to-date symlink: /home/ariel/ur5e_ws/install/ur5e_moveit_controller/share/ament_index/resource_index/packages/ur5e_moveit_controller
[0.265s] -- Up-to-date symlink: /home/ariel/ur5e_ws/install/ur5e_moveit_controller/share/ur5e_moveit_controller/cmake/ur5e_moveit_controllerConfig.cmake
[0.265s] -- Up-to-date symlink: /home/ariel/ur5e_ws/install/ur5e_moveit_controller/share/ur5e_moveit_controller/cmake/ur5e_moveit_controllerConfig-version.cmake
[0.265s] -- Up-to-date symlink: /home/ariel/ur5e_ws/install/ur5e_moveit_controller/share/ur5e_moveit_controller/package.xml
[0.276s] Invoked command in '/home/ariel/ur5e_ws/build/ur5e_moveit_controller' returned '0': CMAKE_PREFIX_PATH=${CMAKE_PREFIX_PATH}:/home/ariel/ws_moveit2/install/launch_param_builder:/home/ariel/ur5e_ws/install/controller_pkg_demo:/opt/ros/humble /usr/bin/cmake --install /home/ariel/ur5e_ws/build/ur5e_moveit_controller
