[0.008s] Invoking command in '/home/ariel/ur5e_ws/src/build/ur_controllers': CMAKE_PREFIX_PATH=/home/ariel/ur5e_ws/src/install/ur_dashboard_msgs:/home/ariel/ur5e_ws/src/install/ur_simulation_gazebo:/home/ariel/ur5e_ws/src/install/ur:/home/ariel/ur5e_ws/src/install/ur_calibration:/home/ariel/ur5e_ws/src/install/ur_robot_driver:/home/ariel/ur5e_ws/src/install/ur_moveit_config:/home/ariel/ur5e_ws/src/install/ur_bringup:/home/ariel/ur5e_ws/src/install/ur_description:/home/ariel/ur5e_ws/src/install/ur_controllers:/home/ariel/ur5e_ws/install/ur_simulation_gazebo:/home/ariel/ur5e_ws/install/ur:/home/ariel/ur5e_ws/install/ur_calibration:/home/ariel/ur5e_ws/install/ur_robot_driver:/home/ariel/ur5e_ws/install/ur_moveit_config:/home/ariel/ur5e_ws/install/ur_bringup:/home/ariel/ur5e_ws/install/ur_description:/home/ariel/ur5e_ws/install/ur_controllers:/home/ariel/ur5e_ws/install/ur_dashboard_msgs:/opt/ros/humble LD_LIBRARY_PATH=/home/ariel/ur5e_ws/src/install/ur_dashboard_msgs/lib:/home/ariel/ur5e_ws/src/install/ur_robot_driver/lib:/home/ariel/ur5e_ws/src/install/ur_controllers/lib:/home/ariel/ur5e_ws/install/ur_robot_driver/lib:/home/ariel/ur5e_ws/install/ur_controllers/lib:/home/ariel/ur5e_ws/install/ur_dashboard_msgs/lib:/opt/ros/humble/opt/rviz_ogre_vendor/lib:/opt/ros/humble/lib/x86_64-linux-gnu:/opt/ros/humble/lib:/usr/local/cuda-12.2/lib64:/home/ariel/.mujoco/mujoco210/bin:/usr/lib/nvidia:/home/ariel/.mujoco/mujoco210/bin /usr/bin/cmake --build /home/ariel/ur5e_ws/src/build/ur_controllers -- -j22 -l22
[0.047s] [ 17%] Built target freedrive_mode_controller_parameters
[0.047s] [ 17%] Built target gpio_controller_parameters
[0.047s] [ 17%] Built target force_mode_controller_parameters
[0.048s] [ 23%] Built target tool_contact_controller_parameters
[0.049s] [ 29%] Built target scaled_joint_trajectory_controller_parameters
[0.049s] [ 41%] Built target passthrough_trajectory_controller_parameters
[0.049s] [ 41%] Built target ur_configuration_controller_parameters
[0.049s] [ 47%] Built target speed_scaling_state_broadcaster_parameters
[0.049s] [ 52%] Built target gmock_main
[0.057s] [ 61%] Built target gmock
[0.075s] [ 88%] Built target ur_controllers
[0.094s] [ 94%] Built target test_load_force_mode_controller
[0.096s] [100%] Built target test_load_freedrive_mode_controller
[0.103s] Invoked command in '/home/ariel/ur5e_ws/src/build/ur_controllers' returned '0': CMAKE_PREFIX_PATH=/home/ariel/ur5e_ws/src/install/ur_dashboard_msgs:/home/ariel/ur5e_ws/src/install/ur_simulation_gazebo:/home/ariel/ur5e_ws/src/install/ur:/home/ariel/ur5e_ws/src/install/ur_calibration:/home/ariel/ur5e_ws/src/install/ur_robot_driver:/home/ariel/ur5e_ws/src/install/ur_moveit_config:/home/ariel/ur5e_ws/src/install/ur_bringup:/home/ariel/ur5e_ws/src/install/ur_description:/home/ariel/ur5e_ws/src/install/ur_controllers:/home/ariel/ur5e_ws/install/ur_simulation_gazebo:/home/ariel/ur5e_ws/install/ur:/home/ariel/ur5e_ws/install/ur_calibration:/home/ariel/ur5e_ws/install/ur_robot_driver:/home/ariel/ur5e_ws/install/ur_moveit_config:/home/ariel/ur5e_ws/install/ur_bringup:/home/ariel/ur5e_ws/install/ur_description:/home/ariel/ur5e_ws/install/ur_controllers:/home/ariel/ur5e_ws/install/ur_dashboard_msgs:/opt/ros/humble LD_LIBRARY_PATH=/home/ariel/ur5e_ws/src/install/ur_dashboard_msgs/lib:/home/ariel/ur5e_ws/src/install/ur_robot_driver/lib:/home/ariel/ur5e_ws/src/install/ur_controllers/lib:/home/ariel/ur5e_ws/install/ur_robot_driver/lib:/home/ariel/ur5e_ws/install/ur_controllers/lib:/home/ariel/ur5e_ws/install/ur_dashboard_msgs/lib:/opt/ros/humble/opt/rviz_ogre_vendor/lib:/opt/ros/humble/lib/x86_64-linux-gnu:/opt/ros/humble/lib:/usr/local/cuda-12.2/lib64:/home/ariel/.mujoco/mujoco210/bin:/usr/lib/nvidia:/home/ariel/.mujoco/mujoco210/bin /usr/bin/cmake --build /home/ariel/ur5e_ws/src/build/ur_controllers -- -j22 -l22
[0.104s] Invoking command in '/home/ariel/ur5e_ws/src/build/ur_controllers': CMAKE_PREFIX_PATH=/home/ariel/ur5e_ws/src/install/ur_dashboard_msgs:/home/ariel/ur5e_ws/src/install/ur_simulation_gazebo:/home/ariel/ur5e_ws/src/install/ur:/home/ariel/ur5e_ws/src/install/ur_calibration:/home/ariel/ur5e_ws/src/install/ur_robot_driver:/home/ariel/ur5e_ws/src/install/ur_moveit_config:/home/ariel/ur5e_ws/src/install/ur_bringup:/home/ariel/ur5e_ws/src/install/ur_description:/home/ariel/ur5e_ws/src/install/ur_controllers:/home/ariel/ur5e_ws/install/ur_simulation_gazebo:/home/ariel/ur5e_ws/install/ur:/home/ariel/ur5e_ws/install/ur_calibration:/home/ariel/ur5e_ws/install/ur_robot_driver:/home/ariel/ur5e_ws/install/ur_moveit_config:/home/ariel/ur5e_ws/install/ur_bringup:/home/ariel/ur5e_ws/install/ur_description:/home/ariel/ur5e_ws/install/ur_controllers:/home/ariel/ur5e_ws/install/ur_dashboard_msgs:/opt/ros/humble LD_LIBRARY_PATH=/home/ariel/ur5e_ws/src/install/ur_dashboard_msgs/lib:/home/ariel/ur5e_ws/src/install/ur_robot_driver/lib:/home/ariel/ur5e_ws/src/install/ur_controllers/lib:/home/ariel/ur5e_ws/install/ur_robot_driver/lib:/home/ariel/ur5e_ws/install/ur_controllers/lib:/home/ariel/ur5e_ws/install/ur_dashboard_msgs/lib:/opt/ros/humble/opt/rviz_ogre_vendor/lib:/opt/ros/humble/lib/x86_64-linux-gnu:/opt/ros/humble/lib:/usr/local/cuda-12.2/lib64:/home/ariel/.mujoco/mujoco210/bin:/usr/lib/nvidia:/home/ariel/.mujoco/mujoco210/bin /usr/bin/cmake --install /home/ariel/ur5e_ws/src/build/ur_controllers
[0.109s] -- Install configuration: ""
[0.109s] -- Up-to-date: /home/ariel/ur5e_ws/src/install/ur_controllers/include/ur_controllers
[0.109s] -- Up-to-date: /home/ariel/ur5e_ws/src/install/ur_controllers/include/ur_controllers/freedrive_mode_controller_parameters.hpp
[0.109s] -- Up-to-date: /home/ariel/ur5e_ws/src/install/ur_controllers/include/ur_controllers/tool_contact_controller_parameters.hpp
[0.109s] -- Up-to-date: /home/ariel/ur5e_ws/src/install/ur_controllers/include/ur_controllers/passthrough_trajectory_controller_parameters.hpp
[0.109s] -- Up-to-date: /home/ariel/ur5e_ws/src/install/ur_controllers/include/ur_controllers/speed_scaling_state_broadcaster_parameters.hpp
[0.109s] -- Up-to-date: /home/ariel/ur5e_ws/src/install/ur_controllers/include/ur_controllers/gpio_controller_parameters.hpp
[0.109s] -- Up-to-date: /home/ariel/ur5e_ws/src/install/ur_controllers/include/ur_controllers/scaled_joint_trajectory_controller_parameters.hpp
[0.109s] -- Up-to-date: /home/ariel/ur5e_ws/src/install/ur_controllers/include/ur_controllers/force_mode_controller_parameters.hpp
[0.109s] -- Up-to-date: /home/ariel/ur5e_ws/src/install/ur_controllers/include/ur_controllers/ur_configuration_controller_parameters.hpp
[0.109s] -- Up-to-date: /home/ariel/ur5e_ws/src/install/ur_controllers/include/ur_controllers
[0.109s] -- Up-to-date: /home/ariel/ur5e_ws/src/install/ur_controllers/include/ur_controllers/freedrive_mode_controller_parameters.hpp
[0.109s] -- Up-to-date: /home/ariel/ur5e_ws/src/install/ur_controllers/include/ur_controllers/tool_contact_controller_parameters.hpp
[0.109s] -- Up-to-date: /home/ariel/ur5e_ws/src/install/ur_controllers/include/ur_controllers/passthrough_trajectory_controller_parameters.hpp
[0.109s] -- Up-to-date: /home/ariel/ur5e_ws/src/install/ur_controllers/include/ur_controllers/speed_scaling_state_broadcaster_parameters.hpp
[0.109s] -- Up-to-date: /home/ariel/ur5e_ws/src/install/ur_controllers/include/ur_controllers/gpio_controller_parameters.hpp
[0.110s] -- Up-to-date: /home/ariel/ur5e_ws/src/install/ur_controllers/include/ur_controllers/scaled_joint_trajectory_controller_parameters.hpp
[0.110s] -- Up-to-date: /home/ariel/ur5e_ws/src/install/ur_controllers/include/ur_controllers/force_mode_controller_parameters.hpp
[0.110s] -- Up-to-date: /home/ariel/ur5e_ws/src/install/ur_controllers/include/ur_controllers/ur_configuration_controller_parameters.hpp
[0.110s] -- Up-to-date: /home/ariel/ur5e_ws/src/install/ur_controllers/include/ur_controllers
[0.110s] -- Up-to-date: /home/ariel/ur5e_ws/src/install/ur_controllers/include/ur_controllers/freedrive_mode_controller_parameters.hpp
[0.110s] -- Up-to-date: /home/ariel/ur5e_ws/src/install/ur_controllers/include/ur_controllers/tool_contact_controller_parameters.hpp
[0.110s] -- Up-to-date: /home/ariel/ur5e_ws/src/install/ur_controllers/include/ur_controllers/passthrough_trajectory_controller_parameters.hpp
[0.110s] -- Up-to-date: /home/ariel/ur5e_ws/src/install/ur_controllers/include/ur_controllers/speed_scaling_state_broadcaster_parameters.hpp
[0.110s] -- Up-to-date: /home/ariel/ur5e_ws/src/install/ur_controllers/include/ur_controllers/gpio_controller_parameters.hpp
[0.110s] -- Up-to-date: /home/ariel/ur5e_ws/src/install/ur_controllers/include/ur_controllers/scaled_joint_trajectory_controller_parameters.hpp
[0.110s] -- Up-to-date: /home/ariel/ur5e_ws/src/install/ur_controllers/include/ur_controllers/force_mode_controller_parameters.hpp
[0.110s] -- Up-to-date: /home/ariel/ur5e_ws/src/install/ur_controllers/include/ur_controllers/ur_configuration_controller_parameters.hpp
[0.110s] -- Up-to-date: /home/ariel/ur5e_ws/src/install/ur_controllers/include/ur_controllers
[0.110s] -- Up-to-date: /home/ariel/ur5e_ws/src/install/ur_controllers/include/ur_controllers/freedrive_mode_controller_parameters.hpp
[0.110s] -- Up-to-date: /home/ariel/ur5e_ws/src/install/ur_controllers/include/ur_controllers/tool_contact_controller_parameters.hpp
[0.110s] -- Up-to-date: /home/ariel/ur5e_ws/src/install/ur_controllers/include/ur_controllers/passthrough_trajectory_controller_parameters.hpp
[0.110s] -- Up-to-date: /home/ariel/ur5e_ws/src/install/ur_controllers/include/ur_controllers/speed_scaling_state_broadcaster_parameters.hpp
[0.110s] -- Up-to-date: /home/ariel/ur5e_ws/src/install/ur_controllers/include/ur_controllers/gpio_controller_parameters.hpp
[0.110s] -- Up-to-date: /home/ariel/ur5e_ws/src/install/ur_controllers/include/ur_controllers/scaled_joint_trajectory_controller_parameters.hpp
[0.110s] -- Up-to-date: /home/ariel/ur5e_ws/src/install/ur_controllers/include/ur_controllers/force_mode_controller_parameters.hpp
[0.110s] -- Up-to-date: /home/ariel/ur5e_ws/src/install/ur_controllers/include/ur_controllers/ur_configuration_controller_parameters.hpp
[0.110s] -- Up-to-date: /home/ariel/ur5e_ws/src/install/ur_controllers/include/ur_controllers
[0.110s] -- Up-to-date: /home/ariel/ur5e_ws/src/install/ur_controllers/include/ur_controllers/freedrive_mode_controller_parameters.hpp
[0.110s] -- Up-to-date: /home/ariel/ur5e_ws/src/install/ur_controllers/include/ur_controllers/tool_contact_controller_parameters.hpp
[0.110s] -- Up-to-date: /home/ariel/ur5e_ws/src/install/ur_controllers/include/ur_controllers/passthrough_trajectory_controller_parameters.hpp
[0.110s] -- Up-to-date: /home/ariel/ur5e_ws/src/install/ur_controllers/include/ur_controllers/speed_scaling_state_broadcaster_parameters.hpp
[0.110s] -- Up-to-date: /home/ariel/ur5e_ws/src/install/ur_controllers/include/ur_controllers/gpio_controller_parameters.hpp
[0.110s] -- Up-to-date: /home/ariel/ur5e_ws/src/install/ur_controllers/include/ur_controllers/scaled_joint_trajectory_controller_parameters.hpp
[0.110s] -- Up-to-date: /home/ariel/ur5e_ws/src/install/ur_controllers/include/ur_controllers/force_mode_controller_parameters.hpp
[0.110s] -- Up-to-date: /home/ariel/ur5e_ws/src/install/ur_controllers/include/ur_controllers/ur_configuration_controller_parameters.hpp
[0.110s] -- Up-to-date: /home/ariel/ur5e_ws/src/install/ur_controllers/include/ur_controllers
[0.111s] -- Up-to-date: /home/ariel/ur5e_ws/src/install/ur_controllers/include/ur_controllers/freedrive_mode_controller_parameters.hpp
[0.111s] -- Up-to-date: /home/ariel/ur5e_ws/src/install/ur_controllers/include/ur_controllers/tool_contact_controller_parameters.hpp
[0.111s] -- Up-to-date: /home/ariel/ur5e_ws/src/install/ur_controllers/include/ur_controllers/passthrough_trajectory_controller_parameters.hpp
[0.111s] -- Up-to-date: /home/ariel/ur5e_ws/src/install/ur_controllers/include/ur_controllers/speed_scaling_state_broadcaster_parameters.hpp
[0.111s] -- Up-to-date: /home/ariel/ur5e_ws/src/install/ur_controllers/include/ur_controllers/gpio_controller_parameters.hpp
[0.111s] -- Up-to-date: /home/ariel/ur5e_ws/src/install/ur_controllers/include/ur_controllers/scaled_joint_trajectory_controller_parameters.hpp
[0.111s] -- Up-to-date: /home/ariel/ur5e_ws/src/install/ur_controllers/include/ur_controllers/force_mode_controller_parameters.hpp
[0.111s] -- Up-to-date: /home/ariel/ur5e_ws/src/install/ur_controllers/include/ur_controllers/ur_configuration_controller_parameters.hpp
[0.111s] -- Up-to-date: /home/ariel/ur5e_ws/src/install/ur_controllers/include/ur_controllers
[0.111s] -- Up-to-date: /home/ariel/ur5e_ws/src/install/ur_controllers/include/ur_controllers/freedrive_mode_controller_parameters.hpp
[0.111s] -- Up-to-date: /home/ariel/ur5e_ws/src/install/ur_controllers/include/ur_controllers/tool_contact_controller_parameters.hpp
[0.111s] -- Up-to-date: /home/ariel/ur5e_ws/src/install/ur_controllers/include/ur_controllers/passthrough_trajectory_controller_parameters.hpp
[0.111s] -- Up-to-date: /home/ariel/ur5e_ws/src/install/ur_controllers/include/ur_controllers/speed_scaling_state_broadcaster_parameters.hpp
[0.111s] -- Up-to-date: /home/ariel/ur5e_ws/src/install/ur_controllers/include/ur_controllers/gpio_controller_parameters.hpp
[0.111s] -- Up-to-date: /home/ariel/ur5e_ws/src/install/ur_controllers/include/ur_controllers/scaled_joint_trajectory_controller_parameters.hpp
[0.111s] -- Up-to-date: /home/ariel/ur5e_ws/src/install/ur_controllers/include/ur_controllers/force_mode_controller_parameters.hpp
[0.111s] -- Up-to-date: /home/ariel/ur5e_ws/src/install/ur_controllers/include/ur_controllers/ur_configuration_controller_parameters.hpp
[0.112s] -- Up-to-date: /home/ariel/ur5e_ws/src/install/ur_controllers/include/ur_controllers
[0.112s] -- Up-to-date: /home/ariel/ur5e_ws/src/install/ur_controllers/include/ur_controllers/freedrive_mode_controller_parameters.hpp
[0.112s] -- Up-to-date: /home/ariel/ur5e_ws/src/install/ur_controllers/include/ur_controllers/tool_contact_controller_parameters.hpp
[0.112s] -- Up-to-date: /home/ariel/ur5e_ws/src/install/ur_controllers/include/ur_controllers/passthrough_trajectory_controller_parameters.hpp
[0.112s] -- Up-to-date: /home/ariel/ur5e_ws/src/install/ur_controllers/include/ur_controllers/speed_scaling_state_broadcaster_parameters.hpp
[0.112s] -- Up-to-date: /home/ariel/ur5e_ws/src/install/ur_controllers/include/ur_controllers/gpio_controller_parameters.hpp
[0.112s] -- Up-to-date: /home/ariel/ur5e_ws/src/install/ur_controllers/include/ur_controllers/scaled_joint_trajectory_controller_parameters.hpp
[0.112s] -- Up-to-date: /home/ariel/ur5e_ws/src/install/ur_controllers/include/ur_controllers/force_mode_controller_parameters.hpp
[0.112s] -- Up-to-date: /home/ariel/ur5e_ws/src/install/ur_controllers/include/ur_controllers/ur_configuration_controller_parameters.hpp
[0.112s] -- Up-to-date: /home/ariel/ur5e_ws/src/install/ur_controllers/share/ur_controllers/controller_plugins.xml
[0.112s] -- Up-to-date: /home/ariel/ur5e_ws/src/install/ur_controllers/lib/libur_controllers.so
[0.112s] -- Up-to-date: /home/ariel/ur5e_ws/src/install/ur_controllers/include
[0.112s] -- Up-to-date: /home/ariel/ur5e_ws/src/install/ur_controllers/include/ur_controllers
[0.112s] -- Up-to-date: /home/ariel/ur5e_ws/src/install/ur_controllers/include/ur_controllers/speed_scaling_state_broadcaster.hpp
[0.112s] -- Up-to-date: /home/ariel/ur5e_ws/src/install/ur_controllers/include/ur_controllers/scaled_joint_trajectory_controller.hpp
[0.112s] -- Up-to-date: /home/ariel/ur5e_ws/src/install/ur_controllers/include/ur_controllers/force_mode_controller.hpp
[0.112s] -- Up-to-date: /home/ariel/ur5e_ws/src/install/ur_controllers/include/ur_controllers/gpio_controller.hpp
[0.112s] -- Up-to-date: /home/ariel/ur5e_ws/src/install/ur_controllers/include/ur_controllers/freedrive_mode_controller.hpp
[0.112s] -- Up-to-date: /home/ariel/ur5e_ws/src/install/ur_controllers/include/ur_controllers/ur_configuration_controller.hpp
[0.112s] -- Up-to-date: /home/ariel/ur5e_ws/src/install/ur_controllers/include/ur_controllers/tool_contact_controller.hpp
[0.112s] -- Up-to-date: /home/ariel/ur5e_ws/src/install/ur_controllers/include/ur_controllers/passthrough_trajectory_controller.hpp
[0.112s] -- Up-to-date: /home/ariel/ur5e_ws/src/install/ur_controllers/share/ur_controllers/controller_plugins.xml
[0.112s] -- Up-to-date: /home/ariel/ur5e_ws/src/install/ur_controllers/share/ur_controllers/environment/library_path.sh
[0.112s] -- Up-to-date: /home/ariel/ur5e_ws/src/install/ur_controllers/share/ur_controllers/environment/library_path.dsv
[0.113s] -- Up-to-date: /home/ariel/ur5e_ws/src/install/ur_controllers/share/ament_index/resource_index/package_run_dependencies/ur_controllers
[0.113s] -- Up-to-date: /home/ariel/ur5e_ws/src/install/ur_controllers/share/ament_index/resource_index/parent_prefix_path/ur_controllers
[0.113s] -- Up-to-date: /home/ariel/ur5e_ws/src/install/ur_controllers/share/ur_controllers/environment/ament_prefix_path.sh
[0.113s] -- Up-to-date: /home/ariel/ur5e_ws/src/install/ur_controllers/share/ur_controllers/environment/ament_prefix_path.dsv
[0.113s] -- Up-to-date: /home/ariel/ur5e_ws/src/install/ur_controllers/share/ur_controllers/environment/path.sh
[0.113s] -- Up-to-date: /home/ariel/ur5e_ws/src/install/ur_controllers/share/ur_controllers/environment/path.dsv
[0.113s] -- Up-to-date: /home/ariel/ur5e_ws/src/install/ur_controllers/share/ur_controllers/local_setup.bash
[0.113s] -- Up-to-date: /home/ariel/ur5e_ws/src/install/ur_controllers/share/ur_controllers/local_setup.sh
[0.113s] -- Up-to-date: /home/ariel/ur5e_ws/src/install/ur_controllers/share/ur_controllers/local_setup.zsh
[0.113s] -- Up-to-date: /home/ariel/ur5e_ws/src/install/ur_controllers/share/ur_controllers/local_setup.dsv
[0.113s] -- Installing: /home/ariel/ur5e_ws/src/install/ur_controllers/share/ur_controllers/package.dsv
[0.113s] -- Up-to-date: /home/ariel/ur5e_ws/src/install/ur_controllers/share/ament_index/resource_index/packages/ur_controllers
[0.113s] -- Up-to-date: /home/ariel/ur5e_ws/src/install/ur_controllers/share/ament_index/resource_index/controller_interface__pluginlib__plugin/ur_controllers
[0.113s] -- Up-to-date: /home/ariel/ur5e_ws/src/install/ur_controllers/share/ur_controllers/cmake/ament_cmake_export_dependencies-extras.cmake
[0.113s] -- Up-to-date: /home/ariel/ur5e_ws/src/install/ur_controllers/share/ur_controllers/cmake/ament_cmake_export_include_directories-extras.cmake
[0.113s] -- Up-to-date: /home/ariel/ur5e_ws/src/install/ur_controllers/share/ur_controllers/cmake/ament_cmake_export_libraries-extras.cmake
[0.113s] -- Up-to-date: /home/ariel/ur5e_ws/src/install/ur_controllers/share/ur_controllers/cmake/ur_controllersConfig.cmake
[0.113s] -- Up-to-date: /home/ariel/ur5e_ws/src/install/ur_controllers/share/ur_controllers/cmake/ur_controllersConfig-version.cmake
[0.113s] -- Up-to-date: /home/ariel/ur5e_ws/src/install/ur_controllers/share/ur_controllers/package.xml
[0.114s] Invoked command in '/home/ariel/ur5e_ws/src/build/ur_controllers' returned '0': CMAKE_PREFIX_PATH=/home/ariel/ur5e_ws/src/install/ur_dashboard_msgs:/home/ariel/ur5e_ws/src/install/ur_simulation_gazebo:/home/ariel/ur5e_ws/src/install/ur:/home/ariel/ur5e_ws/src/install/ur_calibration:/home/ariel/ur5e_ws/src/install/ur_robot_driver:/home/ariel/ur5e_ws/src/install/ur_moveit_config:/home/ariel/ur5e_ws/src/install/ur_bringup:/home/ariel/ur5e_ws/src/install/ur_description:/home/ariel/ur5e_ws/src/install/ur_controllers:/home/ariel/ur5e_ws/install/ur_simulation_gazebo:/home/ariel/ur5e_ws/install/ur:/home/ariel/ur5e_ws/install/ur_calibration:/home/ariel/ur5e_ws/install/ur_robot_driver:/home/ariel/ur5e_ws/install/ur_moveit_config:/home/ariel/ur5e_ws/install/ur_bringup:/home/ariel/ur5e_ws/install/ur_description:/home/ariel/ur5e_ws/install/ur_controllers:/home/ariel/ur5e_ws/install/ur_dashboard_msgs:/opt/ros/humble LD_LIBRARY_PATH=/home/ariel/ur5e_ws/src/install/ur_dashboard_msgs/lib:/home/ariel/ur5e_ws/src/install/ur_robot_driver/lib:/home/ariel/ur5e_ws/src/install/ur_controllers/lib:/home/ariel/ur5e_ws/install/ur_robot_driver/lib:/home/ariel/ur5e_ws/install/ur_controllers/lib:/home/ariel/ur5e_ws/install/ur_dashboard_msgs/lib:/opt/ros/humble/opt/rviz_ogre_vendor/lib:/opt/ros/humble/lib/x86_64-linux-gnu:/opt/ros/humble/lib:/usr/local/cuda-12.2/lib64:/home/ariel/.mujoco/mujoco210/bin:/usr/lib/nvidia:/home/ariel/.mujoco/mujoco210/bin /usr/bin/cmake --install /home/ariel/ur5e_ws/src/build/ur_controllers
